{"5655f94eab575e8bfa6b3699677cfa54":{"statistic":{"failed":1,"broken":0,"skipped":0,"passed":0,"unknown":0,"total":1},"items":[{"uid":"502744b7734535e0","reportUrl":"https://erubazo.github.io/shichor-python/8/#testresult/502744b7734535e0","status":"failed","statusDetails":"AssertionError: assert 'Error' in '3 Passengers'","time":{"start":1755762248068,"stop":1755762251108,"duration":3040}}]},"bae716c86efcbc48f6015ff0968e9fbc":{"statistic":{"failed":0,"broken":1,"skipped":0,"passed":0,"unknown":0,"total":1},"items":[{"uid":"86d9b757a5f2356","reportUrl":"https://erubazo.github.io/shichor-python/8/#testresult/86d9b757a5f2356","status":"broken","statusDetails":"selenium.common.exceptions.NoSuchElementException: Message: no such element: Unable to locate element: {\"method\":\"css selector\",\"selector\":\"[data-test=\"PlacePickerInputPlace-close\"]\"}\n  (Session info: chrome=139.0.7258.127); For documentation on this error, please visit: https://www.selenium.dev/documentation/webdriver/troubleshooting/errors#nosuchelementexception\nStacktrace:\n#0 0x557fc102201a <unknown>\n#1 0x557fc0ac1a70 <unknown>\n#2 0x557fc0b13907 <unknown>\n#3 0x557fc0b13b01 <unknown>\n#4 0x557fc0b61d54 <unknown>\n#5 0x557fc0b3940d <unknown>\n#6 0x557fc0b5f14f <unknown>\n#7 0x557fc0b391b3 <unknown>\n#8 0x557fc0b0559b <unknown>\n#9 0x557fc0b06971 <unknown>\n#10 0x557fc0fe71eb <unknown>\n#11 0x557fc0feaf39 <unknown>\n#12 0x557fc0fce2c9 <unknown>\n#13 0x557fc0febae8 <unknown>\n#14 0x557fc0fb2baf <unknown>\n#15 0x557fc100f0a8 <unknown>\n#16 0x557fc100f286 <unknown>\n#17 0x557fc1020ff6 <unknown>\n#18 0x7f027209caa4 <unknown>\n#19 0x7f0272129c3c <unknown>","time":{"start":1755762275603,"stop":1755762277628,"duration":2025}}]},"4569b31842a85143286424547beab159":{"statistic":{"failed":0,"broken":1,"skipped":0,"passed":0,"unknown":0,"total":1},"items":[{"uid":"50d074af23cd5fbf","reportUrl":"https://erubazo.github.io/shichor-python/8/#testresult/50d074af23cd5fbf","status":"broken","statusDetails":"selenium.common.exceptions.NoSuchElementException: Message: no such element: Unable to locate element: {\"method\":\"css selector\",\"selector\":\"#outboundDate\"}\n  (Session info: chrome=139.0.7258.127); For documentation on this error, please visit: https://www.selenium.dev/documentation/webdriver/troubleshooting/errors#nosuchelementexception\nStacktrace:\n#0 0x557fc102201a <unknown>\n#1 0x557fc0ac1a70 <unknown>\n#2 0x557fc0b13907 <unknown>\n#3 0x557fc0b13b01 <unknown>\n#4 0x557fc0b61d54 <unknown>\n#5 0x557fc0b3940d <unknown>\n#6 0x557fc0b5f14f <unknown>\n#7 0x557fc0b391b3 <unknown>\n#8 0x557fc0b0559b <unknown>\n#9 0x557fc0b06971 <unknown>\n#10 0x557fc0fe71eb <unknown>\n#11 0x557fc0feaf39 <unknown>\n#12 0x557fc0fce2c9 <unknown>\n#13 0x557fc0febae8 <unknown>\n#14 0x557fc0fb2baf <unknown>\n#15 0x557fc100f0a8 <unknown>\n#16 0x557fc100f286 <unknown>\n#17 0x557fc1020ff6 <unknown>\n#18 0x7f027209caa4 <unknown>\n#19 0x7f0272129c3c <unknown>","time":{"start":1755762255469,"stop":1755762257497,"duration":2028}}]},"8be373d5a4ac4c1c74d32cff12e3b610":{"statistic":{"failed":0,"broken":1,"skipped":0,"passed":0,"unknown":0,"total":1},"items":[{"uid":"8007f6a8d1cef7ef","reportUrl":"https://erubazo.github.io/shichor-python/8/#testresult/8007f6a8d1cef7ef","status":"broken","statusDetails":"selenium.common.exceptions.NoSuchElementException: Message: no such element: Unable to locate element: {\"method\":\"css selector\",\"selector\":\"#outboundDate\"}\n  (Session info: chrome=139.0.7258.127); For documentation on this error, please visit: https://www.selenium.dev/documentation/webdriver/troubleshooting/errors#nosuchelementexception\nStacktrace:\n#0 0x557fc102201a <unknown>\n#1 0x557fc0ac1a70 <unknown>\n#2 0x557fc0b13907 <unknown>\n#3 0x557fc0b13b01 <unknown>\n#4 0x557fc0b61d54 <unknown>\n#5 0x557fc0b3940d <unknown>\n#6 0x557fc0b5f14f <unknown>\n#7 0x557fc0b391b3 <unknown>\n#8 0x557fc0b0559b <unknown>\n#9 0x557fc0b06971 <unknown>\n#10 0x557fc0fe71eb <unknown>\n#11 0x557fc0feaf39 <unknown>\n#12 0x557fc0fce2c9 <unknown>\n#13 0x557fc0febae8 <unknown>\n#14 0x557fc0fb2baf <unknown>\n#15 0x557fc100f0a8 <unknown>\n#16 0x557fc100f286 <unknown>\n#17 0x557fc1020ff6 <unknown>\n#18 0x7f027209caa4 <unknown>\n#19 0x7f0272129c3c <unknown>","time":{"start":1755762259769,"stop":1755762261794,"duration":2025}}]},"48e59fe38e8a2c4fcc8c282d00587fe6":{"statistic":{"failed":0,"broken":1,"skipped":0,"passed":0,"unknown":0,"total":1},"items":[{"uid":"3a07fdc2f9b1938a","reportUrl":"https://erubazo.github.io/shichor-python/8/#testresult/3a07fdc2f9b1938a","status":"broken","statusDetails":"selenium.common.exceptions.NoSuchElementException: Message: no such element: Unable to locate element: {\"method\":\"css selector\",\"selector\":\"[data-test=\"CookiesPopup-Accept\"]\"}\n  (Session info: chrome=139.0.7258.127); For documentation on this error, please visit: https://www.selenium.dev/documentation/webdriver/troubleshooting/errors#nosuchelementexception\nStacktrace:\n#0 0x5576e9c9301a <unknown>\n#1 0x5576e9732a70 <unknown>\n#2 0x5576e9784907 <unknown>\n#3 0x5576e9784b01 <unknown>\n#4 0x5576e97d2d54 <unknown>\n#5 0x5576e97aa40d <unknown>\n#6 0x5576e97d014f <unknown>\n#7 0x5576e97aa1b3 <unknown>\n#8 0x5576e977659b <unknown>\n#9 0x5576e9777971 <unknown>\n#10 0x5576e9c581eb <unknown>\n#11 0x5576e9c5bf39 <unknown>\n#12 0x5576e9c3f2c9 <unknown>\n#13 0x5576e9c5cae8 <unknown>\n#14 0x5576e9c23baf <unknown>\n#15 0x5576e9c800a8 <unknown>\n#16 0x5576e9c80286 <unknown>\n#17 0x5576e9c91ff6 <unknown>\n#18 0x7fa104a9caa4 <unknown>\n#19 0x7fa104b29c3c <unknown>","time":{"start":1755762280434,"stop":1755762281447,"duration":1013}}]},"ee4bf144a8a3dfacd6d15767dd6eb1ca":{"statistic":{"failed":0,"broken":1,"skipped":0,"passed":0,"unknown":0,"total":1},"items":[{"uid":"aa6ef958bad030d6","reportUrl":"https://erubazo.github.io/shichor-python/8/#testresult/aa6ef958bad030d6","status":"broken","statusDetails":"selenium.common.exceptions.NoSuchElementException: Message: no such element: Unable to locate element: {\"method\":\"css selector\",\"selector\":\"[data-test=\"CookiesPopup-Accept\"]\"}\n  (Session info: chrome=139.0.7258.127); For documentation on this error, please visit: https://www.selenium.dev/documentation/webdriver/troubleshooting/errors#nosuchelementexception\nStacktrace:\n#0 0x5576e9c9301a <unknown>\n#1 0x5576e9732a70 <unknown>\n#2 0x5576e9784907 <unknown>\n#3 0x5576e9784b01 <unknown>\n#4 0x5576e97d2d54 <unknown>\n#5 0x5576e97aa40d <unknown>\n#6 0x5576e97d014f <unknown>\n#7 0x5576e97aa1b3 <unknown>\n#8 0x5576e977659b <unknown>\n#9 0x5576e9777971 <unknown>\n#10 0x5576e9c581eb <unknown>\n#11 0x5576e9c5bf39 <unknown>\n#12 0x5576e9c3f2c9 <unknown>\n#13 0x5576e9c5cae8 <unknown>\n#14 0x5576e9c23baf <unknown>\n#15 0x5576e9c800a8 <unknown>\n#16 0x5576e9c80286 <unknown>\n#17 0x5576e9c91ff6 <unknown>\n#18 0x7fa104a9caa4 <unknown>\n#19 0x7fa104b29c3c <unknown>","time":{"start":1755762281550,"stop":1755762282563,"duration":1013}}]},"40da3125772fab665425c8e1a3c35e15":{"statistic":{"failed":0,"broken":1,"skipped":0,"passed":0,"unknown":0,"total":1},"items":[{"uid":"204eeeee91df1aa1","reportUrl":"https://erubazo.github.io/shichor-python/8/#testresult/204eeeee91df1aa1","status":"broken","statusDetails":"selenium.common.exceptions.NoSuchElementException: Message: no such element: Unable to locate element: {\"method\":\"css selector\",\"selector\":\"#destination\"}\n  (Session info: chrome=139.0.7258.127); For documentation on this error, please visit: https://www.selenium.dev/documentation/webdriver/troubleshooting/errors#nosuchelementexception\nStacktrace:\n#0 0x557fc102201a <unknown>\n#1 0x557fc0ac1a70 <unknown>\n#2 0x557fc0b13907 <unknown>\n#3 0x557fc0b13b01 <unknown>\n#4 0x557fc0b61d54 <unknown>\n#5 0x557fc0b3940d <unknown>\n#6 0x557fc0b5f14f <unknown>\n#7 0x557fc0b391b3 <unknown>\n#8 0x557fc0b0559b <unknown>\n#9 0x557fc0b06971 <unknown>\n#10 0x557fc0fe71eb <unknown>\n#11 0x557fc0feaf39 <unknown>\n#12 0x557fc0fce2c9 <unknown>\n#13 0x557fc0febae8 <unknown>\n#14 0x557fc0fb2baf <unknown>\n#15 0x557fc100f0a8 <unknown>\n#16 0x557fc100f286 <unknown>\n#17 0x557fc1020ff6 <unknown>\n#18 0x7f027209caa4 <unknown>\n#19 0x7f0272129c3c <unknown>","time":{"start":1755762253322,"stop":1755762255350,"duration":2028}}]},"44027ee0c9148d3bfa2f0ec00ebcbd38":{"statistic":{"failed":0,"broken":1,"skipped":0,"passed":0,"unknown":0,"total":1},"items":[{"uid":"92bf3c02c712782e","reportUrl":"https://erubazo.github.io/shichor-python/8/#testresult/92bf3c02c712782e","status":"broken","statusDetails":"selenium.common.exceptions.NoSuchElementException: Message: no such element: Unable to locate element: {\"method\":\"css selector\",\"selector\":\"div.lm\\:mb-100.mb-300.flex.items-center.tb\\:justify-start.justify-between > div:nth-child(2) > div:nth-child(1) > div\"}\n  (Session info: chrome=139.0.7258.127); For documentation on this error, please visit: https://www.selenium.dev/documentation/webdriver/troubleshooting/errors#nosuchelementexception\nStacktrace:\n#0 0x557fc102201a <unknown>\n#1 0x557fc0ac1a70 <unknown>\n#2 0x557fc0b13907 <unknown>\n#3 0x557fc0b13b01 <unknown>\n#4 0x557fc0b61d54 <unknown>\n#5 0x557fc0b3940d <unknown>\n#6 0x557fc0b5f14f <unknown>\n#7 0x557fc0b391b3 <unknown>\n#8 0x557fc0b0559b <unknown>\n#9 0x557fc0b06971 <unknown>\n#10 0x557fc0fe71eb <unknown>\n#11 0x557fc0feaf39 <unknown>\n#12 0x557fc0fce2c9 <unknown>\n#13 0x557fc0febae8 <unknown>\n#14 0x557fc0fb2baf <unknown>\n#15 0x557fc100f0a8 <unknown>\n#16 0x557fc100f286 <unknown>\n#17 0x557fc1020ff6 <unknown>\n#18 0x7f027209caa4 <unknown>\n#19 0x7f0272129c3c <unknown>","time":{"start":1755762245836,"stop":1755762247955,"duration":2119}}]},"b1556b91cae91277d2f000731ed6cf05":{"statistic":{"failed":0,"broken":1,"skipped":0,"passed":0,"unknown":0,"total":1},"items":[{"uid":"d836cc2725b9dea7","reportUrl":"https://erubazo.github.io/shichor-python/8/#testresult/d836cc2725b9dea7","status":"broken","statusDetails":"selenium.common.exceptions.NoSuchElementException: Message: no such element: Unable to locate element: {\"method\":\"css selector\",\"selector\":\"#outboundDate\"}\n  (Session info: chrome=139.0.7258.127); For documentation on this error, please visit: https://www.selenium.dev/documentation/webdriver/troubleshooting/errors#nosuchelementexception\nStacktrace:\n#0 0x557fc102201a <unknown>\n#1 0x557fc0ac1a70 <unknown>\n#2 0x557fc0b13907 <unknown>\n#3 0x557fc0b13b01 <unknown>\n#4 0x557fc0b61d54 <unknown>\n#5 0x557fc0b3940d <unknown>\n#6 0x557fc0b5f14f <unknown>\n#7 0x557fc0b391b3 <unknown>\n#8 0x557fc0b0559b <unknown>\n#9 0x557fc0b06971 <unknown>\n#10 0x557fc0fe71eb <unknown>\n#11 0x557fc0feaf39 <unknown>\n#12 0x557fc0fce2c9 <unknown>\n#13 0x557fc0febae8 <unknown>\n#14 0x557fc0fb2baf <unknown>\n#15 0x557fc100f0a8 <unknown>\n#16 0x557fc100f286 <unknown>\n#17 0x557fc1020ff6 <unknown>\n#18 0x7f027209caa4 <unknown>\n#19 0x7f0272129c3c <unknown>","time":{"start":1755762261903,"stop":1755762263928,"duration":2025}}]},"d473bdd714f5dca4321099c6e995022c":{"statistic":{"failed":0,"broken":1,"skipped":0,"passed":0,"unknown":0,"total":1},"items":[{"uid":"f4c5191e8e712d31","reportUrl":"https://erubazo.github.io/shichor-python/8/#testresult/f4c5191e8e712d31","status":"broken","statusDetails":"selenium.common.exceptions.NoSuchElementException: Message: no such element: Unable to locate element: {\"method\":\"css selector\",\"selector\":\"[data-test=\"CookiesPopup-Accept\"]\"}\n  (Session info: chrome=139.0.7258.127); For documentation on this error, please visit: https://www.selenium.dev/documentation/webdriver/troubleshooting/errors#nosuchelementexception\nStacktrace:\n#0 0x5576e9c9301a <unknown>\n#1 0x5576e9732a70 <unknown>\n#2 0x5576e9784907 <unknown>\n#3 0x5576e9784b01 <unknown>\n#4 0x5576e97d2d54 <unknown>\n#5 0x5576e97aa40d <unknown>\n#6 0x5576e97d014f <unknown>\n#7 0x5576e97aa1b3 <unknown>\n#8 0x5576e977659b <unknown>\n#9 0x5576e9777971 <unknown>\n#10 0x5576e9c581eb <unknown>\n#11 0x5576e9c5bf39 <unknown>\n#12 0x5576e9c3f2c9 <unknown>\n#13 0x5576e9c5cae8 <unknown>\n#14 0x5576e9c23baf <unknown>\n#15 0x5576e9c800a8 <unknown>\n#16 0x5576e9c80286 <unknown>\n#17 0x5576e9c91ff6 <unknown>\n#18 0x7fa104a9caa4 <unknown>\n#19 0x7fa104b29c3c <unknown>","time":{"start":1755762279313,"stop":1755762280329,"duration":1016}}]},"d9f17111a5011ef00f8836b0e99de21f":{"statistic":{"failed":1,"broken":0,"skipped":0,"passed":0,"unknown":0,"total":1},"items":[{"uid":"8ae107bbf6dde045","reportUrl":"https://erubazo.github.io/shichor-python/8/#testresult/8ae107bbf6dde045","status":"failed","statusDetails":"AssertionError: assert 'No trip selector available' == 'Return'\n  \n  - Return\n  + No trip selector available","time":{"start":1755762238702,"stop":1755762245764,"duration":7062}}]},"75bc17fa304f21c3b1a283a58d952713":{"statistic":{"failed":0,"broken":1,"skipped":0,"passed":0,"unknown":0,"total":1},"items":[{"uid":"c35048a82f582e7e","reportUrl":"https://erubazo.github.io/shichor-python/8/#testresult/c35048a82f582e7e","status":"broken","statusDetails":"selenium.common.exceptions.NoSuchElementException: Message: no such element: Unable to locate element: {\"method\":\"css selector\",\"selector\":\"[data-test=\"CookiesPopup-Accept\"]\"}\n  (Session info: chrome=139.0.7258.127); For documentation on this error, please visit: https://www.selenium.dev/documentation/webdriver/troubleshooting/errors#nosuchelementexception\nStacktrace:\n#0 0x55a654a6501a <unknown>\n#1 0x55a654504a70 <unknown>\n#2 0x55a654556907 <unknown>\n#3 0x55a654556b01 <unknown>\n#4 0x55a6545a4d54 <unknown>\n#5 0x55a65457c40d <unknown>\n#6 0x55a6545a214f <unknown>\n#7 0x55a65457c1b3 <unknown>\n#8 0x55a65454859b <unknown>\n#9 0x55a654549971 <unknown>\n#10 0x55a654a2a1eb <unknown>\n#11 0x55a654a2df39 <unknown>\n#12 0x55a654a112c9 <unknown>\n#13 0x55a654a2eae8 <unknown>\n#14 0x55a6549f5baf <unknown>\n#15 0x55a654a520a8 <unknown>\n#16 0x55a654a52286 <unknown>\n#17 0x55a654a63ff6 <unknown>\n#18 0x7f1a7cc9caa4 <unknown>\n#19 0x7f1a7cd29c3c <unknown>","time":{"start":1755762231902,"stop":1755762232915,"duration":1013}}]},"fa1e27cf77d811d24c961ca50dfb243b":{"statistic":{"failed":0,"broken":1,"skipped":0,"passed":0,"unknown":0,"total":1},"items":[{"uid":"562912e87d2ed073","reportUrl":"https://erubazo.github.io/shichor-python/8/#testresult/562912e87d2ed073","status":"broken","statusDetails":"selenium.common.exceptions.NoSuchElementException: Message: no such element: Unable to locate element: {\"method\":\"css selector\",\"selector\":\"div.lm\\:mb-100.mb-300.flex.items-center.tb\\:justify-start.justify-between > div:nth-child(2) > div:nth-child(1) > div\"}\n  (Session info: chrome=139.0.7258.127); For documentation on this error, please visit: https://www.selenium.dev/documentation/webdriver/troubleshooting/errors#nosuchelementexception\nStacktrace:\n#0 0x557fc102201a <unknown>\n#1 0x557fc0ac1a70 <unknown>\n#2 0x557fc0b13907 <unknown>\n#3 0x557fc0b13b01 <unknown>\n#4 0x557fc0b61d54 <unknown>\n#5 0x557fc0b3940d <unknown>\n#6 0x557fc0b5f14f <unknown>\n#7 0x557fc0b391b3 <unknown>\n#8 0x557fc0b0559b <unknown>\n#9 0x557fc0b06971 <unknown>\n#10 0x557fc0fe71eb <unknown>\n#11 0x557fc0feaf39 <unknown>\n#12 0x557fc0fce2c9 <unknown>\n#13 0x557fc0febae8 <unknown>\n#14 0x557fc0fb2baf <unknown>\n#15 0x557fc100f0a8 <unknown>\n#16 0x557fc100f286 <unknown>\n#17 0x557fc1020ff6 <unknown>\n#18 0x7f027209caa4 <unknown>\n#19 0x7f0272129c3c <unknown>","time":{"start":1755762273470,"stop":1755762275495,"duration":2025}}]},"a29fb78cd39a3af9addaa2a7113ebbb5":{"statistic":{"failed":0,"broken":1,"skipped":0,"passed":0,"unknown":0,"total":1},"items":[{"uid":"ae5a2d263237cdcd","reportUrl":"https://erubazo.github.io/shichor-python/8/#testresult/ae5a2d263237cdcd","status":"broken","statusDetails":"selenium.common.exceptions.NoSuchElementException: Message: no such element: Unable to locate element: {\"method\":\"css selector\",\"selector\":\"div.lm\\:mb-100.mb-300.flex.items-center.tb\\:justify-start.justify-between > div:nth-child(2) > div:nth-child(1) > div\"}\n  (Session info: chrome=139.0.7258.127); For documentation on this error, please visit: https://www.selenium.dev/documentation/webdriver/troubleshooting/errors#nosuchelementexception\nStacktrace:\n#0 0x557fc102201a <unknown>\n#1 0x557fc0ac1a70 <unknown>\n#2 0x557fc0b13907 <unknown>\n#3 0x557fc0b13b01 <unknown>\n#4 0x557fc0b61d54 <unknown>\n#5 0x557fc0b3940d <unknown>\n#6 0x557fc0b5f14f <unknown>\n#7 0x557fc0b391b3 <unknown>\n#8 0x557fc0b0559b <unknown>\n#9 0x557fc0b06971 <unknown>\n#10 0x557fc0fe71eb <unknown>\n#11 0x557fc0feaf39 <unknown>\n#12 0x557fc0fce2c9 <unknown>\n#13 0x557fc0febae8 <unknown>\n#14 0x557fc0fb2baf <unknown>\n#15 0x557fc100f0a8 <unknown>\n#16 0x557fc100f286 <unknown>\n#17 0x557fc1020ff6 <unknown>\n#18 0x7f027209caa4 <unknown>\n#19 0x7f0272129c3c <unknown>","time":{"start":1755762271335,"stop":1755762273360,"duration":2025}}]},"b97b0400e77310f81030c96b417d5c96":{"statistic":{"failed":0,"broken":1,"skipped":0,"passed":0,"unknown":0,"total":1},"items":[{"uid":"d11af58693c86d82","reportUrl":"https://erubazo.github.io/shichor-python/8/#testresult/d11af58693c86d82","status":"broken","statusDetails":"selenium.common.exceptions.NoSuchElementException: Message: no such element: Unable to locate element: {\"method\":\"css selector\",\"selector\":\"[data-test=\"CookiesPopup-Accept\"]\"}\n  (Session info: chrome=139.0.7258.127); For documentation on this error, please visit: https://www.selenium.dev/documentation/webdriver/troubleshooting/errors#nosuchelementexception\nStacktrace:\n#0 0x557fc102201a <unknown>\n#1 0x557fc0ac1a70 <unknown>\n#2 0x557fc0b13907 <unknown>\n#3 0x557fc0b13b01 <unknown>\n#4 0x557fc0b61d54 <unknown>\n#5 0x557fc0b3940d <unknown>\n#6 0x557fc0b5f14f <unknown>\n#7 0x557fc0b391b3 <unknown>\n#8 0x557fc0b0559b <unknown>\n#9 0x557fc0b06971 <unknown>\n#10 0x557fc0fe71eb <unknown>\n#11 0x557fc0feaf39 <unknown>\n#12 0x557fc0fce2c9 <unknown>\n#13 0x557fc0febae8 <unknown>\n#14 0x557fc0fb2baf <unknown>\n#15 0x557fc100f0a8 <unknown>\n#16 0x557fc100f286 <unknown>\n#17 0x557fc1020ff6 <unknown>\n#18 0x7f027209caa4 <unknown>\n#19 0x7f0272129c3c <unknown>","time":{"start":1755762237570,"stop":1755762238585,"duration":1015}}]},"973be1434a2f3eb31e8b91f0dd6a0341":{"statistic":{"failed":0,"broken":1,"skipped":0,"passed":0,"unknown":0,"total":1},"items":[{"uid":"7a88e5a5ac67495f","reportUrl":"https://erubazo.github.io/shichor-python/8/#testresult/7a88e5a5ac67495f","status":"broken","statusDetails":"selenium.common.exceptions.NoSuchElementException: Message: no such element: Unable to locate element: {\"method\":\"css selector\",\"selector\":\"#origin\"}\n  (Session info: chrome=139.0.7258.127); For documentation on this error, please visit: https://www.selenium.dev/documentation/webdriver/troubleshooting/errors#nosuchelementexception\nStacktrace:\n#0 0x557fc102201a <unknown>\n#1 0x557fc0ac1a70 <unknown>\n#2 0x557fc0b13907 <unknown>\n#3 0x557fc0b13b01 <unknown>\n#4 0x557fc0b61d54 <unknown>\n#5 0x557fc0b3940d <unknown>\n#6 0x557fc0b5f14f <unknown>\n#7 0x557fc0b391b3 <unknown>\n#8 0x557fc0b0559b <unknown>\n#9 0x557fc0b06971 <unknown>\n#10 0x557fc0fe71eb <unknown>\n#11 0x557fc0feaf39 <unknown>\n#12 0x557fc0fce2c9 <unknown>\n#13 0x557fc0febae8 <unknown>\n#14 0x557fc0fb2baf <unknown>\n#15 0x557fc100f0a8 <unknown>\n#16 0x557fc100f286 <unknown>\n#17 0x557fc1020ff6 <unknown>\n#18 0x7f027209caa4 <unknown>\n#19 0x7f0272129c3c <unknown>","time":{"start":1755762277736,"stop":1755762278764,"duration":1028}}]},"da11a82170d1bdc46b9f8bad34ad8f0c":{"statistic":{"failed":0,"broken":1,"skipped":0,"passed":0,"unknown":0,"total":1},"items":[{"uid":"3fb7ae8380bfc1f4","reportUrl":"https://erubazo.github.io/shichor-python/8/#testresult/3fb7ae8380bfc1f4","status":"broken","statusDetails":"selenium.common.exceptions.NoSuchElementException: Message: no such element: Unable to locate element: {\"method\":\"css selector\",\"selector\":\"[data-test=\"CookiesPopup-Accept\"]\"}\n  (Session info: chrome=139.0.7258.127); For documentation on this error, please visit: https://www.selenium.dev/documentation/webdriver/troubleshooting/errors#nosuchelementexception\nStacktrace:\n#0 0x55a654a6501a <unknown>\n#1 0x55a654504a70 <unknown>\n#2 0x55a654556907 <unknown>\n#3 0x55a654556b01 <unknown>\n#4 0x55a6545a4d54 <unknown>\n#5 0x55a65457c40d <unknown>\n#6 0x55a6545a214f <unknown>\n#7 0x55a65457c1b3 <unknown>\n#8 0x55a65454859b <unknown>\n#9 0x55a654549971 <unknown>\n#10 0x55a654a2a1eb <unknown>\n#11 0x55a654a2df39 <unknown>\n#12 0x55a654a112c9 <unknown>\n#13 0x55a654a2eae8 <unknown>\n#14 0x55a6549f5baf <unknown>\n#15 0x55a654a520a8 <unknown>\n#16 0x55a654a52286 <unknown>\n#17 0x55a654a63ff6 <unknown>\n#18 0x7f1a7cc9caa4 <unknown>\n#19 0x7f1a7cd29c3c <unknown>","time":{"start":1755762230213,"stop":1755762231620,"duration":1407}}]},"7c34fa7b644706ed5715bf9d024168df":{"statistic":{"failed":0,"broken":1,"skipped":0,"passed":0,"unknown":0,"total":1},"items":[{"uid":"470155d5b6b77c53","reportUrl":"https://erubazo.github.io/shichor-python/8/#testresult/470155d5b6b77c53","status":"broken","statusDetails":"selenium.common.exceptions.NoSuchElementException: Message: no such element: Unable to locate element: {\"method\":\"css selector\",\"selector\":\"[data-test=\"PlacePickerInputPlace-close\"]\"}\n  (Session info: chrome=139.0.7258.127); For documentation on this error, please visit: https://www.selenium.dev/documentation/webdriver/troubleshooting/errors#nosuchelementexception\nStacktrace:\n#0 0x557fc102201a <unknown>\n#1 0x557fc0ac1a70 <unknown>\n#2 0x557fc0b13907 <unknown>\n#3 0x557fc0b13b01 <unknown>\n#4 0x557fc0b61d54 <unknown>\n#5 0x557fc0b3940d <unknown>\n#6 0x557fc0b5f14f <unknown>\n#7 0x557fc0b391b3 <unknown>\n#8 0x557fc0b0559b <unknown>\n#9 0x557fc0b06971 <unknown>\n#10 0x557fc0fe71eb <unknown>\n#11 0x557fc0feaf39 <unknown>\n#12 0x557fc0fce2c9 <unknown>\n#13 0x557fc0febae8 <unknown>\n#14 0x557fc0fb2baf <unknown>\n#15 0x557fc100f0a8 <unknown>\n#16 0x557fc100f286 <unknown>\n#17 0x557fc1020ff6 <unknown>\n#18 0x7f027209caa4 <unknown>\n#19 0x7f0272129c3c <unknown>","time":{"start":1755762266185,"stop":1755762271222,"duration":5037}}]},"415becb7b266146eb28887bbf757f5e7":{"statistic":{"failed":0,"broken":1,"skipped":0,"passed":0,"unknown":0,"total":1},"items":[{"uid":"86f46118755bb775","reportUrl":"https://erubazo.github.io/shichor-python/8/#testresult/86f46118755bb775","status":"broken","statusDetails":"selenium.common.exceptions.NoSuchElementException: Message: no such element: Unable to locate element: {\"method\":\"css selector\",\"selector\":\"[data-test=\"PlacePickerInputPlace-close\"]\"}\n  (Session info: chrome=139.0.7258.127); For documentation on this error, please visit: https://www.selenium.dev/documentation/webdriver/troubleshooting/errors#nosuchelementexception\nStacktrace:\n#0 0x557fc102201a <unknown>\n#1 0x557fc0ac1a70 <unknown>\n#2 0x557fc0b13907 <unknown>\n#3 0x557fc0b13b01 <unknown>\n#4 0x557fc0b61d54 <unknown>\n#5 0x557fc0b3940d <unknown>\n#6 0x557fc0b5f14f <unknown>\n#7 0x557fc0b391b3 <unknown>\n#8 0x557fc0b0559b <unknown>\n#9 0x557fc0b06971 <unknown>\n#10 0x557fc0fe71eb <unknown>\n#11 0x557fc0feaf39 <unknown>\n#12 0x557fc0fce2c9 <unknown>\n#13 0x557fc0febae8 <unknown>\n#14 0x557fc0fb2baf <unknown>\n#15 0x557fc100f0a8 <unknown>\n#16 0x557fc100f286 <unknown>\n#17 0x557fc1020ff6 <unknown>\n#18 0x7f027209caa4 <unknown>\n#19 0x7f0272129c3c <unknown>","time":{"start":1755762251185,"stop":1755762253213,"duration":2028}}]},"4838f945bcaf4f707f75cf5665acf10e":{"statistic":{"failed":0,"broken":1,"skipped":0,"passed":0,"unknown":0,"total":1},"items":[{"uid":"95a694b7cbbe696b","reportUrl":"https://erubazo.github.io/shichor-python/8/#testresult/95a694b7cbbe696b","status":"broken","statusDetails":"selenium.common.exceptions.NoSuchElementException: Message: no such element: Unable to locate element: {\"method\":\"css selector\",\"selector\":\"#cookie_consent > div > div > div > section > div.orbit-stack.items-start.content-start.flex-nowrap.grow.shrink-0.justify-start.flex-row.flex.gap-400.w-full > button.space-x-200.rtl\\:space-x-reverse.h-form-box-normal.text-normal.bg-button-secondary-background.hover\\:bg-button-secondary-background-hover.active\\:bg-button-secondary-background-active.disabled\\:bg-button-secondary-background.focus\\:bg-button-secondary-background-focus.text-button-secondary-foreground.focus\\:text-button-secondary-foreground-focus.active\\:text-button-secondary-foreground-active.hover\\:text-button-secondary-foreground-hover.disabled\\:text-button-secondary-foreground.active\\:shadow-button-active-pale.px-button-padding-md.orbit-button-primitive.font-base.duration-fast.group.relative.max-w-full.select-none.items-center.justify-center.border-none.text-center.leading-none.transition-all.\\*\\:align-middle.\\[\\&_\\.orbit-loading-spinner\\]\\:stroke-current.w-full.flex-auto.rounded-150.tb\\:rounded-100.cursor-pointer.hover\\:no-underline.focus\\:no-underline.active\\:no-underline.flex.font-medium > div\"}\n  (Session info: chrome=139.0.7258.127); For documentation on this error, please visit: https://www.selenium.dev/documentation/webdriver/troubleshooting/errors#nosuchelementexception\nStacktrace:\n#0 0x557fc102201a <unknown>\n#1 0x557fc0ac1a70 <unknown>\n#2 0x557fc0b13907 <unknown>\n#3 0x557fc0b13b01 <unknown>\n#4 0x557fc0b61d54 <unknown>\n#5 0x557fc0b3940d <unknown>\n#6 0x557fc0b5f14f <unknown>\n#7 0x557fc0b391b3 <unknown>\n#8 0x557fc0b0559b <unknown>\n#9 0x557fc0b06971 <unknown>\n#10 0x557fc0fe71eb <unknown>\n#11 0x557fc0feaf39 <unknown>\n#12 0x557fc0fce2c9 <unknown>\n#13 0x557fc0febae8 <unknown>\n#14 0x557fc0fb2baf <unknown>\n#15 0x557fc100f0a8 <unknown>\n#16 0x557fc100f286 <unknown>\n#17 0x557fc1020ff6 <unknown>\n#18 0x7f027209caa4 <unknown>\n#19 0x7f0272129c3c <unknown>","time":{"start":1755762233450,"stop":1755762237467,"duration":4017}}]},"2ecc6e22acc0566a6d050e8cbf68f465":{"statistic":{"failed":0,"broken":1,"skipped":0,"passed":0,"unknown":0,"total":1},"items":[{"uid":"8f15137202939167","reportUrl":"https://erubazo.github.io/shichor-python/8/#testresult/8f15137202939167","status":"broken","statusDetails":"selenium.common.exceptions.NoSuchElementException: Message: no such element: Unable to locate element: {\"method\":\"css selector\",\"selector\":\"div.lm\\:mb-100.mb-300.flex.items-center.tb\\:justify-start.justify-between > div:nth-child(2) > div:nth-child(1) > div\"}\n  (Session info: chrome=139.0.7258.127); For documentation on this error, please visit: https://www.selenium.dev/documentation/webdriver/troubleshooting/errors#nosuchelementexception\nStacktrace:\n#0 0x557fc102201a <unknown>\n#1 0x557fc0ac1a70 <unknown>\n#2 0x557fc0b13907 <unknown>\n#3 0x557fc0b13b01 <unknown>\n#4 0x557fc0b61d54 <unknown>\n#5 0x557fc0b3940d <unknown>\n#6 0x557fc0b5f14f <unknown>\n#7 0x557fc0b391b3 <unknown>\n#8 0x557fc0b0559b <unknown>\n#9 0x557fc0b06971 <unknown>\n#10 0x557fc0fe71eb <unknown>\n#11 0x557fc0feaf39 <unknown>\n#12 0x557fc0fce2c9 <unknown>\n#13 0x557fc0febae8 <unknown>\n#14 0x557fc0fb2baf <unknown>\n#15 0x557fc100f0a8 <unknown>\n#16 0x557fc100f286 <unknown>\n#17 0x557fc1020ff6 <unknown>\n#18 0x7f027209caa4 <unknown>\n#19 0x7f0272129c3c <unknown>","time":{"start":1755762264039,"stop":1755762266064,"duration":2025}}]},"5aa6adc6cd4ef5819814ea721e150c2c":{"statistic":{"failed":0,"broken":1,"skipped":0,"passed":0,"unknown":0,"total":1},"items":[{"uid":"ce82b943a6213311","reportUrl":"https://erubazo.github.io/shichor-python/8/#testresult/ce82b943a6213311","status":"broken","statusDetails":"selenium.common.exceptions.NoSuchElementException: Message: no such element: Unable to locate element: {\"method\":\"css selector\",\"selector\":\"#inboundDate\"}\n  (Session info: chrome=139.0.7258.127); For documentation on this error, please visit: https://www.selenium.dev/documentation/webdriver/troubleshooting/errors#nosuchelementexception\nStacktrace:\n#0 0x557fc102201a <unknown>\n#1 0x557fc0ac1a70 <unknown>\n#2 0x557fc0b13907 <unknown>\n#3 0x557fc0b13b01 <unknown>\n#4 0x557fc0b61d54 <unknown>\n#5 0x557fc0b3940d <unknown>\n#6 0x557fc0b5f14f <unknown>\n#7 0x557fc0b391b3 <unknown>\n#8 0x557fc0b0559b <unknown>\n#9 0x557fc0b06971 <unknown>\n#10 0x557fc0fe71eb <unknown>\n#11 0x557fc0feaf39 <unknown>\n#12 0x557fc0fce2c9 <unknown>\n#13 0x557fc0febae8 <unknown>\n#14 0x557fc0fb2baf <unknown>\n#15 0x557fc100f0a8 <unknown>\n#16 0x557fc100f286 <unknown>\n#17 0x557fc1020ff6 <unknown>\n#18 0x7f027209caa4 <unknown>\n#19 0x7f0272129c3c <unknown>","time":{"start":1755762257619,"stop":1755762259647,"duration":2028}}]}}