{"5655f94eab575e8bfa6b3699677cfa54":{"statistic":{"failed":1,"broken":0,"skipped":0,"passed":0,"unknown":0,"total":1},"items":[{"uid":"f05cbed97872f6f9","reportUrl":"https://erubazo.github.io/shichor-python/6/#testresult/f05cbed97872f6f9","status":"failed","statusDetails":"AssertionError: assert 'Error' in '3 Passengers'","time":{"start":1755761124314,"stop":1755761127352,"duration":3038}}]},"bae716c86efcbc48f6015ff0968e9fbc":{"statistic":{"failed":0,"broken":1,"skipped":0,"passed":0,"unknown":0,"total":1},"items":[{"uid":"dfa4c1e4e7648ebc","reportUrl":"https://erubazo.github.io/shichor-python/6/#testresult/dfa4c1e4e7648ebc","status":"broken","statusDetails":"selenium.common.exceptions.NoSuchElementException: Message: no such element: Unable to locate element: {\"method\":\"css selector\",\"selector\":\"[data-test=\"PlacePickerInputPlace-close\"]\"}\n  (Session info: chrome=139.0.7258.127); For documentation on this error, please visit: https://www.selenium.dev/documentation/webdriver/troubleshooting/errors#nosuchelementexception\nStacktrace:\n#0 0x55b7c406d01a <unknown>\n#1 0x55b7c3b0ca70 <unknown>\n#2 0x55b7c3b5e907 <unknown>\n#3 0x55b7c3b5eb01 <unknown>\n#4 0x55b7c3bacd54 <unknown>\n#5 0x55b7c3b8440d <unknown>\n#6 0x55b7c3baa14f <unknown>\n#7 0x55b7c3b841b3 <unknown>\n#8 0x55b7c3b5059b <unknown>\n#9 0x55b7c3b51971 <unknown>\n#10 0x55b7c40321eb <unknown>\n#11 0x55b7c4035f39 <unknown>\n#12 0x55b7c40192c9 <unknown>\n#13 0x55b7c4036ae8 <unknown>\n#14 0x55b7c3ffdbaf <unknown>\n#15 0x55b7c405a0a8 <unknown>\n#16 0x55b7c405a286 <unknown>\n#17 0x55b7c406bff6 <unknown>\n#18 0x7ffafaa9caa4 <unknown>\n#19 0x7ffafab29c3c <unknown>","time":{"start":1755761151863,"stop":1755761153889,"duration":2026}}]},"4569b31842a85143286424547beab159":{"statistic":{"failed":0,"broken":1,"skipped":0,"passed":0,"unknown":0,"total":1},"items":[{"uid":"a0d2ef0c70620e1e","reportUrl":"https://erubazo.github.io/shichor-python/6/#testresult/a0d2ef0c70620e1e","status":"broken","statusDetails":"selenium.common.exceptions.NoSuchElementException: Message: no such element: Unable to locate element: {\"method\":\"css selector\",\"selector\":\"#outboundDate\"}\n  (Session info: chrome=139.0.7258.127); For documentation on this error, please visit: https://www.selenium.dev/documentation/webdriver/troubleshooting/errors#nosuchelementexception\nStacktrace:\n#0 0x55b7c406d01a <unknown>\n#1 0x55b7c3b0ca70 <unknown>\n#2 0x55b7c3b5e907 <unknown>\n#3 0x55b7c3b5eb01 <unknown>\n#4 0x55b7c3bacd54 <unknown>\n#5 0x55b7c3b8440d <unknown>\n#6 0x55b7c3baa14f <unknown>\n#7 0x55b7c3b841b3 <unknown>\n#8 0x55b7c3b5059b <unknown>\n#9 0x55b7c3b51971 <unknown>\n#10 0x55b7c40321eb <unknown>\n#11 0x55b7c4035f39 <unknown>\n#12 0x55b7c40192c9 <unknown>\n#13 0x55b7c4036ae8 <unknown>\n#14 0x55b7c3ffdbaf <unknown>\n#15 0x55b7c405a0a8 <unknown>\n#16 0x55b7c405a286 <unknown>\n#17 0x55b7c406bff6 <unknown>\n#18 0x7ffafaa9caa4 <unknown>\n#19 0x7ffafab29c3c <unknown>","time":{"start":1755761131714,"stop":1755761133742,"duration":2028}}]},"8be373d5a4ac4c1c74d32cff12e3b610":{"statistic":{"failed":0,"broken":1,"skipped":0,"passed":0,"unknown":0,"total":1},"items":[{"uid":"90eec0e17a1162ff","reportUrl":"https://erubazo.github.io/shichor-python/6/#testresult/90eec0e17a1162ff","status":"broken","statusDetails":"selenium.common.exceptions.NoSuchElementException: Message: no such element: Unable to locate element: {\"method\":\"css selector\",\"selector\":\"#outboundDate\"}\n  (Session info: chrome=139.0.7258.127); For documentation on this error, please visit: https://www.selenium.dev/documentation/webdriver/troubleshooting/errors#nosuchelementexception\nStacktrace:\n#0 0x55b7c406d01a <unknown>\n#1 0x55b7c3b0ca70 <unknown>\n#2 0x55b7c3b5e907 <unknown>\n#3 0x55b7c3b5eb01 <unknown>\n#4 0x55b7c3bacd54 <unknown>\n#5 0x55b7c3b8440d <unknown>\n#6 0x55b7c3baa14f <unknown>\n#7 0x55b7c3b841b3 <unknown>\n#8 0x55b7c3b5059b <unknown>\n#9 0x55b7c3b51971 <unknown>\n#10 0x55b7c40321eb <unknown>\n#11 0x55b7c4035f39 <unknown>\n#12 0x55b7c40192c9 <unknown>\n#13 0x55b7c4036ae8 <unknown>\n#14 0x55b7c3ffdbaf <unknown>\n#15 0x55b7c405a0a8 <unknown>\n#16 0x55b7c405a286 <unknown>\n#17 0x55b7c406bff6 <unknown>\n#18 0x7ffafaa9caa4 <unknown>\n#19 0x7ffafab29c3c <unknown>","time":{"start":1755761136013,"stop":1755761138038,"duration":2025}}]},"48e59fe38e8a2c4fcc8c282d00587fe6":{"statistic":{"failed":0,"broken":1,"skipped":0,"passed":0,"unknown":0,"total":1},"items":[{"uid":"8fd5d51f42453497","reportUrl":"https://erubazo.github.io/shichor-python/6/#testresult/8fd5d51f42453497","status":"broken","statusDetails":"selenium.common.exceptions.NoSuchElementException: Message: no such element: Unable to locate element: {\"method\":\"css selector\",\"selector\":\"#cookies_accept > div\"}\n  (Session info: chrome=139.0.7258.127); For documentation on this error, please visit: https://www.selenium.dev/documentation/webdriver/troubleshooting/errors#nosuchelementexception\nStacktrace:\n#0 0x55e7ebc9101a <unknown>\n#1 0x55e7eb730a70 <unknown>\n#2 0x55e7eb782907 <unknown>\n#3 0x55e7eb782b01 <unknown>\n#4 0x55e7eb7d0d54 <unknown>\n#5 0x55e7eb7a840d <unknown>\n#6 0x55e7eb7ce14f <unknown>\n#7 0x55e7eb7a81b3 <unknown>\n#8 0x55e7eb77459b <unknown>\n#9 0x55e7eb775971 <unknown>\n#10 0x55e7ebc561eb <unknown>\n#11 0x55e7ebc59f39 <unknown>\n#12 0x55e7ebc3d2c9 <unknown>\n#13 0x55e7ebc5aae8 <unknown>\n#14 0x55e7ebc21baf <unknown>\n#15 0x55e7ebc7e0a8 <unknown>\n#16 0x55e7ebc7e286 <unknown>\n#17 0x55e7ebc8fff6 <unknown>\n#18 0x7f69dca9caa4 <unknown>\n#19 0x7f69dcb29c3c <unknown>","time":{"start":1755761156712,"stop":1755761157725,"duration":1013}}]},"ee4bf144a8a3dfacd6d15767dd6eb1ca":{"statistic":{"failed":0,"broken":1,"skipped":0,"passed":0,"unknown":0,"total":1},"items":[{"uid":"b369fe2d3ee922fd","reportUrl":"https://erubazo.github.io/shichor-python/6/#testresult/b369fe2d3ee922fd","status":"broken","statusDetails":"selenium.common.exceptions.NoSuchElementException: Message: no such element: Unable to locate element: {\"method\":\"css selector\",\"selector\":\"#cookies_accept > div\"}\n  (Session info: chrome=139.0.7258.127); For documentation on this error, please visit: https://www.selenium.dev/documentation/webdriver/troubleshooting/errors#nosuchelementexception\nStacktrace:\n#0 0x55e7ebc9101a <unknown>\n#1 0x55e7eb730a70 <unknown>\n#2 0x55e7eb782907 <unknown>\n#3 0x55e7eb782b01 <unknown>\n#4 0x55e7eb7d0d54 <unknown>\n#5 0x55e7eb7a840d <unknown>\n#6 0x55e7eb7ce14f <unknown>\n#7 0x55e7eb7a81b3 <unknown>\n#8 0x55e7eb77459b <unknown>\n#9 0x55e7eb775971 <unknown>\n#10 0x55e7ebc561eb <unknown>\n#11 0x55e7ebc59f39 <unknown>\n#12 0x55e7ebc3d2c9 <unknown>\n#13 0x55e7ebc5aae8 <unknown>\n#14 0x55e7ebc21baf <unknown>\n#15 0x55e7ebc7e0a8 <unknown>\n#16 0x55e7ebc7e286 <unknown>\n#17 0x55e7ebc8fff6 <unknown>\n#18 0x7f69dca9caa4 <unknown>\n#19 0x7f69dcb29c3c <unknown>","time":{"start":1755761157829,"stop":1755761158842,"duration":1013}}]},"40da3125772fab665425c8e1a3c35e15":{"statistic":{"failed":0,"broken":1,"skipped":0,"passed":0,"unknown":0,"total":1},"items":[{"uid":"ca9a94e14de7a653","reportUrl":"https://erubazo.github.io/shichor-python/6/#testresult/ca9a94e14de7a653","status":"broken","statusDetails":"selenium.common.exceptions.NoSuchElementException: Message: no such element: Unable to locate element: {\"method\":\"css selector\",\"selector\":\"#destination\"}\n  (Session info: chrome=139.0.7258.127); For documentation on this error, please visit: https://www.selenium.dev/documentation/webdriver/troubleshooting/errors#nosuchelementexception\nStacktrace:\n#0 0x55b7c406d01a <unknown>\n#1 0x55b7c3b0ca70 <unknown>\n#2 0x55b7c3b5e907 <unknown>\n#3 0x55b7c3b5eb01 <unknown>\n#4 0x55b7c3bacd54 <unknown>\n#5 0x55b7c3b8440d <unknown>\n#6 0x55b7c3baa14f <unknown>\n#7 0x55b7c3b841b3 <unknown>\n#8 0x55b7c3b5059b <unknown>\n#9 0x55b7c3b51971 <unknown>\n#10 0x55b7c40321eb <unknown>\n#11 0x55b7c4035f39 <unknown>\n#12 0x55b7c40192c9 <unknown>\n#13 0x55b7c4036ae8 <unknown>\n#14 0x55b7c3ffdbaf <unknown>\n#15 0x55b7c405a0a8 <unknown>\n#16 0x55b7c405a286 <unknown>\n#17 0x55b7c406bff6 <unknown>\n#18 0x7ffafaa9caa4 <unknown>\n#19 0x7ffafab29c3c <unknown>","time":{"start":1755761129573,"stop":1755761131601,"duration":2028}}]},"44027ee0c9148d3bfa2f0ec00ebcbd38":{"statistic":{"failed":0,"broken":1,"skipped":0,"passed":0,"unknown":0,"total":1},"items":[{"uid":"dec9a222ded954ab","reportUrl":"https://erubazo.github.io/shichor-python/6/#testresult/dec9a222ded954ab","status":"broken","statusDetails":"selenium.common.exceptions.NoSuchElementException: Message: no such element: Unable to locate element: {\"method\":\"css selector\",\"selector\":\"div.lm\\:mb-100.mb-300.flex.items-center.tb\\:justify-start.justify-between > div:nth-child(2) > div:nth-child(1) > div\"}\n  (Session info: chrome=139.0.7258.127); For documentation on this error, please visit: https://www.selenium.dev/documentation/webdriver/troubleshooting/errors#nosuchelementexception\nStacktrace:\n#0 0x55b7c406d01a <unknown>\n#1 0x55b7c3b0ca70 <unknown>\n#2 0x55b7c3b5e907 <unknown>\n#3 0x55b7c3b5eb01 <unknown>\n#4 0x55b7c3bacd54 <unknown>\n#5 0x55b7c3b8440d <unknown>\n#6 0x55b7c3baa14f <unknown>\n#7 0x55b7c3b841b3 <unknown>\n#8 0x55b7c3b5059b <unknown>\n#9 0x55b7c3b51971 <unknown>\n#10 0x55b7c40321eb <unknown>\n#11 0x55b7c4035f39 <unknown>\n#12 0x55b7c40192c9 <unknown>\n#13 0x55b7c4036ae8 <unknown>\n#14 0x55b7c3ffdbaf <unknown>\n#15 0x55b7c405a0a8 <unknown>\n#16 0x55b7c405a286 <unknown>\n#17 0x55b7c406bff6 <unknown>\n#18 0x7ffafaa9caa4 <unknown>\n#19 0x7ffafab29c3c <unknown>","time":{"start":1755761122130,"stop":1755761124199,"duration":2069}}]},"b1556b91cae91277d2f000731ed6cf05":{"statistic":{"failed":0,"broken":1,"skipped":0,"passed":0,"unknown":0,"total":1},"items":[{"uid":"fe315860c6e14345","reportUrl":"https://erubazo.github.io/shichor-python/6/#testresult/fe315860c6e14345","status":"broken","statusDetails":"selenium.common.exceptions.NoSuchElementException: Message: no such element: Unable to locate element: {\"method\":\"css selector\",\"selector\":\"#outboundDate\"}\n  (Session info: chrome=139.0.7258.127); For documentation on this error, please visit: https://www.selenium.dev/documentation/webdriver/troubleshooting/errors#nosuchelementexception\nStacktrace:\n#0 0x55b7c406d01a <unknown>\n#1 0x55b7c3b0ca70 <unknown>\n#2 0x55b7c3b5e907 <unknown>\n#3 0x55b7c3b5eb01 <unknown>\n#4 0x55b7c3bacd54 <unknown>\n#5 0x55b7c3b8440d <unknown>\n#6 0x55b7c3baa14f <unknown>\n#7 0x55b7c3b841b3 <unknown>\n#8 0x55b7c3b5059b <unknown>\n#9 0x55b7c3b51971 <unknown>\n#10 0x55b7c40321eb <unknown>\n#11 0x55b7c4035f39 <unknown>\n#12 0x55b7c40192c9 <unknown>\n#13 0x55b7c4036ae8 <unknown>\n#14 0x55b7c3ffdbaf <unknown>\n#15 0x55b7c405a0a8 <unknown>\n#16 0x55b7c405a286 <unknown>\n#17 0x55b7c406bff6 <unknown>\n#18 0x7ffafaa9caa4 <unknown>\n#19 0x7ffafab29c3c <unknown>","time":{"start":1755761138146,"stop":1755761140172,"duration":2026}}]},"d473bdd714f5dca4321099c6e995022c":{"statistic":{"failed":0,"broken":1,"skipped":0,"passed":0,"unknown":0,"total":1},"items":[{"uid":"87125310748d2eef","reportUrl":"https://erubazo.github.io/shichor-python/6/#testresult/87125310748d2eef","status":"broken","statusDetails":"selenium.common.exceptions.NoSuchElementException: Message: no such element: Unable to locate element: {\"method\":\"css selector\",\"selector\":\"#cookies_accept > div\"}\n  (Session info: chrome=139.0.7258.127); For documentation on this error, please visit: https://www.selenium.dev/documentation/webdriver/troubleshooting/errors#nosuchelementexception\nStacktrace:\n#0 0x55e7ebc9101a <unknown>\n#1 0x55e7eb730a70 <unknown>\n#2 0x55e7eb782907 <unknown>\n#3 0x55e7eb782b01 <unknown>\n#4 0x55e7eb7d0d54 <unknown>\n#5 0x55e7eb7a840d <unknown>\n#6 0x55e7eb7ce14f <unknown>\n#7 0x55e7eb7a81b3 <unknown>\n#8 0x55e7eb77459b <unknown>\n#9 0x55e7eb775971 <unknown>\n#10 0x55e7ebc561eb <unknown>\n#11 0x55e7ebc59f39 <unknown>\n#12 0x55e7ebc3d2c9 <unknown>\n#13 0x55e7ebc5aae8 <unknown>\n#14 0x55e7ebc21baf <unknown>\n#15 0x55e7ebc7e0a8 <unknown>\n#16 0x55e7ebc7e286 <unknown>\n#17 0x55e7ebc8fff6 <unknown>\n#18 0x7f69dca9caa4 <unknown>\n#19 0x7f69dcb29c3c <unknown>","time":{"start":1755761155592,"stop":1755761156609,"duration":1017}}]},"d9f17111a5011ef00f8836b0e99de21f":{"statistic":{"failed":1,"broken":0,"skipped":0,"passed":0,"unknown":0,"total":1},"items":[{"uid":"fd121f94443a205b","reportUrl":"https://erubazo.github.io/shichor-python/6/#testresult/fd121f94443a205b","status":"failed","statusDetails":"AssertionError: assert 'No trip selector available' == 'Return'\n  \n  - Return\n  + No trip selector available","time":{"start":1755761114997,"stop":1755761122057,"duration":7060}}]},"75bc17fa304f21c3b1a283a58d952713":{"statistic":{"failed":0,"broken":1,"skipped":0,"passed":0,"unknown":0,"total":1},"items":[{"uid":"76752ebe1c2e1b30","reportUrl":"https://erubazo.github.io/shichor-python/6/#testresult/76752ebe1c2e1b30","status":"broken","statusDetails":"selenium.common.exceptions.NoSuchElementException: Message: no such element: Unable to locate element: {\"method\":\"css selector\",\"selector\":\"#cookies_accept > div\"}\n  (Session info: chrome=139.0.7258.127); For documentation on this error, please visit: https://www.selenium.dev/documentation/webdriver/troubleshooting/errors#nosuchelementexception\nStacktrace:\n#0 0x55856fc7701a <unknown>\n#1 0x55856f716a70 <unknown>\n#2 0x55856f768907 <unknown>\n#3 0x55856f768b01 <unknown>\n#4 0x55856f7b6d54 <unknown>\n#5 0x55856f78e40d <unknown>\n#6 0x55856f7b414f <unknown>\n#7 0x55856f78e1b3 <unknown>\n#8 0x55856f75a59b <unknown>\n#9 0x55856f75b971 <unknown>\n#10 0x55856fc3c1eb <unknown>\n#11 0x55856fc3ff39 <unknown>\n#12 0x55856fc232c9 <unknown>\n#13 0x55856fc40ae8 <unknown>\n#14 0x55856fc07baf <unknown>\n#15 0x55856fc640a8 <unknown>\n#16 0x55856fc64286 <unknown>\n#17 0x55856fc75ff6 <unknown>\n#18 0x7f047d29caa4 <unknown>\n#19 0x7f047d329c3c <unknown>","time":{"start":1755761108059,"stop":1755761109072,"duration":1013}}]},"fa1e27cf77d811d24c961ca50dfb243b":{"statistic":{"failed":0,"broken":1,"skipped":0,"passed":0,"unknown":0,"total":1},"items":[{"uid":"b516fcc6eef6898c","reportUrl":"https://erubazo.github.io/shichor-python/6/#testresult/b516fcc6eef6898c","status":"broken","statusDetails":"selenium.common.exceptions.NoSuchElementException: Message: no such element: Unable to locate element: {\"method\":\"css selector\",\"selector\":\"div.lm\\:mb-100.mb-300.flex.items-center.tb\\:justify-start.justify-between > div:nth-child(2) > div:nth-child(1) > div\"}\n  (Session info: chrome=139.0.7258.127); For documentation on this error, please visit: https://www.selenium.dev/documentation/webdriver/troubleshooting/errors#nosuchelementexception\nStacktrace:\n#0 0x55b7c406d01a <unknown>\n#1 0x55b7c3b0ca70 <unknown>\n#2 0x55b7c3b5e907 <unknown>\n#3 0x55b7c3b5eb01 <unknown>\n#4 0x55b7c3bacd54 <unknown>\n#5 0x55b7c3b8440d <unknown>\n#6 0x55b7c3baa14f <unknown>\n#7 0x55b7c3b841b3 <unknown>\n#8 0x55b7c3b5059b <unknown>\n#9 0x55b7c3b51971 <unknown>\n#10 0x55b7c40321eb <unknown>\n#11 0x55b7c4035f39 <unknown>\n#12 0x55b7c40192c9 <unknown>\n#13 0x55b7c4036ae8 <unknown>\n#14 0x55b7c3ffdbaf <unknown>\n#15 0x55b7c405a0a8 <unknown>\n#16 0x55b7c405a286 <unknown>\n#17 0x55b7c406bff6 <unknown>\n#18 0x7ffafaa9caa4 <unknown>\n#19 0x7ffafab29c3c <unknown>","time":{"start":1755761149714,"stop":1755761151739,"duration":2025}}]},"a29fb78cd39a3af9addaa2a7113ebbb5":{"statistic":{"failed":0,"broken":1,"skipped":0,"passed":0,"unknown":0,"total":1},"items":[{"uid":"3515726b75b6b378","reportUrl":"https://erubazo.github.io/shichor-python/6/#testresult/3515726b75b6b378","status":"broken","statusDetails":"selenium.common.exceptions.NoSuchElementException: Message: no such element: Unable to locate element: {\"method\":\"css selector\",\"selector\":\"div.lm\\:mb-100.mb-300.flex.items-center.tb\\:justify-start.justify-between > div:nth-child(2) > div:nth-child(1) > div\"}\n  (Session info: chrome=139.0.7258.127); For documentation on this error, please visit: https://www.selenium.dev/documentation/webdriver/troubleshooting/errors#nosuchelementexception\nStacktrace:\n#0 0x55b7c406d01a <unknown>\n#1 0x55b7c3b0ca70 <unknown>\n#2 0x55b7c3b5e907 <unknown>\n#3 0x55b7c3b5eb01 <unknown>\n#4 0x55b7c3bacd54 <unknown>\n#5 0x55b7c3b8440d <unknown>\n#6 0x55b7c3baa14f <unknown>\n#7 0x55b7c3b841b3 <unknown>\n#8 0x55b7c3b5059b <unknown>\n#9 0x55b7c3b51971 <unknown>\n#10 0x55b7c40321eb <unknown>\n#11 0x55b7c4035f39 <unknown>\n#12 0x55b7c40192c9 <unknown>\n#13 0x55b7c4036ae8 <unknown>\n#14 0x55b7c3ffdbaf <unknown>\n#15 0x55b7c405a0a8 <unknown>\n#16 0x55b7c405a286 <unknown>\n#17 0x55b7c406bff6 <unknown>\n#18 0x7ffafaa9caa4 <unknown>\n#19 0x7ffafab29c3c <unknown>","time":{"start":1755761147580,"stop":1755761149605,"duration":2025}}]},"7c34fa7b644706ed5715bf9d024168df":{"statistic":{"failed":0,"broken":1,"skipped":0,"passed":0,"unknown":0,"total":1},"items":[{"uid":"8117cac33b6e69a7","reportUrl":"https://erubazo.github.io/shichor-python/6/#testresult/8117cac33b6e69a7","status":"broken","statusDetails":"selenium.common.exceptions.NoSuchElementException: Message: no such element: Unable to locate element: {\"method\":\"css selector\",\"selector\":\"[data-test=\"PlacePickerInputPlace-close\"]\"}\n  (Session info: chrome=139.0.7258.127); For documentation on this error, please visit: https://www.selenium.dev/documentation/webdriver/troubleshooting/errors#nosuchelementexception\nStacktrace:\n#0 0x55b7c406d01a <unknown>\n#1 0x55b7c3b0ca70 <unknown>\n#2 0x55b7c3b5e907 <unknown>\n#3 0x55b7c3b5eb01 <unknown>\n#4 0x55b7c3bacd54 <unknown>\n#5 0x55b7c3b8440d <unknown>\n#6 0x55b7c3baa14f <unknown>\n#7 0x55b7c3b841b3 <unknown>\n#8 0x55b7c3b5059b <unknown>\n#9 0x55b7c3b51971 <unknown>\n#10 0x55b7c40321eb <unknown>\n#11 0x55b7c4035f39 <unknown>\n#12 0x55b7c40192c9 <unknown>\n#13 0x55b7c4036ae8 <unknown>\n#14 0x55b7c3ffdbaf <unknown>\n#15 0x55b7c405a0a8 <unknown>\n#16 0x55b7c405a286 <unknown>\n#17 0x55b7c406bff6 <unknown>\n#18 0x7ffafaa9caa4 <unknown>\n#19 0x7ffafab29c3c <unknown>","time":{"start":1755761142432,"stop":1755761147467,"duration":5035}}]},"415becb7b266146eb28887bbf757f5e7":{"statistic":{"failed":0,"broken":1,"skipped":0,"passed":0,"unknown":0,"total":1},"items":[{"uid":"32530d6995d57076","reportUrl":"https://erubazo.github.io/shichor-python/6/#testresult/32530d6995d57076","status":"broken","statusDetails":"selenium.common.exceptions.NoSuchElementException: Message: no such element: Unable to locate element: {\"method\":\"css selector\",\"selector\":\"[data-test=\"PlacePickerInputPlace-close\"]\"}\n  (Session info: chrome=139.0.7258.127); For documentation on this error, please visit: https://www.selenium.dev/documentation/webdriver/troubleshooting/errors#nosuchelementexception\nStacktrace:\n#0 0x55b7c406d01a <unknown>\n#1 0x55b7c3b0ca70 <unknown>\n#2 0x55b7c3b5e907 <unknown>\n#3 0x55b7c3b5eb01 <unknown>\n#4 0x55b7c3bacd54 <unknown>\n#5 0x55b7c3b8440d <unknown>\n#6 0x55b7c3baa14f <unknown>\n#7 0x55b7c3b841b3 <unknown>\n#8 0x55b7c3b5059b <unknown>\n#9 0x55b7c3b51971 <unknown>\n#10 0x55b7c40321eb <unknown>\n#11 0x55b7c4035f39 <unknown>\n#12 0x55b7c40192c9 <unknown>\n#13 0x55b7c4036ae8 <unknown>\n#14 0x55b7c3ffdbaf <unknown>\n#15 0x55b7c405a0a8 <unknown>\n#16 0x55b7c405a286 <unknown>\n#17 0x55b7c406bff6 <unknown>\n#18 0x7ffafaa9caa4 <unknown>\n#19 0x7ffafab29c3c <unknown>","time":{"start":1755761127430,"stop":1755761129458,"duration":2028}}]},"da11a82170d1bdc46b9f8bad34ad8f0c":{"statistic":{"failed":0,"broken":1,"skipped":0,"passed":0,"unknown":0,"total":1},"items":[{"uid":"1bc04357b8de2ca2","reportUrl":"https://erubazo.github.io/shichor-python/6/#testresult/1bc04357b8de2ca2","status":"broken","statusDetails":"selenium.common.exceptions.NoSuchElementException: Message: no such element: Unable to locate element: {\"method\":\"css selector\",\"selector\":\"#cookies_accept > div\"}\n  (Session info: chrome=139.0.7258.127); For documentation on this error, please visit: https://www.selenium.dev/documentation/webdriver/troubleshooting/errors#nosuchelementexception\nStacktrace:\n#0 0x55856fc7701a <unknown>\n#1 0x55856f716a70 <unknown>\n#2 0x55856f768907 <unknown>\n#3 0x55856f768b01 <unknown>\n#4 0x55856f7b6d54 <unknown>\n#5 0x55856f78e40d <unknown>\n#6 0x55856f7b414f <unknown>\n#7 0x55856f78e1b3 <unknown>\n#8 0x55856f75a59b <unknown>\n#9 0x55856f75b971 <unknown>\n#10 0x55856fc3c1eb <unknown>\n#11 0x55856fc3ff39 <unknown>\n#12 0x55856fc232c9 <unknown>\n#13 0x55856fc40ae8 <unknown>\n#14 0x55856fc07baf <unknown>\n#15 0x55856fc640a8 <unknown>\n#16 0x55856fc64286 <unknown>\n#17 0x55856fc75ff6 <unknown>\n#18 0x7f047d29caa4 <unknown>\n#19 0x7f047d329c3c <unknown>","time":{"start":1755761106726,"stop":1755761107877,"duration":1151}}]},"b97b0400e77310f81030c96b417d5c96":{"statistic":{"failed":0,"broken":1,"skipped":0,"passed":0,"unknown":0,"total":1},"items":[{"uid":"14900441d2a5647","reportUrl":"https://erubazo.github.io/shichor-python/6/#testresult/14900441d2a5647","status":"broken","statusDetails":"selenium.common.exceptions.NoSuchElementException: Message: no such element: Unable to locate element: {\"method\":\"css selector\",\"selector\":\"#cookies_accept > div\"}\n  (Session info: chrome=139.0.7258.127); For documentation on this error, please visit: https://www.selenium.dev/documentation/webdriver/troubleshooting/errors#nosuchelementexception\nStacktrace:\n#0 0x55b7c406d01a <unknown>\n#1 0x55b7c3b0ca70 <unknown>\n#2 0x55b7c3b5e907 <unknown>\n#3 0x55b7c3b5eb01 <unknown>\n#4 0x55b7c3bacd54 <unknown>\n#5 0x55b7c3b8440d <unknown>\n#6 0x55b7c3baa14f <unknown>\n#7 0x55b7c3b841b3 <unknown>\n#8 0x55b7c3b5059b <unknown>\n#9 0x55b7c3b51971 <unknown>\n#10 0x55b7c40321eb <unknown>\n#11 0x55b7c4035f39 <unknown>\n#12 0x55b7c40192c9 <unknown>\n#13 0x55b7c4036ae8 <unknown>\n#14 0x55b7c3ffdbaf <unknown>\n#15 0x55b7c405a0a8 <unknown>\n#16 0x55b7c405a286 <unknown>\n#17 0x55b7c406bff6 <unknown>\n#18 0x7ffafaa9caa4 <unknown>\n#19 0x7ffafab29c3c <unknown>","time":{"start":1755761113872,"stop":1755761114888,"duration":1016}}]},"973be1434a2f3eb31e8b91f0dd6a0341":{"statistic":{"failed":0,"broken":1,"skipped":0,"passed":0,"unknown":0,"total":1},"items":[{"uid":"b7ecb78ec7810c4","reportUrl":"https://erubazo.github.io/shichor-python/6/#testresult/b7ecb78ec7810c4","status":"broken","statusDetails":"selenium.common.exceptions.NoSuchElementException: Message: no such element: Unable to locate element: {\"method\":\"css selector\",\"selector\":\"#origin\"}\n  (Session info: chrome=139.0.7258.127); For documentation on this error, please visit: https://www.selenium.dev/documentation/webdriver/troubleshooting/errors#nosuchelementexception\nStacktrace:\n#0 0x55b7c406d01a <unknown>\n#1 0x55b7c3b0ca70 <unknown>\n#2 0x55b7c3b5e907 <unknown>\n#3 0x55b7c3b5eb01 <unknown>\n#4 0x55b7c3bacd54 <unknown>\n#5 0x55b7c3b8440d <unknown>\n#6 0x55b7c3baa14f <unknown>\n#7 0x55b7c3b841b3 <unknown>\n#8 0x55b7c3b5059b <unknown>\n#9 0x55b7c3b51971 <unknown>\n#10 0x55b7c40321eb <unknown>\n#11 0x55b7c4035f39 <unknown>\n#12 0x55b7c40192c9 <unknown>\n#13 0x55b7c4036ae8 <unknown>\n#14 0x55b7c3ffdbaf <unknown>\n#15 0x55b7c405a0a8 <unknown>\n#16 0x55b7c405a286 <unknown>\n#17 0x55b7c406bff6 <unknown>\n#18 0x7ffafaa9caa4 <unknown>\n#19 0x7ffafab29c3c <unknown>","time":{"start":1755761153999,"stop":1755761155026,"duration":1027}}]},"4838f945bcaf4f707f75cf5665acf10e":{"statistic":{"failed":0,"broken":1,"skipped":0,"passed":0,"unknown":0,"total":1},"items":[{"uid":"a66ebb47f8c59f12","reportUrl":"https://erubazo.github.io/shichor-python/6/#testresult/a66ebb47f8c59f12","status":"broken","statusDetails":"selenium.common.exceptions.NoSuchElementException: Message: no such element: Unable to locate element: {\"method\":\"css selector\",\"selector\":\"#cookie_consent > div > div > div > section > div.orbit-stack.items-start.content-start.flex-nowrap.grow.shrink-0.justify-start.flex-row.flex.gap-400.w-full > button.space-x-200.rtl\\:space-x-reverse.h-form-box-normal.text-normal.bg-button-secondary-background.hover\\:bg-button-secondary-background-hover.active\\:bg-button-secondary-background-active.disabled\\:bg-button-secondary-background.focus\\:bg-button-secondary-background-focus.text-button-secondary-foreground.focus\\:text-button-secondary-foreground-focus.active\\:text-button-secondary-foreground-active.hover\\:text-button-secondary-foreground-hover.disabled\\:text-button-secondary-foreground.active\\:shadow-button-active-pale.px-button-padding-md.orbit-button-primitive.font-base.duration-fast.group.relative.max-w-full.select-none.items-center.justify-center.border-none.text-center.leading-none.transition-all.\\*\\:align-middle.\\[\\&_\\.orbit-loading-spinner\\]\\:stroke-current.w-full.flex-auto.rounded-150.tb\\:rounded-100.cursor-pointer.hover\\:no-underline.focus\\:no-underline.active\\:no-underline.flex.font-medium > div\"}\n  (Session info: chrome=139.0.7258.127); For documentation on this error, please visit: https://www.selenium.dev/documentation/webdriver/troubleshooting/errors#nosuchelementexception\nStacktrace:\n#0 0x55b7c406d01a <unknown>\n#1 0x55b7c3b0ca70 <unknown>\n#2 0x55b7c3b5e907 <unknown>\n#3 0x55b7c3b5eb01 <unknown>\n#4 0x55b7c3bacd54 <unknown>\n#5 0x55b7c3b8440d <unknown>\n#6 0x55b7c3baa14f <unknown>\n#7 0x55b7c3b841b3 <unknown>\n#8 0x55b7c3b5059b <unknown>\n#9 0x55b7c3b51971 <unknown>\n#10 0x55b7c40321eb <unknown>\n#11 0x55b7c4035f39 <unknown>\n#12 0x55b7c40192c9 <unknown>\n#13 0x55b7c4036ae8 <unknown>\n#14 0x55b7c3ffdbaf <unknown>\n#15 0x55b7c405a0a8 <unknown>\n#16 0x55b7c405a286 <unknown>\n#17 0x55b7c406bff6 <unknown>\n#18 0x7ffafaa9caa4 <unknown>\n#19 0x7ffafab29c3c <unknown>","time":{"start":1755761109587,"stop":1755761113604,"duration":4017}}]},"2ecc6e22acc0566a6d050e8cbf68f465":{"statistic":{"failed":0,"broken":1,"skipped":0,"passed":0,"unknown":0,"total":1},"items":[{"uid":"6443d161799e98aa","reportUrl":"https://erubazo.github.io/shichor-python/6/#testresult/6443d161799e98aa","status":"broken","statusDetails":"selenium.common.exceptions.NoSuchElementException: Message: no such element: Unable to locate element: {\"method\":\"css selector\",\"selector\":\"div.lm\\:mb-100.mb-300.flex.items-center.tb\\:justify-start.justify-between > div:nth-child(2) > div:nth-child(1) > div\"}\n  (Session info: chrome=139.0.7258.127); For documentation on this error, please visit: https://www.selenium.dev/documentation/webdriver/troubleshooting/errors#nosuchelementexception\nStacktrace:\n#0 0x55b7c406d01a <unknown>\n#1 0x55b7c3b0ca70 <unknown>\n#2 0x55b7c3b5e907 <unknown>\n#3 0x55b7c3b5eb01 <unknown>\n#4 0x55b7c3bacd54 <unknown>\n#5 0x55b7c3b8440d <unknown>\n#6 0x55b7c3baa14f <unknown>\n#7 0x55b7c3b841b3 <unknown>\n#8 0x55b7c3b5059b <unknown>\n#9 0x55b7c3b51971 <unknown>\n#10 0x55b7c40321eb <unknown>\n#11 0x55b7c4035f39 <unknown>\n#12 0x55b7c40192c9 <unknown>\n#13 0x55b7c4036ae8 <unknown>\n#14 0x55b7c3ffdbaf <unknown>\n#15 0x55b7c405a0a8 <unknown>\n#16 0x55b7c405a286 <unknown>\n#17 0x55b7c406bff6 <unknown>\n#18 0x7ffafaa9caa4 <unknown>\n#19 0x7ffafab29c3c <unknown>","time":{"start":1755761140297,"stop":1755761142322,"duration":2025}}]},"5aa6adc6cd4ef5819814ea721e150c2c":{"statistic":{"failed":0,"broken":1,"skipped":0,"passed":0,"unknown":0,"total":1},"items":[{"uid":"5388419a5e0a57ea","reportUrl":"https://erubazo.github.io/shichor-python/6/#testresult/5388419a5e0a57ea","status":"broken","statusDetails":"selenium.common.exceptions.NoSuchElementException: Message: no such element: Unable to locate element: {\"method\":\"css selector\",\"selector\":\"#inboundDate\"}\n  (Session info: chrome=139.0.7258.127); For documentation on this error, please visit: https://www.selenium.dev/documentation/webdriver/troubleshooting/errors#nosuchelementexception\nStacktrace:\n#0 0x55b7c406d01a <unknown>\n#1 0x55b7c3b0ca70 <unknown>\n#2 0x55b7c3b5e907 <unknown>\n#3 0x55b7c3b5eb01 <unknown>\n#4 0x55b7c3bacd54 <unknown>\n#5 0x55b7c3b8440d <unknown>\n#6 0x55b7c3baa14f <unknown>\n#7 0x55b7c3b841b3 <unknown>\n#8 0x55b7c3b5059b <unknown>\n#9 0x55b7c3b51971 <unknown>\n#10 0x55b7c40321eb <unknown>\n#11 0x55b7c4035f39 <unknown>\n#12 0x55b7c40192c9 <unknown>\n#13 0x55b7c4036ae8 <unknown>\n#14 0x55b7c3ffdbaf <unknown>\n#15 0x55b7c405a0a8 <unknown>\n#16 0x55b7c405a286 <unknown>\n#17 0x55b7c406bff6 <unknown>\n#18 0x7ffafaa9caa4 <unknown>\n#19 0x7ffafab29c3c <unknown>","time":{"start":1755761133863,"stop":1755761135891,"duration":2028}}]}}