{"uid":"99da1e439eaac02","name":"departure and return dates selection Test","fullName":"tests.mainpage_test.TestClass#test_10_both_dates","historyId":"8be373d5a4ac4c1c74d32cff12e3b610","time":{"start":1756199317240,"stop":1756199328503,"duration":11263},"description":"Test to choose departure and return dates","descriptionHtml":"<p>Test to choose departure and return dates</p>\n","status":"broken","statusMessage":"selenium.common.exceptions.NoSuchElementException: Message: no such element: Unable to locate element: {\"method\":\"css selector\",\"selector\":\"#outboundDate\"}\n  (Session info: chrome=139.0.7258.127); For documentation on this error, please visit: https://www.selenium.dev/documentation/webdriver/troubleshooting/errors#nosuchelementexception\nStacktrace:\n#0 0x55805ffc001a <unknown>\n#1 0x55805fa5fa70 <unknown>\n#2 0x55805fab1907 <unknown>\n#3 0x55805fab1b01 <unknown>\n#4 0x55805faffd54 <unknown>\n#5 0x55805fad740d <unknown>\n#6 0x55805fafd14f <unknown>\n#7 0x55805fad71b3 <unknown>\n#8 0x55805faa359b <unknown>\n#9 0x55805faa4971 <unknown>\n#10 0x55805ff851eb <unknown>\n#11 0x55805ff88f39 <unknown>\n#12 0x55805ff6c2c9 <unknown>\n#13 0x55805ff89ae8 <unknown>\n#14 0x55805ff50baf <unknown>\n#15 0x55805ffad0a8 <unknown>\n#16 0x55805ffad286 <unknown>\n#17 0x55805ffbeff6 <unknown>\n#18 0x7f0cda09caa4 <unknown>\n#19 0x7f0cda129c3c <unknown>","statusTrace":"self = <tests.mainpage_test.TestClass object at 0x7f5d8af526c0>\n\n    @allure.severity(Severity.CRITICAL)\n    @allure.story(\"departure and return dates selection\")\n    @allure.description(\"Test to choose departure and return dates\")\n    @allure.title(\"departure and return dates selection Test\")\n    def test_10_both_dates(self):\n        with allure.step(\"Accept cookies if present\"):\n            CookiePage(self.main_page.driver).accept_if_present()\n        with allure.step(\"Choose departure and return dates\"):\n>           result = self.main_page.choose_dates(\"2025-08-01\", \"2025-08-09\", False)\n                     ^^^^^^^^^^^^^^^^^^^^^^^^^^^^^^^^^^^^^^^^^^^^^^^^^^^^^^^^^^^^^^\n\ntests/mainpage_test.py:151: \n_ _ _ _ _ _ _ _ _ _ _ _ _ _ _ _ _ _ _ _ _ _ _ _ _ _ _ _ _ _ _ _ _ _ _ _ _ _ _ _ \npages/main_page.py:357: in choose_dates\n    self.click(self.DEPARTURE_DATE)\npages/base_page.py:58: in click\n    self.highlight_element(locator, \"Yellow\")\npages/base_page.py:28: in highlight_element\n    element = self.driver.find_element(*locator_or_element)\n              ^^^^^^^^^^^^^^^^^^^^^^^^^^^^^^^^^^^^^^^^^^^^^\n.venv/lib/python3.13/site-packages/selenium/webdriver/remote/webdriver.py:926: in find_element\n    return self.execute(Command.FIND_ELEMENT, {\"using\": by, \"value\": value})[\"value\"]\n           ^^^^^^^^^^^^^^^^^^^^^^^^^^^^^^^^^^^^^^^^^^^^^^^^^^^^^^^^^^^^^^^^^\n.venv/lib/python3.13/site-packages/selenium/webdriver/remote/webdriver.py:458: in execute\n    self.error_handler.check_response(response)\n_ _ _ _ _ _ _ _ _ _ _ _ _ _ _ _ _ _ _ _ _ _ _ _ _ _ _ _ _ _ _ _ _ _ _ _ _ _ _ _ \n\nself = <selenium.webdriver.remote.errorhandler.ErrorHandler object at 0x7f5d8cb06c10>\nresponse = {'status': 404, 'value': '{\"value\":{\"error\":\"no such element\",\"message\":\"no such element: Unable to locate element: {\\...\\\\n#17 0x55805ffbeff6 \\\\u003Cunknown>\\\\n#18 0x7f0cda09caa4 \\\\u003Cunknown>\\\\n#19 0x7f0cda129c3c \\\\u003Cunknown>\\\\n\"}}'}\n\n    def check_response(self, response: dict[str, Any]) -> None:\n        \"\"\"Checks that a JSON response from the WebDriver does not have an\n        error.\n    \n        :Args:\n         - response - The JSON response from the WebDriver server as a dictionary\n           object.\n    \n        :Raises: If the response contains an error message.\n        \"\"\"\n        status = response.get(\"status\", None)\n        if not status or status == ErrorCode.SUCCESS:\n            return\n        value = None\n        message = response.get(\"message\", \"\")\n        screen: str = response.get(\"screen\", \"\")\n        stacktrace = None\n        if isinstance(status, int):\n            value_json = response.get(\"value\", None)\n            if value_json and isinstance(value_json, str):\n                try:\n                    value = json.loads(value_json)\n                    if isinstance(value, dict):\n                        if len(value) == 1:\n                            value = value[\"value\"]\n                        status = value.get(\"error\", None)\n                        if not status:\n                            status = value.get(\"status\", ErrorCode.UNKNOWN_ERROR)\n                            message = value.get(\"value\") or value.get(\"message\")\n                            if not isinstance(message, str):\n                                value = message\n                                message = message.get(\"message\")\n                        else:\n                            message = value.get(\"message\", None)\n                except ValueError:\n                    pass\n    \n        exception_class: type[WebDriverException]\n        e = ErrorCode()\n        error_codes = [item for item in dir(e) if not item.startswith(\"__\")]\n        for error_code in error_codes:\n            error_info = getattr(ErrorCode, error_code)\n            if isinstance(error_info, list) and status in error_info:\n                exception_class = getattr(ExceptionMapping, error_code, WebDriverException)\n                break\n        else:\n            exception_class = WebDriverException\n    \n        if not value:\n            value = response[\"value\"]\n        if isinstance(value, str):\n            raise exception_class(value)\n        if message == \"\" and \"message\" in value:\n            message = value[\"message\"]\n    \n        screen = None  # type: ignore[assignment]\n        if \"screen\" in value:\n            screen = value[\"screen\"]\n    \n        stacktrace = None\n        st_value = value.get(\"stackTrace\") or value.get(\"stacktrace\")\n        if st_value:\n            if isinstance(st_value, str):\n                stacktrace = st_value.split(\"\\n\")\n            else:\n                stacktrace = []\n                try:\n                    for frame in st_value:\n                        line = frame.get(\"lineNumber\", \"\")\n                        file = frame.get(\"fileName\", \"<anonymous>\")\n                        if line:\n                            file = f\"{file}:{line}\"\n                        meth = frame.get(\"methodName\", \"<anonymous>\")\n                        if \"className\" in frame:\n                            meth = f\"{frame['className']}.{meth}\"\n                        msg = \"    at %s (%s)\"\n                        msg = msg % (meth, file)\n                        stacktrace.append(msg)\n                except TypeError:\n                    pass\n        if exception_class == UnexpectedAlertPresentException:\n            alert_text = None\n            if \"data\" in value:\n                alert_text = value[\"data\"].get(\"text\")\n            elif \"alert\" in value:\n                alert_text = value[\"alert\"].get(\"text\")\n            raise exception_class(message, screen, stacktrace, alert_text)  # type: ignore[call-arg]  # mypy is not smart enough here\n>       raise exception_class(message, screen, stacktrace)\nE       selenium.common.exceptions.NoSuchElementException: Message: no such element: Unable to locate element: {\"method\":\"css selector\",\"selector\":\"#outboundDate\"}\nE         (Session info: chrome=139.0.7258.127); For documentation on this error, please visit: https://www.selenium.dev/documentation/webdriver/troubleshooting/errors#nosuchelementexception\nE       Stacktrace:\nE       #0 0x55805ffc001a <unknown>\nE       #1 0x55805fa5fa70 <unknown>\nE       #2 0x55805fab1907 <unknown>\nE       #3 0x55805fab1b01 <unknown>\nE       #4 0x55805faffd54 <unknown>\nE       #5 0x55805fad740d <unknown>\nE       #6 0x55805fafd14f <unknown>\nE       #7 0x55805fad71b3 <unknown>\nE       #8 0x55805faa359b <unknown>\nE       #9 0x55805faa4971 <unknown>\nE       #10 0x55805ff851eb <unknown>\nE       #11 0x55805ff88f39 <unknown>\nE       #12 0x55805ff6c2c9 <unknown>\nE       #13 0x55805ff89ae8 <unknown>\nE       #14 0x55805ff50baf <unknown>\nE       #15 0x55805ffad0a8 <unknown>\nE       #16 0x55805ffad286 <unknown>\nE       #17 0x55805ffbeff6 <unknown>\nE       #18 0x7f0cda09caa4 <unknown>\nE       #19 0x7f0cda129c3c <unknown>\n\n.venv/lib/python3.13/site-packages/selenium/webdriver/remote/errorhandler.py:232: NoSuchElementException","flaky":false,"newFailed":false,"newBroken":false,"newPassed":false,"retriesCount":0,"retriesStatusChange":false,"beforeStages":[{"name":"attach_driver_to_node","time":{"start":1756199317239,"stop":1756199317239,"duration":0},"status":"passed","steps":[],"attachments":[],"parameters":[],"stepsCount":0,"shouldDisplayMessage":false,"attachmentsCount":0,"hasContent":false,"attachmentStep":false}],"testStage":{"description":"Test to choose departure and return dates","status":"broken","statusMessage":"selenium.common.exceptions.NoSuchElementException: Message: no such element: Unable to locate element: {\"method\":\"css selector\",\"selector\":\"#outboundDate\"}\n  (Session info: chrome=139.0.7258.127); For documentation on this error, please visit: https://www.selenium.dev/documentation/webdriver/troubleshooting/errors#nosuchelementexception\nStacktrace:\n#0 0x55805ffc001a <unknown>\n#1 0x55805fa5fa70 <unknown>\n#2 0x55805fab1907 <unknown>\n#3 0x55805fab1b01 <unknown>\n#4 0x55805faffd54 <unknown>\n#5 0x55805fad740d <unknown>\n#6 0x55805fafd14f <unknown>\n#7 0x55805fad71b3 <unknown>\n#8 0x55805faa359b <unknown>\n#9 0x55805faa4971 <unknown>\n#10 0x55805ff851eb <unknown>\n#11 0x55805ff88f39 <unknown>\n#12 0x55805ff6c2c9 <unknown>\n#13 0x55805ff89ae8 <unknown>\n#14 0x55805ff50baf <unknown>\n#15 0x55805ffad0a8 <unknown>\n#16 0x55805ffad286 <unknown>\n#17 0x55805ffbeff6 <unknown>\n#18 0x7f0cda09caa4 <unknown>\n#19 0x7f0cda129c3c <unknown>","statusTrace":"self = <tests.mainpage_test.TestClass object at 0x7f5d8af526c0>\n\n    @allure.severity(Severity.CRITICAL)\n    @allure.story(\"departure and return dates selection\")\n    @allure.description(\"Test to choose departure and return dates\")\n    @allure.title(\"departure and return dates selection Test\")\n    def test_10_both_dates(self):\n        with allure.step(\"Accept cookies if present\"):\n            CookiePage(self.main_page.driver).accept_if_present()\n        with allure.step(\"Choose departure and return dates\"):\n>           result = self.main_page.choose_dates(\"2025-08-01\", \"2025-08-09\", False)\n                     ^^^^^^^^^^^^^^^^^^^^^^^^^^^^^^^^^^^^^^^^^^^^^^^^^^^^^^^^^^^^^^\n\ntests/mainpage_test.py:151: \n_ _ _ _ _ _ _ _ _ _ _ _ _ _ _ _ _ _ _ _ _ _ _ _ _ _ _ _ _ _ _ _ _ _ _ _ _ _ _ _ \npages/main_page.py:357: in choose_dates\n    self.click(self.DEPARTURE_DATE)\npages/base_page.py:58: in click\n    self.highlight_element(locator, \"Yellow\")\npages/base_page.py:28: in highlight_element\n    element = self.driver.find_element(*locator_or_element)\n              ^^^^^^^^^^^^^^^^^^^^^^^^^^^^^^^^^^^^^^^^^^^^^\n.venv/lib/python3.13/site-packages/selenium/webdriver/remote/webdriver.py:926: in find_element\n    return self.execute(Command.FIND_ELEMENT, {\"using\": by, \"value\": value})[\"value\"]\n           ^^^^^^^^^^^^^^^^^^^^^^^^^^^^^^^^^^^^^^^^^^^^^^^^^^^^^^^^^^^^^^^^^\n.venv/lib/python3.13/site-packages/selenium/webdriver/remote/webdriver.py:458: in execute\n    self.error_handler.check_response(response)\n_ _ _ _ _ _ _ _ _ _ _ _ _ _ _ _ _ _ _ _ _ _ _ _ _ _ _ _ _ _ _ _ _ _ _ _ _ _ _ _ \n\nself = <selenium.webdriver.remote.errorhandler.ErrorHandler object at 0x7f5d8cb06c10>\nresponse = {'status': 404, 'value': '{\"value\":{\"error\":\"no such element\",\"message\":\"no such element: Unable to locate element: {\\...\\\\n#17 0x55805ffbeff6 \\\\u003Cunknown>\\\\n#18 0x7f0cda09caa4 \\\\u003Cunknown>\\\\n#19 0x7f0cda129c3c \\\\u003Cunknown>\\\\n\"}}'}\n\n    def check_response(self, response: dict[str, Any]) -> None:\n        \"\"\"Checks that a JSON response from the WebDriver does not have an\n        error.\n    \n        :Args:\n         - response - The JSON response from the WebDriver server as a dictionary\n           object.\n    \n        :Raises: If the response contains an error message.\n        \"\"\"\n        status = response.get(\"status\", None)\n        if not status or status == ErrorCode.SUCCESS:\n            return\n        value = None\n        message = response.get(\"message\", \"\")\n        screen: str = response.get(\"screen\", \"\")\n        stacktrace = None\n        if isinstance(status, int):\n            value_json = response.get(\"value\", None)\n            if value_json and isinstance(value_json, str):\n                try:\n                    value = json.loads(value_json)\n                    if isinstance(value, dict):\n                        if len(value) == 1:\n                            value = value[\"value\"]\n                        status = value.get(\"error\", None)\n                        if not status:\n                            status = value.get(\"status\", ErrorCode.UNKNOWN_ERROR)\n                            message = value.get(\"value\") or value.get(\"message\")\n                            if not isinstance(message, str):\n                                value = message\n                                message = message.get(\"message\")\n                        else:\n                            message = value.get(\"message\", None)\n                except ValueError:\n                    pass\n    \n        exception_class: type[WebDriverException]\n        e = ErrorCode()\n        error_codes = [item for item in dir(e) if not item.startswith(\"__\")]\n        for error_code in error_codes:\n            error_info = getattr(ErrorCode, error_code)\n            if isinstance(error_info, list) and status in error_info:\n                exception_class = getattr(ExceptionMapping, error_code, WebDriverException)\n                break\n        else:\n            exception_class = WebDriverException\n    \n        if not value:\n            value = response[\"value\"]\n        if isinstance(value, str):\n            raise exception_class(value)\n        if message == \"\" and \"message\" in value:\n            message = value[\"message\"]\n    \n        screen = None  # type: ignore[assignment]\n        if \"screen\" in value:\n            screen = value[\"screen\"]\n    \n        stacktrace = None\n        st_value = value.get(\"stackTrace\") or value.get(\"stacktrace\")\n        if st_value:\n            if isinstance(st_value, str):\n                stacktrace = st_value.split(\"\\n\")\n            else:\n                stacktrace = []\n                try:\n                    for frame in st_value:\n                        line = frame.get(\"lineNumber\", \"\")\n                        file = frame.get(\"fileName\", \"<anonymous>\")\n                        if line:\n                            file = f\"{file}:{line}\"\n                        meth = frame.get(\"methodName\", \"<anonymous>\")\n                        if \"className\" in frame:\n                            meth = f\"{frame['className']}.{meth}\"\n                        msg = \"    at %s (%s)\"\n                        msg = msg % (meth, file)\n                        stacktrace.append(msg)\n                except TypeError:\n                    pass\n        if exception_class == UnexpectedAlertPresentException:\n            alert_text = None\n            if \"data\" in value:\n                alert_text = value[\"data\"].get(\"text\")\n            elif \"alert\" in value:\n                alert_text = value[\"alert\"].get(\"text\")\n            raise exception_class(message, screen, stacktrace, alert_text)  # type: ignore[call-arg]  # mypy is not smart enough here\n>       raise exception_class(message, screen, stacktrace)\nE       selenium.common.exceptions.NoSuchElementException: Message: no such element: Unable to locate element: {\"method\":\"css selector\",\"selector\":\"#outboundDate\"}\nE         (Session info: chrome=139.0.7258.127); For documentation on this error, please visit: https://www.selenium.dev/documentation/webdriver/troubleshooting/errors#nosuchelementexception\nE       Stacktrace:\nE       #0 0x55805ffc001a <unknown>\nE       #1 0x55805fa5fa70 <unknown>\nE       #2 0x55805fab1907 <unknown>\nE       #3 0x55805fab1b01 <unknown>\nE       #4 0x55805faffd54 <unknown>\nE       #5 0x55805fad740d <unknown>\nE       #6 0x55805fafd14f <unknown>\nE       #7 0x55805fad71b3 <unknown>\nE       #8 0x55805faa359b <unknown>\nE       #9 0x55805faa4971 <unknown>\nE       #10 0x55805ff851eb <unknown>\nE       #11 0x55805ff88f39 <unknown>\nE       #12 0x55805ff6c2c9 <unknown>\nE       #13 0x55805ff89ae8 <unknown>\nE       #14 0x55805ff50baf <unknown>\nE       #15 0x55805ffad0a8 <unknown>\nE       #16 0x55805ffad286 <unknown>\nE       #17 0x55805ffbeff6 <unknown>\nE       #18 0x7f0cda09caa4 <unknown>\nE       #19 0x7f0cda129c3c <unknown>\n\n.venv/lib/python3.13/site-packages/selenium/webdriver/remote/errorhandler.py:232: NoSuchElementException","steps":[{"name":"Accept cookies if present","time":{"start":1756199317240,"stop":1756199327489,"duration":10249},"status":"passed","steps":[{"name":"Accept cookies if banner is present","time":{"start":1756199317240,"stop":1756199327489,"duration":10249},"status":"passed","steps":[],"attachments":[],"parameters":[],"stepsCount":0,"shouldDisplayMessage":false,"attachmentsCount":0,"hasContent":false,"attachmentStep":false}],"attachments":[],"parameters":[],"stepsCount":1,"shouldDisplayMessage":false,"attachmentsCount":0,"hasContent":true,"attachmentStep":false},{"name":"Choose departure and return dates","time":{"start":1756199327489,"stop":1756199328502,"duration":1013},"status":"broken","statusMessage":"selenium.common.exceptions.NoSuchElementException: Message: no such element: Unable to locate element: {\"method\":\"css selector\",\"selector\":\"#outboundDate\"}\n  (Session info: chrome=139.0.7258.127); For documentation on this error, please visit: https://www.selenium.dev/documentation/webdriver/troubleshooting/errors#nosuchelementexception\nStacktrace:\n#0 0x55805ffc001a <unknown>\n#1 0x55805fa5fa70 <unknown>\n#2 0x55805fab1907 <unknown>\n#3 0x55805fab1b01 <unknown>\n#4 0x55805faffd54 <unknown>\n#5 0x55805fad740d <unknown>\n#6 0x55805fafd14f <unknown>\n#7 0x55805fad71b3 <unknown>\n#8 0x55805faa359b <unknown>\n#9 0x55805faa4971 <unknown>\n#10 0x55805ff851eb <unknown>\n#11 0x55805ff88f39 <unknown>\n#12 0x55805ff6c2c9 <unknown>\n#13 0x55805ff89ae8 <unknown>\n#14 0x55805ff50baf <unknown>\n#15 0x55805ffad0a8 <unknown>\n#16 0x55805ffad286 <unknown>\n#17 0x55805ffbeff6 <unknown>\n#18 0x7f0cda09caa4 <unknown>\n#19 0x7f0cda129c3c <unknown>\n\n","statusTrace":"  File \"/home/runner/work/shichor-python/shichor-python/tests/mainpage_test.py\", line 151, in test_10_both_dates\n    result = self.main_page.choose_dates(\"2025-08-01\", \"2025-08-09\", False)\n  File \"/home/runner/work/shichor-python/shichor-python/.venv/lib/python3.13/site-packages/allure_commons/_allure.py\", line 202, in impl\n    return func(*a, **kw)\n  File \"/home/runner/work/shichor-python/shichor-python/pages/main_page.py\", line 357, in choose_dates\n    self.click(self.DEPARTURE_DATE)\n    ~~~~~~~~~~^^^^^^^^^^^^^^^^^^^^^\n  File \"/home/runner/work/shichor-python/shichor-python/pages/base_page.py\", line 58, in click\n    self.highlight_element(locator, \"Yellow\")\n    ~~~~~~~~~~~~~~~~~~~~~~^^^^^^^^^^^^^^^^^^^\n  File \"/home/runner/work/shichor-python/shichor-python/pages/base_page.py\", line 28, in highlight_element\n    element = self.driver.find_element(*locator_or_element)\n  File \"/home/runner/work/shichor-python/shichor-python/.venv/lib/python3.13/site-packages/selenium/webdriver/remote/webdriver.py\", line 926, in find_element\n    return self.execute(Command.FIND_ELEMENT, {\"using\": by, \"value\": value})[\"value\"]\n           ~~~~~~~~~~~~^^^^^^^^^^^^^^^^^^^^^^^^^^^^^^^^^^^^^^^^^^^^^^^^^^^^^\n  File \"/home/runner/work/shichor-python/shichor-python/.venv/lib/python3.13/site-packages/selenium/webdriver/remote/webdriver.py\", line 458, in execute\n    self.error_handler.check_response(response)\n    ~~~~~~~~~~~~~~~~~~~~~~~~~~~~~~~~~^^^^^^^^^^\n  File \"/home/runner/work/shichor-python/shichor-python/.venv/lib/python3.13/site-packages/selenium/webdriver/remote/errorhandler.py\", line 232, in check_response\n    raise exception_class(message, screen, stacktrace)\n","steps":[{"name":"Choose dates: Start='2025-08-01', End='2025-08-09'","time":{"start":1756199327489,"stop":1756199328501,"duration":1012},"status":"broken","statusMessage":"selenium.common.exceptions.NoSuchElementException: Message: no such element: Unable to locate element: {\"method\":\"css selector\",\"selector\":\"#outboundDate\"}\n  (Session info: chrome=139.0.7258.127); For documentation on this error, please visit: https://www.selenium.dev/documentation/webdriver/troubleshooting/errors#nosuchelementexception\nStacktrace:\n#0 0x55805ffc001a <unknown>\n#1 0x55805fa5fa70 <unknown>\n#2 0x55805fab1907 <unknown>\n#3 0x55805fab1b01 <unknown>\n#4 0x55805faffd54 <unknown>\n#5 0x55805fad740d <unknown>\n#6 0x55805fafd14f <unknown>\n#7 0x55805fad71b3 <unknown>\n#8 0x55805faa359b <unknown>\n#9 0x55805faa4971 <unknown>\n#10 0x55805ff851eb <unknown>\n#11 0x55805ff88f39 <unknown>\n#12 0x55805ff6c2c9 <unknown>\n#13 0x55805ff89ae8 <unknown>\n#14 0x55805ff50baf <unknown>\n#15 0x55805ffad0a8 <unknown>\n#16 0x55805ffad286 <unknown>\n#17 0x55805ffbeff6 <unknown>\n#18 0x7f0cda09caa4 <unknown>\n#19 0x7f0cda129c3c <unknown>\n\n","statusTrace":"  File \"/home/runner/work/shichor-python/shichor-python/.venv/lib/python3.13/site-packages/allure_commons/_allure.py\", line 202, in impl\n    return func(*a, **kw)\n  File \"/home/runner/work/shichor-python/shichor-python/pages/main_page.py\", line 357, in choose_dates\n    self.click(self.DEPARTURE_DATE)\n    ~~~~~~~~~~^^^^^^^^^^^^^^^^^^^^^\n  File \"/home/runner/work/shichor-python/shichor-python/pages/base_page.py\", line 58, in click\n    self.highlight_element(locator, \"Yellow\")\n    ~~~~~~~~~~~~~~~~~~~~~~^^^^^^^^^^^^^^^^^^^\n  File \"/home/runner/work/shichor-python/shichor-python/pages/base_page.py\", line 28, in highlight_element\n    element = self.driver.find_element(*locator_or_element)\n  File \"/home/runner/work/shichor-python/shichor-python/.venv/lib/python3.13/site-packages/selenium/webdriver/remote/webdriver.py\", line 926, in find_element\n    return self.execute(Command.FIND_ELEMENT, {\"using\": by, \"value\": value})[\"value\"]\n           ~~~~~~~~~~~~^^^^^^^^^^^^^^^^^^^^^^^^^^^^^^^^^^^^^^^^^^^^^^^^^^^^^\n  File \"/home/runner/work/shichor-python/shichor-python/.venv/lib/python3.13/site-packages/selenium/webdriver/remote/webdriver.py\", line 458, in execute\n    self.error_handler.check_response(response)\n    ~~~~~~~~~~~~~~~~~~~~~~~~~~~~~~~~~^^^^^^^^^^\n  File \"/home/runner/work/shichor-python/shichor-python/.venv/lib/python3.13/site-packages/selenium/webdriver/remote/errorhandler.py\", line 232, in check_response\n    raise exception_class(message, screen, stacktrace)\n","steps":[],"attachments":[],"parameters":[{"name":"start_date","value":"'2025-08-01'"},{"name":"end_date","value":"'2025-08-09'"},{"name":"cancel","value":"False"}],"stepsCount":0,"shouldDisplayMessage":true,"attachmentsCount":0,"hasContent":true,"attachmentStep":false}],"attachments":[],"parameters":[],"stepsCount":1,"shouldDisplayMessage":false,"attachmentsCount":0,"hasContent":true,"attachmentStep":false}],"attachments":[{"uid":"87b242f25492a96f","name":"screenshot","source":"87b242f25492a96f.png","type":"image/png","size":75831}],"parameters":[],"stepsCount":4,"shouldDisplayMessage":true,"attachmentsCount":1,"hasContent":true,"attachmentStep":false},"afterStages":[],"labels":[{"name":"severity","value":"critical"},{"name":"feature","value":"Main Page functionality"},{"name":"epic","value":"Main Page Tests"},{"name":"story","value":"departure and return dates selection"},{"name":"parentSuite","value":"tests"},{"name":"suite","value":"mainpage_test"},{"name":"subSuite","value":"TestClass"},{"name":"host","value":"pkrvmqc4gcfdwos"},{"name":"thread","value":"2480-MainThread"},{"name":"framework","value":"pytest"},{"name":"language","value":"cpython3"},{"name":"package","value":"tests.mainpage_test"},{"name":"resultFormat","value":"allure2"}],"parameters":[],"links":[],"hidden":false,"retry":false,"extra":{"severity":"critical","retries":[],"categories":[{"name":"Test defects","matchedStatuses":[],"flaky":false}],"tags":[]},"source":"99da1e439eaac02.json","parameterValues":[]}