{"uid":"5223509e78dbee63","name":"Country Change Test","fullName":"tests.currency_test.TestClass#test_02_change_region","historyId":"75bc17fa304f21c3b1a283a58d952713","time":{"start":1755767441746,"stop":1755767452983,"duration":11237},"description":"Test to check country change","descriptionHtml":"<p>Test to check country change</p>\n","status":"broken","statusMessage":"selenium.common.exceptions.NoSuchElementException: Message: no such element: Unable to locate element: {\"method\":\"css selector\",\"selector\":\"[data-test=\"TopNav-RegionalSettingsButton\"]\"}\n  (Session info: chrome=139.0.7258.127); For documentation on this error, please visit: https://www.selenium.dev/documentation/webdriver/troubleshooting/errors#nosuchelementexception\nStacktrace:\n#0 0x5619748f301a <unknown>\n#1 0x561974392a70 <unknown>\n#2 0x5619743e4907 <unknown>\n#3 0x5619743e4b01 <unknown>\n#4 0x561974432d54 <unknown>\n#5 0x56197440a40d <unknown>\n#6 0x56197443014f <unknown>\n#7 0x56197440a1b3 <unknown>\n#8 0x5619743d659b <unknown>\n#9 0x5619743d7971 <unknown>\n#10 0x5619748b81eb <unknown>\n#11 0x5619748bbf39 <unknown>\n#12 0x56197489f2c9 <unknown>\n#13 0x5619748bcae8 <unknown>\n#14 0x561974883baf <unknown>\n#15 0x5619748e00a8 <unknown>\n#16 0x5619748e0286 <unknown>\n#17 0x5619748f1ff6 <unknown>\n#18 0x7f22ccc9caa4 <unknown>\n#19 0x7f22ccd29c3c <unknown>","statusTrace":"self = <tests.currency_test.TestClass object at 0x7fbec67a82d0>\n\n    @allure.severity(Severity.NORMAL)\n    @allure.story(\"Changing Region\")\n    @allure.description(\"Test to check country change\")\n    @allure.title(\"Country Change Test\")\n    def test_02_change_region(self):\n        with allure.step(\"Accept cookies if present\"):\n            CookiePage(self.main_page.driver).accept_if_present()\n        with allure.step(\"Changing region to United States and language to English\"):\n>           self.currency_page.select_region(\"United States\", \"English\")\n\ntests/currency_test.py:33: \n_ _ _ _ _ _ _ _ _ _ _ _ _ _ _ _ _ _ _ _ _ _ _ _ _ _ _ _ _ _ _ _ _ _ _ _ _ _ _ _ \npages/currency_page.py:41: in select_region\n    self.main_page.click(self.main_page.CURRENCY)\npages/base_page.py:58: in click\n    self.highlight_element(locator, \"Yellow\")\npages/base_page.py:28: in highlight_element\n    element = self.driver.find_element(*locator_or_element)\n              ^^^^^^^^^^^^^^^^^^^^^^^^^^^^^^^^^^^^^^^^^^^^^\n.venv/lib/python3.13/site-packages/selenium/webdriver/remote/webdriver.py:926: in find_element\n    return self.execute(Command.FIND_ELEMENT, {\"using\": by, \"value\": value})[\"value\"]\n           ^^^^^^^^^^^^^^^^^^^^^^^^^^^^^^^^^^^^^^^^^^^^^^^^^^^^^^^^^^^^^^^^^\n.venv/lib/python3.13/site-packages/selenium/webdriver/remote/webdriver.py:458: in execute\n    self.error_handler.check_response(response)\n_ _ _ _ _ _ _ _ _ _ _ _ _ _ _ _ _ _ _ _ _ _ _ _ _ _ _ _ _ _ _ _ _ _ _ _ _ _ _ _ \n\nself = <selenium.webdriver.remote.errorhandler.ErrorHandler object at 0x7fbec67c9fd0>\nresponse = {'status': 404, 'value': '{\"value\":{\"error\":\"no such element\",\"message\":\"no such element: Unable to locate element: {\\...\\\\n#17 0x5619748f1ff6 \\\\u003Cunknown>\\\\n#18 0x7f22ccc9caa4 \\\\u003Cunknown>\\\\n#19 0x7f22ccd29c3c \\\\u003Cunknown>\\\\n\"}}'}\n\n    def check_response(self, response: dict[str, Any]) -> None:\n        \"\"\"Checks that a JSON response from the WebDriver does not have an\n        error.\n    \n        :Args:\n         - response - The JSON response from the WebDriver server as a dictionary\n           object.\n    \n        :Raises: If the response contains an error message.\n        \"\"\"\n        status = response.get(\"status\", None)\n        if not status or status == ErrorCode.SUCCESS:\n            return\n        value = None\n        message = response.get(\"message\", \"\")\n        screen: str = response.get(\"screen\", \"\")\n        stacktrace = None\n        if isinstance(status, int):\n            value_json = response.get(\"value\", None)\n            if value_json and isinstance(value_json, str):\n                try:\n                    value = json.loads(value_json)\n                    if isinstance(value, dict):\n                        if len(value) == 1:\n                            value = value[\"value\"]\n                        status = value.get(\"error\", None)\n                        if not status:\n                            status = value.get(\"status\", ErrorCode.UNKNOWN_ERROR)\n                            message = value.get(\"value\") or value.get(\"message\")\n                            if not isinstance(message, str):\n                                value = message\n                                message = message.get(\"message\")\n                        else:\n                            message = value.get(\"message\", None)\n                except ValueError:\n                    pass\n    \n        exception_class: type[WebDriverException]\n        e = ErrorCode()\n        error_codes = [item for item in dir(e) if not item.startswith(\"__\")]\n        for error_code in error_codes:\n            error_info = getattr(ErrorCode, error_code)\n            if isinstance(error_info, list) and status in error_info:\n                exception_class = getattr(ExceptionMapping, error_code, WebDriverException)\n                break\n        else:\n            exception_class = WebDriverException\n    \n        if not value:\n            value = response[\"value\"]\n        if isinstance(value, str):\n            raise exception_class(value)\n        if message == \"\" and \"message\" in value:\n            message = value[\"message\"]\n    \n        screen = None  # type: ignore[assignment]\n        if \"screen\" in value:\n            screen = value[\"screen\"]\n    \n        stacktrace = None\n        st_value = value.get(\"stackTrace\") or value.get(\"stacktrace\")\n        if st_value:\n            if isinstance(st_value, str):\n                stacktrace = st_value.split(\"\\n\")\n            else:\n                stacktrace = []\n                try:\n                    for frame in st_value:\n                        line = frame.get(\"lineNumber\", \"\")\n                        file = frame.get(\"fileName\", \"<anonymous>\")\n                        if line:\n                            file = f\"{file}:{line}\"\n                        meth = frame.get(\"methodName\", \"<anonymous>\")\n                        if \"className\" in frame:\n                            meth = f\"{frame['className']}.{meth}\"\n                        msg = \"    at %s (%s)\"\n                        msg = msg % (meth, file)\n                        stacktrace.append(msg)\n                except TypeError:\n                    pass\n        if exception_class == UnexpectedAlertPresentException:\n            alert_text = None\n            if \"data\" in value:\n                alert_text = value[\"data\"].get(\"text\")\n            elif \"alert\" in value:\n                alert_text = value[\"alert\"].get(\"text\")\n            raise exception_class(message, screen, stacktrace, alert_text)  # type: ignore[call-arg]  # mypy is not smart enough here\n>       raise exception_class(message, screen, stacktrace)\nE       selenium.common.exceptions.NoSuchElementException: Message: no such element: Unable to locate element: {\"method\":\"css selector\",\"selector\":\"[data-test=\"TopNav-RegionalSettingsButton\"]\"}\nE         (Session info: chrome=139.0.7258.127); For documentation on this error, please visit: https://www.selenium.dev/documentation/webdriver/troubleshooting/errors#nosuchelementexception\nE       Stacktrace:\nE       #0 0x5619748f301a <unknown>\nE       #1 0x561974392a70 <unknown>\nE       #2 0x5619743e4907 <unknown>\nE       #3 0x5619743e4b01 <unknown>\nE       #4 0x561974432d54 <unknown>\nE       #5 0x56197440a40d <unknown>\nE       #6 0x56197443014f <unknown>\nE       #7 0x56197440a1b3 <unknown>\nE       #8 0x5619743d659b <unknown>\nE       #9 0x5619743d7971 <unknown>\nE       #10 0x5619748b81eb <unknown>\nE       #11 0x5619748bbf39 <unknown>\nE       #12 0x56197489f2c9 <unknown>\nE       #13 0x5619748bcae8 <unknown>\nE       #14 0x561974883baf <unknown>\nE       #15 0x5619748e00a8 <unknown>\nE       #16 0x5619748e0286 <unknown>\nE       #17 0x5619748f1ff6 <unknown>\nE       #18 0x7f22ccc9caa4 <unknown>\nE       #19 0x7f22ccd29c3c <unknown>\n\n.venv/lib/python3.13/site-packages/selenium/webdriver/remote/errorhandler.py:232: NoSuchElementException","flaky":false,"newFailed":false,"newBroken":false,"newPassed":false,"retriesCount":0,"retriesStatusChange":false,"beforeStages":[{"name":"_session_faker","time":{"start":1755767411462,"stop":1755767411521,"duration":59},"status":"passed","steps":[],"attachments":[],"parameters":[],"stepsCount":0,"shouldDisplayMessage":false,"attachmentsCount":0,"hasContent":false,"attachmentStep":false},{"name":"setup_driver_class","time":{"start":1755767411522,"stop":1755767430465,"duration":18943},"status":"passed","steps":[],"attachments":[],"parameters":[],"stepsCount":0,"shouldDisplayMessage":false,"attachmentsCount":0,"hasContent":false,"attachmentStep":false},{"name":"attach_driver_to_node","time":{"start":1755767441746,"stop":1755767441746,"duration":0},"status":"passed","steps":[],"attachments":[],"parameters":[],"stepsCount":0,"shouldDisplayMessage":false,"attachmentsCount":0,"hasContent":false,"attachmentStep":false}],"testStage":{"description":"Test to check country change","status":"broken","statusMessage":"selenium.common.exceptions.NoSuchElementException: Message: no such element: Unable to locate element: {\"method\":\"css selector\",\"selector\":\"[data-test=\"TopNav-RegionalSettingsButton\"]\"}\n  (Session info: chrome=139.0.7258.127); For documentation on this error, please visit: https://www.selenium.dev/documentation/webdriver/troubleshooting/errors#nosuchelementexception\nStacktrace:\n#0 0x5619748f301a <unknown>\n#1 0x561974392a70 <unknown>\n#2 0x5619743e4907 <unknown>\n#3 0x5619743e4b01 <unknown>\n#4 0x561974432d54 <unknown>\n#5 0x56197440a40d <unknown>\n#6 0x56197443014f <unknown>\n#7 0x56197440a1b3 <unknown>\n#8 0x5619743d659b <unknown>\n#9 0x5619743d7971 <unknown>\n#10 0x5619748b81eb <unknown>\n#11 0x5619748bbf39 <unknown>\n#12 0x56197489f2c9 <unknown>\n#13 0x5619748bcae8 <unknown>\n#14 0x561974883baf <unknown>\n#15 0x5619748e00a8 <unknown>\n#16 0x5619748e0286 <unknown>\n#17 0x5619748f1ff6 <unknown>\n#18 0x7f22ccc9caa4 <unknown>\n#19 0x7f22ccd29c3c <unknown>","statusTrace":"self = <tests.currency_test.TestClass object at 0x7fbec67a82d0>\n\n    @allure.severity(Severity.NORMAL)\n    @allure.story(\"Changing Region\")\n    @allure.description(\"Test to check country change\")\n    @allure.title(\"Country Change Test\")\n    def test_02_change_region(self):\n        with allure.step(\"Accept cookies if present\"):\n            CookiePage(self.main_page.driver).accept_if_present()\n        with allure.step(\"Changing region to United States and language to English\"):\n>           self.currency_page.select_region(\"United States\", \"English\")\n\ntests/currency_test.py:33: \n_ _ _ _ _ _ _ _ _ _ _ _ _ _ _ _ _ _ _ _ _ _ _ _ _ _ _ _ _ _ _ _ _ _ _ _ _ _ _ _ \npages/currency_page.py:41: in select_region\n    self.main_page.click(self.main_page.CURRENCY)\npages/base_page.py:58: in click\n    self.highlight_element(locator, \"Yellow\")\npages/base_page.py:28: in highlight_element\n    element = self.driver.find_element(*locator_or_element)\n              ^^^^^^^^^^^^^^^^^^^^^^^^^^^^^^^^^^^^^^^^^^^^^\n.venv/lib/python3.13/site-packages/selenium/webdriver/remote/webdriver.py:926: in find_element\n    return self.execute(Command.FIND_ELEMENT, {\"using\": by, \"value\": value})[\"value\"]\n           ^^^^^^^^^^^^^^^^^^^^^^^^^^^^^^^^^^^^^^^^^^^^^^^^^^^^^^^^^^^^^^^^^\n.venv/lib/python3.13/site-packages/selenium/webdriver/remote/webdriver.py:458: in execute\n    self.error_handler.check_response(response)\n_ _ _ _ _ _ _ _ _ _ _ _ _ _ _ _ _ _ _ _ _ _ _ _ _ _ _ _ _ _ _ _ _ _ _ _ _ _ _ _ \n\nself = <selenium.webdriver.remote.errorhandler.ErrorHandler object at 0x7fbec67c9fd0>\nresponse = {'status': 404, 'value': '{\"value\":{\"error\":\"no such element\",\"message\":\"no such element: Unable to locate element: {\\...\\\\n#17 0x5619748f1ff6 \\\\u003Cunknown>\\\\n#18 0x7f22ccc9caa4 \\\\u003Cunknown>\\\\n#19 0x7f22ccd29c3c \\\\u003Cunknown>\\\\n\"}}'}\n\n    def check_response(self, response: dict[str, Any]) -> None:\n        \"\"\"Checks that a JSON response from the WebDriver does not have an\n        error.\n    \n        :Args:\n         - response - The JSON response from the WebDriver server as a dictionary\n           object.\n    \n        :Raises: If the response contains an error message.\n        \"\"\"\n        status = response.get(\"status\", None)\n        if not status or status == ErrorCode.SUCCESS:\n            return\n        value = None\n        message = response.get(\"message\", \"\")\n        screen: str = response.get(\"screen\", \"\")\n        stacktrace = None\n        if isinstance(status, int):\n            value_json = response.get(\"value\", None)\n            if value_json and isinstance(value_json, str):\n                try:\n                    value = json.loads(value_json)\n                    if isinstance(value, dict):\n                        if len(value) == 1:\n                            value = value[\"value\"]\n                        status = value.get(\"error\", None)\n                        if not status:\n                            status = value.get(\"status\", ErrorCode.UNKNOWN_ERROR)\n                            message = value.get(\"value\") or value.get(\"message\")\n                            if not isinstance(message, str):\n                                value = message\n                                message = message.get(\"message\")\n                        else:\n                            message = value.get(\"message\", None)\n                except ValueError:\n                    pass\n    \n        exception_class: type[WebDriverException]\n        e = ErrorCode()\n        error_codes = [item for item in dir(e) if not item.startswith(\"__\")]\n        for error_code in error_codes:\n            error_info = getattr(ErrorCode, error_code)\n            if isinstance(error_info, list) and status in error_info:\n                exception_class = getattr(ExceptionMapping, error_code, WebDriverException)\n                break\n        else:\n            exception_class = WebDriverException\n    \n        if not value:\n            value = response[\"value\"]\n        if isinstance(value, str):\n            raise exception_class(value)\n        if message == \"\" and \"message\" in value:\n            message = value[\"message\"]\n    \n        screen = None  # type: ignore[assignment]\n        if \"screen\" in value:\n            screen = value[\"screen\"]\n    \n        stacktrace = None\n        st_value = value.get(\"stackTrace\") or value.get(\"stacktrace\")\n        if st_value:\n            if isinstance(st_value, str):\n                stacktrace = st_value.split(\"\\n\")\n            else:\n                stacktrace = []\n                try:\n                    for frame in st_value:\n                        line = frame.get(\"lineNumber\", \"\")\n                        file = frame.get(\"fileName\", \"<anonymous>\")\n                        if line:\n                            file = f\"{file}:{line}\"\n                        meth = frame.get(\"methodName\", \"<anonymous>\")\n                        if \"className\" in frame:\n                            meth = f\"{frame['className']}.{meth}\"\n                        msg = \"    at %s (%s)\"\n                        msg = msg % (meth, file)\n                        stacktrace.append(msg)\n                except TypeError:\n                    pass\n        if exception_class == UnexpectedAlertPresentException:\n            alert_text = None\n            if \"data\" in value:\n                alert_text = value[\"data\"].get(\"text\")\n            elif \"alert\" in value:\n                alert_text = value[\"alert\"].get(\"text\")\n            raise exception_class(message, screen, stacktrace, alert_text)  # type: ignore[call-arg]  # mypy is not smart enough here\n>       raise exception_class(message, screen, stacktrace)\nE       selenium.common.exceptions.NoSuchElementException: Message: no such element: Unable to locate element: {\"method\":\"css selector\",\"selector\":\"[data-test=\"TopNav-RegionalSettingsButton\"]\"}\nE         (Session info: chrome=139.0.7258.127); For documentation on this error, please visit: https://www.selenium.dev/documentation/webdriver/troubleshooting/errors#nosuchelementexception\nE       Stacktrace:\nE       #0 0x5619748f301a <unknown>\nE       #1 0x561974392a70 <unknown>\nE       #2 0x5619743e4907 <unknown>\nE       #3 0x5619743e4b01 <unknown>\nE       #4 0x561974432d54 <unknown>\nE       #5 0x56197440a40d <unknown>\nE       #6 0x56197443014f <unknown>\nE       #7 0x56197440a1b3 <unknown>\nE       #8 0x5619743d659b <unknown>\nE       #9 0x5619743d7971 <unknown>\nE       #10 0x5619748b81eb <unknown>\nE       #11 0x5619748bbf39 <unknown>\nE       #12 0x56197489f2c9 <unknown>\nE       #13 0x5619748bcae8 <unknown>\nE       #14 0x561974883baf <unknown>\nE       #15 0x5619748e00a8 <unknown>\nE       #16 0x5619748e0286 <unknown>\nE       #17 0x5619748f1ff6 <unknown>\nE       #18 0x7f22ccc9caa4 <unknown>\nE       #19 0x7f22ccd29c3c <unknown>\n\n.venv/lib/python3.13/site-packages/selenium/webdriver/remote/errorhandler.py:232: NoSuchElementException","steps":[{"name":"Accept cookies if present","time":{"start":1755767441746,"stop":1755767451970,"duration":10224},"status":"passed","steps":[{"name":"Accept cookies if banner is present","time":{"start":1755767441746,"stop":1755767451970,"duration":10224},"status":"passed","steps":[],"attachments":[],"parameters":[],"stepsCount":0,"shouldDisplayMessage":false,"attachmentsCount":0,"hasContent":false,"attachmentStep":false}],"attachments":[],"parameters":[],"stepsCount":1,"shouldDisplayMessage":false,"attachmentsCount":0,"hasContent":true,"attachmentStep":false},{"name":"Changing region to United States and language to English","time":{"start":1755767451970,"stop":1755767452982,"duration":1012},"status":"broken","statusMessage":"selenium.common.exceptions.NoSuchElementException: Message: no such element: Unable to locate element: {\"method\":\"css selector\",\"selector\":\"[data-test=\"TopNav-RegionalSettingsButton\"]\"}\n  (Session info: chrome=139.0.7258.127); For documentation on this error, please visit: https://www.selenium.dev/documentation/webdriver/troubleshooting/errors#nosuchelementexception\nStacktrace:\n#0 0x5619748f301a <unknown>\n#1 0x561974392a70 <unknown>\n#2 0x5619743e4907 <unknown>\n#3 0x5619743e4b01 <unknown>\n#4 0x561974432d54 <unknown>\n#5 0x56197440a40d <unknown>\n#6 0x56197443014f <unknown>\n#7 0x56197440a1b3 <unknown>\n#8 0x5619743d659b <unknown>\n#9 0x5619743d7971 <unknown>\n#10 0x5619748b81eb <unknown>\n#11 0x5619748bbf39 <unknown>\n#12 0x56197489f2c9 <unknown>\n#13 0x5619748bcae8 <unknown>\n#14 0x561974883baf <unknown>\n#15 0x5619748e00a8 <unknown>\n#16 0x5619748e0286 <unknown>\n#17 0x5619748f1ff6 <unknown>\n#18 0x7f22ccc9caa4 <unknown>\n#19 0x7f22ccd29c3c <unknown>\n\n","statusTrace":"  File \"/home/runner/work/shichor-python/shichor-python/tests/currency_test.py\", line 33, in test_02_change_region\n    self.currency_page.select_region(\"United States\", \"English\")\n    ~~~~~~~~~~~~~~~~~~~~~~~~~~~~~~~~^^^^^^^^^^^^^^^^^^^^^^^^^^^^\n  File \"/home/runner/work/shichor-python/shichor-python/.venv/lib/python3.13/site-packages/allure_commons/_allure.py\", line 202, in impl\n    return func(*a, **kw)\n  File \"/home/runner/work/shichor-python/shichor-python/pages/currency_page.py\", line 41, in select_region\n    self.main_page.click(self.main_page.CURRENCY)\n    ~~~~~~~~~~~~~~~~~~~~^^^^^^^^^^^^^^^^^^^^^^^^^\n  File \"/home/runner/work/shichor-python/shichor-python/pages/base_page.py\", line 58, in click\n    self.highlight_element(locator, \"Yellow\")\n    ~~~~~~~~~~~~~~~~~~~~~~^^^^^^^^^^^^^^^^^^^\n  File \"/home/runner/work/shichor-python/shichor-python/pages/base_page.py\", line 28, in highlight_element\n    element = self.driver.find_element(*locator_or_element)\n  File \"/home/runner/work/shichor-python/shichor-python/.venv/lib/python3.13/site-packages/selenium/webdriver/remote/webdriver.py\", line 926, in find_element\n    return self.execute(Command.FIND_ELEMENT, {\"using\": by, \"value\": value})[\"value\"]\n           ~~~~~~~~~~~~^^^^^^^^^^^^^^^^^^^^^^^^^^^^^^^^^^^^^^^^^^^^^^^^^^^^^\n  File \"/home/runner/work/shichor-python/shichor-python/.venv/lib/python3.13/site-packages/selenium/webdriver/remote/webdriver.py\", line 458, in execute\n    self.error_handler.check_response(response)\n    ~~~~~~~~~~~~~~~~~~~~~~~~~~~~~~~~~^^^^^^^^^^\n  File \"/home/runner/work/shichor-python/shichor-python/.venv/lib/python3.13/site-packages/selenium/webdriver/remote/errorhandler.py\", line 232, in check_response\n    raise exception_class(message, screen, stacktrace)\n","steps":[{"name":"Select country: 'United States' and language: 'English' from the dropdown","time":{"start":1755767451970,"stop":1755767452981,"duration":1011},"status":"broken","statusMessage":"selenium.common.exceptions.NoSuchElementException: Message: no such element: Unable to locate element: {\"method\":\"css selector\",\"selector\":\"[data-test=\"TopNav-RegionalSettingsButton\"]\"}\n  (Session info: chrome=139.0.7258.127); For documentation on this error, please visit: https://www.selenium.dev/documentation/webdriver/troubleshooting/errors#nosuchelementexception\nStacktrace:\n#0 0x5619748f301a <unknown>\n#1 0x561974392a70 <unknown>\n#2 0x5619743e4907 <unknown>\n#3 0x5619743e4b01 <unknown>\n#4 0x561974432d54 <unknown>\n#5 0x56197440a40d <unknown>\n#6 0x56197443014f <unknown>\n#7 0x56197440a1b3 <unknown>\n#8 0x5619743d659b <unknown>\n#9 0x5619743d7971 <unknown>\n#10 0x5619748b81eb <unknown>\n#11 0x5619748bbf39 <unknown>\n#12 0x56197489f2c9 <unknown>\n#13 0x5619748bcae8 <unknown>\n#14 0x561974883baf <unknown>\n#15 0x5619748e00a8 <unknown>\n#16 0x5619748e0286 <unknown>\n#17 0x5619748f1ff6 <unknown>\n#18 0x7f22ccc9caa4 <unknown>\n#19 0x7f22ccd29c3c <unknown>\n\n","statusTrace":"  File \"/home/runner/work/shichor-python/shichor-python/.venv/lib/python3.13/site-packages/allure_commons/_allure.py\", line 202, in impl\n    return func(*a, **kw)\n  File \"/home/runner/work/shichor-python/shichor-python/pages/currency_page.py\", line 41, in select_region\n    self.main_page.click(self.main_page.CURRENCY)\n    ~~~~~~~~~~~~~~~~~~~~^^^^^^^^^^^^^^^^^^^^^^^^^\n  File \"/home/runner/work/shichor-python/shichor-python/pages/base_page.py\", line 58, in click\n    self.highlight_element(locator, \"Yellow\")\n    ~~~~~~~~~~~~~~~~~~~~~~^^^^^^^^^^^^^^^^^^^\n  File \"/home/runner/work/shichor-python/shichor-python/pages/base_page.py\", line 28, in highlight_element\n    element = self.driver.find_element(*locator_or_element)\n  File \"/home/runner/work/shichor-python/shichor-python/.venv/lib/python3.13/site-packages/selenium/webdriver/remote/webdriver.py\", line 926, in find_element\n    return self.execute(Command.FIND_ELEMENT, {\"using\": by, \"value\": value})[\"value\"]\n           ~~~~~~~~~~~~^^^^^^^^^^^^^^^^^^^^^^^^^^^^^^^^^^^^^^^^^^^^^^^^^^^^^\n  File \"/home/runner/work/shichor-python/shichor-python/.venv/lib/python3.13/site-packages/selenium/webdriver/remote/webdriver.py\", line 458, in execute\n    self.error_handler.check_response(response)\n    ~~~~~~~~~~~~~~~~~~~~~~~~~~~~~~~~~^^^^^^^^^^\n  File \"/home/runner/work/shichor-python/shichor-python/.venv/lib/python3.13/site-packages/selenium/webdriver/remote/errorhandler.py\", line 232, in check_response\n    raise exception_class(message, screen, stacktrace)\n","steps":[],"attachments":[],"parameters":[{"name":"country","value":"'United States'"},{"name":"lan","value":"'English'"}],"stepsCount":0,"shouldDisplayMessage":true,"attachmentsCount":0,"hasContent":true,"attachmentStep":false}],"attachments":[],"parameters":[],"stepsCount":1,"shouldDisplayMessage":false,"attachmentsCount":0,"hasContent":true,"attachmentStep":false}],"attachments":[{"uid":"74e369ee2fafbd75","name":"screenshot","source":"74e369ee2fafbd75.png","type":"image/png","size":75809}],"parameters":[],"stepsCount":4,"shouldDisplayMessage":true,"attachmentsCount":1,"hasContent":true,"attachmentStep":false},"afterStages":[{"name":"setup_driver_class::0","time":{"start":1755767453076,"stop":1755767453153,"duration":77},"status":"passed","steps":[],"attachments":[],"parameters":[],"stepsCount":0,"shouldDisplayMessage":false,"attachmentsCount":0,"hasContent":false,"attachmentStep":false}],"labels":[{"name":"story","value":"Changing Region"},{"name":"feature","value":"Currency and Region Change"},{"name":"severity","value":"normal"},{"name":"epic","value":"Currency and Region Tests"},{"name":"parentSuite","value":"tests"},{"name":"suite","value":"currency_test"},{"name":"subSuite","value":"TestClass"},{"name":"host","value":"pkrvmqc4gcfdwos"},{"name":"thread","value":"2600-MainThread"},{"name":"framework","value":"pytest"},{"name":"language","value":"cpython3"},{"name":"package","value":"tests.currency_test"},{"name":"resultFormat","value":"allure2"}],"parameters":[],"links":[],"hidden":false,"retry":false,"extra":{"severity":"normal","retries":[],"categories":[{"name":"Test defects","matchedStatuses":[],"flaky":false}],"tags":[]},"source":"5223509e78dbee63.json","parameterValues":[]}