{"uid":"953bb8baf79d20bc","name":"wrong format signup Test","fullName":"tests.sign_in_test.TestClass#test_02_failed_wrong_format","historyId":"48e59fe38e8a2c4fcc8c282d00587fe6","time":{"start":1755767723581,"stop":1755767744030,"duration":20449},"description":"Test to check signup with wrong format email","descriptionHtml":"<p>Test to check signup with wrong format email</p>\n","status":"broken","statusMessage":"selenium.common.exceptions.TimeoutException: Message: \nStacktrace:\n#0 0x55fbc789a01a <unknown>\n#1 0x55fbc7339a70 <unknown>\n#2 0x55fbc738b907 <unknown>\n#3 0x55fbc738bb01 <unknown>\n#4 0x55fbc73d9d54 <unknown>\n#5 0x55fbc73b140d <unknown>\n#6 0x55fbc73d714f <unknown>\n#7 0x55fbc73b11b3 <unknown>\n#8 0x55fbc737d59b <unknown>\n#9 0x55fbc737e971 <unknown>\n#10 0x55fbc785f1eb <unknown>\n#11 0x55fbc7862f39 <unknown>\n#12 0x55fbc78462c9 <unknown>\n#13 0x55fbc7863ae8 <unknown>\n#14 0x55fbc782abaf <unknown>\n#15 0x55fbc78870a8 <unknown>\n#16 0x55fbc7887286 <unknown>\n#17 0x55fbc7898ff6 <unknown>\n#18 0x7f2d08c9caa4 <unknown>\n#19 0x7f2d08d29c3c <unknown>","statusTrace":"self = <tests.sign_in_test.TestClass object at 0x7fbec67a8550>\n\n    @allure.severity(Severity.NORMAL)\n    @allure.story(\"Sign Up Wrong Format\")\n    @allure.description(\"Test to check signup with wrong format email\")\n    @allure.title(\"wrong format signup Test\")\n    def test_02_failed_wrong_format(self):\n        with allure.step(\"Accept cookies if present\"):\n            CookiePage(self.main_page.driver).accept_if_present()\n        with allure.step(\"Attempt to sign up with wrong format email\"):\n>           result = self.signin_page.wrong_format(\"11111111111\")\n                     ^^^^^^^^^^^^^^^^^^^^^^^^^^^^^^^^^^^^^^^^^^^^\n\ntests/sign_in_test.py:33: \n_ _ _ _ _ _ _ _ _ _ _ _ _ _ _ _ _ _ _ _ _ _ _ _ _ _ _ _ _ _ _ _ _ _ _ _ _ _ _ _ \npages/signin_page.py:85: in wrong_format\n    self.wait_for_element(self.main_page.SIGN_IN, condition=\"clickable\")\npages/signin_page.py:51: in wait_for_element\n    return wait.until(EC.element_to_be_clickable(locator))\n           ^^^^^^^^^^^^^^^^^^^^^^^^^^^^^^^^^^^^^^^^^^^^^^^\n_ _ _ _ _ _ _ _ _ _ _ _ _ _ _ _ _ _ _ _ _ _ _ _ _ _ _ _ _ _ _ _ _ _ _ _ _ _ _ _ \n\nself = <selenium.webdriver.support.wait.WebDriverWait (session=\"02be77b44a00f4ffda4975a95354377c\")>\nmethod = <function element_to_be_clickable.<locals>._predicate at 0x7fbec679d8a0>\nmessage = ''\n\n    def until(self, method: Callable[[D], Union[Literal[False], T]], message: str = \"\") -> T:\n        \"\"\"Wait until the method returns a value that is not False.\n    \n        Calls the method provided with the driver as an argument until the\n        return value does not evaluate to ``False``.\n    \n        Parameters:\n        -----------\n        method: callable(WebDriver)\n            - A callable object that takes a WebDriver instance as an argument.\n    \n        message: str\n            - Optional message for :exc:`TimeoutException`\n    \n        Return:\n        -------\n        object: T\n            - The result of the last call to `method`\n    \n        Raises:\n        -------\n        TimeoutException\n            - If 'method' does not return a truthy value within the WebDriverWait\n            object's timeout\n    \n        Example:\n        --------\n        >>> from selenium.webdriver.common.by import By\n        >>> from selenium.webdriver.support.ui import WebDriverWait\n        >>> from selenium.webdriver.support import expected_conditions as EC\n    \n        # Wait until an element is visible on the page\n        >>> wait = WebDriverWait(driver, 10)\n        >>> element = wait.until(EC.visibility_of_element_located((By.ID, \"exampleId\")))\n        >>> print(element.text)\n        \"\"\"\n        screen = None\n        stacktrace = None\n    \n        end_time = time.monotonic() + self._timeout\n        while True:\n            try:\n                value = method(self._driver)\n                if value:\n                    return value\n            except self._ignored_exceptions as exc:\n                screen = getattr(exc, \"screen\", None)\n                stacktrace = getattr(exc, \"stacktrace\", None)\n            if time.monotonic() > end_time:\n                break\n            time.sleep(self._poll)\n>       raise TimeoutException(message, screen, stacktrace)\nE       selenium.common.exceptions.TimeoutException: Message: \nE       Stacktrace:\nE       #0 0x55fbc789a01a <unknown>\nE       #1 0x55fbc7339a70 <unknown>\nE       #2 0x55fbc738b907 <unknown>\nE       #3 0x55fbc738bb01 <unknown>\nE       #4 0x55fbc73d9d54 <unknown>\nE       #5 0x55fbc73b140d <unknown>\nE       #6 0x55fbc73d714f <unknown>\nE       #7 0x55fbc73b11b3 <unknown>\nE       #8 0x55fbc737d59b <unknown>\nE       #9 0x55fbc737e971 <unknown>\nE       #10 0x55fbc785f1eb <unknown>\nE       #11 0x55fbc7862f39 <unknown>\nE       #12 0x55fbc78462c9 <unknown>\nE       #13 0x55fbc7863ae8 <unknown>\nE       #14 0x55fbc782abaf <unknown>\nE       #15 0x55fbc78870a8 <unknown>\nE       #16 0x55fbc7887286 <unknown>\nE       #17 0x55fbc7898ff6 <unknown>\nE       #18 0x7f2d08c9caa4 <unknown>\nE       #19 0x7f2d08d29c3c <unknown>\n\n.venv/lib/python3.13/site-packages/selenium/webdriver/support/wait.py:138: TimeoutException","flaky":false,"newFailed":false,"newBroken":false,"newPassed":false,"retriesCount":0,"retriesStatusChange":false,"beforeStages":[{"name":"_session_faker","time":{"start":1755767411462,"stop":1755767411521,"duration":59},"status":"passed","steps":[],"attachments":[],"parameters":[],"stepsCount":0,"shouldDisplayMessage":false,"attachmentsCount":0,"hasContent":false,"attachmentStep":false},{"name":"setup_driver_class","time":{"start":1755767702673,"stop":1755767703027,"duration":354},"status":"passed","steps":[],"attachments":[],"parameters":[],"stepsCount":0,"shouldDisplayMessage":false,"attachmentsCount":0,"hasContent":false,"attachmentStep":false},{"name":"attach_driver_to_node","time":{"start":1755767723581,"stop":1755767723581,"duration":0},"status":"passed","steps":[],"attachments":[],"parameters":[],"stepsCount":0,"shouldDisplayMessage":false,"attachmentsCount":0,"hasContent":false,"attachmentStep":false}],"testStage":{"description":"Test to check signup with wrong format email","status":"broken","statusMessage":"selenium.common.exceptions.TimeoutException: Message: \nStacktrace:\n#0 0x55fbc789a01a <unknown>\n#1 0x55fbc7339a70 <unknown>\n#2 0x55fbc738b907 <unknown>\n#3 0x55fbc738bb01 <unknown>\n#4 0x55fbc73d9d54 <unknown>\n#5 0x55fbc73b140d <unknown>\n#6 0x55fbc73d714f <unknown>\n#7 0x55fbc73b11b3 <unknown>\n#8 0x55fbc737d59b <unknown>\n#9 0x55fbc737e971 <unknown>\n#10 0x55fbc785f1eb <unknown>\n#11 0x55fbc7862f39 <unknown>\n#12 0x55fbc78462c9 <unknown>\n#13 0x55fbc7863ae8 <unknown>\n#14 0x55fbc782abaf <unknown>\n#15 0x55fbc78870a8 <unknown>\n#16 0x55fbc7887286 <unknown>\n#17 0x55fbc7898ff6 <unknown>\n#18 0x7f2d08c9caa4 <unknown>\n#19 0x7f2d08d29c3c <unknown>","statusTrace":"self = <tests.sign_in_test.TestClass object at 0x7fbec67a8550>\n\n    @allure.severity(Severity.NORMAL)\n    @allure.story(\"Sign Up Wrong Format\")\n    @allure.description(\"Test to check signup with wrong format email\")\n    @allure.title(\"wrong format signup Test\")\n    def test_02_failed_wrong_format(self):\n        with allure.step(\"Accept cookies if present\"):\n            CookiePage(self.main_page.driver).accept_if_present()\n        with allure.step(\"Attempt to sign up with wrong format email\"):\n>           result = self.signin_page.wrong_format(\"11111111111\")\n                     ^^^^^^^^^^^^^^^^^^^^^^^^^^^^^^^^^^^^^^^^^^^^\n\ntests/sign_in_test.py:33: \n_ _ _ _ _ _ _ _ _ _ _ _ _ _ _ _ _ _ _ _ _ _ _ _ _ _ _ _ _ _ _ _ _ _ _ _ _ _ _ _ \npages/signin_page.py:85: in wrong_format\n    self.wait_for_element(self.main_page.SIGN_IN, condition=\"clickable\")\npages/signin_page.py:51: in wait_for_element\n    return wait.until(EC.element_to_be_clickable(locator))\n           ^^^^^^^^^^^^^^^^^^^^^^^^^^^^^^^^^^^^^^^^^^^^^^^\n_ _ _ _ _ _ _ _ _ _ _ _ _ _ _ _ _ _ _ _ _ _ _ _ _ _ _ _ _ _ _ _ _ _ _ _ _ _ _ _ \n\nself = <selenium.webdriver.support.wait.WebDriverWait (session=\"02be77b44a00f4ffda4975a95354377c\")>\nmethod = <function element_to_be_clickable.<locals>._predicate at 0x7fbec679d8a0>\nmessage = ''\n\n    def until(self, method: Callable[[D], Union[Literal[False], T]], message: str = \"\") -> T:\n        \"\"\"Wait until the method returns a value that is not False.\n    \n        Calls the method provided with the driver as an argument until the\n        return value does not evaluate to ``False``.\n    \n        Parameters:\n        -----------\n        method: callable(WebDriver)\n            - A callable object that takes a WebDriver instance as an argument.\n    \n        message: str\n            - Optional message for :exc:`TimeoutException`\n    \n        Return:\n        -------\n        object: T\n            - The result of the last call to `method`\n    \n        Raises:\n        -------\n        TimeoutException\n            - If 'method' does not return a truthy value within the WebDriverWait\n            object's timeout\n    \n        Example:\n        --------\n        >>> from selenium.webdriver.common.by import By\n        >>> from selenium.webdriver.support.ui import WebDriverWait\n        >>> from selenium.webdriver.support import expected_conditions as EC\n    \n        # Wait until an element is visible on the page\n        >>> wait = WebDriverWait(driver, 10)\n        >>> element = wait.until(EC.visibility_of_element_located((By.ID, \"exampleId\")))\n        >>> print(element.text)\n        \"\"\"\n        screen = None\n        stacktrace = None\n    \n        end_time = time.monotonic() + self._timeout\n        while True:\n            try:\n                value = method(self._driver)\n                if value:\n                    return value\n            except self._ignored_exceptions as exc:\n                screen = getattr(exc, \"screen\", None)\n                stacktrace = getattr(exc, \"stacktrace\", None)\n            if time.monotonic() > end_time:\n                break\n            time.sleep(self._poll)\n>       raise TimeoutException(message, screen, stacktrace)\nE       selenium.common.exceptions.TimeoutException: Message: \nE       Stacktrace:\nE       #0 0x55fbc789a01a <unknown>\nE       #1 0x55fbc7339a70 <unknown>\nE       #2 0x55fbc738b907 <unknown>\nE       #3 0x55fbc738bb01 <unknown>\nE       #4 0x55fbc73d9d54 <unknown>\nE       #5 0x55fbc73b140d <unknown>\nE       #6 0x55fbc73d714f <unknown>\nE       #7 0x55fbc73b11b3 <unknown>\nE       #8 0x55fbc737d59b <unknown>\nE       #9 0x55fbc737e971 <unknown>\nE       #10 0x55fbc785f1eb <unknown>\nE       #11 0x55fbc7862f39 <unknown>\nE       #12 0x55fbc78462c9 <unknown>\nE       #13 0x55fbc7863ae8 <unknown>\nE       #14 0x55fbc782abaf <unknown>\nE       #15 0x55fbc78870a8 <unknown>\nE       #16 0x55fbc7887286 <unknown>\nE       #17 0x55fbc7898ff6 <unknown>\nE       #18 0x7f2d08c9caa4 <unknown>\nE       #19 0x7f2d08d29c3c <unknown>\n\n.venv/lib/python3.13/site-packages/selenium/webdriver/support/wait.py:138: TimeoutException","steps":[{"name":"Accept cookies if present","time":{"start":1755767723581,"stop":1755767733806,"duration":10225},"status":"passed","steps":[{"name":"Accept cookies if banner is present","time":{"start":1755767723581,"stop":1755767733806,"duration":10225},"status":"passed","steps":[],"attachments":[],"parameters":[],"stepsCount":0,"shouldDisplayMessage":false,"attachmentsCount":0,"hasContent":false,"attachmentStep":false}],"attachments":[],"parameters":[],"stepsCount":1,"shouldDisplayMessage":false,"attachmentsCount":0,"hasContent":true,"attachmentStep":false},{"name":"Attempt to sign up with wrong format email","time":{"start":1755767733806,"stop":1755767744029,"duration":10223},"status":"broken","statusMessage":"selenium.common.exceptions.TimeoutException: Message: \nStacktrace:\n#0 0x55fbc789a01a <unknown>\n#1 0x55fbc7339a70 <unknown>\n#2 0x55fbc738b907 <unknown>\n#3 0x55fbc738bb01 <unknown>\n#4 0x55fbc73d9d54 <unknown>\n#5 0x55fbc73b140d <unknown>\n#6 0x55fbc73d714f <unknown>\n#7 0x55fbc73b11b3 <unknown>\n#8 0x55fbc737d59b <unknown>\n#9 0x55fbc737e971 <unknown>\n#10 0x55fbc785f1eb <unknown>\n#11 0x55fbc7862f39 <unknown>\n#12 0x55fbc78462c9 <unknown>\n#13 0x55fbc7863ae8 <unknown>\n#14 0x55fbc782abaf <unknown>\n#15 0x55fbc78870a8 <unknown>\n#16 0x55fbc7887286 <unknown>\n#17 0x55fbc7898ff6 <unknown>\n#18 0x7f2d08c9caa4 <unknown>\n#19 0x7f2d08d29c3c <unknown>\n\n","statusTrace":"  File \"/home/runner/work/shichor-python/shichor-python/tests/sign_in_test.py\", line 33, in test_02_failed_wrong_format\n    result = self.signin_page.wrong_format(\"11111111111\")\n  File \"/home/runner/work/shichor-python/shichor-python/.venv/lib/python3.13/site-packages/allure_commons/_allure.py\", line 202, in impl\n    return func(*a, **kw)\n  File \"/home/runner/work/shichor-python/shichor-python/pages/signin_page.py\", line 85, in wrong_format\n    self.wait_for_element(self.main_page.SIGN_IN, condition=\"clickable\")\n    ~~~~~~~~~~~~~~~~~~~~~^^^^^^^^^^^^^^^^^^^^^^^^^^^^^^^^^^^^^^^^^^^^^^^\n  File \"/home/runner/work/shichor-python/shichor-python/pages/signin_page.py\", line 51, in wait_for_element\n    return wait.until(EC.element_to_be_clickable(locator))\n           ~~~~~~~~~~^^^^^^^^^^^^^^^^^^^^^^^^^^^^^^^^^^^^^\n  File \"/home/runner/work/shichor-python/shichor-python/.venv/lib/python3.13/site-packages/selenium/webdriver/support/wait.py\", line 138, in until\n    raise TimeoutException(message, screen, stacktrace)\n","steps":[{"name":"Sign up with wrong email format: '11111111111'","time":{"start":1755767733806,"stop":1755767744029,"duration":10223},"status":"broken","statusMessage":"selenium.common.exceptions.TimeoutException: Message: \nStacktrace:\n#0 0x55fbc789a01a <unknown>\n#1 0x55fbc7339a70 <unknown>\n#2 0x55fbc738b907 <unknown>\n#3 0x55fbc738bb01 <unknown>\n#4 0x55fbc73d9d54 <unknown>\n#5 0x55fbc73b140d <unknown>\n#6 0x55fbc73d714f <unknown>\n#7 0x55fbc73b11b3 <unknown>\n#8 0x55fbc737d59b <unknown>\n#9 0x55fbc737e971 <unknown>\n#10 0x55fbc785f1eb <unknown>\n#11 0x55fbc7862f39 <unknown>\n#12 0x55fbc78462c9 <unknown>\n#13 0x55fbc7863ae8 <unknown>\n#14 0x55fbc782abaf <unknown>\n#15 0x55fbc78870a8 <unknown>\n#16 0x55fbc7887286 <unknown>\n#17 0x55fbc7898ff6 <unknown>\n#18 0x7f2d08c9caa4 <unknown>\n#19 0x7f2d08d29c3c <unknown>\n\n","statusTrace":"  File \"/home/runner/work/shichor-python/shichor-python/.venv/lib/python3.13/site-packages/allure_commons/_allure.py\", line 202, in impl\n    return func(*a, **kw)\n  File \"/home/runner/work/shichor-python/shichor-python/pages/signin_page.py\", line 85, in wrong_format\n    self.wait_for_element(self.main_page.SIGN_IN, condition=\"clickable\")\n    ~~~~~~~~~~~~~~~~~~~~~^^^^^^^^^^^^^^^^^^^^^^^^^^^^^^^^^^^^^^^^^^^^^^^\n  File \"/home/runner/work/shichor-python/shichor-python/pages/signin_page.py\", line 51, in wait_for_element\n    return wait.until(EC.element_to_be_clickable(locator))\n           ~~~~~~~~~~^^^^^^^^^^^^^^^^^^^^^^^^^^^^^^^^^^^^^\n  File \"/home/runner/work/shichor-python/shichor-python/.venv/lib/python3.13/site-packages/selenium/webdriver/support/wait.py\", line 138, in until\n    raise TimeoutException(message, screen, stacktrace)\n","steps":[],"attachments":[],"parameters":[{"name":"email","value":"'11111111111'"}],"stepsCount":0,"shouldDisplayMessage":true,"attachmentsCount":0,"hasContent":true,"attachmentStep":false}],"attachments":[],"parameters":[],"stepsCount":1,"shouldDisplayMessage":false,"attachmentsCount":0,"hasContent":true,"attachmentStep":false}],"attachments":[{"uid":"abcacbadceb3967d","name":"screenshot","source":"abcacbadceb3967d.png","type":"image/png","size":75809}],"parameters":[],"stepsCount":4,"shouldDisplayMessage":true,"attachmentsCount":1,"hasContent":true,"attachmentStep":false},"afterStages":[{"name":"setup_driver_class::0","time":{"start":1755767764632,"stop":1755767764707,"duration":75},"status":"passed","steps":[],"attachments":[],"parameters":[],"stepsCount":0,"shouldDisplayMessage":false,"attachmentsCount":0,"hasContent":false,"attachmentStep":false}],"labels":[{"name":"feature","value":"Sign In and Sign Up"},{"name":"severity","value":"normal"},{"name":"story","value":"Sign Up Wrong Format"},{"name":"epic","value":"Sign In Tests"},{"name":"parentSuite","value":"tests"},{"name":"suite","value":"sign_in_test"},{"name":"subSuite","value":"TestClass"},{"name":"host","value":"pkrvmqc4gcfdwos"},{"name":"thread","value":"2600-MainThread"},{"name":"framework","value":"pytest"},{"name":"language","value":"cpython3"},{"name":"package","value":"tests.sign_in_test"},{"name":"resultFormat","value":"allure2"}],"parameters":[],"links":[],"hidden":false,"retry":false,"extra":{"severity":"normal","retries":[],"categories":[{"name":"Test defects","matchedStatuses":[],"flaky":false}],"tags":[]},"source":"953bb8baf79d20bc.json","parameterValues":[]}