{"name": "wrong format signup Test", "status": "broken", "statusDetails": {"message": "selenium.common.exceptions.TimeoutException: Message: \nStacktrace:\n\tGetHandleVerifier [0x0x7ff7cab3e415+77285]\n\tGetHandleVerifier [0x0x7ff7cab3e470+77376]\n\t(No symbol) [0x0x7ff7ca909a6a]\n\t(No symbol) [0x0x7ff7ca960406]\n\t(No symbol) [0x0x7ff7ca9606bc]\n\t(No symbol) [0x0x7ff7ca9b3ac7]\n\t(No symbol) [0x0x7ff7ca98864f]\n\t(No symbol) [0x0x7ff7ca9b087f]\n\t(No symbol) [0x0x7ff7ca9883e3]\n\t(No symbol) [0x0x7ff7ca951521]\n\t(No symbol) [0x0x7ff7ca9522b3]\n\tGetHandleVerifier [0x0x7ff7cae21efd+3107021]\n\tGetHandleVerifier [0x0x7ff7cae1c29d+3083373]\n\tGetHandleVerifier [0x0x7ff7cae3bedd+3213485]\n\tGetHandleVerifier [0x0x7ff7cab5884e+184862]\n\tGetHandleVerifier [0x0x7ff7cab6055f+216879]\n\tGetHandleVerifier [0x0x7ff7cab47084+113236]\n\tGetHandleVerifier [0x0x7ff7cab47239+113673]\n\tGetHandleVerifier [0x0x7ff7cab2e298+11368]\n\tBaseThreadInitThunk [0x0x7ffcc30ee8d7+23]\n\tRtlUserThreadStart [0x0x7ffcc479c34c+44]", "trace": "self = <tests.sign_in_test.TestClass object at 0x000002291E987C50>\n\n    @allure.severity(Severity.NORMAL)\n    @allure.story(\"Sign Up Wrong Format\")\n    @allure.description(\"Test to check signup with wrong format email\")\n    @allure.title(\"wrong format signup Test\")\n    def test_02_failed_wrong_format(self):\n>       result = self.signin_page.wrong_format(\"11111111111\")\n                 ^^^^^^^^^^^^^^^^^^^^^^^^^^^^^^^^^^^^^^^^^^^^\n\nsign_in_test.py:25: \n_ _ _ _ _ _ _ _ _ _ _ _ _ _ _ _ _ _ _ _ _ _ _ _ _ _ _ _ _ _ _ _ _ _ _ _ _ _ _ _\n..\\pages\\signin_page.py:97: in wrong_format\n    error_element = self.wait_for_element(self.ERROR, condition=\"visible\")\n                    ^^^^^^^^^^^^^^^^^^^^^^^^^^^^^^^^^^^^^^^^^^^^^^^^^^^^^^\n..\\pages\\signin_page.py:49: in wait_for_element\n    return wait.until(EC.visibility_of_element_located(locator))\n           ^^^^^^^^^^^^^^^^^^^^^^^^^^^^^^^^^^^^^^^^^^^^^^^^^^^^^\n_ _ _ _ _ _ _ _ _ _ _ _ _ _ _ _ _ _ _ _ _ _ _ _ _ _ _ _ _ _ _ _ _ _ _ _ _ _ _ _\n\nself = <selenium.webdriver.support.wait.WebDriverWait (session=\"acc398b555d50f6e5051d40a074b4339\")>\nmethod = <function visibility_of_element_located.<locals>._predicate at 0x000002291EA2D6C0>\nmessage = ''\n\n    def until(self, method: Callable[[D], Union[Literal[False], T]], message: str = \"\") -> T:\n        \"\"\"Wait until the method returns a value that is not False.\n    \n        Calls the method provided with the driver as an argument until the\n        return value does not evaluate to ``False``.\n    \n        Parameters:\n        -----------\n        method: callable(WebDriver)\n            - A callable object that takes a WebDriver instance as an argument.\n    \n        message: str\n            - Optional message for :exc:`TimeoutException`\n    \n        Return:\n        -------\n        object: T\n            - The result of the last call to `method`\n    \n        Raises:\n        -------\n        TimeoutException\n            - If 'method' does not return a truthy value within the WebDriverWait\n            object's timeout\n    \n        Example:\n        --------\n        >>> from selenium.webdriver.common.by import By\n        >>> from selenium.webdriver.support.ui import WebDriverWait\n        >>> from selenium.webdriver.support import expected_conditions as EC\n    \n        # Wait until an element is visible on the page\n        >>> wait = WebDriverWait(driver, 10)\n        >>> element = wait.until(EC.visibility_of_element_located((By.ID, \"exampleId\")))\n        >>> print(element.text)\n        \"\"\"\n        screen = None\n        stacktrace = None\n    \n        end_time = time.monotonic() + self._timeout\n        while True:\n            try:\n                value = method(self._driver)\n                if value:\n                    return value\n            except self._ignored_exceptions as exc:\n                screen = getattr(exc, \"screen\", None)\n                stacktrace = getattr(exc, \"stacktrace\", None)\n            if time.monotonic() > end_time:\n                break\n            time.sleep(self._poll)\n>       raise TimeoutException(message, screen, stacktrace)\nE       selenium.common.exceptions.TimeoutException: Message: \nE       Stacktrace:\nE       \tGetHandleVerifier [0x0x7ff7cab3e415+77285]\nE       \tGetHandleVerifier [0x0x7ff7cab3e470+77376]\nE       \t(No symbol) [0x0x7ff7ca909a6a]\nE       \t(No symbol) [0x0x7ff7ca960406]\nE       \t(No symbol) [0x0x7ff7ca9606bc]\nE       \t(No symbol) [0x0x7ff7ca9b3ac7]\nE       \t(No symbol) [0x0x7ff7ca98864f]\nE       \t(No symbol) [0x0x7ff7ca9b087f]\nE       \t(No symbol) [0x0x7ff7ca9883e3]\nE       \t(No symbol) [0x0x7ff7ca951521]\nE       \t(No symbol) [0x0x7ff7ca9522b3]\nE       \tGetHandleVerifier [0x0x7ff7cae21efd+3107021]\nE       \tGetHandleVerifier [0x0x7ff7cae1c29d+3083373]\nE       \tGetHandleVerifier [0x0x7ff7cae3bedd+3213485]\nE       \tGetHandleVerifier [0x0x7ff7cab5884e+184862]\nE       \tGetHandleVerifier [0x0x7ff7cab6055f+216879]\nE       \tGetHandleVerifier [0x0x7ff7cab47084+113236]\nE       \tGetHandleVerifier [0x0x7ff7cab47239+113673]\nE       \tGetHandleVerifier [0x0x7ff7cab2e298+11368]\nE       \tBaseThreadInitThunk [0x0x7ffcc30ee8d7+23]\nE       \tRtlUserThreadStart [0x0x7ffcc479c34c+44]\n\nC:\\Users\\eruba\\PycharmProjects\\PythonAutomation\\.venv\\Lib\\site-packages\\selenium\\webdriver\\support\\wait.py:138: TimeoutException"}, "description": "Test to check signup with wrong format email", "steps": [{"name": "Sign up with wrong email format: '11111111111'", "status": "broken", "statusDetails": {"message": "selenium.common.exceptions.TimeoutException: Message: \nStacktrace:\n\tGetHandleVerifier [0x0x7ff7cab3e415+77285]\n\tGetHandleVerifier [0x0x7ff7cab3e470+77376]\n\t(No symbol) [0x0x7ff7ca909a6a]\n\t(No symbol) [0x0x7ff7ca960406]\n\t(No symbol) [0x0x7ff7ca9606bc]\n\t(No symbol) [0x0x7ff7ca9b3ac7]\n\t(No symbol) [0x0x7ff7ca98864f]\n\t(No symbol) [0x0x7ff7ca9b087f]\n\t(No symbol) [0x0x7ff7ca9883e3]\n\t(No symbol) [0x0x7ff7ca951521]\n\t(No symbol) [0x0x7ff7ca9522b3]\n\tGetHandleVerifier [0x0x7ff7cae21efd+3107021]\n\tGetHandleVerifier [0x0x7ff7cae1c29d+3083373]\n\tGetHandleVerifier [0x0x7ff7cae3bedd+3213485]\n\tGetHandleVerifier [0x0x7ff7cab5884e+184862]\n\tGetHandleVerifier [0x0x7ff7cab6055f+216879]\n\tGetHandleVerifier [0x0x7ff7cab47084+113236]\n\tGetHandleVerifier [0x0x7ff7cab47239+113673]\n\tGetHandleVerifier [0x0x7ff7cab2e298+11368]\n\tBaseThreadInitThunk [0x0x7ffcc30ee8d7+23]\n\tRtlUserThreadStart [0x0x7ffcc479c34c+44]\n\n", "trace": "  File \"C:\\Users\\eruba\\PycharmProjects\\PythonAutomation\\.venv\\Lib\\site-packages\\allure_commons\\_allure.py\", line 202, in impl\n    return func(*a, **kw)\n  File \"C:\\Users\\eruba\\OneDrive\\מסמכים\\GitHub\\shichor-automation\\pages\\signin_page.py\", line 97, in wrong_format\n    error_element = self.wait_for_element(self.ERROR, condition=\"visible\")\n  File \"C:\\Users\\eruba\\OneDrive\\מסמכים\\GitHub\\shichor-automation\\pages\\signin_page.py\", line 49, in wait_for_element\n    return wait.until(EC.visibility_of_element_located(locator))\n           ~~~~~~~~~~^^^^^^^^^^^^^^^^^^^^^^^^^^^^^^^^^^^^^^^^^^^\n  File \"C:\\Users\\eruba\\PycharmProjects\\PythonAutomation\\.venv\\Lib\\site-packages\\selenium\\webdriver\\support\\wait.py\", line 138, in until\n    raise TimeoutException(message, screen, stacktrace)\n"}, "parameters": [{"name": "email", "value": "'11111111111'"}], "start": 1755763323451, "stop": 1755763354902}], "attachments": [{"name": "screenshot", "source": "8cebd15a-1979-4c75-8558-823d7c3ae1a1-attachment.png", "type": "image/png"}], "start": 1755763323451, "stop": 1755763354903, "uuid": "aad79623-592d-408b-b541-7dd7e25a586b", "historyId": "48e59fe38e8a2c4fcc8c282d00587fe6", "testCaseId": "48e59fe38e8a2c4fcc8c282d00587fe6", "fullName": "tests.sign_in_test.TestClass#test_02_failed_wrong_format", "labels": [{"name": "epic", "value": "Sign In Tests"}, {"name": "feature", "value": "Sign In and Sign Up"}, {"name": "story", "value": "Sign Up Wrong Format"}, {"name": "severity", "value": "normal"}, {"name": "parentSuite", "value": "tests"}, {"name": "suite", "value": "sign_in_test"}, {"name": "subSuite", "value": "TestClass"}, {"name": "host", "value": "LAPTOP-HJQKCJEO"}, {"name": "thread", "value": "10168-MainThread"}, {"name": "framework", "value": "pytest"}, {"name": "language", "value": "cpython3"}, {"name": "package", "value": "tests.sign_in_test"}]}