{"name": "failed signup Test", "status": "broken", "statusDetails": {"message": "selenium.common.exceptions.TimeoutException: Message: \nStacktrace:\n\tGetHandleVerifier [0x0x7ff7cab3e415+77285]\n\tGetHandleVerifier [0x0x7ff7cab3e470+77376]\n\t(No symbol) [0x0x7ff7ca909a6a]\n\t(No symbol) [0x0x7ff7ca960406]\n\t(No symbol) [0x0x7ff7ca9606bc]\n\t(No symbol) [0x0x7ff7ca9b3ac7]\n\t(No symbol) [0x0x7ff7ca98864f]\n\t(No symbol) [0x0x7ff7ca9b087f]\n\t(No symbol) [0x0x7ff7ca9883e3]\n\t(No symbol) [0x0x7ff7ca951521]\n\t(No symbol) [0x0x7ff7ca9522b3]\n\tGetHandleVerifier [0x0x7ff7cae21efd+3107021]\n\tGetHandleVerifier [0x0x7ff7cae1c29d+3083373]\n\tGetHandleVerifier [0x0x7ff7cae3bedd+3213485]\n\tGetHandleVerifier [0x0x7ff7cab5884e+184862]\n\tGetHandleVerifier [0x0x7ff7cab6055f+216879]\n\tGetHandleVerifier [0x0x7ff7cab47084+113236]\n\tGetHandleVerifier [0x0x7ff7cab47239+113673]\n\tGetHandleVerifier [0x0x7ff7cab2e298+11368]\n\tBaseThreadInitThunk [0x0x7ffcc30ee8d7+23]\n\tRtlUserThreadStart [0x0x7ffcc479c34c+44]", "trace": "self = <tests.sign_in_test.TestClass object at 0x0000024CA5E07890>\n\n    @allure.severity(Severity.CRITICAL)\n    @allure.story(\"Sign Up Fail\")\n    @allure.description(\"Test to check failed sign up with incorrect email\")\n    @allure.title(\"failed signup Test\")\n    def test_01_failed_signup(self):\n>       result = self.signin_page.incorrect_email(\"loyekab865@jxbav.com\")\n                 ^^^^^^^^^^^^^^^^^^^^^^^^^^^^^^^^^^^^^^^^^^^^^^^^^^^^^^^^\n\nsign_in_test.py:17: \n_ _ _ _ _ _ _ _ _ _ _ _ _ _ _ _ _ _ _ _ _ _ _ _ _ _ _ _ _ _ _ _ _ _ _ _ _ _ _ _\n..\\pages\\signin_page.py:79: in incorrect_email\n    error_element = self.wait_for_element(self.ERROR3, condition=\"visible\")\n                    ^^^^^^^^^^^^^^^^^^^^^^^^^^^^^^^^^^^^^^^^^^^^^^^^^^^^^^^\n..\\pages\\signin_page.py:49: in wait_for_element\n    return wait.until(EC.visibility_of_element_located(locator))\n           ^^^^^^^^^^^^^^^^^^^^^^^^^^^^^^^^^^^^^^^^^^^^^^^^^^^^^\n_ _ _ _ _ _ _ _ _ _ _ _ _ _ _ _ _ _ _ _ _ _ _ _ _ _ _ _ _ _ _ _ _ _ _ _ _ _ _ _\n\nself = <selenium.webdriver.support.wait.WebDriverWait (session=\"ea0998ee44f935ec1de65cd17c54d1d3\")>\nmethod = <function visibility_of_element_located.<locals>._predicate at 0x0000024CA5EAD760>\nmessage = ''\n\n    def until(self, method: Callable[[D], Union[Literal[False], T]], message: str = \"\") -> T:\n        \"\"\"Wait until the method returns a value that is not False.\n    \n        Calls the method provided with the driver as an argument until the\n        return value does not evaluate to ``False``.\n    \n        Parameters:\n        -----------\n        method: callable(WebDriver)\n            - A callable object that takes a WebDriver instance as an argument.\n    \n        message: str\n            - Optional message for :exc:`TimeoutException`\n    \n        Return:\n        -------\n        object: T\n            - The result of the last call to `method`\n    \n        Raises:\n        -------\n        TimeoutException\n            - If 'method' does not return a truthy value within the WebDriverWait\n            object's timeout\n    \n        Example:\n        --------\n        >>> from selenium.webdriver.common.by import By\n        >>> from selenium.webdriver.support.ui import WebDriverWait\n        >>> from selenium.webdriver.support import expected_conditions as EC\n    \n        # Wait until an element is visible on the page\n        >>> wait = WebDriverWait(driver, 10)\n        >>> element = wait.until(EC.visibility_of_element_located((By.ID, \"exampleId\")))\n        >>> print(element.text)\n        \"\"\"\n        screen = None\n        stacktrace = None\n    \n        end_time = time.monotonic() + self._timeout\n        while True:\n            try:\n                value = method(self._driver)\n                if value:\n                    return value\n            except self._ignored_exceptions as exc:\n                screen = getattr(exc, \"screen\", None)\n                stacktrace = getattr(exc, \"stacktrace\", None)\n            if time.monotonic() > end_time:\n                break\n            time.sleep(self._poll)\n>       raise TimeoutException(message, screen, stacktrace)\nE       selenium.common.exceptions.TimeoutException: Message: \nE       Stacktrace:\nE       \tGetHandleVerifier [0x0x7ff7cab3e415+77285]\nE       \tGetHandleVerifier [0x0x7ff7cab3e470+77376]\nE       \t(No symbol) [0x0x7ff7ca909a6a]\nE       \t(No symbol) [0x0x7ff7ca960406]\nE       \t(No symbol) [0x0x7ff7ca9606bc]\nE       \t(No symbol) [0x0x7ff7ca9b3ac7]\nE       \t(No symbol) [0x0x7ff7ca98864f]\nE       \t(No symbol) [0x0x7ff7ca9b087f]\nE       \t(No symbol) [0x0x7ff7ca9883e3]\nE       \t(No symbol) [0x0x7ff7ca951521]\nE       \t(No symbol) [0x0x7ff7ca9522b3]\nE       \tGetHandleVerifier [0x0x7ff7cae21efd+3107021]\nE       \tGetHandleVerifier [0x0x7ff7cae1c29d+3083373]\nE       \tGetHandleVerifier [0x0x7ff7cae3bedd+3213485]\nE       \tGetHandleVerifier [0x0x7ff7cab5884e+184862]\nE       \tGetHandleVerifier [0x0x7ff7cab6055f+216879]\nE       \tGetHandleVerifier [0x0x7ff7cab47084+113236]\nE       \tGetHandleVerifier [0x0x7ff7cab47239+113673]\nE       \tGetHandleVerifier [0x0x7ff7cab2e298+11368]\nE       \tBaseThreadInitThunk [0x0x7ffcc30ee8d7+23]\nE       \tRtlUserThreadStart [0x0x7ffcc479c34c+44]\n\nC:\\Users\\eruba\\PycharmProjects\\PythonAutomation\\.venv\\Lib\\site-packages\\selenium\\webdriver\\support\\wait.py:138: TimeoutException"}, "description": "Test to check failed sign up with incorrect email", "steps": [{"name": "Sign up with incorrect email: 'loyekab865@jxbav.com'", "status": "broken", "statusDetails": {"message": "selenium.common.exceptions.TimeoutException: Message: \nStacktrace:\n\tGetHandleVerifier [0x0x7ff7cab3e415+77285]\n\tGetHandleVerifier [0x0x7ff7cab3e470+77376]\n\t(No symbol) [0x0x7ff7ca909a6a]\n\t(No symbol) [0x0x7ff7ca960406]\n\t(No symbol) [0x0x7ff7ca9606bc]\n\t(No symbol) [0x0x7ff7ca9b3ac7]\n\t(No symbol) [0x0x7ff7ca98864f]\n\t(No symbol) [0x0x7ff7ca9b087f]\n\t(No symbol) [0x0x7ff7ca9883e3]\n\t(No symbol) [0x0x7ff7ca951521]\n\t(No symbol) [0x0x7ff7ca9522b3]\n\tGetHandleVerifier [0x0x7ff7cae21efd+3107021]\n\tGetHandleVerifier [0x0x7ff7cae1c29d+3083373]\n\tGetHandleVerifier [0x0x7ff7cae3bedd+3213485]\n\tGetHandleVerifier [0x0x7ff7cab5884e+184862]\n\tGetHandleVerifier [0x0x7ff7cab6055f+216879]\n\tGetHandleVerifier [0x0x7ff7cab47084+113236]\n\tGetHandleVerifier [0x0x7ff7cab47239+113673]\n\tGetHandleVerifier [0x0x7ff7cab2e298+11368]\n\tBaseThreadInitThunk [0x0x7ffcc30ee8d7+23]\n\tRtlUserThreadStart [0x0x7ffcc479c34c+44]\n\n", "trace": "  File \"C:\\Users\\eruba\\PycharmProjects\\PythonAutomation\\.venv\\Lib\\site-packages\\allure_commons\\_allure.py\", line 202, in impl\n    return func(*a, **kw)\n  File \"C:\\Users\\eruba\\OneDrive\\מסמכים\\GitHub\\shichor-automation\\pages\\signin_page.py\", line 79, in incorrect_email\n    error_element = self.wait_for_element(self.ERROR3, condition=\"visible\")\n  File \"C:\\Users\\eruba\\OneDrive\\מסמכים\\GitHub\\shichor-automation\\pages\\signin_page.py\", line 49, in wait_for_element\n    return wait.until(EC.visibility_of_element_located(locator))\n           ~~~~~~~~~~^^^^^^^^^^^^^^^^^^^^^^^^^^^^^^^^^^^^^^^^^^^\n  File \"C:\\Users\\eruba\\PycharmProjects\\PythonAutomation\\.venv\\Lib\\site-packages\\selenium\\webdriver\\support\\wait.py\", line 138, in until\n    raise TimeoutException(message, screen, stacktrace)\n"}, "parameters": [{"name": "email", "value": "'loyekab865@jxbav.com'"}], "start": 1755763826655, "stop": 1755763860038}], "attachments": [{"name": "screenshot", "source": "f4eb99ba-a8dc-41dd-9f74-0b099c374ef4-attachment.png", "type": "image/png"}], "start": 1755763826655, "stop": 1755763860040, "uuid": "b5c5cfd2-de24-496f-91d6-22398cf16543", "historyId": "d473bdd714f5dca4321099c6e995022c", "testCaseId": "d473bdd714f5dca4321099c6e995022c", "fullName": "tests.sign_in_test.TestClass#test_01_failed_signup", "labels": [{"name": "severity", "value": "critical"}, {"name": "feature", "value": "Sign In and Sign Up"}, {"name": "story", "value": "Sign Up Fail"}, {"name": "epic", "value": "Sign In Tests"}, {"name": "parentSuite", "value": "tests"}, {"name": "suite", "value": "sign_in_test"}, {"name": "subSuite", "value": "TestClass"}, {"name": "host", "value": "LAPTOP-HJQKCJEO"}, {"name": "thread", "value": "5720-MainThread"}, {"name": "framework", "value": "pytest"}, {"name": "language", "value": "cpython3"}, {"name": "package", "value": "tests.sign_in_test"}]}