{"name": "failed signup Test", "status": "broken", "statusDetails": {"message": "selenium.common.exceptions.NoSuchElementException: Message: no such element: Unable to locate element: {\"method\":\"css selector\",\"selector\":\"#react-view > div.orbit-modal-body.z-overlay.font-base.fixed.inset-0.box-border.size-full.overflow-x-hidden.outline-none.bg-\\[black\\]\\/50.lm\\:overflow-y-auto.lm\\:p-1000.lm\\:bg-\\[black\\]\\/50 > div > div > section > form > div.group.w-full.flex.items-center.justify-center.has-\\[\\:disabled\\]\\:opacity-30.mb-\\[32px\\] > div:nth-child(2) > input\"}\n  (Session info: chrome=138.0.7204.185); For documentation on this error, please visit: https://www.selenium.dev/documentation/webdriver/troubleshooting/errors#nosuchelementexception\nStacktrace:\n\tGetHandleVerifier [0x0x7ff7cab3e415+77285]\n\tGetHandleVerifier [0x0x7ff7cab3e470+77376]\n\t(No symbol) [0x0x7ff7ca909a6a]\n\t(No symbol) [0x0x7ff7ca960406]\n\t(No symbol) [0x0x7ff7ca9606bc]\n\t(No symbol) [0x0x7ff7ca9b3ac7]\n\t(No symbol) [0x0x7ff7ca98864f]\n\t(No symbol) [0x0x7ff7ca9b087f]\n\t(No symbol) [0x0x7ff7ca9883e3]\n\t(No symbol) [0x0x7ff7ca951521]\n\t(No symbol) [0x0x7ff7ca9522b3]\n\tGetHandleVerifier [0x0x7ff7cae21efd+3107021]\n\tGetHandleVerifier [0x0x7ff7cae1c29d+3083373]\n\tGetHandleVerifier [0x0x7ff7cae3bedd+3213485]\n\tGetHandleVerifier [0x0x7ff7cab5884e+184862]\n\tGetHandleVerifier [0x0x7ff7cab6055f+216879]\n\tGetHandleVerifier [0x0x7ff7cab47084+113236]\n\tGetHandleVerifier [0x0x7ff7cab47239+113673]\n\tGetHandleVerifier [0x0x7ff7cab2e298+11368]\n\tBaseThreadInitThunk [0x0x7ffcc30ee8d7+23]\n\tRtlUserThreadStart [0x0x7ffcc479c34c+44]", "trace": "self = <tests.sign_in_test.TestClass object at 0x0000017165B77890>\n\n    @allure.severity(Severity.CRITICAL)\n    @allure.story(\"Sign Up Fail\")\n    @allure.description(\"Test to check failed sign up with incorrect email\")\n    @allure.title(\"failed signup Test\")\n    def test_01_failed_signup(self):\n>       result = self.signin_page.incorrect_email(\"loyekab865@jxbav.com\")\n                 ^^^^^^^^^^^^^^^^^^^^^^^^^^^^^^^^^^^^^^^^^^^^^^^^^^^^^^^^\n\nsign_in_test.py:17: \n_ _ _ _ _ _ _ _ _ _ _ _ _ _ _ _ _ _ _ _ _ _ _ _ _ _ _ _ _ _ _ _ _ _ _ _ _ _ _ _\n..\\pages\\signin_page.py:76: in incorrect_email\n    self.fill_text(self.PASS, \"12345678\")\n..\\pages\\base_page.py:47: in fill_text\n    self.highlight_element(locator, \"Yellow\")\n..\\pages\\base_page.py:28: in highlight_element\n    element = self.driver.find_element(*locator_or_element)\n              ^^^^^^^^^^^^^^^^^^^^^^^^^^^^^^^^^^^^^^^^^^^^^\nC:\\Users\\eruba\\PycharmProjects\\PythonAutomation\\.venv\\Lib\\site-packages\\selenium\\webdriver\\remote\\webdriver.py:922: in find_element\n    return self.execute(Command.FIND_ELEMENT, {\"using\": by, \"value\": value})[\"value\"]\n           ^^^^^^^^^^^^^^^^^^^^^^^^^^^^^^^^^^^^^^^^^^^^^^^^^^^^^^^^^^^^^^^^^\nC:\\Users\\eruba\\PycharmProjects\\PythonAutomation\\.venv\\Lib\\site-packages\\selenium\\webdriver\\remote\\webdriver.py:454: in execute\n    self.error_handler.check_response(response)\n_ _ _ _ _ _ _ _ _ _ _ _ _ _ _ _ _ _ _ _ _ _ _ _ _ _ _ _ _ _ _ _ _ _ _ _ _ _ _ _\n\nself = <selenium.webdriver.remote.errorhandler.ErrorHandler object at 0x0000017165C74D70>\nresponse = {'status': 404, 'value': '{\"value\":{\"error\":\"no such element\",\"message\":\"no such element: Unable to locate element: {\\...ff7cab2e298+11368]\\\\n\\\\tBaseThreadInitThunk [0x0x7ffcc30ee8d7+23]\\\\n\\\\tRtlUserThreadStart [0x0x7ffcc479c34c+44]\\\\n\"}}'}\n\n    def check_response(self, response: dict[str, Any]) -> None:\n        \"\"\"Checks that a JSON response from the WebDriver does not have an\n        error.\n    \n        :Args:\n         - response - The JSON response from the WebDriver server as a dictionary\n           object.\n    \n        :Raises: If the response contains an error message.\n        \"\"\"\n        status = response.get(\"status\", None)\n        if not status or status == ErrorCode.SUCCESS:\n            return\n        value = None\n        message = response.get(\"message\", \"\")\n        screen: str = response.get(\"screen\", \"\")\n        stacktrace = None\n        if isinstance(status, int):\n            value_json = response.get(\"value\", None)\n            if value_json and isinstance(value_json, str):\n                try:\n                    value = json.loads(value_json)\n                    if isinstance(value, dict):\n                        if len(value) == 1:\n                            value = value[\"value\"]\n                        status = value.get(\"error\", None)\n                        if not status:\n                            status = value.get(\"status\", ErrorCode.UNKNOWN_ERROR)\n                            message = value.get(\"value\") or value.get(\"message\")\n                            if not isinstance(message, str):\n                                value = message\n                                message = message.get(\"message\")\n                        else:\n                            message = value.get(\"message\", None)\n                except ValueError:\n                    pass\n    \n        exception_class: type[WebDriverException]\n        e = ErrorCode()\n        error_codes = [item for item in dir(e) if not item.startswith(\"__\")]\n        for error_code in error_codes:\n            error_info = getattr(ErrorCode, error_code)\n            if isinstance(error_info, list) and status in error_info:\n                exception_class = getattr(ExceptionMapping, error_code, WebDriverException)\n                break\n        else:\n            exception_class = WebDriverException\n    \n        if not value:\n            value = response[\"value\"]\n        if isinstance(value, str):\n            raise exception_class(value)\n        if message == \"\" and \"message\" in value:\n            message = value[\"message\"]\n    \n        screen = None  # type: ignore[assignment]\n        if \"screen\" in value:\n            screen = value[\"screen\"]\n    \n        stacktrace = None\n        st_value = value.get(\"stackTrace\") or value.get(\"stacktrace\")\n        if st_value:\n            if isinstance(st_value, str):\n                stacktrace = st_value.split(\"\\n\")\n            else:\n                stacktrace = []\n                try:\n                    for frame in st_value:\n                        line = frame.get(\"lineNumber\", \"\")\n                        file = frame.get(\"fileName\", \"<anonymous>\")\n                        if line:\n                            file = f\"{file}:{line}\"\n                        meth = frame.get(\"methodName\", \"<anonymous>\")\n                        if \"className\" in frame:\n                            meth = f\"{frame['className']}.{meth}\"\n                        msg = \"    at %s (%s)\"\n                        msg = msg % (meth, file)\n                        stacktrace.append(msg)\n                except TypeError:\n                    pass\n        if exception_class == UnexpectedAlertPresentException:\n            alert_text = None\n            if \"data\" in value:\n                alert_text = value[\"data\"].get(\"text\")\n            elif \"alert\" in value:\n                alert_text = value[\"alert\"].get(\"text\")\n            raise exception_class(message, screen, stacktrace, alert_text)  # type: ignore[call-arg]  # mypy is not smart enough here\n>       raise exception_class(message, screen, stacktrace)\nE       selenium.common.exceptions.NoSuchElementException: Message: no such element: Unable to locate element: {\"method\":\"css selector\",\"selector\":\"#react-view > div.orbit-modal-body.z-overlay.font-base.fixed.inset-0.box-border.size-full.overflow-x-hidden.outline-none.bg-\\[black\\]\\/50.lm\\:overflow-y-auto.lm\\:p-1000.lm\\:bg-\\[black\\]\\/50 > div > div > section > form > div.group.w-full.flex.items-center.justify-center.has-\\[\\:disabled\\]\\:opacity-30.mb-\\[32px\\] > div:nth-child(2) > input\"}\nE         (Session info: chrome=138.0.7204.185); For documentation on this error, please visit: https://www.selenium.dev/documentation/webdriver/troubleshooting/errors#nosuchelementexception\nE       Stacktrace:\nE       \tGetHandleVerifier [0x0x7ff7cab3e415+77285]\nE       \tGetHandleVerifier [0x0x7ff7cab3e470+77376]\nE       \t(No symbol) [0x0x7ff7ca909a6a]\nE       \t(No symbol) [0x0x7ff7ca960406]\nE       \t(No symbol) [0x0x7ff7ca9606bc]\nE       \t(No symbol) [0x0x7ff7ca9b3ac7]\nE       \t(No symbol) [0x0x7ff7ca98864f]\nE       \t(No symbol) [0x0x7ff7ca9b087f]\nE       \t(No symbol) [0x0x7ff7ca9883e3]\nE       \t(No symbol) [0x0x7ff7ca951521]\nE       \t(No symbol) [0x0x7ff7ca9522b3]\nE       \tGetHandleVerifier [0x0x7ff7cae21efd+3107021]\nE       \tGetHandleVerifier [0x0x7ff7cae1c29d+3083373]\nE       \tGetHandleVerifier [0x0x7ff7cae3bedd+3213485]\nE       \tGetHandleVerifier [0x0x7ff7cab5884e+184862]\nE       \tGetHandleVerifier [0x0x7ff7cab6055f+216879]\nE       \tGetHandleVerifier [0x0x7ff7cab47084+113236]\nE       \tGetHandleVerifier [0x0x7ff7cab47239+113673]\nE       \tGetHandleVerifier [0x0x7ff7cab2e298+11368]\nE       \tBaseThreadInitThunk [0x0x7ffcc30ee8d7+23]\nE       \tRtlUserThreadStart [0x0x7ffcc479c34c+44]\n\nC:\\Users\\eruba\\PycharmProjects\\PythonAutomation\\.venv\\Lib\\site-packages\\selenium\\webdriver\\remote\\errorhandler.py:232: NoSuchElementException"}, "description": "Test to check failed sign up with incorrect email", "steps": [{"name": "Sign up with incorrect email: 'loyekab865@jxbav.com'", "status": "broken", "statusDetails": {"message": "selenium.common.exceptions.NoSuchElementException: Message: no such element: Unable to locate element: {\"method\":\"css selector\",\"selector\":\"#react-view > div.orbit-modal-body.z-overlay.font-base.fixed.inset-0.box-border.size-full.overflow-x-hidden.outline-none.bg-\\[black\\]\\/50.lm\\:overflow-y-auto.lm\\:p-1000.lm\\:bg-\\[black\\]\\/50 > div > div > section > form > div.group.w-full.flex.items-center.justify-center.has-\\[\\:disabled\\]\\:opacity-30.mb-\\[32px\\] > div:nth-child(2) > input\"}\n  (Session info: chrome=138.0.7204.185); For documentation on this error, please visit: https://www.selenium.dev/documentation/webdriver/troubleshooting/errors#nosuchelementexception\nStacktrace:\n\tGetHandleVerifier [0x0x7ff7cab3e415+77285]\n\tGetHandleVerifier [0x0x7ff7cab3e470+77376]\n\t(No symbol) [0x0x7ff7ca909a6a]\n\t(No symbol) [0x0x7ff7ca960406]\n\t(No symbol) [0x0x7ff7ca9606bc]\n\t(No symbol) [0x0x7ff7ca9b3ac7]\n\t(No symbol) [0x0x7ff7ca98864f]\n\t(No symbol) [0x0x7ff7ca9b087f]\n\t(No symbol) [0x0x7ff7ca9883e3]\n\t(No symbol) [0x0x7ff7ca951521]\n\t(No symbol) [0x0x7ff7ca9522b3]\n\tGetHandleVerifier [0x0x7ff7cae21efd+3107021]\n\tGetHandleVerifier [0x0x7ff7cae1c29d+3083373]\n\tGetHandleVerifier [0x0x7ff7cae3bedd+3213485]\n\tGetHandleVerifier [0x0x7ff7cab5884e+184862]\n\tGetHandleVerifier [0x0x7ff7cab6055f+216879]\n\tGetHandleVerifier [0x0x7ff7cab47084+113236]\n\tGetHandleVerifier [0x0x7ff7cab47239+113673]\n\tGetHandleVerifier [0x0x7ff7cab2e298+11368]\n\tBaseThreadInitThunk [0x0x7ffcc30ee8d7+23]\n\tRtlUserThreadStart [0x0x7ffcc479c34c+44]\n\n", "trace": "  File \"C:\\Users\\eruba\\PycharmProjects\\PythonAutomation\\.venv\\Lib\\site-packages\\allure_commons\\_allure.py\", line 202, in impl\n    return func(*a, **kw)\n  File \"C:\\Users\\eruba\\OneDrive\\מסמכים\\GitHub\\shichor-automation\\pages\\signin_page.py\", line 76, in incorrect_email\n    self.fill_text(self.PASS, \"12345678\")\n    ~~~~~~~~~~~~~~^^^^^^^^^^^^^^^^^^^^^^^\n  File \"C:\\Users\\eruba\\OneDrive\\מסמכים\\GitHub\\shichor-automation\\pages\\base_page.py\", line 47, in fill_text\n    self.highlight_element(locator, \"Yellow\")\n    ~~~~~~~~~~~~~~~~~~~~~~^^^^^^^^^^^^^^^^^^^\n  File \"C:\\Users\\eruba\\OneDrive\\מסמכים\\GitHub\\shichor-automation\\pages\\base_page.py\", line 28, in highlight_element\n    element = self.driver.find_element(*locator_or_element)\n  File \"C:\\Users\\eruba\\PycharmProjects\\PythonAutomation\\.venv\\Lib\\site-packages\\selenium\\webdriver\\remote\\webdriver.py\", line 922, in find_element\n    return self.execute(Command.FIND_ELEMENT, {\"using\": by, \"value\": value})[\"value\"]\n           ~~~~~~~~~~~~^^^^^^^^^^^^^^^^^^^^^^^^^^^^^^^^^^^^^^^^^^^^^^^^^^^^^\n  File \"C:\\Users\\eruba\\PycharmProjects\\PythonAutomation\\.venv\\Lib\\site-packages\\selenium\\webdriver\\remote\\webdriver.py\", line 454, in execute\n    self.error_handler.check_response(response)\n    ~~~~~~~~~~~~~~~~~~~~~~~~~~~~~~~~~^^^^^^^^^^\n  File \"C:\\Users\\eruba\\PycharmProjects\\PythonAutomation\\.venv\\Lib\\site-packages\\selenium\\webdriver\\remote\\errorhandler.py\", line 232, in check_response\n    raise exception_class(message, screen, stacktrace)\n"}, "parameters": [{"name": "email", "value": "'loyekab865@jxbav.com'"}], "start": 1755763681712, "stop": 1755763704836}], "attachments": [{"name": "screenshot", "source": "4b5fa080-d979-4272-8622-b6650c35aa69-attachment.png", "type": "image/png"}], "start": 1755763681712, "stop": 1755763704842, "uuid": "9cbc1ba6-f15c-4587-8145-8e90478871c7", "historyId": "d473bdd714f5dca4321099c6e995022c", "testCaseId": "d473bdd714f5dca4321099c6e995022c", "fullName": "tests.sign_in_test.TestClass#test_01_failed_signup", "labels": [{"name": "story", "value": "Sign Up Fail"}, {"name": "feature", "value": "Sign In and Sign Up"}, {"name": "epic", "value": "Sign In Tests"}, {"name": "severity", "value": "critical"}, {"name": "parentSuite", "value": "tests"}, {"name": "suite", "value": "sign_in_test"}, {"name": "subSuite", "value": "TestClass"}, {"name": "host", "value": "LAPTOP-HJQKCJEO"}, {"name": "thread", "value": "31900-MainThread"}, {"name": "framework", "value": "pytest"}, {"name": "language", "value": "cpython3"}, {"name": "package", "value": "tests.sign_in_test"}]}