{"uid":"4b4757e66a1912dae1a509f688f20b0f","children":[{"name":"Test defects","children":[{"name":"selenium.common.exceptions.NoSuchElementException: Message: no such element: Unable to locate element: {\"method\":\"css selector\",\"selector\":\"[data-test=\"TopNav-RegionalSettingsButton\"]\"}\n  (Session info: chrome=139.0.7258.127); For documentation on this error, please visit: https://www.selenium.dev/documentation/webdriver/troubleshooting/errors#nosuchelementexception\nStacktrace:\n#0 0x55615194301a <unknown>\n#1 0x5561513e2a70 <unknown>\n#2 0x556151434907 <unknown>\n#3 0x556151434b01 <unknown>\n#4 0x556151482d54 <unknown>\n#5 0x55615145a40d <unknown>\n#6 0x55615148014f <unknown>\n#7 0x55615145a1b3 <unknown>\n#8 0x55615142659b <unknown>\n#9 0x556151427971 <unknown>\n#10 0x5561519081eb <unknown>\n#11 0x55615190bf39 <unknown>\n#12 0x5561518ef2c9 <unknown>\n#13 0x55615190cae8 <unknown>\n#14 0x5561518d3baf <unknown>\n#15 0x5561519300a8 <unknown>\n#16 0x556151930286 <unknown>\n#17 0x556151941ff6 <unknown>\n#18 0x7ff832a9caa4 <unknown>\n#19 0x7ff832b29c3c <unknown>","children":[{"name":"Coin Change Test","uid":"5178a2e62059106e","parentUid":"28bc346eb7b0ee10cc95958f5d16b65d","status":"broken","time":{"start":1755951705247,"stop":1755951716647,"duration":11400},"flaky":false,"newFailed":false,"newPassed":false,"newBroken":false,"retriesCount":0,"retriesStatusChange":false,"parameters":[],"tags":[]},{"name":"Country Change Test","uid":"bfd81f536b1fec0f","parentUid":"28bc346eb7b0ee10cc95958f5d16b65d","status":"broken","time":{"start":1755951716804,"stop":1755951728041,"duration":11237},"flaky":false,"newFailed":false,"newPassed":false,"newBroken":false,"retriesCount":0,"retriesStatusChange":false,"parameters":[],"tags":[]}],"uid":"28bc346eb7b0ee10cc95958f5d16b65d"},{"name":"selenium.common.exceptions.NoSuchElementException: Message: no such element: Unable to locate element: {\"method\":\"css selector\",\"selector\":\"span:nth-child(6) > a\"}\n  (Session info: chrome=139.0.7258.127); For documentation on this error, please visit: https://www.selenium.dev/documentation/webdriver/troubleshooting/errors#nosuchelementexception\nStacktrace:\n#0 0x564c1af4401a <unknown>\n#1 0x564c1a9e3a70 <unknown>\n#2 0x564c1aa35907 <unknown>\n#3 0x564c1aa35b01 <unknown>\n#4 0x564c1aa83d54 <unknown>\n#5 0x564c1aa5b40d <unknown>\n#6 0x564c1aa8114f <unknown>\n#7 0x564c1aa5b1b3 <unknown>\n#8 0x564c1aa2759b <unknown>\n#9 0x564c1aa28971 <unknown>\n#10 0x564c1af091eb <unknown>\n#11 0x564c1af0cf39 <unknown>\n#12 0x564c1aef02c9 <unknown>\n#13 0x564c1af0dae8 <unknown>\n#14 0x564c1aed4baf <unknown>\n#15 0x564c1af310a8 <unknown>\n#16 0x564c1af31286 <unknown>\n#17 0x564c1af42ff6 <unknown>\n#18 0x7fe70429caa4 <unknown>\n#19 0x7fe704329c3c <unknown>","children":[{"name":"Links check Test","uid":"21a40614f073a4ee","parentUid":"fbadb18ade73d4402c82b1dfe010fc07","status":"broken","time":{"start":1755951777637,"stop":1755951798170,"duration":20533},"flaky":false,"newFailed":false,"newPassed":false,"newBroken":false,"retriesCount":0,"retriesStatusChange":false,"parameters":[],"tags":[]}],"uid":"fbadb18ade73d4402c82b1dfe010fc07"},{"name":"selenium.common.exceptions.NoSuchElementException: Message: no such element: Unable to locate element: {\"method\":\"css selector\",\"selector\":\"div.lm\\:mb-100.mb-300.flex.items-center.tb\\:justify-start.justify-between > div:nth-child(2) > div:nth-child(1) > div\"}\n  (Session info: chrome=139.0.7258.127); For documentation on this error, please visit: https://www.selenium.dev/documentation/webdriver/troubleshooting/errors#nosuchelementexception\nStacktrace:\n#0 0x564c1af4401a <unknown>\n#1 0x564c1a9e3a70 <unknown>\n#2 0x564c1aa35907 <unknown>\n#3 0x564c1aa35b01 <unknown>\n#4 0x564c1aa83d54 <unknown>\n#5 0x564c1aa5b40d <unknown>\n#6 0x564c1aa8114f <unknown>\n#7 0x564c1aa5b1b3 <unknown>\n#8 0x564c1aa2759b <unknown>\n#9 0x564c1aa28971 <unknown>\n#10 0x564c1af091eb <unknown>\n#11 0x564c1af0cf39 <unknown>\n#12 0x564c1aef02c9 <unknown>\n#13 0x564c1af0dae8 <unknown>\n#14 0x564c1aed4baf <unknown>\n#15 0x564c1af310a8 <unknown>\n#16 0x564c1af31286 <unknown>\n#17 0x564c1af42ff6 <unknown>\n#18 0x7fe70429caa4 <unknown>\n#19 0x7fe704329c3c <unknown>","children":[{"name":"class ticket selection Test","uid":"87dbbfb1c0bb455c","parentUid":"159735fe1c1696435377f5cc9d51a0cb","status":"broken","time":{"start":1755951814667,"stop":1755951825935,"duration":11268},"flaky":false,"newFailed":false,"newPassed":false,"newBroken":false,"retriesCount":0,"retriesStatusChange":false,"parameters":[],"tags":[]},{"name":"Order first class ticket Test","uid":"56db6f96dbbba4fc","parentUid":"159735fe1c1696435377f5cc9d51a0cb","status":"broken","time":{"start":1755951906696,"stop":1755951917958,"duration":11262},"flaky":false,"newFailed":false,"newPassed":false,"newBroken":false,"retriesCount":0,"retriesStatusChange":false,"parameters":[],"tags":[]},{"name":"premium class ticket selection Test","uid":"45af3218292a911d","parentUid":"159735fe1c1696435377f5cc9d51a0cb","status":"broken","time":{"start":1755951932448,"stop":1755951943722,"duration":11274},"flaky":false,"newFailed":false,"newPassed":false,"newBroken":false,"retriesCount":0,"retriesStatusChange":false,"parameters":[],"tags":[]},{"name":"business class ticket selection Test","uid":"19f6f999acc99f29","parentUid":"159735fe1c1696435377f5cc9d51a0cb","status":"broken","time":{"start":1755951943831,"stop":1755951955095,"duration":11264},"flaky":false,"newFailed":false,"newPassed":false,"newBroken":false,"retriesCount":0,"retriesStatusChange":false,"parameters":[],"tags":[]}],"uid":"159735fe1c1696435377f5cc9d51a0cb"},{"name":"selenium.common.exceptions.NoSuchElementException: Message: no such element: Unable to locate element: {\"method\":\"css selector\",\"selector\":\"[data-test=\"PlacePickerInputPlace-close\"]\"}\n  (Session info: chrome=139.0.7258.127); For documentation on this error, please visit: https://www.selenium.dev/documentation/webdriver/troubleshooting/errors#nosuchelementexception\nStacktrace:\n#0 0x564c1af4401a <unknown>\n#1 0x564c1a9e3a70 <unknown>\n#2 0x564c1aa35907 <unknown>\n#3 0x564c1aa35b01 <unknown>\n#4 0x564c1aa83d54 <unknown>\n#5 0x564c1aa5b40d <unknown>\n#6 0x564c1aa8114f <unknown>\n#7 0x564c1aa5b1b3 <unknown>\n#8 0x564c1aa2759b <unknown>\n#9 0x564c1aa28971 <unknown>\n#10 0x564c1af091eb <unknown>\n#11 0x564c1af0cf39 <unknown>\n#12 0x564c1aef02c9 <unknown>\n#13 0x564c1af0dae8 <unknown>\n#14 0x564c1aed4baf <unknown>\n#15 0x564c1af310a8 <unknown>\n#16 0x564c1af31286 <unknown>\n#17 0x564c1af42ff6 <unknown>\n#18 0x7fe70429caa4 <unknown>\n#19 0x7fe704329c3c <unknown>","children":[{"name":"origin selection Test","uid":"2cdefbcea9cd0f83","parentUid":"b40d0130f5d80a1a4ad501efc8c1ef3e","status":"broken","time":{"start":1755951838400,"stop":1755951849667,"duration":11267},"flaky":false,"newFailed":false,"newPassed":false,"newBroken":false,"retriesCount":0,"retriesStatusChange":false,"parameters":[],"tags":[]},{"name":"economy ticket order Test","uid":"1654da359c51f7e8","parentUid":"b40d0130f5d80a1a4ad501efc8c1ef3e","status":"broken","time":{"start":1755951918065,"stop":1755951932340,"duration":14275},"flaky":false,"newFailed":false,"newPassed":false,"newBroken":false,"retriesCount":0,"retriesStatusChange":false,"parameters":[],"tags":[]},{"name":"switching location selection Test","uid":"1bce5849ff60b2a8","parentUid":"b40d0130f5d80a1a4ad501efc8c1ef3e","status":"broken","time":{"start":1755951955212,"stop":1755951966478,"duration":11266},"flaky":false,"newFailed":false,"newPassed":false,"newBroken":false,"retriesCount":0,"retriesStatusChange":false,"parameters":[],"tags":[]}],"uid":"b40d0130f5d80a1a4ad501efc8c1ef3e"},{"name":"selenium.common.exceptions.NoSuchElementException: Message: no such element: Unable to locate element: {\"method\":\"css selector\",\"selector\":\"#destination\"}\n  (Session info: chrome=139.0.7258.127); For documentation on this error, please visit: https://www.selenium.dev/documentation/webdriver/troubleshooting/errors#nosuchelementexception\nStacktrace:\n#0 0x564c1af4401a <unknown>\n#1 0x564c1a9e3a70 <unknown>\n#2 0x564c1aa35907 <unknown>\n#3 0x564c1aa35b01 <unknown>\n#4 0x564c1aa83d54 <unknown>\n#5 0x564c1aa5b40d <unknown>\n#6 0x564c1aa8114f <unknown>\n#7 0x564c1aa5b1b3 <unknown>\n#8 0x564c1aa2759b <unknown>\n#9 0x564c1aa28971 <unknown>\n#10 0x564c1af091eb <unknown>\n#11 0x564c1af0cf39 <unknown>\n#12 0x564c1aef02c9 <unknown>\n#13 0x564c1af0dae8 <unknown>\n#14 0x564c1aed4baf <unknown>\n#15 0x564c1af310a8 <unknown>\n#16 0x564c1af31286 <unknown>\n#17 0x564c1af42ff6 <unknown>\n#18 0x7fe70429caa4 <unknown>\n#19 0x7fe704329c3c <unknown>","children":[{"name":"Destination selection Test","uid":"1a1630d694bcb53f","parentUid":"6379eda904b7a3e40a0b3e176ba01709","status":"broken","time":{"start":1755951849782,"stop":1755951861050,"duration":11268},"flaky":false,"newFailed":false,"newPassed":false,"newBroken":false,"retriesCount":0,"retriesStatusChange":false,"parameters":[],"tags":[]}],"uid":"6379eda904b7a3e40a0b3e176ba01709"},{"name":"selenium.common.exceptions.NoSuchElementException: Message: no such element: Unable to locate element: {\"method\":\"css selector\",\"selector\":\"#outboundDate\"}\n  (Session info: chrome=139.0.7258.127); For documentation on this error, please visit: https://www.selenium.dev/documentation/webdriver/troubleshooting/errors#nosuchelementexception\nStacktrace:\n#0 0x564c1af4401a <unknown>\n#1 0x564c1a9e3a70 <unknown>\n#2 0x564c1aa35907 <unknown>\n#3 0x564c1aa35b01 <unknown>\n#4 0x564c1aa83d54 <unknown>\n#5 0x564c1aa5b40d <unknown>\n#6 0x564c1aa8114f <unknown>\n#7 0x564c1aa5b1b3 <unknown>\n#8 0x564c1aa2759b <unknown>\n#9 0x564c1aa28971 <unknown>\n#10 0x564c1af091eb <unknown>\n#11 0x564c1af0cf39 <unknown>\n#12 0x564c1aef02c9 <unknown>\n#13 0x564c1af0dae8 <unknown>\n#14 0x564c1aed4baf <unknown>\n#15 0x564c1af310a8 <unknown>\n#16 0x564c1af31286 <unknown>\n#17 0x564c1af42ff6 <unknown>\n#18 0x7fe70429caa4 <unknown>\n#19 0x7fe704329c3c <unknown>","children":[{"name":"departure date selection Test","uid":"8dcfd11ac78b9813","parentUid":"61bfb0cb4e671a526f5a76e997d43af2","status":"broken","time":{"start":1755951861165,"stop":1755951872430,"duration":11265},"flaky":false,"newFailed":false,"newPassed":false,"newBroken":false,"retriesCount":0,"retriesStatusChange":false,"parameters":[],"tags":[]},{"name":"departure and return dates selection Test","uid":"2a4597ba2d5c5950","parentUid":"61bfb0cb4e671a526f5a76e997d43af2","status":"broken","time":{"start":1755951883931,"stop":1755951895194,"duration":11263},"flaky":false,"newFailed":false,"newPassed":false,"newBroken":false,"retriesCount":0,"retriesStatusChange":false,"parameters":[],"tags":[]},{"name":"cancel departure and return dates selection Test","uid":"26fc4513a5ae1e48","parentUid":"61bfb0cb4e671a526f5a76e997d43af2","status":"broken","time":{"start":1755951895313,"stop":1755951906576,"duration":11263},"flaky":false,"newFailed":false,"newPassed":false,"newBroken":false,"retriesCount":0,"retriesStatusChange":false,"parameters":[],"tags":[]}],"uid":"61bfb0cb4e671a526f5a76e997d43af2"},{"name":"selenium.common.exceptions.NoSuchElementException: Message: no such element: Unable to locate element: {\"method\":\"css selector\",\"selector\":\"#inboundDate\"}\n  (Session info: chrome=139.0.7258.127); For documentation on this error, please visit: https://www.selenium.dev/documentation/webdriver/troubleshooting/errors#nosuchelementexception\nStacktrace:\n#0 0x564c1af4401a <unknown>\n#1 0x564c1a9e3a70 <unknown>\n#2 0x564c1aa35907 <unknown>\n#3 0x564c1aa35b01 <unknown>\n#4 0x564c1aa83d54 <unknown>\n#5 0x564c1aa5b40d <unknown>\n#6 0x564c1aa8114f <unknown>\n#7 0x564c1aa5b1b3 <unknown>\n#8 0x564c1aa2759b <unknown>\n#9 0x564c1aa28971 <unknown>\n#10 0x564c1af091eb <unknown>\n#11 0x564c1af0cf39 <unknown>\n#12 0x564c1aef02c9 <unknown>\n#13 0x564c1af0dae8 <unknown>\n#14 0x564c1aed4baf <unknown>\n#15 0x564c1af310a8 <unknown>\n#16 0x564c1af31286 <unknown>\n#17 0x564c1af42ff6 <unknown>\n#18 0x7fe70429caa4 <unknown>\n#19 0x7fe704329c3c <unknown>","children":[{"name":"return date selection Test","uid":"b13da86a7c81ed23","parentUid":"1fa4d1306739a13a001780e27fa698c2","status":"broken","time":{"start":1755951872547,"stop":1755951883814,"duration":11267},"flaky":false,"newFailed":false,"newPassed":false,"newBroken":false,"retriesCount":0,"retriesStatusChange":false,"parameters":[],"tags":[]}],"uid":"1fa4d1306739a13a001780e27fa698c2"},{"name":"selenium.common.exceptions.NoSuchElementException: Message: no such element: Unable to locate element: {\"method\":\"css selector\",\"selector\":\"#origin\"}\n  (Session info: chrome=139.0.7258.127); For documentation on this error, please visit: https://www.selenium.dev/documentation/webdriver/troubleshooting/errors#nosuchelementexception\nStacktrace:\n#0 0x564c1af4401a <unknown>\n#1 0x564c1a9e3a70 <unknown>\n#2 0x564c1aa35907 <unknown>\n#3 0x564c1aa35b01 <unknown>\n#4 0x564c1aa83d54 <unknown>\n#5 0x564c1aa5b40d <unknown>\n#6 0x564c1aa8114f <unknown>\n#7 0x564c1aa5b1b3 <unknown>\n#8 0x564c1aa2759b <unknown>\n#9 0x564c1aa28971 <unknown>\n#10 0x564c1af091eb <unknown>\n#11 0x564c1af0cf39 <unknown>\n#12 0x564c1aef02c9 <unknown>\n#13 0x564c1af0dae8 <unknown>\n#14 0x564c1aed4baf <unknown>\n#15 0x564c1af310a8 <unknown>\n#16 0x564c1af31286 <unknown>\n#17 0x564c1af42ff6 <unknown>\n#18 0x7fe70429caa4 <unknown>\n#19 0x7fe704329c3c <unknown>","children":[{"name":"Multiple cities selection Test","uid":"76ce4f366f31898f","parentUid":"750499d0031a325fae452a207da47d52","status":"broken","time":{"start":1755951966594,"stop":1755951976861,"duration":10267},"flaky":false,"newFailed":false,"newPassed":false,"newBroken":false,"retriesCount":0,"retriesStatusChange":false,"parameters":[],"tags":[]}],"uid":"750499d0031a325fae452a207da47d52"},{"name":"selenium.common.exceptions.TimeoutException: Message: \nStacktrace:\n#0 0x558089b3d01a <unknown>\n#1 0x5580895dca70 <unknown>\n#2 0x55808962e907 <unknown>\n#3 0x55808962eb01 <unknown>\n#4 0x55808967cd54 <unknown>\n#5 0x55808965440d <unknown>\n#6 0x55808967a14f <unknown>\n#7 0x5580896541b3 <unknown>\n#8 0x55808962059b <unknown>\n#9 0x558089621971 <unknown>\n#10 0x558089b021eb <unknown>\n#11 0x558089b05f39 <unknown>\n#12 0x558089ae92c9 <unknown>\n#13 0x558089b06ae8 <unknown>\n#14 0x558089acdbaf <unknown>\n#15 0x558089b2a0a8 <unknown>\n#16 0x558089b2a286 <unknown>\n#17 0x558089b3bff6 <unknown>\n#18 0x7f1500a9caa4 <unknown>\n#19 0x7f1500b29c3c <unknown>","children":[{"name":"failed signup Test","uid":"e19ed48aa44c9c1a","parentUid":"16952d239c96f4b12789d57f37e21c61","status":"broken","time":{"start":1755951977453,"stop":1755951997918,"duration":20465},"flaky":false,"newFailed":false,"newPassed":false,"newBroken":false,"retriesCount":0,"retriesStatusChange":false,"parameters":[],"tags":[]},{"name":"wrong format signup Test","uid":"c8dddb4fd11f29","parentUid":"16952d239c96f4b12789d57f37e21c61","status":"broken","time":{"start":1755951998009,"stop":1755952018464,"duration":20455},"flaky":false,"newFailed":false,"newPassed":false,"newBroken":false,"retriesCount":0,"retriesStatusChange":false,"parameters":[],"tags":[]},{"name":"incorrect booking Test","uid":"324d8fc6e9d68f1e","parentUid":"16952d239c96f4b12789d57f37e21c61","status":"broken","time":{"start":1755952018542,"stop":1755952038995,"duration":20453},"flaky":false,"newFailed":false,"newPassed":false,"newBroken":false,"retriesCount":0,"retriesStatusChange":false,"parameters":[],"tags":[]}],"uid":"16952d239c96f4b12789d57f37e21c61"}],"uid":"bdbf199525818fae7a8651db9eafe741"},{"name":"Product defects","children":[{"name":"AssertionError: assert '' == 'true'\n  \n  - true","children":[{"name":"Cookie Customization Test","uid":"d836e3f287f4b88","parentUid":"58f897645c89f4483b1d01f1ada1c119","status":"failed","time":{"start":1755951728557,"stop":1755951777565,"duration":49008},"flaky":false,"newFailed":false,"newPassed":false,"newBroken":false,"retriesCount":0,"retriesStatusChange":false,"parameters":[],"tags":[]}],"uid":"58f897645c89f4483b1d01f1ada1c119"},{"name":"AssertionError: assert 'No trip selector available' == 'Return'\n  \n  - Return\n  + No trip selector available","children":[{"name":"trip ticket selection Test","uid":"6072aa60ac6bd978","parentUid":"6287640cd7abd672b83738f0b68948a7","status":"failed","time":{"start":1755951798284,"stop":1755951814587,"duration":16303},"flaky":false,"newFailed":false,"newPassed":false,"newBroken":false,"retriesCount":0,"retriesStatusChange":false,"parameters":[],"tags":[]}],"uid":"6287640cd7abd672b83738f0b68948a7"},{"name":"AssertionError: assert 'Error' in '3 Passengers'","children":[{"name":"passengers ticket selection Test","uid":"f86302bd0819c01e","parentUid":"5272a561a62ed86b0ea01409f8840fab","status":"failed","time":{"start":1755951826050,"stop":1755951838327,"duration":12277},"flaky":false,"newFailed":false,"newPassed":false,"newBroken":false,"retriesCount":0,"retriesStatusChange":false,"parameters":[],"tags":[]}],"uid":"5272a561a62ed86b0ea01409f8840fab"}],"uid":"8fb3a91ba5aaf9de24cc8a92edc82b5d"}],"name":"categories"}