{"uid":"87125310748d2eef","name":"failed signup Test","fullName":"tests.sign_in_test.TestClass#test_01_failed_signup","historyId":"d473bdd714f5dca4321099c6e995022c","time":{"start":1755761155592,"stop":1755761156609,"duration":1017},"description":"Test to check failed sign up with incorrect email","descriptionHtml":"<p>Test to check failed sign up with incorrect email</p>\n","status":"broken","statusMessage":"selenium.common.exceptions.NoSuchElementException: Message: no such element: Unable to locate element: {\"method\":\"css selector\",\"selector\":\"#cookies_accept > div\"}\n  (Session info: chrome=139.0.7258.127); For documentation on this error, please visit: https://www.selenium.dev/documentation/webdriver/troubleshooting/errors#nosuchelementexception\nStacktrace:\n#0 0x55e7ebc9101a <unknown>\n#1 0x55e7eb730a70 <unknown>\n#2 0x55e7eb782907 <unknown>\n#3 0x55e7eb782b01 <unknown>\n#4 0x55e7eb7d0d54 <unknown>\n#5 0x55e7eb7a840d <unknown>\n#6 0x55e7eb7ce14f <unknown>\n#7 0x55e7eb7a81b3 <unknown>\n#8 0x55e7eb77459b <unknown>\n#9 0x55e7eb775971 <unknown>\n#10 0x55e7ebc561eb <unknown>\n#11 0x55e7ebc59f39 <unknown>\n#12 0x55e7ebc3d2c9 <unknown>\n#13 0x55e7ebc5aae8 <unknown>\n#14 0x55e7ebc21baf <unknown>\n#15 0x55e7ebc7e0a8 <unknown>\n#16 0x55e7ebc7e286 <unknown>\n#17 0x55e7ebc8fff6 <unknown>\n#18 0x7f69dca9caa4 <unknown>\n#19 0x7f69dcb29c3c <unknown>","statusTrace":"self = <tests.sign_in_test.TestClass object at 0x7f9a8f15c550>\n\n    @allure.severity(Severity.CRITICAL)\n    @allure.story(\"Sign Up Fail\")\n    @allure.description(\"Test to check failed sign up with incorrect email\")\n    @allure.title(\"failed signup Test\")\n    def test_01_failed_signup(self):\n>       result = self.signin_page.incorrect_email(\"loyekab865@jxbav.com\")\n                 ^^^^^^^^^^^^^^^^^^^^^^^^^^^^^^^^^^^^^^^^^^^^^^^^^^^^^^^^\n\ntests/sign_in_test.py:17: \n_ _ _ _ _ _ _ _ _ _ _ _ _ _ _ _ _ _ _ _ _ _ _ _ _ _ _ _ _ _ _ _ _ _ _ _ _ _ _ _ \npages/signin_page.py:64: in incorrect_email\n    self.main_page.click(self.main_page.ACCEPT)\npages/base_page.py:58: in click\n    self.highlight_element(locator, \"Yellow\")\npages/base_page.py:28: in highlight_element\n    element = self.driver.find_element(*locator_or_element)\n              ^^^^^^^^^^^^^^^^^^^^^^^^^^^^^^^^^^^^^^^^^^^^^\n.venv/lib/python3.13/site-packages/selenium/webdriver/remote/webdriver.py:926: in find_element\n    return self.execute(Command.FIND_ELEMENT, {\"using\": by, \"value\": value})[\"value\"]\n           ^^^^^^^^^^^^^^^^^^^^^^^^^^^^^^^^^^^^^^^^^^^^^^^^^^^^^^^^^^^^^^^^^\n.venv/lib/python3.13/site-packages/selenium/webdriver/remote/webdriver.py:458: in execute\n    self.error_handler.check_response(response)\n_ _ _ _ _ _ _ _ _ _ _ _ _ _ _ _ _ _ _ _ _ _ _ _ _ _ _ _ _ _ _ _ _ _ _ _ _ _ _ _ \n\nself = <selenium.webdriver.remote.errorhandler.ErrorHandler object at 0x7f9a8f15fc50>\nresponse = {'status': 404, 'value': '{\"value\":{\"error\":\"no such element\",\"message\":\"no such element: Unable to locate element: {\\...\\\\n#17 0x55e7ebc8fff6 \\\\u003Cunknown>\\\\n#18 0x7f69dca9caa4 \\\\u003Cunknown>\\\\n#19 0x7f69dcb29c3c \\\\u003Cunknown>\\\\n\"}}'}\n\n    def check_response(self, response: dict[str, Any]) -> None:\n        \"\"\"Checks that a JSON response from the WebDriver does not have an\n        error.\n    \n        :Args:\n         - response - The JSON response from the WebDriver server as a dictionary\n           object.\n    \n        :Raises: If the response contains an error message.\n        \"\"\"\n        status = response.get(\"status\", None)\n        if not status or status == ErrorCode.SUCCESS:\n            return\n        value = None\n        message = response.get(\"message\", \"\")\n        screen: str = response.get(\"screen\", \"\")\n        stacktrace = None\n        if isinstance(status, int):\n            value_json = response.get(\"value\", None)\n            if value_json and isinstance(value_json, str):\n                try:\n                    value = json.loads(value_json)\n                    if isinstance(value, dict):\n                        if len(value) == 1:\n                            value = value[\"value\"]\n                        status = value.get(\"error\", None)\n                        if not status:\n                            status = value.get(\"status\", ErrorCode.UNKNOWN_ERROR)\n                            message = value.get(\"value\") or value.get(\"message\")\n                            if not isinstance(message, str):\n                                value = message\n                                message = message.get(\"message\")\n                        else:\n                            message = value.get(\"message\", None)\n                except ValueError:\n                    pass\n    \n        exception_class: type[WebDriverException]\n        e = ErrorCode()\n        error_codes = [item for item in dir(e) if not item.startswith(\"__\")]\n        for error_code in error_codes:\n            error_info = getattr(ErrorCode, error_code)\n            if isinstance(error_info, list) and status in error_info:\n                exception_class = getattr(ExceptionMapping, error_code, WebDriverException)\n                break\n        else:\n            exception_class = WebDriverException\n    \n        if not value:\n            value = response[\"value\"]\n        if isinstance(value, str):\n            raise exception_class(value)\n        if message == \"\" and \"message\" in value:\n            message = value[\"message\"]\n    \n        screen = None  # type: ignore[assignment]\n        if \"screen\" in value:\n            screen = value[\"screen\"]\n    \n        stacktrace = None\n        st_value = value.get(\"stackTrace\") or value.get(\"stacktrace\")\n        if st_value:\n            if isinstance(st_value, str):\n                stacktrace = st_value.split(\"\\n\")\n            else:\n                stacktrace = []\n                try:\n                    for frame in st_value:\n                        line = frame.get(\"lineNumber\", \"\")\n                        file = frame.get(\"fileName\", \"<anonymous>\")\n                        if line:\n                            file = f\"{file}:{line}\"\n                        meth = frame.get(\"methodName\", \"<anonymous>\")\n                        if \"className\" in frame:\n                            meth = f\"{frame['className']}.{meth}\"\n                        msg = \"    at %s (%s)\"\n                        msg = msg % (meth, file)\n                        stacktrace.append(msg)\n                except TypeError:\n                    pass\n        if exception_class == UnexpectedAlertPresentException:\n            alert_text = None\n            if \"data\" in value:\n                alert_text = value[\"data\"].get(\"text\")\n            elif \"alert\" in value:\n                alert_text = value[\"alert\"].get(\"text\")\n            raise exception_class(message, screen, stacktrace, alert_text)  # type: ignore[call-arg]  # mypy is not smart enough here\n>       raise exception_class(message, screen, stacktrace)\nE       selenium.common.exceptions.NoSuchElementException: Message: no such element: Unable to locate element: {\"method\":\"css selector\",\"selector\":\"#cookies_accept > div\"}\nE         (Session info: chrome=139.0.7258.127); For documentation on this error, please visit: https://www.selenium.dev/documentation/webdriver/troubleshooting/errors#nosuchelementexception\nE       Stacktrace:\nE       #0 0x55e7ebc9101a <unknown>\nE       #1 0x55e7eb730a70 <unknown>\nE       #2 0x55e7eb782907 <unknown>\nE       #3 0x55e7eb782b01 <unknown>\nE       #4 0x55e7eb7d0d54 <unknown>\nE       #5 0x55e7eb7a840d <unknown>\nE       #6 0x55e7eb7ce14f <unknown>\nE       #7 0x55e7eb7a81b3 <unknown>\nE       #8 0x55e7eb77459b <unknown>\nE       #9 0x55e7eb775971 <unknown>\nE       #10 0x55e7ebc561eb <unknown>\nE       #11 0x55e7ebc59f39 <unknown>\nE       #12 0x55e7ebc3d2c9 <unknown>\nE       #13 0x55e7ebc5aae8 <unknown>\nE       #14 0x55e7ebc21baf <unknown>\nE       #15 0x55e7ebc7e0a8 <unknown>\nE       #16 0x55e7ebc7e286 <unknown>\nE       #17 0x55e7ebc8fff6 <unknown>\nE       #18 0x7f69dca9caa4 <unknown>\nE       #19 0x7f69dcb29c3c <unknown>\n\n.venv/lib/python3.13/site-packages/selenium/webdriver/remote/errorhandler.py:232: NoSuchElementException","flaky":false,"newFailed":false,"newBroken":false,"newPassed":false,"retriesCount":0,"retriesStatusChange":false,"beforeStages":[{"name":"_session_faker","time":{"start":1755761098371,"stop":1755761098434,"duration":63},"status":"passed","steps":[],"attachments":[],"parameters":[],"stepsCount":0,"shouldDisplayMessage":false,"attachmentsCount":0,"hasContent":false,"attachmentStep":false},{"name":"setup_driver_class","time":{"start":1755761155230,"stop":1755761155592,"duration":362},"status":"passed","steps":[],"attachments":[],"parameters":[],"stepsCount":0,"shouldDisplayMessage":false,"attachmentsCount":0,"hasContent":false,"attachmentStep":false},{"name":"attach_driver_to_node","time":{"start":1755761155592,"stop":1755761155592,"duration":0},"status":"passed","steps":[],"attachments":[],"parameters":[],"stepsCount":0,"shouldDisplayMessage":false,"attachmentsCount":0,"hasContent":false,"attachmentStep":false}],"testStage":{"description":"Test to check failed sign up with incorrect email","status":"broken","statusMessage":"selenium.common.exceptions.NoSuchElementException: Message: no such element: Unable to locate element: {\"method\":\"css selector\",\"selector\":\"#cookies_accept > div\"}\n  (Session info: chrome=139.0.7258.127); For documentation on this error, please visit: https://www.selenium.dev/documentation/webdriver/troubleshooting/errors#nosuchelementexception\nStacktrace:\n#0 0x55e7ebc9101a <unknown>\n#1 0x55e7eb730a70 <unknown>\n#2 0x55e7eb782907 <unknown>\n#3 0x55e7eb782b01 <unknown>\n#4 0x55e7eb7d0d54 <unknown>\n#5 0x55e7eb7a840d <unknown>\n#6 0x55e7eb7ce14f <unknown>\n#7 0x55e7eb7a81b3 <unknown>\n#8 0x55e7eb77459b <unknown>\n#9 0x55e7eb775971 <unknown>\n#10 0x55e7ebc561eb <unknown>\n#11 0x55e7ebc59f39 <unknown>\n#12 0x55e7ebc3d2c9 <unknown>\n#13 0x55e7ebc5aae8 <unknown>\n#14 0x55e7ebc21baf <unknown>\n#15 0x55e7ebc7e0a8 <unknown>\n#16 0x55e7ebc7e286 <unknown>\n#17 0x55e7ebc8fff6 <unknown>\n#18 0x7f69dca9caa4 <unknown>\n#19 0x7f69dcb29c3c <unknown>","statusTrace":"self = <tests.sign_in_test.TestClass object at 0x7f9a8f15c550>\n\n    @allure.severity(Severity.CRITICAL)\n    @allure.story(\"Sign Up Fail\")\n    @allure.description(\"Test to check failed sign up with incorrect email\")\n    @allure.title(\"failed signup Test\")\n    def test_01_failed_signup(self):\n>       result = self.signin_page.incorrect_email(\"loyekab865@jxbav.com\")\n                 ^^^^^^^^^^^^^^^^^^^^^^^^^^^^^^^^^^^^^^^^^^^^^^^^^^^^^^^^\n\ntests/sign_in_test.py:17: \n_ _ _ _ _ _ _ _ _ _ _ _ _ _ _ _ _ _ _ _ _ _ _ _ _ _ _ _ _ _ _ _ _ _ _ _ _ _ _ _ \npages/signin_page.py:64: in incorrect_email\n    self.main_page.click(self.main_page.ACCEPT)\npages/base_page.py:58: in click\n    self.highlight_element(locator, \"Yellow\")\npages/base_page.py:28: in highlight_element\n    element = self.driver.find_element(*locator_or_element)\n              ^^^^^^^^^^^^^^^^^^^^^^^^^^^^^^^^^^^^^^^^^^^^^\n.venv/lib/python3.13/site-packages/selenium/webdriver/remote/webdriver.py:926: in find_element\n    return self.execute(Command.FIND_ELEMENT, {\"using\": by, \"value\": value})[\"value\"]\n           ^^^^^^^^^^^^^^^^^^^^^^^^^^^^^^^^^^^^^^^^^^^^^^^^^^^^^^^^^^^^^^^^^\n.venv/lib/python3.13/site-packages/selenium/webdriver/remote/webdriver.py:458: in execute\n    self.error_handler.check_response(response)\n_ _ _ _ _ _ _ _ _ _ _ _ _ _ _ _ _ _ _ _ _ _ _ _ _ _ _ _ _ _ _ _ _ _ _ _ _ _ _ _ \n\nself = <selenium.webdriver.remote.errorhandler.ErrorHandler object at 0x7f9a8f15fc50>\nresponse = {'status': 404, 'value': '{\"value\":{\"error\":\"no such element\",\"message\":\"no such element: Unable to locate element: {\\...\\\\n#17 0x55e7ebc8fff6 \\\\u003Cunknown>\\\\n#18 0x7f69dca9caa4 \\\\u003Cunknown>\\\\n#19 0x7f69dcb29c3c \\\\u003Cunknown>\\\\n\"}}'}\n\n    def check_response(self, response: dict[str, Any]) -> None:\n        \"\"\"Checks that a JSON response from the WebDriver does not have an\n        error.\n    \n        :Args:\n         - response - The JSON response from the WebDriver server as a dictionary\n           object.\n    \n        :Raises: If the response contains an error message.\n        \"\"\"\n        status = response.get(\"status\", None)\n        if not status or status == ErrorCode.SUCCESS:\n            return\n        value = None\n        message = response.get(\"message\", \"\")\n        screen: str = response.get(\"screen\", \"\")\n        stacktrace = None\n        if isinstance(status, int):\n            value_json = response.get(\"value\", None)\n            if value_json and isinstance(value_json, str):\n                try:\n                    value = json.loads(value_json)\n                    if isinstance(value, dict):\n                        if len(value) == 1:\n                            value = value[\"value\"]\n                        status = value.get(\"error\", None)\n                        if not status:\n                            status = value.get(\"status\", ErrorCode.UNKNOWN_ERROR)\n                            message = value.get(\"value\") or value.get(\"message\")\n                            if not isinstance(message, str):\n                                value = message\n                                message = message.get(\"message\")\n                        else:\n                            message = value.get(\"message\", None)\n                except ValueError:\n                    pass\n    \n        exception_class: type[WebDriverException]\n        e = ErrorCode()\n        error_codes = [item for item in dir(e) if not item.startswith(\"__\")]\n        for error_code in error_codes:\n            error_info = getattr(ErrorCode, error_code)\n            if isinstance(error_info, list) and status in error_info:\n                exception_class = getattr(ExceptionMapping, error_code, WebDriverException)\n                break\n        else:\n            exception_class = WebDriverException\n    \n        if not value:\n            value = response[\"value\"]\n        if isinstance(value, str):\n            raise exception_class(value)\n        if message == \"\" and \"message\" in value:\n            message = value[\"message\"]\n    \n        screen = None  # type: ignore[assignment]\n        if \"screen\" in value:\n            screen = value[\"screen\"]\n    \n        stacktrace = None\n        st_value = value.get(\"stackTrace\") or value.get(\"stacktrace\")\n        if st_value:\n            if isinstance(st_value, str):\n                stacktrace = st_value.split(\"\\n\")\n            else:\n                stacktrace = []\n                try:\n                    for frame in st_value:\n                        line = frame.get(\"lineNumber\", \"\")\n                        file = frame.get(\"fileName\", \"<anonymous>\")\n                        if line:\n                            file = f\"{file}:{line}\"\n                        meth = frame.get(\"methodName\", \"<anonymous>\")\n                        if \"className\" in frame:\n                            meth = f\"{frame['className']}.{meth}\"\n                        msg = \"    at %s (%s)\"\n                        msg = msg % (meth, file)\n                        stacktrace.append(msg)\n                except TypeError:\n                    pass\n        if exception_class == UnexpectedAlertPresentException:\n            alert_text = None\n            if \"data\" in value:\n                alert_text = value[\"data\"].get(\"text\")\n            elif \"alert\" in value:\n                alert_text = value[\"alert\"].get(\"text\")\n            raise exception_class(message, screen, stacktrace, alert_text)  # type: ignore[call-arg]  # mypy is not smart enough here\n>       raise exception_class(message, screen, stacktrace)\nE       selenium.common.exceptions.NoSuchElementException: Message: no such element: Unable to locate element: {\"method\":\"css selector\",\"selector\":\"#cookies_accept > div\"}\nE         (Session info: chrome=139.0.7258.127); For documentation on this error, please visit: https://www.selenium.dev/documentation/webdriver/troubleshooting/errors#nosuchelementexception\nE       Stacktrace:\nE       #0 0x55e7ebc9101a <unknown>\nE       #1 0x55e7eb730a70 <unknown>\nE       #2 0x55e7eb782907 <unknown>\nE       #3 0x55e7eb782b01 <unknown>\nE       #4 0x55e7eb7d0d54 <unknown>\nE       #5 0x55e7eb7a840d <unknown>\nE       #6 0x55e7eb7ce14f <unknown>\nE       #7 0x55e7eb7a81b3 <unknown>\nE       #8 0x55e7eb77459b <unknown>\nE       #9 0x55e7eb775971 <unknown>\nE       #10 0x55e7ebc561eb <unknown>\nE       #11 0x55e7ebc59f39 <unknown>\nE       #12 0x55e7ebc3d2c9 <unknown>\nE       #13 0x55e7ebc5aae8 <unknown>\nE       #14 0x55e7ebc21baf <unknown>\nE       #15 0x55e7ebc7e0a8 <unknown>\nE       #16 0x55e7ebc7e286 <unknown>\nE       #17 0x55e7ebc8fff6 <unknown>\nE       #18 0x7f69dca9caa4 <unknown>\nE       #19 0x7f69dcb29c3c <unknown>\n\n.venv/lib/python3.13/site-packages/selenium/webdriver/remote/errorhandler.py:232: NoSuchElementException","steps":[{"name":"Sign up with incorrect email: 'loyekab865@jxbav.com'","time":{"start":1755761155593,"stop":1755761156608,"duration":1015},"status":"broken","statusMessage":"selenium.common.exceptions.NoSuchElementException: Message: no such element: Unable to locate element: {\"method\":\"css selector\",\"selector\":\"#cookies_accept > div\"}\n  (Session info: chrome=139.0.7258.127); For documentation on this error, please visit: https://www.selenium.dev/documentation/webdriver/troubleshooting/errors#nosuchelementexception\nStacktrace:\n#0 0x55e7ebc9101a <unknown>\n#1 0x55e7eb730a70 <unknown>\n#2 0x55e7eb782907 <unknown>\n#3 0x55e7eb782b01 <unknown>\n#4 0x55e7eb7d0d54 <unknown>\n#5 0x55e7eb7a840d <unknown>\n#6 0x55e7eb7ce14f <unknown>\n#7 0x55e7eb7a81b3 <unknown>\n#8 0x55e7eb77459b <unknown>\n#9 0x55e7eb775971 <unknown>\n#10 0x55e7ebc561eb <unknown>\n#11 0x55e7ebc59f39 <unknown>\n#12 0x55e7ebc3d2c9 <unknown>\n#13 0x55e7ebc5aae8 <unknown>\n#14 0x55e7ebc21baf <unknown>\n#15 0x55e7ebc7e0a8 <unknown>\n#16 0x55e7ebc7e286 <unknown>\n#17 0x55e7ebc8fff6 <unknown>\n#18 0x7f69dca9caa4 <unknown>\n#19 0x7f69dcb29c3c <unknown>\n\n","statusTrace":"  File \"/home/runner/work/shichor-python/shichor-python/.venv/lib/python3.13/site-packages/allure_commons/_allure.py\", line 202, in impl\n    return func(*a, **kw)\n  File \"/home/runner/work/shichor-python/shichor-python/pages/signin_page.py\", line 64, in incorrect_email\n    self.main_page.click(self.main_page.ACCEPT)\n    ~~~~~~~~~~~~~~~~~~~~^^^^^^^^^^^^^^^^^^^^^^^\n  File \"/home/runner/work/shichor-python/shichor-python/pages/base_page.py\", line 58, in click\n    self.highlight_element(locator, \"Yellow\")\n    ~~~~~~~~~~~~~~~~~~~~~~^^^^^^^^^^^^^^^^^^^\n  File \"/home/runner/work/shichor-python/shichor-python/pages/base_page.py\", line 28, in highlight_element\n    element = self.driver.find_element(*locator_or_element)\n  File \"/home/runner/work/shichor-python/shichor-python/.venv/lib/python3.13/site-packages/selenium/webdriver/remote/webdriver.py\", line 926, in find_element\n    return self.execute(Command.FIND_ELEMENT, {\"using\": by, \"value\": value})[\"value\"]\n           ~~~~~~~~~~~~^^^^^^^^^^^^^^^^^^^^^^^^^^^^^^^^^^^^^^^^^^^^^^^^^^^^^\n  File \"/home/runner/work/shichor-python/shichor-python/.venv/lib/python3.13/site-packages/selenium/webdriver/remote/webdriver.py\", line 458, in execute\n    self.error_handler.check_response(response)\n    ~~~~~~~~~~~~~~~~~~~~~~~~~~~~~~~~~^^^^^^^^^^\n  File \"/home/runner/work/shichor-python/shichor-python/.venv/lib/python3.13/site-packages/selenium/webdriver/remote/errorhandler.py\", line 232, in check_response\n    raise exception_class(message, screen, stacktrace)\n","steps":[],"attachments":[],"parameters":[{"name":"email","value":"'loyekab865@jxbav.com'"}],"stepsCount":0,"shouldDisplayMessage":true,"attachmentsCount":0,"hasContent":true,"attachmentStep":false}],"attachments":[{"uid":"5c7286f1cf23610c","name":"screenshot","source":"5c7286f1cf23610c.png","type":"image/png","size":75809}],"parameters":[],"stepsCount":1,"shouldDisplayMessage":true,"attachmentsCount":1,"hasContent":true,"attachmentStep":false},"afterStages":[{"name":"setup_driver_class::0","time":{"start":1755761158944,"stop":1755761159006,"duration":62},"status":"passed","steps":[],"attachments":[],"parameters":[],"stepsCount":0,"shouldDisplayMessage":false,"attachmentsCount":0,"hasContent":false,"attachmentStep":false}],"labels":[{"name":"story","value":"Sign Up Fail"},{"name":"severity","value":"critical"},{"name":"epic","value":"Sign In Tests"},{"name":"feature","value":"Sign In and Sign Up"},{"name":"parentSuite","value":"tests"},{"name":"suite","value":"sign_in_test"},{"name":"subSuite","value":"TestClass"},{"name":"host","value":"pkrvmqc4gcfdwos"},{"name":"thread","value":"2509-MainThread"},{"name":"framework","value":"pytest"},{"name":"language","value":"cpython3"},{"name":"package","value":"tests.sign_in_test"},{"name":"resultFormat","value":"allure2"}],"parameters":[],"links":[],"hidden":false,"retry":false,"extra":{"severity":"critical","retries":[],"categories":[{"name":"Test defects","matchedStatuses":[],"flaky":false}],"tags":[]},"source":"87125310748d2eef.json","parameterValues":[]}