{"uid":"b7ecb78ec7810c4","name":"Multiple cities selection Test","fullName":"tests.mainpage_test.TestClass#test_17_multiple_cities","historyId":"973be1434a2f3eb31e8b91f0dd6a0341","time":{"start":1755761153999,"stop":1755761155026,"duration":1027},"description":"Test to select multiple cities","descriptionHtml":"<p>Test to select multiple cities</p>\n","status":"broken","statusMessage":"selenium.common.exceptions.NoSuchElementException: Message: no such element: Unable to locate element: {\"method\":\"css selector\",\"selector\":\"#origin\"}\n  (Session info: chrome=139.0.7258.127); For documentation on this error, please visit: https://www.selenium.dev/documentation/webdriver/troubleshooting/errors#nosuchelementexception\nStacktrace:\n#0 0x55b7c406d01a <unknown>\n#1 0x55b7c3b0ca70 <unknown>\n#2 0x55b7c3b5e907 <unknown>\n#3 0x55b7c3b5eb01 <unknown>\n#4 0x55b7c3bacd54 <unknown>\n#5 0x55b7c3b8440d <unknown>\n#6 0x55b7c3baa14f <unknown>\n#7 0x55b7c3b841b3 <unknown>\n#8 0x55b7c3b5059b <unknown>\n#9 0x55b7c3b51971 <unknown>\n#10 0x55b7c40321eb <unknown>\n#11 0x55b7c4035f39 <unknown>\n#12 0x55b7c40192c9 <unknown>\n#13 0x55b7c4036ae8 <unknown>\n#14 0x55b7c3ffdbaf <unknown>\n#15 0x55b7c405a0a8 <unknown>\n#16 0x55b7c405a286 <unknown>\n#17 0x55b7c406bff6 <unknown>\n#18 0x7ffafaa9caa4 <unknown>\n#19 0x7ffafab29c3c <unknown>","statusTrace":"self = <tests.mainpage_test.TestClass object at 0x7f9a8f135bd0>\n\n    @allure.severity(Severity.CRITICAL)\n    @allure.story(\"multiple cities selection\")\n    @allure.description(\"Test to select multiple cities\")\n    @allure.title(\"Multiple cities selection Test\")\n    def test_17_multiple_cities(self):\n        with allure.step(\"Accept cookies\"):\n            self.main_page.cookie_accept()\n        with allure.step(\"Choose multiple origin cities\"):\n>           self.main_page.choose_origin(\"New York\", 0, False)\n\ntests/mainpage_test.py:313: \n_ _ _ _ _ _ _ _ _ _ _ _ _ _ _ _ _ _ _ _ _ _ _ _ _ _ _ _ _ _ _ _ _ _ _ _ _ _ _ _ \npages/main_page.py:333: in choose_origin\n    self.fill_text(self.ORIGIN, origin)\npages/base_page.py:47: in fill_text\n    self.highlight_element(locator, \"Yellow\")\npages/base_page.py:28: in highlight_element\n    element = self.driver.find_element(*locator_or_element)\n              ^^^^^^^^^^^^^^^^^^^^^^^^^^^^^^^^^^^^^^^^^^^^^\n.venv/lib/python3.13/site-packages/selenium/webdriver/remote/webdriver.py:926: in find_element\n    return self.execute(Command.FIND_ELEMENT, {\"using\": by, \"value\": value})[\"value\"]\n           ^^^^^^^^^^^^^^^^^^^^^^^^^^^^^^^^^^^^^^^^^^^^^^^^^^^^^^^^^^^^^^^^^\n.venv/lib/python3.13/site-packages/selenium/webdriver/remote/webdriver.py:458: in execute\n    self.error_handler.check_response(response)\n_ _ _ _ _ _ _ _ _ _ _ _ _ _ _ _ _ _ _ _ _ _ _ _ _ _ _ _ _ _ _ _ _ _ _ _ _ _ _ _ \n\nself = <selenium.webdriver.remote.errorhandler.ErrorHandler object at 0x7f9a8f15ee90>\nresponse = {'status': 404, 'value': '{\"value\":{\"error\":\"no such element\",\"message\":\"no such element: Unable to locate element: {\\...\\\\n#17 0x55b7c406bff6 \\\\u003Cunknown>\\\\n#18 0x7ffafaa9caa4 \\\\u003Cunknown>\\\\n#19 0x7ffafab29c3c \\\\u003Cunknown>\\\\n\"}}'}\n\n    def check_response(self, response: dict[str, Any]) -> None:\n        \"\"\"Checks that a JSON response from the WebDriver does not have an\n        error.\n    \n        :Args:\n         - response - The JSON response from the WebDriver server as a dictionary\n           object.\n    \n        :Raises: If the response contains an error message.\n        \"\"\"\n        status = response.get(\"status\", None)\n        if not status or status == ErrorCode.SUCCESS:\n            return\n        value = None\n        message = response.get(\"message\", \"\")\n        screen: str = response.get(\"screen\", \"\")\n        stacktrace = None\n        if isinstance(status, int):\n            value_json = response.get(\"value\", None)\n            if value_json and isinstance(value_json, str):\n                try:\n                    value = json.loads(value_json)\n                    if isinstance(value, dict):\n                        if len(value) == 1:\n                            value = value[\"value\"]\n                        status = value.get(\"error\", None)\n                        if not status:\n                            status = value.get(\"status\", ErrorCode.UNKNOWN_ERROR)\n                            message = value.get(\"value\") or value.get(\"message\")\n                            if not isinstance(message, str):\n                                value = message\n                                message = message.get(\"message\")\n                        else:\n                            message = value.get(\"message\", None)\n                except ValueError:\n                    pass\n    \n        exception_class: type[WebDriverException]\n        e = ErrorCode()\n        error_codes = [item for item in dir(e) if not item.startswith(\"__\")]\n        for error_code in error_codes:\n            error_info = getattr(ErrorCode, error_code)\n            if isinstance(error_info, list) and status in error_info:\n                exception_class = getattr(ExceptionMapping, error_code, WebDriverException)\n                break\n        else:\n            exception_class = WebDriverException\n    \n        if not value:\n            value = response[\"value\"]\n        if isinstance(value, str):\n            raise exception_class(value)\n        if message == \"\" and \"message\" in value:\n            message = value[\"message\"]\n    \n        screen = None  # type: ignore[assignment]\n        if \"screen\" in value:\n            screen = value[\"screen\"]\n    \n        stacktrace = None\n        st_value = value.get(\"stackTrace\") or value.get(\"stacktrace\")\n        if st_value:\n            if isinstance(st_value, str):\n                stacktrace = st_value.split(\"\\n\")\n            else:\n                stacktrace = []\n                try:\n                    for frame in st_value:\n                        line = frame.get(\"lineNumber\", \"\")\n                        file = frame.get(\"fileName\", \"<anonymous>\")\n                        if line:\n                            file = f\"{file}:{line}\"\n                        meth = frame.get(\"methodName\", \"<anonymous>\")\n                        if \"className\" in frame:\n                            meth = f\"{frame['className']}.{meth}\"\n                        msg = \"    at %s (%s)\"\n                        msg = msg % (meth, file)\n                        stacktrace.append(msg)\n                except TypeError:\n                    pass\n        if exception_class == UnexpectedAlertPresentException:\n            alert_text = None\n            if \"data\" in value:\n                alert_text = value[\"data\"].get(\"text\")\n            elif \"alert\" in value:\n                alert_text = value[\"alert\"].get(\"text\")\n            raise exception_class(message, screen, stacktrace, alert_text)  # type: ignore[call-arg]  # mypy is not smart enough here\n>       raise exception_class(message, screen, stacktrace)\nE       selenium.common.exceptions.NoSuchElementException: Message: no such element: Unable to locate element: {\"method\":\"css selector\",\"selector\":\"#origin\"}\nE         (Session info: chrome=139.0.7258.127); For documentation on this error, please visit: https://www.selenium.dev/documentation/webdriver/troubleshooting/errors#nosuchelementexception\nE       Stacktrace:\nE       #0 0x55b7c406d01a <unknown>\nE       #1 0x55b7c3b0ca70 <unknown>\nE       #2 0x55b7c3b5e907 <unknown>\nE       #3 0x55b7c3b5eb01 <unknown>\nE       #4 0x55b7c3bacd54 <unknown>\nE       #5 0x55b7c3b8440d <unknown>\nE       #6 0x55b7c3baa14f <unknown>\nE       #7 0x55b7c3b841b3 <unknown>\nE       #8 0x55b7c3b5059b <unknown>\nE       #9 0x55b7c3b51971 <unknown>\nE       #10 0x55b7c40321eb <unknown>\nE       #11 0x55b7c4035f39 <unknown>\nE       #12 0x55b7c40192c9 <unknown>\nE       #13 0x55b7c4036ae8 <unknown>\nE       #14 0x55b7c3ffdbaf <unknown>\nE       #15 0x55b7c405a0a8 <unknown>\nE       #16 0x55b7c405a286 <unknown>\nE       #17 0x55b7c406bff6 <unknown>\nE       #18 0x7ffafaa9caa4 <unknown>\nE       #19 0x7ffafab29c3c <unknown>\n\n.venv/lib/python3.13/site-packages/selenium/webdriver/remote/errorhandler.py:232: NoSuchElementException","flaky":false,"newFailed":false,"newBroken":false,"newPassed":false,"retriesCount":0,"retriesStatusChange":false,"beforeStages":[{"name":"_session_faker","time":{"start":1755761098371,"stop":1755761098434,"duration":63},"status":"passed","steps":[],"attachments":[],"parameters":[],"stepsCount":0,"shouldDisplayMessage":false,"attachmentsCount":0,"hasContent":false,"attachmentStep":false},{"name":"setup_driver_class","time":{"start":1755761109246,"stop":1755761109586,"duration":340},"status":"passed","steps":[],"attachments":[],"parameters":[],"stepsCount":0,"shouldDisplayMessage":false,"attachmentsCount":0,"hasContent":false,"attachmentStep":false},{"name":"attach_driver_to_node","time":{"start":1755761153999,"stop":1755761153999,"duration":0},"status":"passed","steps":[],"attachments":[],"parameters":[],"stepsCount":0,"shouldDisplayMessage":false,"attachmentsCount":0,"hasContent":false,"attachmentStep":false}],"testStage":{"description":"Test to select multiple cities","status":"broken","statusMessage":"selenium.common.exceptions.NoSuchElementException: Message: no such element: Unable to locate element: {\"method\":\"css selector\",\"selector\":\"#origin\"}\n  (Session info: chrome=139.0.7258.127); For documentation on this error, please visit: https://www.selenium.dev/documentation/webdriver/troubleshooting/errors#nosuchelementexception\nStacktrace:\n#0 0x55b7c406d01a <unknown>\n#1 0x55b7c3b0ca70 <unknown>\n#2 0x55b7c3b5e907 <unknown>\n#3 0x55b7c3b5eb01 <unknown>\n#4 0x55b7c3bacd54 <unknown>\n#5 0x55b7c3b8440d <unknown>\n#6 0x55b7c3baa14f <unknown>\n#7 0x55b7c3b841b3 <unknown>\n#8 0x55b7c3b5059b <unknown>\n#9 0x55b7c3b51971 <unknown>\n#10 0x55b7c40321eb <unknown>\n#11 0x55b7c4035f39 <unknown>\n#12 0x55b7c40192c9 <unknown>\n#13 0x55b7c4036ae8 <unknown>\n#14 0x55b7c3ffdbaf <unknown>\n#15 0x55b7c405a0a8 <unknown>\n#16 0x55b7c405a286 <unknown>\n#17 0x55b7c406bff6 <unknown>\n#18 0x7ffafaa9caa4 <unknown>\n#19 0x7ffafab29c3c <unknown>","statusTrace":"self = <tests.mainpage_test.TestClass object at 0x7f9a8f135bd0>\n\n    @allure.severity(Severity.CRITICAL)\n    @allure.story(\"multiple cities selection\")\n    @allure.description(\"Test to select multiple cities\")\n    @allure.title(\"Multiple cities selection Test\")\n    def test_17_multiple_cities(self):\n        with allure.step(\"Accept cookies\"):\n            self.main_page.cookie_accept()\n        with allure.step(\"Choose multiple origin cities\"):\n>           self.main_page.choose_origin(\"New York\", 0, False)\n\ntests/mainpage_test.py:313: \n_ _ _ _ _ _ _ _ _ _ _ _ _ _ _ _ _ _ _ _ _ _ _ _ _ _ _ _ _ _ _ _ _ _ _ _ _ _ _ _ \npages/main_page.py:333: in choose_origin\n    self.fill_text(self.ORIGIN, origin)\npages/base_page.py:47: in fill_text\n    self.highlight_element(locator, \"Yellow\")\npages/base_page.py:28: in highlight_element\n    element = self.driver.find_element(*locator_or_element)\n              ^^^^^^^^^^^^^^^^^^^^^^^^^^^^^^^^^^^^^^^^^^^^^\n.venv/lib/python3.13/site-packages/selenium/webdriver/remote/webdriver.py:926: in find_element\n    return self.execute(Command.FIND_ELEMENT, {\"using\": by, \"value\": value})[\"value\"]\n           ^^^^^^^^^^^^^^^^^^^^^^^^^^^^^^^^^^^^^^^^^^^^^^^^^^^^^^^^^^^^^^^^^\n.venv/lib/python3.13/site-packages/selenium/webdriver/remote/webdriver.py:458: in execute\n    self.error_handler.check_response(response)\n_ _ _ _ _ _ _ _ _ _ _ _ _ _ _ _ _ _ _ _ _ _ _ _ _ _ _ _ _ _ _ _ _ _ _ _ _ _ _ _ \n\nself = <selenium.webdriver.remote.errorhandler.ErrorHandler object at 0x7f9a8f15ee90>\nresponse = {'status': 404, 'value': '{\"value\":{\"error\":\"no such element\",\"message\":\"no such element: Unable to locate element: {\\...\\\\n#17 0x55b7c406bff6 \\\\u003Cunknown>\\\\n#18 0x7ffafaa9caa4 \\\\u003Cunknown>\\\\n#19 0x7ffafab29c3c \\\\u003Cunknown>\\\\n\"}}'}\n\n    def check_response(self, response: dict[str, Any]) -> None:\n        \"\"\"Checks that a JSON response from the WebDriver does not have an\n        error.\n    \n        :Args:\n         - response - The JSON response from the WebDriver server as a dictionary\n           object.\n    \n        :Raises: If the response contains an error message.\n        \"\"\"\n        status = response.get(\"status\", None)\n        if not status or status == ErrorCode.SUCCESS:\n            return\n        value = None\n        message = response.get(\"message\", \"\")\n        screen: str = response.get(\"screen\", \"\")\n        stacktrace = None\n        if isinstance(status, int):\n            value_json = response.get(\"value\", None)\n            if value_json and isinstance(value_json, str):\n                try:\n                    value = json.loads(value_json)\n                    if isinstance(value, dict):\n                        if len(value) == 1:\n                            value = value[\"value\"]\n                        status = value.get(\"error\", None)\n                        if not status:\n                            status = value.get(\"status\", ErrorCode.UNKNOWN_ERROR)\n                            message = value.get(\"value\") or value.get(\"message\")\n                            if not isinstance(message, str):\n                                value = message\n                                message = message.get(\"message\")\n                        else:\n                            message = value.get(\"message\", None)\n                except ValueError:\n                    pass\n    \n        exception_class: type[WebDriverException]\n        e = ErrorCode()\n        error_codes = [item for item in dir(e) if not item.startswith(\"__\")]\n        for error_code in error_codes:\n            error_info = getattr(ErrorCode, error_code)\n            if isinstance(error_info, list) and status in error_info:\n                exception_class = getattr(ExceptionMapping, error_code, WebDriverException)\n                break\n        else:\n            exception_class = WebDriverException\n    \n        if not value:\n            value = response[\"value\"]\n        if isinstance(value, str):\n            raise exception_class(value)\n        if message == \"\" and \"message\" in value:\n            message = value[\"message\"]\n    \n        screen = None  # type: ignore[assignment]\n        if \"screen\" in value:\n            screen = value[\"screen\"]\n    \n        stacktrace = None\n        st_value = value.get(\"stackTrace\") or value.get(\"stacktrace\")\n        if st_value:\n            if isinstance(st_value, str):\n                stacktrace = st_value.split(\"\\n\")\n            else:\n                stacktrace = []\n                try:\n                    for frame in st_value:\n                        line = frame.get(\"lineNumber\", \"\")\n                        file = frame.get(\"fileName\", \"<anonymous>\")\n                        if line:\n                            file = f\"{file}:{line}\"\n                        meth = frame.get(\"methodName\", \"<anonymous>\")\n                        if \"className\" in frame:\n                            meth = f\"{frame['className']}.{meth}\"\n                        msg = \"    at %s (%s)\"\n                        msg = msg % (meth, file)\n                        stacktrace.append(msg)\n                except TypeError:\n                    pass\n        if exception_class == UnexpectedAlertPresentException:\n            alert_text = None\n            if \"data\" in value:\n                alert_text = value[\"data\"].get(\"text\")\n            elif \"alert\" in value:\n                alert_text = value[\"alert\"].get(\"text\")\n            raise exception_class(message, screen, stacktrace, alert_text)  # type: ignore[call-arg]  # mypy is not smart enough here\n>       raise exception_class(message, screen, stacktrace)\nE       selenium.common.exceptions.NoSuchElementException: Message: no such element: Unable to locate element: {\"method\":\"css selector\",\"selector\":\"#origin\"}\nE         (Session info: chrome=139.0.7258.127); For documentation on this error, please visit: https://www.selenium.dev/documentation/webdriver/troubleshooting/errors#nosuchelementexception\nE       Stacktrace:\nE       #0 0x55b7c406d01a <unknown>\nE       #1 0x55b7c3b0ca70 <unknown>\nE       #2 0x55b7c3b5e907 <unknown>\nE       #3 0x55b7c3b5eb01 <unknown>\nE       #4 0x55b7c3bacd54 <unknown>\nE       #5 0x55b7c3b8440d <unknown>\nE       #6 0x55b7c3baa14f <unknown>\nE       #7 0x55b7c3b841b3 <unknown>\nE       #8 0x55b7c3b5059b <unknown>\nE       #9 0x55b7c3b51971 <unknown>\nE       #10 0x55b7c40321eb <unknown>\nE       #11 0x55b7c4035f39 <unknown>\nE       #12 0x55b7c40192c9 <unknown>\nE       #13 0x55b7c4036ae8 <unknown>\nE       #14 0x55b7c3ffdbaf <unknown>\nE       #15 0x55b7c405a0a8 <unknown>\nE       #16 0x55b7c405a286 <unknown>\nE       #17 0x55b7c406bff6 <unknown>\nE       #18 0x7ffafaa9caa4 <unknown>\nE       #19 0x7ffafab29c3c <unknown>\n\n.venv/lib/python3.13/site-packages/selenium/webdriver/remote/errorhandler.py:232: NoSuchElementException","steps":[{"name":"Accept cookies","time":{"start":1755761153999,"stop":1755761155010,"duration":1011},"status":"passed","steps":[],"attachments":[],"parameters":[],"stepsCount":0,"shouldDisplayMessage":false,"attachmentsCount":0,"hasContent":false,"attachmentStep":false},{"name":"Choose multiple origin cities","time":{"start":1755761155011,"stop":1755761155025,"duration":14},"status":"broken","statusMessage":"selenium.common.exceptions.NoSuchElementException: Message: no such element: Unable to locate element: {\"method\":\"css selector\",\"selector\":\"#origin\"}\n  (Session info: chrome=139.0.7258.127); For documentation on this error, please visit: https://www.selenium.dev/documentation/webdriver/troubleshooting/errors#nosuchelementexception\nStacktrace:\n#0 0x55b7c406d01a <unknown>\n#1 0x55b7c3b0ca70 <unknown>\n#2 0x55b7c3b5e907 <unknown>\n#3 0x55b7c3b5eb01 <unknown>\n#4 0x55b7c3bacd54 <unknown>\n#5 0x55b7c3b8440d <unknown>\n#6 0x55b7c3baa14f <unknown>\n#7 0x55b7c3b841b3 <unknown>\n#8 0x55b7c3b5059b <unknown>\n#9 0x55b7c3b51971 <unknown>\n#10 0x55b7c40321eb <unknown>\n#11 0x55b7c4035f39 <unknown>\n#12 0x55b7c40192c9 <unknown>\n#13 0x55b7c4036ae8 <unknown>\n#14 0x55b7c3ffdbaf <unknown>\n#15 0x55b7c405a0a8 <unknown>\n#16 0x55b7c405a286 <unknown>\n#17 0x55b7c406bff6 <unknown>\n#18 0x7ffafaa9caa4 <unknown>\n#19 0x7ffafab29c3c <unknown>\n\n","statusTrace":"  File \"/home/runner/work/shichor-python/shichor-python/tests/mainpage_test.py\", line 313, in test_17_multiple_cities\n    self.main_page.choose_origin(\"New York\", 0, False)\n    ~~~~~~~~~~~~~~~~~~~~~~~~~~~~^^^^^^^^^^^^^^^^^^^^^^\n  File \"/home/runner/work/shichor-python/shichor-python/.venv/lib/python3.13/site-packages/allure_commons/_allure.py\", line 202, in impl\n    return func(*a, **kw)\n  File \"/home/runner/work/shichor-python/shichor-python/pages/main_page.py\", line 333, in choose_origin\n    self.fill_text(self.ORIGIN, origin)\n    ~~~~~~~~~~~~~~^^^^^^^^^^^^^^^^^^^^^\n  File \"/home/runner/work/shichor-python/shichor-python/pages/base_page.py\", line 47, in fill_text\n    self.highlight_element(locator, \"Yellow\")\n    ~~~~~~~~~~~~~~~~~~~~~~^^^^^^^^^^^^^^^^^^^\n  File \"/home/runner/work/shichor-python/shichor-python/pages/base_page.py\", line 28, in highlight_element\n    element = self.driver.find_element(*locator_or_element)\n  File \"/home/runner/work/shichor-python/shichor-python/.venv/lib/python3.13/site-packages/selenium/webdriver/remote/webdriver.py\", line 926, in find_element\n    return self.execute(Command.FIND_ELEMENT, {\"using\": by, \"value\": value})[\"value\"]\n           ~~~~~~~~~~~~^^^^^^^^^^^^^^^^^^^^^^^^^^^^^^^^^^^^^^^^^^^^^^^^^^^^^\n  File \"/home/runner/work/shichor-python/shichor-python/.venv/lib/python3.13/site-packages/selenium/webdriver/remote/webdriver.py\", line 458, in execute\n    self.error_handler.check_response(response)\n    ~~~~~~~~~~~~~~~~~~~~~~~~~~~~~~~~~^^^^^^^^^^\n  File \"/home/runner/work/shichor-python/shichor-python/.venv/lib/python3.13/site-packages/selenium/webdriver/remote/errorhandler.py\", line 232, in check_response\n    raise exception_class(message, screen, stacktrace)\n","steps":[{"name":"Choose origin city: 'New York'","time":{"start":1755761155011,"stop":1755761155024,"duration":13},"status":"broken","statusMessage":"selenium.common.exceptions.NoSuchElementException: Message: no such element: Unable to locate element: {\"method\":\"css selector\",\"selector\":\"#origin\"}\n  (Session info: chrome=139.0.7258.127); For documentation on this error, please visit: https://www.selenium.dev/documentation/webdriver/troubleshooting/errors#nosuchelementexception\nStacktrace:\n#0 0x55b7c406d01a <unknown>\n#1 0x55b7c3b0ca70 <unknown>\n#2 0x55b7c3b5e907 <unknown>\n#3 0x55b7c3b5eb01 <unknown>\n#4 0x55b7c3bacd54 <unknown>\n#5 0x55b7c3b8440d <unknown>\n#6 0x55b7c3baa14f <unknown>\n#7 0x55b7c3b841b3 <unknown>\n#8 0x55b7c3b5059b <unknown>\n#9 0x55b7c3b51971 <unknown>\n#10 0x55b7c40321eb <unknown>\n#11 0x55b7c4035f39 <unknown>\n#12 0x55b7c40192c9 <unknown>\n#13 0x55b7c4036ae8 <unknown>\n#14 0x55b7c3ffdbaf <unknown>\n#15 0x55b7c405a0a8 <unknown>\n#16 0x55b7c405a286 <unknown>\n#17 0x55b7c406bff6 <unknown>\n#18 0x7ffafaa9caa4 <unknown>\n#19 0x7ffafab29c3c <unknown>\n\n","statusTrace":"  File \"/home/runner/work/shichor-python/shichor-python/.venv/lib/python3.13/site-packages/allure_commons/_allure.py\", line 202, in impl\n    return func(*a, **kw)\n  File \"/home/runner/work/shichor-python/shichor-python/pages/main_page.py\", line 333, in choose_origin\n    self.fill_text(self.ORIGIN, origin)\n    ~~~~~~~~~~~~~~^^^^^^^^^^^^^^^^^^^^^\n  File \"/home/runner/work/shichor-python/shichor-python/pages/base_page.py\", line 47, in fill_text\n    self.highlight_element(locator, \"Yellow\")\n    ~~~~~~~~~~~~~~~~~~~~~~^^^^^^^^^^^^^^^^^^^\n  File \"/home/runner/work/shichor-python/shichor-python/pages/base_page.py\", line 28, in highlight_element\n    element = self.driver.find_element(*locator_or_element)\n  File \"/home/runner/work/shichor-python/shichor-python/.venv/lib/python3.13/site-packages/selenium/webdriver/remote/webdriver.py\", line 926, in find_element\n    return self.execute(Command.FIND_ELEMENT, {\"using\": by, \"value\": value})[\"value\"]\n           ~~~~~~~~~~~~^^^^^^^^^^^^^^^^^^^^^^^^^^^^^^^^^^^^^^^^^^^^^^^^^^^^^\n  File \"/home/runner/work/shichor-python/shichor-python/.venv/lib/python3.13/site-packages/selenium/webdriver/remote/webdriver.py\", line 458, in execute\n    self.error_handler.check_response(response)\n    ~~~~~~~~~~~~~~~~~~~~~~~~~~~~~~~~~^^^^^^^^^^\n  File \"/home/runner/work/shichor-python/shichor-python/.venv/lib/python3.13/site-packages/selenium/webdriver/remote/errorhandler.py\", line 232, in check_response\n    raise exception_class(message, screen, stacktrace)\n","steps":[],"attachments":[],"parameters":[{"name":"origin","value":"'New York'"},{"name":"index","value":"0"},{"name":"close","value":"False"}],"stepsCount":0,"shouldDisplayMessage":true,"attachmentsCount":0,"hasContent":true,"attachmentStep":false}],"attachments":[],"parameters":[],"stepsCount":1,"shouldDisplayMessage":false,"attachmentsCount":0,"hasContent":true,"attachmentStep":false}],"attachments":[{"uid":"e51a37e00556125d","name":"screenshot","source":"e51a37e00556125d.png","type":"image/png","size":75809},{"uid":"69170bbfd6a96172","name":"stdout","source":"69170bbfd6a96172.txt","type":"text/plain","size":988}],"parameters":[],"stepsCount":3,"shouldDisplayMessage":true,"attachmentsCount":2,"hasContent":true,"attachmentStep":false},"afterStages":[{"name":"setup_driver_class::0","time":{"start":1755761155161,"stop":1755761155228,"duration":67},"status":"passed","steps":[],"attachments":[],"parameters":[],"stepsCount":0,"shouldDisplayMessage":false,"attachmentsCount":0,"hasContent":false,"attachmentStep":false}],"labels":[{"name":"epic","value":"Main Page Tests"},{"name":"severity","value":"critical"},{"name":"story","value":"multiple cities selection"},{"name":"feature","value":"Main Page functionality"},{"name":"parentSuite","value":"tests"},{"name":"suite","value":"mainpage_test"},{"name":"subSuite","value":"TestClass"},{"name":"host","value":"pkrvmqc4gcfdwos"},{"name":"thread","value":"2509-MainThread"},{"name":"framework","value":"pytest"},{"name":"language","value":"cpython3"},{"name":"package","value":"tests.mainpage_test"},{"name":"resultFormat","value":"allure2"}],"parameters":[],"links":[],"hidden":false,"retry":false,"extra":{"severity":"critical","retries":[],"categories":[{"name":"Test defects","matchedStatuses":[],"flaky":false}],"tags":[]},"source":"b7ecb78ec7810c4.json","parameterValues":[]}