{"uid":"67a3887f7eb55142","name":"premium class ticket selection Test","fullName":"tests.mainpage_test.TestClass#test_14_order_premium","historyId":"a29fb78cd39a3af9addaa2a7113ebbb5","time":{"start":1755760626948,"stop":1755760626948,"duration":0},"description":"test to order premium ticket","descriptionHtml":"<p>test to order premium ticket</p>\n","status":"broken","statusMessage":"selenium.common.exceptions.WebDriverException: Message: unknown error: JavaScript code failed\nfrom unknown command: 'Runtime.evaluate' wasn't found\n  (Session info: chrome=139.0.7258.127)\nStacktrace:\n#0 0x55ea3186401a <unknown>\n#1 0x55ea31303a70 <unknown>\n#2 0x55ea312eb1f6 <unknown>\n#3 0x55ea312e9ab9 <unknown>\n#4 0x55ea312ea23f <unknown>\n#5 0x55ea31317dc4 <unknown>\n#6 0x55ea3130ca81 <unknown>\n#7 0x55ea3130c971 <unknown>\n#8 0x55ea312dbe3a <unknown>\n#9 0x55ea312da2a4 <unknown>\n#10 0x55ea313b5a7f <unknown>\n#11 0x55ea3137b3e2 <unknown>\n#12 0x55ea313a114f <unknown>\n#13 0x55ea3137b1b3 <unknown>\n#14 0x55ea3134759b <unknown>\n#15 0x55ea31348971 <unknown>\n#16 0x55ea318291eb <unknown>\n#17 0x55ea3182cf39 <unknown>\n#18 0x55ea318102c9 <unknown>\n#19 0x55ea3182dae8 <unknown>\n#20 0x55ea317f4baf <unknown>\n#21 0x55ea318510a8 <unknown>\n#22 0x55ea31851286 <unknown>\n#23 0x55ea31862ff6 <unknown>\n#24 0x7f25aae9caa4 <unknown>\n#25 0x7f25aaf29c3c <unknown>","statusTrace":"request = <SubRequest 'setup_driver_class' for <Function test_01_cookie_test>>\n\n    @pytest.fixture(scope=\"class\")\n    def setup_driver_class(request):\n        url = ConfigReader.read_config(\"general\",\"base_url\")\n        request.cls.driver = webdriver.Chrome()\n>       request.cls.driver.maximize_window()\n\ntests/conftest.py:16: \n_ _ _ _ _ _ _ _ _ _ _ _ _ _ _ _ _ _ _ _ _ _ _ _ _ _ _ _ _ _ _ _ _ _ _ _ _ _ _ _ \n.venv/lib/python3.13/site-packages/selenium/webdriver/remote/webdriver.py:650: in maximize_window\n    self.execute(command, None)\n.venv/lib/python3.13/site-packages/selenium/webdriver/remote/webdriver.py:458: in execute\n    self.error_handler.check_response(response)\n_ _ _ _ _ _ _ _ _ _ _ _ _ _ _ _ _ _ _ _ _ _ _ _ _ _ _ _ _ _ _ _ _ _ _ _ _ _ _ _ \n\nself = <selenium.webdriver.remote.errorhandler.ErrorHandler object at 0x7f45d89a79d0>\nresponse = {'status': 500, 'value': '{\"value\":{\"error\":\"unknown error\",\"message\":\"unknown error: JavaScript code failed\\\\nfrom un...\\\\n#23 0x55ea31862ff6 \\\\u003Cunknown>\\\\n#24 0x7f25aae9caa4 \\\\u003Cunknown>\\\\n#25 0x7f25aaf29c3c \\\\u003Cunknown>\\\\n\"}}'}\n\n    def check_response(self, response: dict[str, Any]) -> None:\n        \"\"\"Checks that a JSON response from the WebDriver does not have an\n        error.\n    \n        :Args:\n         - response - The JSON response from the WebDriver server as a dictionary\n           object.\n    \n        :Raises: If the response contains an error message.\n        \"\"\"\n        status = response.get(\"status\", None)\n        if not status or status == ErrorCode.SUCCESS:\n            return\n        value = None\n        message = response.get(\"message\", \"\")\n        screen: str = response.get(\"screen\", \"\")\n        stacktrace = None\n        if isinstance(status, int):\n            value_json = response.get(\"value\", None)\n            if value_json and isinstance(value_json, str):\n                try:\n                    value = json.loads(value_json)\n                    if isinstance(value, dict):\n                        if len(value) == 1:\n                            value = value[\"value\"]\n                        status = value.get(\"error\", None)\n                        if not status:\n                            status = value.get(\"status\", ErrorCode.UNKNOWN_ERROR)\n                            message = value.get(\"value\") or value.get(\"message\")\n                            if not isinstance(message, str):\n                                value = message\n                                message = message.get(\"message\")\n                        else:\n                            message = value.get(\"message\", None)\n                except ValueError:\n                    pass\n    \n        exception_class: type[WebDriverException]\n        e = ErrorCode()\n        error_codes = [item for item in dir(e) if not item.startswith(\"__\")]\n        for error_code in error_codes:\n            error_info = getattr(ErrorCode, error_code)\n            if isinstance(error_info, list) and status in error_info:\n                exception_class = getattr(ExceptionMapping, error_code, WebDriverException)\n                break\n        else:\n            exception_class = WebDriverException\n    \n        if not value:\n            value = response[\"value\"]\n        if isinstance(value, str):\n            raise exception_class(value)\n        if message == \"\" and \"message\" in value:\n            message = value[\"message\"]\n    \n        screen = None  # type: ignore[assignment]\n        if \"screen\" in value:\n            screen = value[\"screen\"]\n    \n        stacktrace = None\n        st_value = value.get(\"stackTrace\") or value.get(\"stacktrace\")\n        if st_value:\n            if isinstance(st_value, str):\n                stacktrace = st_value.split(\"\\n\")\n            else:\n                stacktrace = []\n                try:\n                    for frame in st_value:\n                        line = frame.get(\"lineNumber\", \"\")\n                        file = frame.get(\"fileName\", \"<anonymous>\")\n                        if line:\n                            file = f\"{file}:{line}\"\n                        meth = frame.get(\"methodName\", \"<anonymous>\")\n                        if \"className\" in frame:\n                            meth = f\"{frame['className']}.{meth}\"\n                        msg = \"    at %s (%s)\"\n                        msg = msg % (meth, file)\n                        stacktrace.append(msg)\n                except TypeError:\n                    pass\n        if exception_class == UnexpectedAlertPresentException:\n            alert_text = None\n            if \"data\" in value:\n                alert_text = value[\"data\"].get(\"text\")\n            elif \"alert\" in value:\n                alert_text = value[\"alert\"].get(\"text\")\n            raise exception_class(message, screen, stacktrace, alert_text)  # type: ignore[call-arg]  # mypy is not smart enough here\n>       raise exception_class(message, screen, stacktrace)\nE       selenium.common.exceptions.WebDriverException: Message: unknown error: JavaScript code failed\nE       from unknown command: 'Runtime.evaluate' wasn't found\nE         (Session info: chrome=139.0.7258.127)\nE       Stacktrace:\nE       #0 0x55ea3186401a <unknown>\nE       #1 0x55ea31303a70 <unknown>\nE       #2 0x55ea312eb1f6 <unknown>\nE       #3 0x55ea312e9ab9 <unknown>\nE       #4 0x55ea312ea23f <unknown>\nE       #5 0x55ea31317dc4 <unknown>\nE       #6 0x55ea3130ca81 <unknown>\nE       #7 0x55ea3130c971 <unknown>\nE       #8 0x55ea312dbe3a <unknown>\nE       #9 0x55ea312da2a4 <unknown>\nE       #10 0x55ea313b5a7f <unknown>\nE       #11 0x55ea3137b3e2 <unknown>\nE       #12 0x55ea313a114f <unknown>\nE       #13 0x55ea3137b1b3 <unknown>\nE       #14 0x55ea3134759b <unknown>\nE       #15 0x55ea31348971 <unknown>\nE       #16 0x55ea318291eb <unknown>\nE       #17 0x55ea3182cf39 <unknown>\nE       #18 0x55ea318102c9 <unknown>\nE       #19 0x55ea3182dae8 <unknown>\nE       #20 0x55ea317f4baf <unknown>\nE       #21 0x55ea318510a8 <unknown>\nE       #22 0x55ea31851286 <unknown>\nE       #23 0x55ea31862ff6 <unknown>\nE       #24 0x7f25aae9caa4 <unknown>\nE       #25 0x7f25aaf29c3c <unknown>\n\n.venv/lib/python3.13/site-packages/selenium/webdriver/remote/errorhandler.py:232: WebDriverException","flaky":false,"newFailed":false,"newBroken":false,"newPassed":false,"retriesCount":0,"retriesStatusChange":false,"beforeStages":[{"name":"_session_faker","time":{"start":1755760610454,"stop":1755760610516,"duration":62},"status":"passed","steps":[],"attachments":[],"parameters":[],"stepsCount":0,"shouldDisplayMessage":false,"attachmentsCount":0,"hasContent":false,"attachmentStep":false},{"name":"setup_driver_class","time":{"start":1755760625817,"stop":1755760626556,"duration":739},"status":"broken","statusMessage":"selenium.common.exceptions.WebDriverException: Message: unknown error: JavaScript code failed\nfrom unknown command: 'Runtime.evaluate' wasn't found\n  (Session info: chrome=139.0.7258.127)\nStacktrace:\n#0 0x55ea3186401a <unknown>\n#1 0x55ea31303a70 <unknown>\n#2 0x55ea312eb1f6 <unknown>\n#3 0x55ea312e9ab9 <unknown>\n#4 0x55ea312ea23f <unknown>\n#5 0x55ea31317dc4 <unknown>\n#6 0x55ea3130ca81 <unknown>\n#7 0x55ea3130c971 <unknown>\n#8 0x55ea312dbe3a <unknown>\n#9 0x55ea312da2a4 <unknown>\n#10 0x55ea313b5a7f <unknown>\n#11 0x55ea3137b3e2 <unknown>\n#12 0x55ea313a114f <unknown>\n#13 0x55ea3137b1b3 <unknown>\n#14 0x55ea3134759b <unknown>\n#15 0x55ea31348971 <unknown>\n#16 0x55ea318291eb <unknown>\n#17 0x55ea3182cf39 <unknown>\n#18 0x55ea318102c9 <unknown>\n#19 0x55ea3182dae8 <unknown>\n#20 0x55ea317f4baf <unknown>\n#21 0x55ea318510a8 <unknown>\n#22 0x55ea31851286 <unknown>\n#23 0x55ea31862ff6 <unknown>\n#24 0x7f25aae9caa4 <unknown>\n#25 0x7f25aaf29c3c <unknown>\n\n","statusTrace":"  File \"/home/runner/work/shichor-python/shichor-python/.venv/lib/python3.13/site-packages/pluggy/_callers.py\", line 38, in run_old_style_hookwrapper\n    res = yield\n          ^^^^^\n  File \"/home/runner/work/shichor-python/shichor-python/.venv/lib/python3.13/site-packages/pluggy/_callers.py\", line 139, in _multicall\n    teardown.throw(exception)\n    ~~~~~~~~~~~~~~^^^^^^^^^^^\n  File \"/home/runner/work/shichor-python/shichor-python/.venv/lib/python3.13/site-packages/_pytest/setuponly.py\", line 36, in pytest_fixture_setup\n    return (yield)\n            ^^^^^\n  File \"/home/runner/work/shichor-python/shichor-python/.venv/lib/python3.13/site-packages/pluggy/_callers.py\", line 121, in _multicall\n    res = hook_impl.function(*args)\n  File \"/home/runner/work/shichor-python/shichor-python/.venv/lib/python3.13/site-packages/_pytest/fixtures.py\", line 1195, in pytest_fixture_setup\n    result = call_fixture_func(fixturefunc, request, kwargs)\n  File \"/home/runner/work/shichor-python/shichor-python/.venv/lib/python3.13/site-packages/_pytest/fixtures.py\", line 922, in call_fixture_func\n    fixture_result = next(generator)\n  File \"/home/runner/work/shichor-python/shichor-python/tests/conftest.py\", line 16, in setup_driver_class\n    request.cls.driver.maximize_window()\n    ~~~~~~~~~~~~~~~~~~~~~~~~~~~~~~~~~~^^\n  File \"/home/runner/work/shichor-python/shichor-python/.venv/lib/python3.13/site-packages/selenium/webdriver/remote/webdriver.py\", line 650, in maximize_window\n    self.execute(command, None)\n    ~~~~~~~~~~~~^^^^^^^^^^^^^^^\n  File \"/home/runner/work/shichor-python/shichor-python/.venv/lib/python3.13/site-packages/selenium/webdriver/remote/webdriver.py\", line 458, in execute\n    self.error_handler.check_response(response)\n    ~~~~~~~~~~~~~~~~~~~~~~~~~~~~~~~~~^^^^^^^^^^\n  File \"/home/runner/work/shichor-python/shichor-python/.venv/lib/python3.13/site-packages/selenium/webdriver/remote/errorhandler.py\", line 232, in check_response\n    raise exception_class(message, screen, stacktrace)\n","steps":[],"attachments":[],"parameters":[],"stepsCount":0,"shouldDisplayMessage":true,"attachmentsCount":0,"hasContent":true,"attachmentStep":false}],"afterStages":[],"labels":[{"name":"severity","value":"critical"},{"name":"feature","value":"Main Page functionality"},{"name":"epic","value":"Main Page Tests"},{"name":"story","value":"order premium ticket"},{"name":"parentSuite","value":"tests"},{"name":"suite","value":"mainpage_test"},{"name":"subSuite","value":"TestClass"},{"name":"host","value":"pkrvmqc4gcfdwos"},{"name":"thread","value":"2526-MainThread"},{"name":"framework","value":"pytest"},{"name":"language","value":"cpython3"},{"name":"package","value":"tests.mainpage_test"},{"name":"resultFormat","value":"allure2"}],"parameters":[],"links":[],"hidden":false,"retry":false,"extra":{"severity":"critical","retries":[],"categories":[{"name":"Test defects","matchedStatuses":[],"flaky":false}],"tags":[]},"source":"67a3887f7eb55142.json","parameterValues":[]}