{"uid":"4b4757e66a1912dae1a509f688f20b0f","children":[{"name":"Test defects","children":[{"name":"selenium.common.exceptions.NoSuchElementException: Message: no such element: Unable to locate element: {\"method\":\"css selector\",\"selector\":\"#cookies_accept > div\"}\n  (Session info: chrome=139.0.7258.127); For documentation on this error, please visit: https://www.selenium.dev/documentation/webdriver/troubleshooting/errors#nosuchelementexception\nStacktrace:\n#0 0x55856fc7701a <unknown>\n#1 0x55856f716a70 <unknown>\n#2 0x55856f768907 <unknown>\n#3 0x55856f768b01 <unknown>\n#4 0x55856f7b6d54 <unknown>\n#5 0x55856f78e40d <unknown>\n#6 0x55856f7b414f <unknown>\n#7 0x55856f78e1b3 <unknown>\n#8 0x55856f75a59b <unknown>\n#9 0x55856f75b971 <unknown>\n#10 0x55856fc3c1eb <unknown>\n#11 0x55856fc3ff39 <unknown>\n#12 0x55856fc232c9 <unknown>\n#13 0x55856fc40ae8 <unknown>\n#14 0x55856fc07baf <unknown>\n#15 0x55856fc640a8 <unknown>\n#16 0x55856fc64286 <unknown>\n#17 0x55856fc75ff6 <unknown>\n#18 0x7f047d29caa4 <unknown>\n#19 0x7f047d329c3c <unknown>","children":[{"name":"Coin Change Test","uid":"1bc04357b8de2ca2","parentUid":"78b94f03311b072950e407e21ab689a2","status":"broken","time":{"start":1755761106726,"stop":1755761107877,"duration":1151},"flaky":false,"newFailed":false,"newPassed":false,"newBroken":false,"retriesCount":0,"retriesStatusChange":false,"parameters":[],"tags":[]},{"name":"Country Change Test","uid":"76752ebe1c2e1b30","parentUid":"78b94f03311b072950e407e21ab689a2","status":"broken","time":{"start":1755761108059,"stop":1755761109072,"duration":1013},"flaky":false,"newFailed":false,"newPassed":false,"newBroken":false,"retriesCount":0,"retriesStatusChange":false,"parameters":[],"tags":[]}],"uid":"78b94f03311b072950e407e21ab689a2"},{"name":"selenium.common.exceptions.NoSuchElementException: Message: no such element: Unable to locate element: {\"method\":\"css selector\",\"selector\":\"#cookie_consent > div > div > div > section > div.orbit-stack.items-start.content-start.flex-nowrap.grow.shrink-0.justify-start.flex-row.flex.gap-400.w-full > button.space-x-200.rtl\\:space-x-reverse.h-form-box-normal.text-normal.bg-button-secondary-background.hover\\:bg-button-secondary-background-hover.active\\:bg-button-secondary-background-active.disabled\\:bg-button-secondary-background.focus\\:bg-button-secondary-background-focus.text-button-secondary-foreground.focus\\:text-button-secondary-foreground-focus.active\\:text-button-secondary-foreground-active.hover\\:text-button-secondary-foreground-hover.disabled\\:text-button-secondary-foreground.active\\:shadow-button-active-pale.px-button-padding-md.orbit-button-primitive.font-base.duration-fast.group.relative.max-w-full.select-none.items-center.justify-center.border-none.text-center.leading-none.transition-all.\\*\\:align-middle.\\[\\&_\\.orbit-loading-spinner\\]\\:stroke-current.w-full.flex-auto.rounded-150.tb\\:rounded-100.cursor-pointer.hover\\:no-underline.focus\\:no-underline.active\\:no-underline.flex.font-medium > div\"}\n  (Session info: chrome=139.0.7258.127); For documentation on this error, please visit: https://www.selenium.dev/documentation/webdriver/troubleshooting/errors#nosuchelementexception\nStacktrace:\n#0 0x55b7c406d01a <unknown>\n#1 0x55b7c3b0ca70 <unknown>\n#2 0x55b7c3b5e907 <unknown>\n#3 0x55b7c3b5eb01 <unknown>\n#4 0x55b7c3bacd54 <unknown>\n#5 0x55b7c3b8440d <unknown>\n#6 0x55b7c3baa14f <unknown>\n#7 0x55b7c3b841b3 <unknown>\n#8 0x55b7c3b5059b <unknown>\n#9 0x55b7c3b51971 <unknown>\n#10 0x55b7c40321eb <unknown>\n#11 0x55b7c4035f39 <unknown>\n#12 0x55b7c40192c9 <unknown>\n#13 0x55b7c4036ae8 <unknown>\n#14 0x55b7c3ffdbaf <unknown>\n#15 0x55b7c405a0a8 <unknown>\n#16 0x55b7c405a286 <unknown>\n#17 0x55b7c406bff6 <unknown>\n#18 0x7ffafaa9caa4 <unknown>\n#19 0x7ffafab29c3c <unknown>","children":[{"name":"Cookie Customization Test","uid":"a66ebb47f8c59f12","parentUid":"a899314aec1c52cf605b3c42d9a7feaa","status":"broken","time":{"start":1755761109587,"stop":1755761113604,"duration":4017},"flaky":false,"newFailed":false,"newPassed":false,"newBroken":false,"retriesCount":0,"retriesStatusChange":false,"parameters":[],"tags":[]}],"uid":"a899314aec1c52cf605b3c42d9a7feaa"},{"name":"selenium.common.exceptions.NoSuchElementException: Message: no such element: Unable to locate element: {\"method\":\"css selector\",\"selector\":\"#cookies_accept > div\"}\n  (Session info: chrome=139.0.7258.127); For documentation on this error, please visit: https://www.selenium.dev/documentation/webdriver/troubleshooting/errors#nosuchelementexception\nStacktrace:\n#0 0x55b7c406d01a <unknown>\n#1 0x55b7c3b0ca70 <unknown>\n#2 0x55b7c3b5e907 <unknown>\n#3 0x55b7c3b5eb01 <unknown>\n#4 0x55b7c3bacd54 <unknown>\n#5 0x55b7c3b8440d <unknown>\n#6 0x55b7c3baa14f <unknown>\n#7 0x55b7c3b841b3 <unknown>\n#8 0x55b7c3b5059b <unknown>\n#9 0x55b7c3b51971 <unknown>\n#10 0x55b7c40321eb <unknown>\n#11 0x55b7c4035f39 <unknown>\n#12 0x55b7c40192c9 <unknown>\n#13 0x55b7c4036ae8 <unknown>\n#14 0x55b7c3ffdbaf <unknown>\n#15 0x55b7c405a0a8 <unknown>\n#16 0x55b7c405a286 <unknown>\n#17 0x55b7c406bff6 <unknown>\n#18 0x7ffafaa9caa4 <unknown>\n#19 0x7ffafab29c3c <unknown>","children":[{"name":"Links check Test","uid":"14900441d2a5647","parentUid":"43400f9fd494c66833d7fe6e297ebc56","status":"broken","time":{"start":1755761113872,"stop":1755761114888,"duration":1016},"flaky":false,"newFailed":false,"newPassed":false,"newBroken":false,"retriesCount":0,"retriesStatusChange":false,"parameters":[],"tags":[]}],"uid":"43400f9fd494c66833d7fe6e297ebc56"},{"name":"selenium.common.exceptions.NoSuchElementException: Message: no such element: Unable to locate element: {\"method\":\"css selector\",\"selector\":\"div.lm\\:mb-100.mb-300.flex.items-center.tb\\:justify-start.justify-between > div:nth-child(2) > div:nth-child(1) > div\"}\n  (Session info: chrome=139.0.7258.127); For documentation on this error, please visit: https://www.selenium.dev/documentation/webdriver/troubleshooting/errors#nosuchelementexception\nStacktrace:\n#0 0x55b7c406d01a <unknown>\n#1 0x55b7c3b0ca70 <unknown>\n#2 0x55b7c3b5e907 <unknown>\n#3 0x55b7c3b5eb01 <unknown>\n#4 0x55b7c3bacd54 <unknown>\n#5 0x55b7c3b8440d <unknown>\n#6 0x55b7c3baa14f <unknown>\n#7 0x55b7c3b841b3 <unknown>\n#8 0x55b7c3b5059b <unknown>\n#9 0x55b7c3b51971 <unknown>\n#10 0x55b7c40321eb <unknown>\n#11 0x55b7c4035f39 <unknown>\n#12 0x55b7c40192c9 <unknown>\n#13 0x55b7c4036ae8 <unknown>\n#14 0x55b7c3ffdbaf <unknown>\n#15 0x55b7c405a0a8 <unknown>\n#16 0x55b7c405a286 <unknown>\n#17 0x55b7c406bff6 <unknown>\n#18 0x7ffafaa9caa4 <unknown>\n#19 0x7ffafab29c3c <unknown>","children":[{"name":"class ticket selection Test","uid":"dec9a222ded954ab","parentUid":"e0d5417fcac604f3072ee2a731adc229","status":"broken","time":{"start":1755761122130,"stop":1755761124199,"duration":2069},"flaky":false,"newFailed":false,"newPassed":false,"newBroken":false,"retriesCount":0,"retriesStatusChange":false,"parameters":[],"tags":[]},{"name":"Order first class ticket Test","uid":"6443d161799e98aa","parentUid":"e0d5417fcac604f3072ee2a731adc229","status":"broken","time":{"start":1755761140297,"stop":1755761142322,"duration":2025},"flaky":false,"newFailed":false,"newPassed":false,"newBroken":false,"retriesCount":0,"retriesStatusChange":false,"parameters":[],"tags":[]},{"name":"premium class ticket selection Test","uid":"3515726b75b6b378","parentUid":"e0d5417fcac604f3072ee2a731adc229","status":"broken","time":{"start":1755761147580,"stop":1755761149605,"duration":2025},"flaky":false,"newFailed":false,"newPassed":false,"newBroken":false,"retriesCount":0,"retriesStatusChange":false,"parameters":[],"tags":[]},{"name":"business class ticket selection Test","uid":"b516fcc6eef6898c","parentUid":"e0d5417fcac604f3072ee2a731adc229","status":"broken","time":{"start":1755761149714,"stop":1755761151739,"duration":2025},"flaky":false,"newFailed":false,"newPassed":false,"newBroken":false,"retriesCount":0,"retriesStatusChange":false,"parameters":[],"tags":[]}],"uid":"e0d5417fcac604f3072ee2a731adc229"},{"name":"selenium.common.exceptions.NoSuchElementException: Message: no such element: Unable to locate element: {\"method\":\"css selector\",\"selector\":\"[data-test=\"PlacePickerInputPlace-close\"]\"}\n  (Session info: chrome=139.0.7258.127); For documentation on this error, please visit: https://www.selenium.dev/documentation/webdriver/troubleshooting/errors#nosuchelementexception\nStacktrace:\n#0 0x55b7c406d01a <unknown>\n#1 0x55b7c3b0ca70 <unknown>\n#2 0x55b7c3b5e907 <unknown>\n#3 0x55b7c3b5eb01 <unknown>\n#4 0x55b7c3bacd54 <unknown>\n#5 0x55b7c3b8440d <unknown>\n#6 0x55b7c3baa14f <unknown>\n#7 0x55b7c3b841b3 <unknown>\n#8 0x55b7c3b5059b <unknown>\n#9 0x55b7c3b51971 <unknown>\n#10 0x55b7c40321eb <unknown>\n#11 0x55b7c4035f39 <unknown>\n#12 0x55b7c40192c9 <unknown>\n#13 0x55b7c4036ae8 <unknown>\n#14 0x55b7c3ffdbaf <unknown>\n#15 0x55b7c405a0a8 <unknown>\n#16 0x55b7c405a286 <unknown>\n#17 0x55b7c406bff6 <unknown>\n#18 0x7ffafaa9caa4 <unknown>\n#19 0x7ffafab29c3c <unknown>","children":[{"name":"origin selection Test","uid":"32530d6995d57076","parentUid":"b6faf7d06de4e48f6e9beb987337c641","status":"broken","time":{"start":1755761127430,"stop":1755761129458,"duration":2028},"flaky":false,"newFailed":false,"newPassed":false,"newBroken":false,"retriesCount":0,"retriesStatusChange":false,"parameters":[],"tags":[]},{"name":"economy ticket order Test","uid":"8117cac33b6e69a7","parentUid":"b6faf7d06de4e48f6e9beb987337c641","status":"broken","time":{"start":1755761142432,"stop":1755761147467,"duration":5035},"flaky":false,"newFailed":false,"newPassed":false,"newBroken":false,"retriesCount":0,"retriesStatusChange":false,"parameters":[],"tags":[]},{"name":"switching location selection Test","uid":"dfa4c1e4e7648ebc","parentUid":"b6faf7d06de4e48f6e9beb987337c641","status":"broken","time":{"start":1755761151863,"stop":1755761153889,"duration":2026},"flaky":false,"newFailed":false,"newPassed":false,"newBroken":false,"retriesCount":0,"retriesStatusChange":false,"parameters":[],"tags":[]}],"uid":"b6faf7d06de4e48f6e9beb987337c641"},{"name":"selenium.common.exceptions.NoSuchElementException: Message: no such element: Unable to locate element: {\"method\":\"css selector\",\"selector\":\"#destination\"}\n  (Session info: chrome=139.0.7258.127); For documentation on this error, please visit: https://www.selenium.dev/documentation/webdriver/troubleshooting/errors#nosuchelementexception\nStacktrace:\n#0 0x55b7c406d01a <unknown>\n#1 0x55b7c3b0ca70 <unknown>\n#2 0x55b7c3b5e907 <unknown>\n#3 0x55b7c3b5eb01 <unknown>\n#4 0x55b7c3bacd54 <unknown>\n#5 0x55b7c3b8440d <unknown>\n#6 0x55b7c3baa14f <unknown>\n#7 0x55b7c3b841b3 <unknown>\n#8 0x55b7c3b5059b <unknown>\n#9 0x55b7c3b51971 <unknown>\n#10 0x55b7c40321eb <unknown>\n#11 0x55b7c4035f39 <unknown>\n#12 0x55b7c40192c9 <unknown>\n#13 0x55b7c4036ae8 <unknown>\n#14 0x55b7c3ffdbaf <unknown>\n#15 0x55b7c405a0a8 <unknown>\n#16 0x55b7c405a286 <unknown>\n#17 0x55b7c406bff6 <unknown>\n#18 0x7ffafaa9caa4 <unknown>\n#19 0x7ffafab29c3c <unknown>","children":[{"name":"Destination selection Test","uid":"ca9a94e14de7a653","parentUid":"d23dc2b6d33998ce8d5f90d49e5fc762","status":"broken","time":{"start":1755761129573,"stop":1755761131601,"duration":2028},"flaky":false,"newFailed":false,"newPassed":false,"newBroken":false,"retriesCount":0,"retriesStatusChange":false,"parameters":[],"tags":[]}],"uid":"d23dc2b6d33998ce8d5f90d49e5fc762"},{"name":"selenium.common.exceptions.NoSuchElementException: Message: no such element: Unable to locate element: {\"method\":\"css selector\",\"selector\":\"#outboundDate\"}\n  (Session info: chrome=139.0.7258.127); For documentation on this error, please visit: https://www.selenium.dev/documentation/webdriver/troubleshooting/errors#nosuchelementexception\nStacktrace:\n#0 0x55b7c406d01a <unknown>\n#1 0x55b7c3b0ca70 <unknown>\n#2 0x55b7c3b5e907 <unknown>\n#3 0x55b7c3b5eb01 <unknown>\n#4 0x55b7c3bacd54 <unknown>\n#5 0x55b7c3b8440d <unknown>\n#6 0x55b7c3baa14f <unknown>\n#7 0x55b7c3b841b3 <unknown>\n#8 0x55b7c3b5059b <unknown>\n#9 0x55b7c3b51971 <unknown>\n#10 0x55b7c40321eb <unknown>\n#11 0x55b7c4035f39 <unknown>\n#12 0x55b7c40192c9 <unknown>\n#13 0x55b7c4036ae8 <unknown>\n#14 0x55b7c3ffdbaf <unknown>\n#15 0x55b7c405a0a8 <unknown>\n#16 0x55b7c405a286 <unknown>\n#17 0x55b7c406bff6 <unknown>\n#18 0x7ffafaa9caa4 <unknown>\n#19 0x7ffafab29c3c <unknown>","children":[{"name":"departure date selection Test","uid":"a0d2ef0c70620e1e","parentUid":"0433333c477c2b678fcc3e2e67db4997","status":"broken","time":{"start":1755761131714,"stop":1755761133742,"duration":2028},"flaky":false,"newFailed":false,"newPassed":false,"newBroken":false,"retriesCount":0,"retriesStatusChange":false,"parameters":[],"tags":[]},{"name":"departure and return dates selection Test","uid":"90eec0e17a1162ff","parentUid":"0433333c477c2b678fcc3e2e67db4997","status":"broken","time":{"start":1755761136013,"stop":1755761138038,"duration":2025},"flaky":false,"newFailed":false,"newPassed":false,"newBroken":false,"retriesCount":0,"retriesStatusChange":false,"parameters":[],"tags":[]},{"name":"cancel departure and return dates selection Test","uid":"fe315860c6e14345","parentUid":"0433333c477c2b678fcc3e2e67db4997","status":"broken","time":{"start":1755761138146,"stop":1755761140172,"duration":2026},"flaky":false,"newFailed":false,"newPassed":false,"newBroken":false,"retriesCount":0,"retriesStatusChange":false,"parameters":[],"tags":[]}],"uid":"0433333c477c2b678fcc3e2e67db4997"},{"name":"selenium.common.exceptions.NoSuchElementException: Message: no such element: Unable to locate element: {\"method\":\"css selector\",\"selector\":\"#inboundDate\"}\n  (Session info: chrome=139.0.7258.127); For documentation on this error, please visit: https://www.selenium.dev/documentation/webdriver/troubleshooting/errors#nosuchelementexception\nStacktrace:\n#0 0x55b7c406d01a <unknown>\n#1 0x55b7c3b0ca70 <unknown>\n#2 0x55b7c3b5e907 <unknown>\n#3 0x55b7c3b5eb01 <unknown>\n#4 0x55b7c3bacd54 <unknown>\n#5 0x55b7c3b8440d <unknown>\n#6 0x55b7c3baa14f <unknown>\n#7 0x55b7c3b841b3 <unknown>\n#8 0x55b7c3b5059b <unknown>\n#9 0x55b7c3b51971 <unknown>\n#10 0x55b7c40321eb <unknown>\n#11 0x55b7c4035f39 <unknown>\n#12 0x55b7c40192c9 <unknown>\n#13 0x55b7c4036ae8 <unknown>\n#14 0x55b7c3ffdbaf <unknown>\n#15 0x55b7c405a0a8 <unknown>\n#16 0x55b7c405a286 <unknown>\n#17 0x55b7c406bff6 <unknown>\n#18 0x7ffafaa9caa4 <unknown>\n#19 0x7ffafab29c3c <unknown>","children":[{"name":"return date selection Test","uid":"5388419a5e0a57ea","parentUid":"f9a556836ab7a4c40bc577aa33ec266c","status":"broken","time":{"start":1755761133863,"stop":1755761135891,"duration":2028},"flaky":false,"newFailed":false,"newPassed":false,"newBroken":false,"retriesCount":0,"retriesStatusChange":false,"parameters":[],"tags":[]}],"uid":"f9a556836ab7a4c40bc577aa33ec266c"},{"name":"selenium.common.exceptions.NoSuchElementException: Message: no such element: Unable to locate element: {\"method\":\"css selector\",\"selector\":\"#origin\"}\n  (Session info: chrome=139.0.7258.127); For documentation on this error, please visit: https://www.selenium.dev/documentation/webdriver/troubleshooting/errors#nosuchelementexception\nStacktrace:\n#0 0x55b7c406d01a <unknown>\n#1 0x55b7c3b0ca70 <unknown>\n#2 0x55b7c3b5e907 <unknown>\n#3 0x55b7c3b5eb01 <unknown>\n#4 0x55b7c3bacd54 <unknown>\n#5 0x55b7c3b8440d <unknown>\n#6 0x55b7c3baa14f <unknown>\n#7 0x55b7c3b841b3 <unknown>\n#8 0x55b7c3b5059b <unknown>\n#9 0x55b7c3b51971 <unknown>\n#10 0x55b7c40321eb <unknown>\n#11 0x55b7c4035f39 <unknown>\n#12 0x55b7c40192c9 <unknown>\n#13 0x55b7c4036ae8 <unknown>\n#14 0x55b7c3ffdbaf <unknown>\n#15 0x55b7c405a0a8 <unknown>\n#16 0x55b7c405a286 <unknown>\n#17 0x55b7c406bff6 <unknown>\n#18 0x7ffafaa9caa4 <unknown>\n#19 0x7ffafab29c3c <unknown>","children":[{"name":"Multiple cities selection Test","uid":"b7ecb78ec7810c4","parentUid":"637ab366ea1fcda9600af10efc94585d","status":"broken","time":{"start":1755761153999,"stop":1755761155026,"duration":1027},"flaky":false,"newFailed":false,"newPassed":false,"newBroken":false,"retriesCount":0,"retriesStatusChange":false,"parameters":[],"tags":[]}],"uid":"637ab366ea1fcda9600af10efc94585d"},{"name":"selenium.common.exceptions.NoSuchElementException: Message: no such element: Unable to locate element: {\"method\":\"css selector\",\"selector\":\"#cookies_accept > div\"}\n  (Session info: chrome=139.0.7258.127); For documentation on this error, please visit: https://www.selenium.dev/documentation/webdriver/troubleshooting/errors#nosuchelementexception\nStacktrace:\n#0 0x55e7ebc9101a <unknown>\n#1 0x55e7eb730a70 <unknown>\n#2 0x55e7eb782907 <unknown>\n#3 0x55e7eb782b01 <unknown>\n#4 0x55e7eb7d0d54 <unknown>\n#5 0x55e7eb7a840d <unknown>\n#6 0x55e7eb7ce14f <unknown>\n#7 0x55e7eb7a81b3 <unknown>\n#8 0x55e7eb77459b <unknown>\n#9 0x55e7eb775971 <unknown>\n#10 0x55e7ebc561eb <unknown>\n#11 0x55e7ebc59f39 <unknown>\n#12 0x55e7ebc3d2c9 <unknown>\n#13 0x55e7ebc5aae8 <unknown>\n#14 0x55e7ebc21baf <unknown>\n#15 0x55e7ebc7e0a8 <unknown>\n#16 0x55e7ebc7e286 <unknown>\n#17 0x55e7ebc8fff6 <unknown>\n#18 0x7f69dca9caa4 <unknown>\n#19 0x7f69dcb29c3c <unknown>","children":[{"name":"failed signup Test","uid":"87125310748d2eef","parentUid":"9c63c0529ae24906abf044766f9343f0","status":"broken","time":{"start":1755761155592,"stop":1755761156609,"duration":1017},"flaky":false,"newFailed":false,"newPassed":false,"newBroken":false,"retriesCount":0,"retriesStatusChange":false,"parameters":[],"tags":[]},{"name":"wrong format signup Test","uid":"8fd5d51f42453497","parentUid":"9c63c0529ae24906abf044766f9343f0","status":"broken","time":{"start":1755761156712,"stop":1755761157725,"duration":1013},"flaky":false,"newFailed":false,"newPassed":false,"newBroken":false,"retriesCount":0,"retriesStatusChange":false,"parameters":[],"tags":[]},{"name":"incorrect booking Test","uid":"b369fe2d3ee922fd","parentUid":"9c63c0529ae24906abf044766f9343f0","status":"broken","time":{"start":1755761157829,"stop":1755761158842,"duration":1013},"flaky":false,"newFailed":false,"newPassed":false,"newBroken":false,"retriesCount":0,"retriesStatusChange":false,"parameters":[],"tags":[]}],"uid":"9c63c0529ae24906abf044766f9343f0"}],"uid":"bdbf199525818fae7a8651db9eafe741"},{"name":"Product defects","children":[{"name":"AssertionError: assert 'No trip selector available' == 'Return'\n  \n  - Return\n  + No trip selector available","children":[{"name":"trip ticket selection Test","uid":"fd121f94443a205b","parentUid":"6287640cd7abd672b83738f0b68948a7","status":"failed","time":{"start":1755761114997,"stop":1755761122057,"duration":7060},"flaky":false,"newFailed":false,"newPassed":false,"newBroken":false,"retriesCount":0,"retriesStatusChange":false,"parameters":[],"tags":[]}],"uid":"6287640cd7abd672b83738f0b68948a7"},{"name":"AssertionError: assert 'Error' in '3 Passengers'","children":[{"name":"passengers ticket selection Test","uid":"f05cbed97872f6f9","parentUid":"5272a561a62ed86b0ea01409f8840fab","status":"failed","time":{"start":1755761124314,"stop":1755761127352,"duration":3038},"flaky":false,"newFailed":false,"newPassed":false,"newBroken":false,"retriesCount":0,"retriesStatusChange":false,"parameters":[],"tags":[]}],"uid":"5272a561a62ed86b0ea01409f8840fab"}],"uid":"8fb3a91ba5aaf9de24cc8a92edc82b5d"}],"name":"categories"}