{"5655f94eab575e8bfa6b3699677cfa54":{"statistic":{"failed":0,"broken":1,"skipped":0,"passed":0,"unknown":0,"total":1},"items":[{"uid":"165282c95a55224c","reportUrl":"https://erubazo.github.io/shichor-python/5/#testresult/165282c95a55224c","status":"broken","statusDetails":"selenium.common.exceptions.WebDriverException: Message: unknown error: JavaScript code failed\nfrom unknown command: 'Runtime.evaluate' wasn't found\n  (Session info: chrome=139.0.7258.127)\nStacktrace:\n#0 0x55ea3186401a <unknown>\n#1 0x55ea31303a70 <unknown>\n#2 0x55ea312eb1f6 <unknown>\n#3 0x55ea312e9ab9 <unknown>\n#4 0x55ea312ea23f <unknown>\n#5 0x55ea31317dc4 <unknown>\n#6 0x55ea3130ca81 <unknown>\n#7 0x55ea3130c971 <unknown>\n#8 0x55ea312dbe3a <unknown>\n#9 0x55ea312da2a4 <unknown>\n#10 0x55ea313b5a7f <unknown>\n#11 0x55ea3137b3e2 <unknown>\n#12 0x55ea313a114f <unknown>\n#13 0x55ea3137b1b3 <unknown>\n#14 0x55ea3134759b <unknown>\n#15 0x55ea31348971 <unknown>\n#16 0x55ea318291eb <unknown>\n#17 0x55ea3182cf39 <unknown>\n#18 0x55ea318102c9 <unknown>\n#19 0x55ea3182dae8 <unknown>\n#20 0x55ea317f4baf <unknown>\n#21 0x55ea318510a8 <unknown>\n#22 0x55ea31851286 <unknown>\n#23 0x55ea31862ff6 <unknown>\n#24 0x7f25aae9caa4 <unknown>\n#25 0x7f25aaf29c3c <unknown>","time":{"start":1755760626678,"stop":1755760626678,"duration":0}}]},"bae716c86efcbc48f6015ff0968e9fbc":{"statistic":{"failed":0,"broken":1,"skipped":0,"passed":0,"unknown":0,"total":1},"items":[{"uid":"369e865b8fdaafa7","reportUrl":"https://erubazo.github.io/shichor-python/5/#testresult/369e865b8fdaafa7","status":"broken","statusDetails":"selenium.common.exceptions.WebDriverException: Message: unknown error: JavaScript code failed\nfrom unknown command: 'Runtime.evaluate' wasn't found\n  (Session info: chrome=139.0.7258.127)\nStacktrace:\n#0 0x55ea3186401a <unknown>\n#1 0x55ea31303a70 <unknown>\n#2 0x55ea312eb1f6 <unknown>\n#3 0x55ea312e9ab9 <unknown>\n#4 0x55ea312ea23f <unknown>\n#5 0x55ea31317dc4 <unknown>\n#6 0x55ea3130ca81 <unknown>\n#7 0x55ea3130c971 <unknown>\n#8 0x55ea312dbe3a <unknown>\n#9 0x55ea312da2a4 <unknown>\n#10 0x55ea313b5a7f <unknown>\n#11 0x55ea3137b3e2 <unknown>\n#12 0x55ea313a114f <unknown>\n#13 0x55ea3137b1b3 <unknown>\n#14 0x55ea3134759b <unknown>\n#15 0x55ea31348971 <unknown>\n#16 0x55ea318291eb <unknown>\n#17 0x55ea3182cf39 <unknown>\n#18 0x55ea318102c9 <unknown>\n#19 0x55ea3182dae8 <unknown>\n#20 0x55ea317f4baf <unknown>\n#21 0x55ea318510a8 <unknown>\n#22 0x55ea31851286 <unknown>\n#23 0x55ea31862ff6 <unknown>\n#24 0x7f25aae9caa4 <unknown>\n#25 0x7f25aaf29c3c <unknown>","time":{"start":1755760627007,"stop":1755760627007,"duration":0}}]},"4569b31842a85143286424547beab159":{"statistic":{"failed":0,"broken":1,"skipped":0,"passed":0,"unknown":0,"total":1},"items":[{"uid":"78b8eae2ee626be5","reportUrl":"https://erubazo.github.io/shichor-python/5/#testresult/78b8eae2ee626be5","status":"broken","statusDetails":"selenium.common.exceptions.WebDriverException: Message: unknown error: JavaScript code failed\nfrom unknown command: 'Runtime.evaluate' wasn't found\n  (Session info: chrome=139.0.7258.127)\nStacktrace:\n#0 0x55ea3186401a <unknown>\n#1 0x55ea31303a70 <unknown>\n#2 0x55ea312eb1f6 <unknown>\n#3 0x55ea312e9ab9 <unknown>\n#4 0x55ea312ea23f <unknown>\n#5 0x55ea31317dc4 <unknown>\n#6 0x55ea3130ca81 <unknown>\n#7 0x55ea3130c971 <unknown>\n#8 0x55ea312dbe3a <unknown>\n#9 0x55ea312da2a4 <unknown>\n#10 0x55ea313b5a7f <unknown>\n#11 0x55ea3137b3e2 <unknown>\n#12 0x55ea313a114f <unknown>\n#13 0x55ea3137b1b3 <unknown>\n#14 0x55ea3134759b <unknown>\n#15 0x55ea31348971 <unknown>\n#16 0x55ea318291eb <unknown>\n#17 0x55ea3182cf39 <unknown>\n#18 0x55ea318102c9 <unknown>\n#19 0x55ea3182dae8 <unknown>\n#20 0x55ea317f4baf <unknown>\n#21 0x55ea318510a8 <unknown>\n#22 0x55ea31851286 <unknown>\n#23 0x55ea31862ff6 <unknown>\n#24 0x7f25aae9caa4 <unknown>\n#25 0x7f25aaf29c3c <unknown>","time":{"start":1755760626769,"stop":1755760626769,"duration":0}}]},"8be373d5a4ac4c1c74d32cff12e3b610":{"statistic":{"failed":0,"broken":1,"skipped":0,"passed":0,"unknown":0,"total":1},"items":[{"uid":"72d5afaf8e51dfe5","reportUrl":"https://erubazo.github.io/shichor-python/5/#testresult/72d5afaf8e51dfe5","status":"broken","statusDetails":"selenium.common.exceptions.WebDriverException: Message: unknown error: JavaScript code failed\nfrom unknown command: 'Runtime.evaluate' wasn't found\n  (Session info: chrome=139.0.7258.127)\nStacktrace:\n#0 0x55ea3186401a <unknown>\n#1 0x55ea31303a70 <unknown>\n#2 0x55ea312eb1f6 <unknown>\n#3 0x55ea312e9ab9 <unknown>\n#4 0x55ea312ea23f <unknown>\n#5 0x55ea31317dc4 <unknown>\n#6 0x55ea3130ca81 <unknown>\n#7 0x55ea3130c971 <unknown>\n#8 0x55ea312dbe3a <unknown>\n#9 0x55ea312da2a4 <unknown>\n#10 0x55ea313b5a7f <unknown>\n#11 0x55ea3137b3e2 <unknown>\n#12 0x55ea313a114f <unknown>\n#13 0x55ea3137b1b3 <unknown>\n#14 0x55ea3134759b <unknown>\n#15 0x55ea31348971 <unknown>\n#16 0x55ea318291eb <unknown>\n#17 0x55ea3182cf39 <unknown>\n#18 0x55ea318102c9 <unknown>\n#19 0x55ea3182dae8 <unknown>\n#20 0x55ea317f4baf <unknown>\n#21 0x55ea318510a8 <unknown>\n#22 0x55ea31851286 <unknown>\n#23 0x55ea31862ff6 <unknown>\n#24 0x7f25aae9caa4 <unknown>\n#25 0x7f25aaf29c3c <unknown>","time":{"start":1755760626828,"stop":1755760626828,"duration":0}}]},"48e59fe38e8a2c4fcc8c282d00587fe6":{"statistic":{"failed":0,"broken":1,"skipped":0,"passed":0,"unknown":0,"total":1},"items":[{"uid":"237e69ff56c98934","reportUrl":"https://erubazo.github.io/shichor-python/5/#testresult/237e69ff56c98934","status":"broken","statusDetails":"selenium.common.exceptions.WebDriverException: Message: unknown error: JavaScript code failed\nfrom unknown command: 'Runtime.evaluate' wasn't found\n  (Session info: chrome=139.0.7258.127)\nStacktrace:\n#0 0x55e2701a501a <unknown>\n#1 0x55e26fc44a70 <unknown>\n#2 0x55e26fc2c1f6 <unknown>\n#3 0x55e26fc2aab9 <unknown>\n#4 0x55e26fc2b23f <unknown>\n#5 0x55e26fc58dc4 <unknown>\n#6 0x55e26fc4da81 <unknown>\n#7 0x55e26fc4d971 <unknown>\n#8 0x55e26fc1ce3a <unknown>\n#9 0x55e26fc1b2a4 <unknown>\n#10 0x55e26fcf6a7f <unknown>\n#11 0x55e26fcbc3e2 <unknown>\n#12 0x55e26fce214f <unknown>\n#13 0x55e26fcbc1b3 <unknown>\n#14 0x55e26fc8859b <unknown>\n#15 0x55e26fc89971 <unknown>\n#16 0x55e27016a1eb <unknown>\n#17 0x55e27016df39 <unknown>\n#18 0x55e2701512c9 <unknown>\n#19 0x55e27016eae8 <unknown>\n#20 0x55e270135baf <unknown>\n#21 0x55e2701920a8 <unknown>\n#22 0x55e270192286 <unknown>\n#23 0x55e2701a3ff6 <unknown>\n#24 0x7f61b529caa4 <unknown>\n#25 0x7f61b5329c3c <unknown>","time":{"start":1755760627852,"stop":1755760627852,"duration":0}}]},"ee4bf144a8a3dfacd6d15767dd6eb1ca":{"statistic":{"failed":0,"broken":1,"skipped":0,"passed":0,"unknown":0,"total":1},"items":[{"uid":"c3559ee4d6ae7574","reportUrl":"https://erubazo.github.io/shichor-python/5/#testresult/c3559ee4d6ae7574","status":"broken","statusDetails":"selenium.common.exceptions.WebDriverException: Message: unknown error: JavaScript code failed\nfrom unknown command: 'Runtime.evaluate' wasn't found\n  (Session info: chrome=139.0.7258.127)\nStacktrace:\n#0 0x55e2701a501a <unknown>\n#1 0x55e26fc44a70 <unknown>\n#2 0x55e26fc2c1f6 <unknown>\n#3 0x55e26fc2aab9 <unknown>\n#4 0x55e26fc2b23f <unknown>\n#5 0x55e26fc58dc4 <unknown>\n#6 0x55e26fc4da81 <unknown>\n#7 0x55e26fc4d971 <unknown>\n#8 0x55e26fc1ce3a <unknown>\n#9 0x55e26fc1b2a4 <unknown>\n#10 0x55e26fcf6a7f <unknown>\n#11 0x55e26fcbc3e2 <unknown>\n#12 0x55e26fce214f <unknown>\n#13 0x55e26fcbc1b3 <unknown>\n#14 0x55e26fc8859b <unknown>\n#15 0x55e26fc89971 <unknown>\n#16 0x55e27016a1eb <unknown>\n#17 0x55e27016df39 <unknown>\n#18 0x55e2701512c9 <unknown>\n#19 0x55e27016eae8 <unknown>\n#20 0x55e270135baf <unknown>\n#21 0x55e2701920a8 <unknown>\n#22 0x55e270192286 <unknown>\n#23 0x55e2701a3ff6 <unknown>\n#24 0x7f61b529caa4 <unknown>\n#25 0x7f61b5329c3c <unknown>","time":{"start":1755760627882,"stop":1755760627882,"duration":0}}]},"40da3125772fab665425c8e1a3c35e15":{"statistic":{"failed":0,"broken":1,"skipped":0,"passed":0,"unknown":0,"total":1},"items":[{"uid":"974b68bc154deabf","reportUrl":"https://erubazo.github.io/shichor-python/5/#testresult/974b68bc154deabf","status":"broken","statusDetails":"selenium.common.exceptions.WebDriverException: Message: unknown error: JavaScript code failed\nfrom unknown command: 'Runtime.evaluate' wasn't found\n  (Session info: chrome=139.0.7258.127)\nStacktrace:\n#0 0x55ea3186401a <unknown>\n#1 0x55ea31303a70 <unknown>\n#2 0x55ea312eb1f6 <unknown>\n#3 0x55ea312e9ab9 <unknown>\n#4 0x55ea312ea23f <unknown>\n#5 0x55ea31317dc4 <unknown>\n#6 0x55ea3130ca81 <unknown>\n#7 0x55ea3130c971 <unknown>\n#8 0x55ea312dbe3a <unknown>\n#9 0x55ea312da2a4 <unknown>\n#10 0x55ea313b5a7f <unknown>\n#11 0x55ea3137b3e2 <unknown>\n#12 0x55ea313a114f <unknown>\n#13 0x55ea3137b1b3 <unknown>\n#14 0x55ea3134759b <unknown>\n#15 0x55ea31348971 <unknown>\n#16 0x55ea318291eb <unknown>\n#17 0x55ea3182cf39 <unknown>\n#18 0x55ea318102c9 <unknown>\n#19 0x55ea3182dae8 <unknown>\n#20 0x55ea317f4baf <unknown>\n#21 0x55ea318510a8 <unknown>\n#22 0x55ea31851286 <unknown>\n#23 0x55ea31862ff6 <unknown>\n#24 0x7f25aae9caa4 <unknown>\n#25 0x7f25aaf29c3c <unknown>","time":{"start":1755760626739,"stop":1755760626739,"duration":0}}]},"44027ee0c9148d3bfa2f0ec00ebcbd38":{"statistic":{"failed":0,"broken":1,"skipped":0,"passed":0,"unknown":0,"total":1},"items":[{"uid":"240e46dad6916daf","reportUrl":"https://erubazo.github.io/shichor-python/5/#testresult/240e46dad6916daf","status":"broken","statusDetails":"selenium.common.exceptions.WebDriverException: Message: unknown error: JavaScript code failed\nfrom unknown command: 'Runtime.evaluate' wasn't found\n  (Session info: chrome=139.0.7258.127)\nStacktrace:\n#0 0x55ea3186401a <unknown>\n#1 0x55ea31303a70 <unknown>\n#2 0x55ea312eb1f6 <unknown>\n#3 0x55ea312e9ab9 <unknown>\n#4 0x55ea312ea23f <unknown>\n#5 0x55ea31317dc4 <unknown>\n#6 0x55ea3130ca81 <unknown>\n#7 0x55ea3130c971 <unknown>\n#8 0x55ea312dbe3a <unknown>\n#9 0x55ea312da2a4 <unknown>\n#10 0x55ea313b5a7f <unknown>\n#11 0x55ea3137b3e2 <unknown>\n#12 0x55ea313a114f <unknown>\n#13 0x55ea3137b1b3 <unknown>\n#14 0x55ea3134759b <unknown>\n#15 0x55ea31348971 <unknown>\n#16 0x55ea318291eb <unknown>\n#17 0x55ea3182cf39 <unknown>\n#18 0x55ea318102c9 <unknown>\n#19 0x55ea3182dae8 <unknown>\n#20 0x55ea317f4baf <unknown>\n#21 0x55ea318510a8 <unknown>\n#22 0x55ea31851286 <unknown>\n#23 0x55ea31862ff6 <unknown>\n#24 0x7f25aae9caa4 <unknown>\n#25 0x7f25aaf29c3c <unknown>","time":{"start":1755760626648,"stop":1755760626648,"duration":0}}]},"b1556b91cae91277d2f000731ed6cf05":{"statistic":{"failed":0,"broken":1,"skipped":0,"passed":0,"unknown":0,"total":1},"items":[{"uid":"cb54c927ff1ffb1c","reportUrl":"https://erubazo.github.io/shichor-python/5/#testresult/cb54c927ff1ffb1c","status":"broken","statusDetails":"selenium.common.exceptions.WebDriverException: Message: unknown error: JavaScript code failed\nfrom unknown command: 'Runtime.evaluate' wasn't found\n  (Session info: chrome=139.0.7258.127)\nStacktrace:\n#0 0x55ea3186401a <unknown>\n#1 0x55ea31303a70 <unknown>\n#2 0x55ea312eb1f6 <unknown>\n#3 0x55ea312e9ab9 <unknown>\n#4 0x55ea312ea23f <unknown>\n#5 0x55ea31317dc4 <unknown>\n#6 0x55ea3130ca81 <unknown>\n#7 0x55ea3130c971 <unknown>\n#8 0x55ea312dbe3a <unknown>\n#9 0x55ea312da2a4 <unknown>\n#10 0x55ea313b5a7f <unknown>\n#11 0x55ea3137b3e2 <unknown>\n#12 0x55ea313a114f <unknown>\n#13 0x55ea3137b1b3 <unknown>\n#14 0x55ea3134759b <unknown>\n#15 0x55ea31348971 <unknown>\n#16 0x55ea318291eb <unknown>\n#17 0x55ea3182cf39 <unknown>\n#18 0x55ea318102c9 <unknown>\n#19 0x55ea3182dae8 <unknown>\n#20 0x55ea317f4baf <unknown>\n#21 0x55ea318510a8 <unknown>\n#22 0x55ea31851286 <unknown>\n#23 0x55ea31862ff6 <unknown>\n#24 0x7f25aae9caa4 <unknown>\n#25 0x7f25aaf29c3c <unknown>","time":{"start":1755760626858,"stop":1755760626858,"duration":0}}]},"d473bdd714f5dca4321099c6e995022c":{"statistic":{"failed":0,"broken":1,"skipped":0,"passed":0,"unknown":0,"total":1},"items":[{"uid":"44558155332a3e08","reportUrl":"https://erubazo.github.io/shichor-python/5/#testresult/44558155332a3e08","status":"broken","statusDetails":"selenium.common.exceptions.WebDriverException: Message: unknown error: JavaScript code failed\nfrom unknown command: 'Runtime.evaluate' wasn't found\n  (Session info: chrome=139.0.7258.127)\nStacktrace:\n#0 0x55e2701a501a <unknown>\n#1 0x55e26fc44a70 <unknown>\n#2 0x55e26fc2c1f6 <unknown>\n#3 0x55e26fc2aab9 <unknown>\n#4 0x55e26fc2b23f <unknown>\n#5 0x55e26fc58dc4 <unknown>\n#6 0x55e26fc4da81 <unknown>\n#7 0x55e26fc4d971 <unknown>\n#8 0x55e26fc1ce3a <unknown>\n#9 0x55e26fc1b2a4 <unknown>\n#10 0x55e26fcf6a7f <unknown>\n#11 0x55e26fcbc3e2 <unknown>\n#12 0x55e26fce214f <unknown>\n#13 0x55e26fcbc1b3 <unknown>\n#14 0x55e26fc8859b <unknown>\n#15 0x55e26fc89971 <unknown>\n#16 0x55e27016a1eb <unknown>\n#17 0x55e27016df39 <unknown>\n#18 0x55e2701512c9 <unknown>\n#19 0x55e27016eae8 <unknown>\n#20 0x55e270135baf <unknown>\n#21 0x55e2701920a8 <unknown>\n#22 0x55e270192286 <unknown>\n#23 0x55e2701a3ff6 <unknown>\n#24 0x7f61b529caa4 <unknown>\n#25 0x7f61b5329c3c <unknown>","time":{"start":1755760627066,"stop":1755760627066,"duration":0}}]},"d9f17111a5011ef00f8836b0e99de21f":{"statistic":{"failed":0,"broken":1,"skipped":0,"passed":0,"unknown":0,"total":1},"items":[{"uid":"b8e7d9606d2906e6","reportUrl":"https://erubazo.github.io/shichor-python/5/#testresult/b8e7d9606d2906e6","status":"broken","statusDetails":"selenium.common.exceptions.WebDriverException: Message: unknown error: JavaScript code failed\nfrom unknown command: 'Runtime.evaluate' wasn't found\n  (Session info: chrome=139.0.7258.127)\nStacktrace:\n#0 0x55ea3186401a <unknown>\n#1 0x55ea31303a70 <unknown>\n#2 0x55ea312eb1f6 <unknown>\n#3 0x55ea312e9ab9 <unknown>\n#4 0x55ea312ea23f <unknown>\n#5 0x55ea31317dc4 <unknown>\n#6 0x55ea3130ca81 <unknown>\n#7 0x55ea3130c971 <unknown>\n#8 0x55ea312dbe3a <unknown>\n#9 0x55ea312da2a4 <unknown>\n#10 0x55ea313b5a7f <unknown>\n#11 0x55ea3137b3e2 <unknown>\n#12 0x55ea313a114f <unknown>\n#13 0x55ea3137b1b3 <unknown>\n#14 0x55ea3134759b <unknown>\n#15 0x55ea31348971 <unknown>\n#16 0x55ea318291eb <unknown>\n#17 0x55ea3182cf39 <unknown>\n#18 0x55ea318102c9 <unknown>\n#19 0x55ea3182dae8 <unknown>\n#20 0x55ea317f4baf <unknown>\n#21 0x55ea318510a8 <unknown>\n#22 0x55ea31851286 <unknown>\n#23 0x55ea31862ff6 <unknown>\n#24 0x7f25aae9caa4 <unknown>\n#25 0x7f25aaf29c3c <unknown>","time":{"start":1755760626618,"stop":1755760626618,"duration":0}}]},"75bc17fa304f21c3b1a283a58d952713":{"statistic":{"failed":0,"broken":1,"skipped":0,"passed":0,"unknown":0,"total":1},"items":[{"uid":"374d266a8adfcab5","reportUrl":"https://erubazo.github.io/shichor-python/5/#testresult/374d266a8adfcab5","status":"broken","statusDetails":"selenium.common.exceptions.WebDriverException: Message: unknown error: JavaScript code failed\nfrom unknown command: 'Runtime.evaluate' wasn't found\n  (Session info: chrome=139.0.7258.127)\nStacktrace:\n#0 0x55d96347a01a <unknown>\n#1 0x55d962f19a70 <unknown>\n#2 0x55d962f011f6 <unknown>\n#3 0x55d962effab9 <unknown>\n#4 0x55d962f0023f <unknown>\n#5 0x55d962f2ddc4 <unknown>\n#6 0x55d962f22a81 <unknown>\n#7 0x55d962f22971 <unknown>\n#8 0x55d962ef1e3a <unknown>\n#9 0x55d962ef02a4 <unknown>\n#10 0x55d962fcba7f <unknown>\n#11 0x55d962f913e2 <unknown>\n#12 0x55d962fb714f <unknown>\n#13 0x55d962f911b3 <unknown>\n#14 0x55d962f5d59b <unknown>\n#15 0x55d962f5e971 <unknown>\n#16 0x55d96343f1eb <unknown>\n#17 0x55d963442f39 <unknown>\n#18 0x55d9634262c9 <unknown>\n#19 0x55d963443ae8 <unknown>\n#20 0x55d96340abaf <unknown>\n#21 0x55d9634670a8 <unknown>\n#22 0x55d963467286 <unknown>\n#23 0x55d963478ff6 <unknown>\n#24 0x7f772d49caa4 <unknown>\n#25 0x7f772d529c3c <unknown>","time":{"start":1755760625786,"stop":1755760625786,"duration":0}}]},"fa1e27cf77d811d24c961ca50dfb243b":{"statistic":{"failed":0,"broken":1,"skipped":0,"passed":0,"unknown":0,"total":1},"items":[{"uid":"3e3d4c0a4e16ad6","reportUrl":"https://erubazo.github.io/shichor-python/5/#testresult/3e3d4c0a4e16ad6","status":"broken","statusDetails":"selenium.common.exceptions.WebDriverException: Message: unknown error: JavaScript code failed\nfrom unknown command: 'Runtime.evaluate' wasn't found\n  (Session info: chrome=139.0.7258.127)\nStacktrace:\n#0 0x55ea3186401a <unknown>\n#1 0x55ea31303a70 <unknown>\n#2 0x55ea312eb1f6 <unknown>\n#3 0x55ea312e9ab9 <unknown>\n#4 0x55ea312ea23f <unknown>\n#5 0x55ea31317dc4 <unknown>\n#6 0x55ea3130ca81 <unknown>\n#7 0x55ea3130c971 <unknown>\n#8 0x55ea312dbe3a <unknown>\n#9 0x55ea312da2a4 <unknown>\n#10 0x55ea313b5a7f <unknown>\n#11 0x55ea3137b3e2 <unknown>\n#12 0x55ea313a114f <unknown>\n#13 0x55ea3137b1b3 <unknown>\n#14 0x55ea3134759b <unknown>\n#15 0x55ea31348971 <unknown>\n#16 0x55ea318291eb <unknown>\n#17 0x55ea3182cf39 <unknown>\n#18 0x55ea318102c9 <unknown>\n#19 0x55ea3182dae8 <unknown>\n#20 0x55ea317f4baf <unknown>\n#21 0x55ea318510a8 <unknown>\n#22 0x55ea31851286 <unknown>\n#23 0x55ea31862ff6 <unknown>\n#24 0x7f25aae9caa4 <unknown>\n#25 0x7f25aaf29c3c <unknown>","time":{"start":1755760626977,"stop":1755760626977,"duration":0}}]},"a29fb78cd39a3af9addaa2a7113ebbb5":{"statistic":{"failed":0,"broken":1,"skipped":0,"passed":0,"unknown":0,"total":1},"items":[{"uid":"67a3887f7eb55142","reportUrl":"https://erubazo.github.io/shichor-python/5/#testresult/67a3887f7eb55142","status":"broken","statusDetails":"selenium.common.exceptions.WebDriverException: Message: unknown error: JavaScript code failed\nfrom unknown command: 'Runtime.evaluate' wasn't found\n  (Session info: chrome=139.0.7258.127)\nStacktrace:\n#0 0x55ea3186401a <unknown>\n#1 0x55ea31303a70 <unknown>\n#2 0x55ea312eb1f6 <unknown>\n#3 0x55ea312e9ab9 <unknown>\n#4 0x55ea312ea23f <unknown>\n#5 0x55ea31317dc4 <unknown>\n#6 0x55ea3130ca81 <unknown>\n#7 0x55ea3130c971 <unknown>\n#8 0x55ea312dbe3a <unknown>\n#9 0x55ea312da2a4 <unknown>\n#10 0x55ea313b5a7f <unknown>\n#11 0x55ea3137b3e2 <unknown>\n#12 0x55ea313a114f <unknown>\n#13 0x55ea3137b1b3 <unknown>\n#14 0x55ea3134759b <unknown>\n#15 0x55ea31348971 <unknown>\n#16 0x55ea318291eb <unknown>\n#17 0x55ea3182cf39 <unknown>\n#18 0x55ea318102c9 <unknown>\n#19 0x55ea3182dae8 <unknown>\n#20 0x55ea317f4baf <unknown>\n#21 0x55ea318510a8 <unknown>\n#22 0x55ea31851286 <unknown>\n#23 0x55ea31862ff6 <unknown>\n#24 0x7f25aae9caa4 <unknown>\n#25 0x7f25aaf29c3c <unknown>","time":{"start":1755760626948,"stop":1755760626948,"duration":0}}]},"7c34fa7b644706ed5715bf9d024168df":{"statistic":{"failed":0,"broken":1,"skipped":0,"passed":0,"unknown":0,"total":1},"items":[{"uid":"9f5df1452d9f334b","reportUrl":"https://erubazo.github.io/shichor-python/5/#testresult/9f5df1452d9f334b","status":"broken","statusDetails":"selenium.common.exceptions.WebDriverException: Message: unknown error: JavaScript code failed\nfrom unknown command: 'Runtime.evaluate' wasn't found\n  (Session info: chrome=139.0.7258.127)\nStacktrace:\n#0 0x55ea3186401a <unknown>\n#1 0x55ea31303a70 <unknown>\n#2 0x55ea312eb1f6 <unknown>\n#3 0x55ea312e9ab9 <unknown>\n#4 0x55ea312ea23f <unknown>\n#5 0x55ea31317dc4 <unknown>\n#6 0x55ea3130ca81 <unknown>\n#7 0x55ea3130c971 <unknown>\n#8 0x55ea312dbe3a <unknown>\n#9 0x55ea312da2a4 <unknown>\n#10 0x55ea313b5a7f <unknown>\n#11 0x55ea3137b3e2 <unknown>\n#12 0x55ea313a114f <unknown>\n#13 0x55ea3137b1b3 <unknown>\n#14 0x55ea3134759b <unknown>\n#15 0x55ea31348971 <unknown>\n#16 0x55ea318291eb <unknown>\n#17 0x55ea3182cf39 <unknown>\n#18 0x55ea318102c9 <unknown>\n#19 0x55ea3182dae8 <unknown>\n#20 0x55ea317f4baf <unknown>\n#21 0x55ea318510a8 <unknown>\n#22 0x55ea31851286 <unknown>\n#23 0x55ea31862ff6 <unknown>\n#24 0x7f25aae9caa4 <unknown>\n#25 0x7f25aaf29c3c <unknown>","time":{"start":1755760626917,"stop":1755760626917,"duration":0}}]},"973be1434a2f3eb31e8b91f0dd6a0341":{"statistic":{"failed":0,"broken":1,"skipped":0,"passed":0,"unknown":0,"total":1},"items":[{"uid":"e11539008d32e14b","reportUrl":"https://erubazo.github.io/shichor-python/5/#testresult/e11539008d32e14b","status":"broken","statusDetails":"selenium.common.exceptions.WebDriverException: Message: unknown error: JavaScript code failed\nfrom unknown command: 'Runtime.evaluate' wasn't found\n  (Session info: chrome=139.0.7258.127)\nStacktrace:\n#0 0x55ea3186401a <unknown>\n#1 0x55ea31303a70 <unknown>\n#2 0x55ea312eb1f6 <unknown>\n#3 0x55ea312e9ab9 <unknown>\n#4 0x55ea312ea23f <unknown>\n#5 0x55ea31317dc4 <unknown>\n#6 0x55ea3130ca81 <unknown>\n#7 0x55ea3130c971 <unknown>\n#8 0x55ea312dbe3a <unknown>\n#9 0x55ea312da2a4 <unknown>\n#10 0x55ea313b5a7f <unknown>\n#11 0x55ea3137b3e2 <unknown>\n#12 0x55ea313a114f <unknown>\n#13 0x55ea3137b1b3 <unknown>\n#14 0x55ea3134759b <unknown>\n#15 0x55ea31348971 <unknown>\n#16 0x55ea318291eb <unknown>\n#17 0x55ea3182cf39 <unknown>\n#18 0x55ea318102c9 <unknown>\n#19 0x55ea3182dae8 <unknown>\n#20 0x55ea317f4baf <unknown>\n#21 0x55ea318510a8 <unknown>\n#22 0x55ea31851286 <unknown>\n#23 0x55ea31862ff6 <unknown>\n#24 0x7f25aae9caa4 <unknown>\n#25 0x7f25aaf29c3c <unknown>","time":{"start":1755760627036,"stop":1755760627036,"duration":0}}]},"da11a82170d1bdc46b9f8bad34ad8f0c":{"statistic":{"failed":0,"broken":1,"skipped":0,"passed":0,"unknown":0,"total":1},"items":[{"uid":"ce17cd097901783","reportUrl":"https://erubazo.github.io/shichor-python/5/#testresult/ce17cd097901783","status":"broken","statusDetails":"selenium.common.exceptions.WebDriverException: Message: unknown error: JavaScript code failed\nfrom unknown command: 'Runtime.evaluate' wasn't found\n  (Session info: chrome=139.0.7258.127)\nStacktrace:\n#0 0x55d96347a01a <unknown>\n#1 0x55d962f19a70 <unknown>\n#2 0x55d962f011f6 <unknown>\n#3 0x55d962effab9 <unknown>\n#4 0x55d962f0023f <unknown>\n#5 0x55d962f2ddc4 <unknown>\n#6 0x55d962f22a81 <unknown>\n#7 0x55d962f22971 <unknown>\n#8 0x55d962ef1e3a <unknown>\n#9 0x55d962ef02a4 <unknown>\n#10 0x55d962fcba7f <unknown>\n#11 0x55d962f913e2 <unknown>\n#12 0x55d962fb714f <unknown>\n#13 0x55d962f911b3 <unknown>\n#14 0x55d962f5d59b <unknown>\n#15 0x55d962f5e971 <unknown>\n#16 0x55d96343f1eb <unknown>\n#17 0x55d963442f39 <unknown>\n#18 0x55d9634262c9 <unknown>\n#19 0x55d963443ae8 <unknown>\n#20 0x55d96340abaf <unknown>\n#21 0x55d9634670a8 <unknown>\n#22 0x55d963467286 <unknown>\n#23 0x55d963478ff6 <unknown>\n#24 0x7f772d49caa4 <unknown>\n#25 0x7f772d529c3c <unknown>","time":{"start":1755760610453,"stop":1755760610453,"duration":0}}]},"415becb7b266146eb28887bbf757f5e7":{"statistic":{"failed":0,"broken":1,"skipped":0,"passed":0,"unknown":0,"total":1},"items":[{"uid":"f4d3405f829c345d","reportUrl":"https://erubazo.github.io/shichor-python/5/#testresult/f4d3405f829c345d","status":"broken","statusDetails":"selenium.common.exceptions.WebDriverException: Message: unknown error: JavaScript code failed\nfrom unknown command: 'Runtime.evaluate' wasn't found\n  (Session info: chrome=139.0.7258.127)\nStacktrace:\n#0 0x55ea3186401a <unknown>\n#1 0x55ea31303a70 <unknown>\n#2 0x55ea312eb1f6 <unknown>\n#3 0x55ea312e9ab9 <unknown>\n#4 0x55ea312ea23f <unknown>\n#5 0x55ea31317dc4 <unknown>\n#6 0x55ea3130ca81 <unknown>\n#7 0x55ea3130c971 <unknown>\n#8 0x55ea312dbe3a <unknown>\n#9 0x55ea312da2a4 <unknown>\n#10 0x55ea313b5a7f <unknown>\n#11 0x55ea3137b3e2 <unknown>\n#12 0x55ea313a114f <unknown>\n#13 0x55ea3137b1b3 <unknown>\n#14 0x55ea3134759b <unknown>\n#15 0x55ea31348971 <unknown>\n#16 0x55ea318291eb <unknown>\n#17 0x55ea3182cf39 <unknown>\n#18 0x55ea318102c9 <unknown>\n#19 0x55ea3182dae8 <unknown>\n#20 0x55ea317f4baf <unknown>\n#21 0x55ea318510a8 <unknown>\n#22 0x55ea31851286 <unknown>\n#23 0x55ea31862ff6 <unknown>\n#24 0x7f25aae9caa4 <unknown>\n#25 0x7f25aaf29c3c <unknown>","time":{"start":1755760626707,"stop":1755760626707,"duration":0}}]},"b97b0400e77310f81030c96b417d5c96":{"statistic":{"failed":0,"broken":1,"skipped":0,"passed":0,"unknown":0,"total":1},"items":[{"uid":"c564dabc0ad1ddca","reportUrl":"https://erubazo.github.io/shichor-python/5/#testresult/c564dabc0ad1ddca","status":"broken","statusDetails":"selenium.common.exceptions.WebDriverException: Message: unknown error: JavaScript code failed\nfrom unknown command: 'Runtime.evaluate' wasn't found\n  (Session info: chrome=139.0.7258.127)\nStacktrace:\n#0 0x55ea3186401a <unknown>\n#1 0x55ea31303a70 <unknown>\n#2 0x55ea312eb1f6 <unknown>\n#3 0x55ea312e9ab9 <unknown>\n#4 0x55ea312ea23f <unknown>\n#5 0x55ea31317dc4 <unknown>\n#6 0x55ea3130ca81 <unknown>\n#7 0x55ea3130c971 <unknown>\n#8 0x55ea312dbe3a <unknown>\n#9 0x55ea312da2a4 <unknown>\n#10 0x55ea313b5a7f <unknown>\n#11 0x55ea3137b3e2 <unknown>\n#12 0x55ea313a114f <unknown>\n#13 0x55ea3137b1b3 <unknown>\n#14 0x55ea3134759b <unknown>\n#15 0x55ea31348971 <unknown>\n#16 0x55ea318291eb <unknown>\n#17 0x55ea3182cf39 <unknown>\n#18 0x55ea318102c9 <unknown>\n#19 0x55ea3182dae8 <unknown>\n#20 0x55ea317f4baf <unknown>\n#21 0x55ea318510a8 <unknown>\n#22 0x55ea31851286 <unknown>\n#23 0x55ea31862ff6 <unknown>\n#24 0x7f25aae9caa4 <unknown>\n#25 0x7f25aaf29c3c <unknown>","time":{"start":1755760626589,"stop":1755760626589,"duration":0}}]},"4838f945bcaf4f707f75cf5665acf10e":{"statistic":{"failed":0,"broken":1,"skipped":0,"passed":0,"unknown":0,"total":1},"items":[{"uid":"3dcb0d9ba72f21b5","reportUrl":"https://erubazo.github.io/shichor-python/5/#testresult/3dcb0d9ba72f21b5","status":"broken","statusDetails":"selenium.common.exceptions.WebDriverException: Message: unknown error: JavaScript code failed\nfrom unknown command: 'Runtime.evaluate' wasn't found\n  (Session info: chrome=139.0.7258.127)\nStacktrace:\n#0 0x55ea3186401a <unknown>\n#1 0x55ea31303a70 <unknown>\n#2 0x55ea312eb1f6 <unknown>\n#3 0x55ea312e9ab9 <unknown>\n#4 0x55ea312ea23f <unknown>\n#5 0x55ea31317dc4 <unknown>\n#6 0x55ea3130ca81 <unknown>\n#7 0x55ea3130c971 <unknown>\n#8 0x55ea312dbe3a <unknown>\n#9 0x55ea312da2a4 <unknown>\n#10 0x55ea313b5a7f <unknown>\n#11 0x55ea3137b3e2 <unknown>\n#12 0x55ea313a114f <unknown>\n#13 0x55ea3137b1b3 <unknown>\n#14 0x55ea3134759b <unknown>\n#15 0x55ea31348971 <unknown>\n#16 0x55ea318291eb <unknown>\n#17 0x55ea3182cf39 <unknown>\n#18 0x55ea318102c9 <unknown>\n#19 0x55ea3182dae8 <unknown>\n#20 0x55ea317f4baf <unknown>\n#21 0x55ea318510a8 <unknown>\n#22 0x55ea31851286 <unknown>\n#23 0x55ea31862ff6 <unknown>\n#24 0x7f25aae9caa4 <unknown>\n#25 0x7f25aaf29c3c <unknown>","time":{"start":1755760625816,"stop":1755760625816,"duration":0}}]},"2ecc6e22acc0566a6d050e8cbf68f465":{"statistic":{"failed":0,"broken":1,"skipped":0,"passed":0,"unknown":0,"total":1},"items":[{"uid":"a36cde8645829285","reportUrl":"https://erubazo.github.io/shichor-python/5/#testresult/a36cde8645829285","status":"broken","statusDetails":"selenium.common.exceptions.WebDriverException: Message: unknown error: JavaScript code failed\nfrom unknown command: 'Runtime.evaluate' wasn't found\n  (Session info: chrome=139.0.7258.127)\nStacktrace:\n#0 0x55ea3186401a <unknown>\n#1 0x55ea31303a70 <unknown>\n#2 0x55ea312eb1f6 <unknown>\n#3 0x55ea312e9ab9 <unknown>\n#4 0x55ea312ea23f <unknown>\n#5 0x55ea31317dc4 <unknown>\n#6 0x55ea3130ca81 <unknown>\n#7 0x55ea3130c971 <unknown>\n#8 0x55ea312dbe3a <unknown>\n#9 0x55ea312da2a4 <unknown>\n#10 0x55ea313b5a7f <unknown>\n#11 0x55ea3137b3e2 <unknown>\n#12 0x55ea313a114f <unknown>\n#13 0x55ea3137b1b3 <unknown>\n#14 0x55ea3134759b <unknown>\n#15 0x55ea31348971 <unknown>\n#16 0x55ea318291eb <unknown>\n#17 0x55ea3182cf39 <unknown>\n#18 0x55ea318102c9 <unknown>\n#19 0x55ea3182dae8 <unknown>\n#20 0x55ea317f4baf <unknown>\n#21 0x55ea318510a8 <unknown>\n#22 0x55ea31851286 <unknown>\n#23 0x55ea31862ff6 <unknown>\n#24 0x7f25aae9caa4 <unknown>\n#25 0x7f25aaf29c3c <unknown>","time":{"start":1755760626888,"stop":1755760626888,"duration":0}}]},"5aa6adc6cd4ef5819814ea721e150c2c":{"statistic":{"failed":0,"broken":1,"skipped":0,"passed":0,"unknown":0,"total":1},"items":[{"uid":"218467cee173adc2","reportUrl":"https://erubazo.github.io/shichor-python/5/#testresult/218467cee173adc2","status":"broken","statusDetails":"selenium.common.exceptions.WebDriverException: Message: unknown error: JavaScript code failed\nfrom unknown command: 'Runtime.evaluate' wasn't found\n  (Session info: chrome=139.0.7258.127)\nStacktrace:\n#0 0x55ea3186401a <unknown>\n#1 0x55ea31303a70 <unknown>\n#2 0x55ea312eb1f6 <unknown>\n#3 0x55ea312e9ab9 <unknown>\n#4 0x55ea312ea23f <unknown>\n#5 0x55ea31317dc4 <unknown>\n#6 0x55ea3130ca81 <unknown>\n#7 0x55ea3130c971 <unknown>\n#8 0x55ea312dbe3a <unknown>\n#9 0x55ea312da2a4 <unknown>\n#10 0x55ea313b5a7f <unknown>\n#11 0x55ea3137b3e2 <unknown>\n#12 0x55ea313a114f <unknown>\n#13 0x55ea3137b1b3 <unknown>\n#14 0x55ea3134759b <unknown>\n#15 0x55ea31348971 <unknown>\n#16 0x55ea318291eb <unknown>\n#17 0x55ea3182cf39 <unknown>\n#18 0x55ea318102c9 <unknown>\n#19 0x55ea3182dae8 <unknown>\n#20 0x55ea317f4baf <unknown>\n#21 0x55ea318510a8 <unknown>\n#22 0x55ea31851286 <unknown>\n#23 0x55ea31862ff6 <unknown>\n#24 0x7f25aae9caa4 <unknown>\n#25 0x7f25aaf29c3c <unknown>","time":{"start":1755760626798,"stop":1755760626798,"duration":0}}]}}