{"5655f94eab575e8bfa6b3699677cfa54":{"statistic":{"failed":1,"broken":0,"skipped":0,"passed":0,"unknown":0,"total":1},"items":[{"uid":"51164662141027dd","reportUrl":"https://erubazo.github.io/shichor-python/9/#testresult/51164662141027dd","status":"failed","statusDetails":"AssertionError: assert 'Error' in '3 Passengers'","time":{"start":1755764782520,"stop":1755764785555,"duration":3035}}]},"bae716c86efcbc48f6015ff0968e9fbc":{"statistic":{"failed":0,"broken":1,"skipped":0,"passed":0,"unknown":0,"total":1},"items":[{"uid":"b8c01eb7e84cce13","reportUrl":"https://erubazo.github.io/shichor-python/9/#testresult/b8c01eb7e84cce13","status":"broken","statusDetails":"selenium.common.exceptions.NoSuchElementException: Message: no such element: Unable to locate element: {\"method\":\"css selector\",\"selector\":\"[data-test=\"PlacePickerInputPlace-close\"]\"}\n  (Session info: chrome=139.0.7258.127); For documentation on this error, please visit: https://www.selenium.dev/documentation/webdriver/troubleshooting/errors#nosuchelementexception\nStacktrace:\n#0 0x55c5e468901a <unknown>\n#1 0x55c5e4128a70 <unknown>\n#2 0x55c5e417a907 <unknown>\n#3 0x55c5e417ab01 <unknown>\n#4 0x55c5e41c8d54 <unknown>\n#5 0x55c5e41a040d <unknown>\n#6 0x55c5e41c614f <unknown>\n#7 0x55c5e41a01b3 <unknown>\n#8 0x55c5e416c59b <unknown>\n#9 0x55c5e416d971 <unknown>\n#10 0x55c5e464e1eb <unknown>\n#11 0x55c5e4651f39 <unknown>\n#12 0x55c5e46352c9 <unknown>\n#13 0x55c5e4652ae8 <unknown>\n#14 0x55c5e4619baf <unknown>\n#15 0x55c5e46760a8 <unknown>\n#16 0x55c5e4676286 <unknown>\n#17 0x55c5e4687ff6 <unknown>\n#18 0x7f092429caa4 <unknown>\n#19 0x7f0924329c3c <unknown>","time":{"start":1755764809986,"stop":1755764812010,"duration":2024}}]},"4569b31842a85143286424547beab159":{"statistic":{"failed":0,"broken":1,"skipped":0,"passed":0,"unknown":0,"total":1},"items":[{"uid":"16a321b948c8ba38","reportUrl":"https://erubazo.github.io/shichor-python/9/#testresult/16a321b948c8ba38","status":"broken","statusDetails":"selenium.common.exceptions.NoSuchElementException: Message: no such element: Unable to locate element: {\"method\":\"css selector\",\"selector\":\"#outboundDate\"}\n  (Session info: chrome=139.0.7258.127); For documentation on this error, please visit: https://www.selenium.dev/documentation/webdriver/troubleshooting/errors#nosuchelementexception\nStacktrace:\n#0 0x55c5e468901a <unknown>\n#1 0x55c5e4128a70 <unknown>\n#2 0x55c5e417a907 <unknown>\n#3 0x55c5e417ab01 <unknown>\n#4 0x55c5e41c8d54 <unknown>\n#5 0x55c5e41a040d <unknown>\n#6 0x55c5e41c614f <unknown>\n#7 0x55c5e41a01b3 <unknown>\n#8 0x55c5e416c59b <unknown>\n#9 0x55c5e416d971 <unknown>\n#10 0x55c5e464e1eb <unknown>\n#11 0x55c5e4651f39 <unknown>\n#12 0x55c5e46352c9 <unknown>\n#13 0x55c5e4652ae8 <unknown>\n#14 0x55c5e4619baf <unknown>\n#15 0x55c5e46760a8 <unknown>\n#16 0x55c5e4676286 <unknown>\n#17 0x55c5e4687ff6 <unknown>\n#18 0x7f092429caa4 <unknown>\n#19 0x7f0924329c3c <unknown>","time":{"start":1755764789903,"stop":1755764791928,"duration":2025}}]},"8be373d5a4ac4c1c74d32cff12e3b610":{"statistic":{"failed":0,"broken":1,"skipped":0,"passed":0,"unknown":0,"total":1},"items":[{"uid":"3bfe271587e610e9","reportUrl":"https://erubazo.github.io/shichor-python/9/#testresult/3bfe271587e610e9","status":"broken","statusDetails":"selenium.common.exceptions.NoSuchElementException: Message: no such element: Unable to locate element: {\"method\":\"css selector\",\"selector\":\"#outboundDate\"}\n  (Session info: chrome=139.0.7258.127); For documentation on this error, please visit: https://www.selenium.dev/documentation/webdriver/troubleshooting/errors#nosuchelementexception\nStacktrace:\n#0 0x55c5e468901a <unknown>\n#1 0x55c5e4128a70 <unknown>\n#2 0x55c5e417a907 <unknown>\n#3 0x55c5e417ab01 <unknown>\n#4 0x55c5e41c8d54 <unknown>\n#5 0x55c5e41a040d <unknown>\n#6 0x55c5e41c614f <unknown>\n#7 0x55c5e41a01b3 <unknown>\n#8 0x55c5e416c59b <unknown>\n#9 0x55c5e416d971 <unknown>\n#10 0x55c5e464e1eb <unknown>\n#11 0x55c5e4651f39 <unknown>\n#12 0x55c5e46352c9 <unknown>\n#13 0x55c5e4652ae8 <unknown>\n#14 0x55c5e4619baf <unknown>\n#15 0x55c5e46760a8 <unknown>\n#16 0x55c5e4676286 <unknown>\n#17 0x55c5e4687ff6 <unknown>\n#18 0x7f092429caa4 <unknown>\n#19 0x7f0924329c3c <unknown>","time":{"start":1755764794169,"stop":1755764796192,"duration":2023}}]},"48e59fe38e8a2c4fcc8c282d00587fe6":{"statistic":{"failed":0,"broken":1,"skipped":0,"passed":0,"unknown":0,"total":1},"items":[{"uid":"eadbc70e3f60eea8","reportUrl":"https://erubazo.github.io/shichor-python/9/#testresult/eadbc70e3f60eea8","status":"broken","statusDetails":"selenium.common.exceptions.NoSuchElementException: Message: no such element: Unable to locate element: {\"method\":\"css selector\",\"selector\":\"[data-test=\"CookiesPopup-Accept\"]\"}\n  (Session info: chrome=139.0.7258.127); For documentation on this error, please visit: https://www.selenium.dev/documentation/webdriver/troubleshooting/errors#nosuchelementexception\nStacktrace:\n#0 0x55a601b1601a <unknown>\n#1 0x55a6015b5a70 <unknown>\n#2 0x55a601607907 <unknown>\n#3 0x55a601607b01 <unknown>\n#4 0x55a601655d54 <unknown>\n#5 0x55a60162d40d <unknown>\n#6 0x55a60165314f <unknown>\n#7 0x55a60162d1b3 <unknown>\n#8 0x55a6015f959b <unknown>\n#9 0x55a6015fa971 <unknown>\n#10 0x55a601adb1eb <unknown>\n#11 0x55a601adef39 <unknown>\n#12 0x55a601ac22c9 <unknown>\n#13 0x55a601adfae8 <unknown>\n#14 0x55a601aa6baf <unknown>\n#15 0x55a601b030a8 <unknown>\n#16 0x55a601b03286 <unknown>\n#17 0x55a601b14ff6 <unknown>\n#18 0x7f76d669caa4 <unknown>\n#19 0x7f76d6729c3c <unknown>","time":{"start":1755764814785,"stop":1755764815798,"duration":1013}}]},"ee4bf144a8a3dfacd6d15767dd6eb1ca":{"statistic":{"failed":0,"broken":1,"skipped":0,"passed":0,"unknown":0,"total":1},"items":[{"uid":"f4e8a4cb0f2b9672","reportUrl":"https://erubazo.github.io/shichor-python/9/#testresult/f4e8a4cb0f2b9672","status":"broken","statusDetails":"selenium.common.exceptions.NoSuchElementException: Message: no such element: Unable to locate element: {\"method\":\"css selector\",\"selector\":\"[data-test=\"CookiesPopup-Accept\"]\"}\n  (Session info: chrome=139.0.7258.127); For documentation on this error, please visit: https://www.selenium.dev/documentation/webdriver/troubleshooting/errors#nosuchelementexception\nStacktrace:\n#0 0x55a601b1601a <unknown>\n#1 0x55a6015b5a70 <unknown>\n#2 0x55a601607907 <unknown>\n#3 0x55a601607b01 <unknown>\n#4 0x55a601655d54 <unknown>\n#5 0x55a60162d40d <unknown>\n#6 0x55a60165314f <unknown>\n#7 0x55a60162d1b3 <unknown>\n#8 0x55a6015f959b <unknown>\n#9 0x55a6015fa971 <unknown>\n#10 0x55a601adb1eb <unknown>\n#11 0x55a601adef39 <unknown>\n#12 0x55a601ac22c9 <unknown>\n#13 0x55a601adfae8 <unknown>\n#14 0x55a601aa6baf <unknown>\n#15 0x55a601b030a8 <unknown>\n#16 0x55a601b03286 <unknown>\n#17 0x55a601b14ff6 <unknown>\n#18 0x7f76d669caa4 <unknown>\n#19 0x7f76d6729c3c <unknown>","time":{"start":1755764815902,"stop":1755764816914,"duration":1012}}]},"40da3125772fab665425c8e1a3c35e15":{"statistic":{"failed":0,"broken":1,"skipped":0,"passed":0,"unknown":0,"total":1},"items":[{"uid":"13da1918f5ba6f62","reportUrl":"https://erubazo.github.io/shichor-python/9/#testresult/13da1918f5ba6f62","status":"broken","statusDetails":"selenium.common.exceptions.NoSuchElementException: Message: no such element: Unable to locate element: {\"method\":\"css selector\",\"selector\":\"#destination\"}\n  (Session info: chrome=139.0.7258.127); For documentation on this error, please visit: https://www.selenium.dev/documentation/webdriver/troubleshooting/errors#nosuchelementexception\nStacktrace:\n#0 0x55c5e468901a <unknown>\n#1 0x55c5e4128a70 <unknown>\n#2 0x55c5e417a907 <unknown>\n#3 0x55c5e417ab01 <unknown>\n#4 0x55c5e41c8d54 <unknown>\n#5 0x55c5e41a040d <unknown>\n#6 0x55c5e41c614f <unknown>\n#7 0x55c5e41a01b3 <unknown>\n#8 0x55c5e416c59b <unknown>\n#9 0x55c5e416d971 <unknown>\n#10 0x55c5e464e1eb <unknown>\n#11 0x55c5e4651f39 <unknown>\n#12 0x55c5e46352c9 <unknown>\n#13 0x55c5e4652ae8 <unknown>\n#14 0x55c5e4619baf <unknown>\n#15 0x55c5e46760a8 <unknown>\n#16 0x55c5e4676286 <unknown>\n#17 0x55c5e4687ff6 <unknown>\n#18 0x7f092429caa4 <unknown>\n#19 0x7f0924329c3c <unknown>","time":{"start":1755764787770,"stop":1755764789795,"duration":2025}}]},"44027ee0c9148d3bfa2f0ec00ebcbd38":{"statistic":{"failed":0,"broken":1,"skipped":0,"passed":0,"unknown":0,"total":1},"items":[{"uid":"fa65fa116d1cb3bd","reportUrl":"https://erubazo.github.io/shichor-python/9/#testresult/fa65fa116d1cb3bd","status":"broken","statusDetails":"selenium.common.exceptions.NoSuchElementException: Message: no such element: Unable to locate element: {\"method\":\"css selector\",\"selector\":\"div.lm\\:mb-100.mb-300.flex.items-center.tb\\:justify-start.justify-between > div:nth-child(2) > div:nth-child(1) > div\"}\n  (Session info: chrome=139.0.7258.127); For documentation on this error, please visit: https://www.selenium.dev/documentation/webdriver/troubleshooting/errors#nosuchelementexception\nStacktrace:\n#0 0x55c5e468901a <unknown>\n#1 0x55c5e4128a70 <unknown>\n#2 0x55c5e417a907 <unknown>\n#3 0x55c5e417ab01 <unknown>\n#4 0x55c5e41c8d54 <unknown>\n#5 0x55c5e41a040d <unknown>\n#6 0x55c5e41c614f <unknown>\n#7 0x55c5e41a01b3 <unknown>\n#8 0x55c5e416c59b <unknown>\n#9 0x55c5e416d971 <unknown>\n#10 0x55c5e464e1eb <unknown>\n#11 0x55c5e4651f39 <unknown>\n#12 0x55c5e46352c9 <unknown>\n#13 0x55c5e4652ae8 <unknown>\n#14 0x55c5e4619baf <unknown>\n#15 0x55c5e46760a8 <unknown>\n#16 0x55c5e4676286 <unknown>\n#17 0x55c5e4687ff6 <unknown>\n#18 0x7f092429caa4 <unknown>\n#19 0x7f0924329c3c <unknown>","time":{"start":1755764780353,"stop":1755764782409,"duration":2056}}]},"b1556b91cae91277d2f000731ed6cf05":{"statistic":{"failed":0,"broken":1,"skipped":0,"passed":0,"unknown":0,"total":1},"items":[{"uid":"366113aef7e03f29","reportUrl":"https://erubazo.github.io/shichor-python/9/#testresult/366113aef7e03f29","status":"broken","statusDetails":"selenium.common.exceptions.NoSuchElementException: Message: no such element: Unable to locate element: {\"method\":\"css selector\",\"selector\":\"#outboundDate\"}\n  (Session info: chrome=139.0.7258.127); For documentation on this error, please visit: https://www.selenium.dev/documentation/webdriver/troubleshooting/errors#nosuchelementexception\nStacktrace:\n#0 0x55c5e468901a <unknown>\n#1 0x55c5e4128a70 <unknown>\n#2 0x55c5e417a907 <unknown>\n#3 0x55c5e417ab01 <unknown>\n#4 0x55c5e41c8d54 <unknown>\n#5 0x55c5e41a040d <unknown>\n#6 0x55c5e41c614f <unknown>\n#7 0x55c5e41a01b3 <unknown>\n#8 0x55c5e416c59b <unknown>\n#9 0x55c5e416d971 <unknown>\n#10 0x55c5e464e1eb <unknown>\n#11 0x55c5e4651f39 <unknown>\n#12 0x55c5e46352c9 <unknown>\n#13 0x55c5e4652ae8 <unknown>\n#14 0x55c5e4619baf <unknown>\n#15 0x55c5e46760a8 <unknown>\n#16 0x55c5e4676286 <unknown>\n#17 0x55c5e4687ff6 <unknown>\n#18 0x7f092429caa4 <unknown>\n#19 0x7f0924329c3c <unknown>","time":{"start":1755764796303,"stop":1755764798326,"duration":2023}}]},"d473bdd714f5dca4321099c6e995022c":{"statistic":{"failed":0,"broken":1,"skipped":0,"passed":0,"unknown":0,"total":1},"items":[{"uid":"bd7086d2a705bc09","reportUrl":"https://erubazo.github.io/shichor-python/9/#testresult/bd7086d2a705bc09","status":"broken","statusDetails":"selenium.common.exceptions.NoSuchElementException: Message: no such element: Unable to locate element: {\"method\":\"css selector\",\"selector\":\"[data-test=\"CookiesPopup-Accept\"]\"}\n  (Session info: chrome=139.0.7258.127); For documentation on this error, please visit: https://www.selenium.dev/documentation/webdriver/troubleshooting/errors#nosuchelementexception\nStacktrace:\n#0 0x55a601b1601a <unknown>\n#1 0x55a6015b5a70 <unknown>\n#2 0x55a601607907 <unknown>\n#3 0x55a601607b01 <unknown>\n#4 0x55a601655d54 <unknown>\n#5 0x55a60162d40d <unknown>\n#6 0x55a60165314f <unknown>\n#7 0x55a60162d1b3 <unknown>\n#8 0x55a6015f959b <unknown>\n#9 0x55a6015fa971 <unknown>\n#10 0x55a601adb1eb <unknown>\n#11 0x55a601adef39 <unknown>\n#12 0x55a601ac22c9 <unknown>\n#13 0x55a601adfae8 <unknown>\n#14 0x55a601aa6baf <unknown>\n#15 0x55a601b030a8 <unknown>\n#16 0x55a601b03286 <unknown>\n#17 0x55a601b14ff6 <unknown>\n#18 0x7f76d669caa4 <unknown>\n#19 0x7f76d6729c3c <unknown>","time":{"start":1755764813667,"stop":1755764814682,"duration":1015}}]},"d9f17111a5011ef00f8836b0e99de21f":{"statistic":{"failed":1,"broken":0,"skipped":0,"passed":0,"unknown":0,"total":1},"items":[{"uid":"5c4a9a42aa96421d","reportUrl":"https://erubazo.github.io/shichor-python/9/#testresult/5c4a9a42aa96421d","status":"failed","statusDetails":"AssertionError: assert 'No trip selector available' == 'Return'\n  \n  - Return\n  + No trip selector available","time":{"start":1755764773220,"stop":1755764780278,"duration":7058}}]},"75bc17fa304f21c3b1a283a58d952713":{"statistic":{"failed":0,"broken":1,"skipped":0,"passed":0,"unknown":0,"total":1},"items":[{"uid":"5a25613638765d5f","reportUrl":"https://erubazo.github.io/shichor-python/9/#testresult/5a25613638765d5f","status":"broken","statusDetails":"selenium.common.exceptions.NoSuchElementException: Message: no such element: Unable to locate element: {\"method\":\"css selector\",\"selector\":\"[data-test=\"CookiesPopup-Accept\"]\"}\n  (Session info: chrome=139.0.7258.127); For documentation on this error, please visit: https://www.selenium.dev/documentation/webdriver/troubleshooting/errors#nosuchelementexception\nStacktrace:\n#0 0x5591c3cc901a <unknown>\n#1 0x5591c3768a70 <unknown>\n#2 0x5591c37ba907 <unknown>\n#3 0x5591c37bab01 <unknown>\n#4 0x5591c3808d54 <unknown>\n#5 0x5591c37e040d <unknown>\n#6 0x5591c380614f <unknown>\n#7 0x5591c37e01b3 <unknown>\n#8 0x5591c37ac59b <unknown>\n#9 0x5591c37ad971 <unknown>\n#10 0x5591c3c8e1eb <unknown>\n#11 0x5591c3c91f39 <unknown>\n#12 0x5591c3c752c9 <unknown>\n#13 0x5591c3c92ae8 <unknown>\n#14 0x5591c3c59baf <unknown>\n#15 0x5591c3cb60a8 <unknown>\n#16 0x5591c3cb6286 <unknown>\n#17 0x5591c3cc7ff6 <unknown>\n#18 0x7f46e1e9caa4 <unknown>\n#19 0x7f46e1f29c3c <unknown>","time":{"start":1755764766468,"stop":1755764767480,"duration":1012}}]},"fa1e27cf77d811d24c961ca50dfb243b":{"statistic":{"failed":0,"broken":1,"skipped":0,"passed":0,"unknown":0,"total":1},"items":[{"uid":"236646155d588790","reportUrl":"https://erubazo.github.io/shichor-python/9/#testresult/236646155d588790","status":"broken","statusDetails":"selenium.common.exceptions.NoSuchElementException: Message: no such element: Unable to locate element: {\"method\":\"css selector\",\"selector\":\"div.lm\\:mb-100.mb-300.flex.items-center.tb\\:justify-start.justify-between > div:nth-child(2) > div:nth-child(1) > div\"}\n  (Session info: chrome=139.0.7258.127); For documentation on this error, please visit: https://www.selenium.dev/documentation/webdriver/troubleshooting/errors#nosuchelementexception\nStacktrace:\n#0 0x55c5e468901a <unknown>\n#1 0x55c5e4128a70 <unknown>\n#2 0x55c5e417a907 <unknown>\n#3 0x55c5e417ab01 <unknown>\n#4 0x55c5e41c8d54 <unknown>\n#5 0x55c5e41a040d <unknown>\n#6 0x55c5e41c614f <unknown>\n#7 0x55c5e41a01b3 <unknown>\n#8 0x55c5e416c59b <unknown>\n#9 0x55c5e416d971 <unknown>\n#10 0x55c5e464e1eb <unknown>\n#11 0x55c5e4651f39 <unknown>\n#12 0x55c5e46352c9 <unknown>\n#13 0x55c5e4652ae8 <unknown>\n#14 0x55c5e4619baf <unknown>\n#15 0x55c5e46760a8 <unknown>\n#16 0x55c5e4676286 <unknown>\n#17 0x55c5e4687ff6 <unknown>\n#18 0x7f092429caa4 <unknown>\n#19 0x7f0924329c3c <unknown>","time":{"start":1755764807852,"stop":1755764809875,"duration":2023}}]},"a29fb78cd39a3af9addaa2a7113ebbb5":{"statistic":{"failed":0,"broken":1,"skipped":0,"passed":0,"unknown":0,"total":1},"items":[{"uid":"4373011480bd4b8a","reportUrl":"https://erubazo.github.io/shichor-python/9/#testresult/4373011480bd4b8a","status":"broken","statusDetails":"selenium.common.exceptions.NoSuchElementException: Message: no such element: Unable to locate element: {\"method\":\"css selector\",\"selector\":\"div.lm\\:mb-100.mb-300.flex.items-center.tb\\:justify-start.justify-between > div:nth-child(2) > div:nth-child(1) > div\"}\n  (Session info: chrome=139.0.7258.127); For documentation on this error, please visit: https://www.selenium.dev/documentation/webdriver/troubleshooting/errors#nosuchelementexception\nStacktrace:\n#0 0x55c5e468901a <unknown>\n#1 0x55c5e4128a70 <unknown>\n#2 0x55c5e417a907 <unknown>\n#3 0x55c5e417ab01 <unknown>\n#4 0x55c5e41c8d54 <unknown>\n#5 0x55c5e41a040d <unknown>\n#6 0x55c5e41c614f <unknown>\n#7 0x55c5e41a01b3 <unknown>\n#8 0x55c5e416c59b <unknown>\n#9 0x55c5e416d971 <unknown>\n#10 0x55c5e464e1eb <unknown>\n#11 0x55c5e4651f39 <unknown>\n#12 0x55c5e46352c9 <unknown>\n#13 0x55c5e4652ae8 <unknown>\n#14 0x55c5e4619baf <unknown>\n#15 0x55c5e46760a8 <unknown>\n#16 0x55c5e4676286 <unknown>\n#17 0x55c5e4687ff6 <unknown>\n#18 0x7f092429caa4 <unknown>\n#19 0x7f0924329c3c <unknown>","time":{"start":1755764805719,"stop":1755764807742,"duration":2023}}]},"da11a82170d1bdc46b9f8bad34ad8f0c":{"statistic":{"failed":0,"broken":1,"skipped":0,"passed":0,"unknown":0,"total":1},"items":[{"uid":"bd9293d5ec275c2d","reportUrl":"https://erubazo.github.io/shichor-python/9/#testresult/bd9293d5ec275c2d","status":"broken","statusDetails":"selenium.common.exceptions.NoSuchElementException: Message: no such element: Unable to locate element: {\"method\":\"css selector\",\"selector\":\"[data-test=\"CookiesPopup-Accept\"]\"}\n  (Session info: chrome=139.0.7258.127); For documentation on this error, please visit: https://www.selenium.dev/documentation/webdriver/troubleshooting/errors#nosuchelementexception\nStacktrace:\n#0 0x5591c3cc901a <unknown>\n#1 0x5591c3768a70 <unknown>\n#2 0x5591c37ba907 <unknown>\n#3 0x5591c37bab01 <unknown>\n#4 0x5591c3808d54 <unknown>\n#5 0x5591c37e040d <unknown>\n#6 0x5591c380614f <unknown>\n#7 0x5591c37e01b3 <unknown>\n#8 0x5591c37ac59b <unknown>\n#9 0x5591c37ad971 <unknown>\n#10 0x5591c3c8e1eb <unknown>\n#11 0x5591c3c91f39 <unknown>\n#12 0x5591c3c752c9 <unknown>\n#13 0x5591c3c92ae8 <unknown>\n#14 0x5591c3c59baf <unknown>\n#15 0x5591c3cb60a8 <unknown>\n#16 0x5591c3cb6286 <unknown>\n#17 0x5591c3cc7ff6 <unknown>\n#18 0x7f46e1e9caa4 <unknown>\n#19 0x7f46e1f29c3c <unknown>","time":{"start":1755764764616,"stop":1755764766305,"duration":1689}}]},"b97b0400e77310f81030c96b417d5c96":{"statistic":{"failed":0,"broken":1,"skipped":0,"passed":0,"unknown":0,"total":1},"items":[{"uid":"5c67cb15750387ad","reportUrl":"https://erubazo.github.io/shichor-python/9/#testresult/5c67cb15750387ad","status":"broken","statusDetails":"selenium.common.exceptions.NoSuchElementException: Message: no such element: Unable to locate element: {\"method\":\"css selector\",\"selector\":\"[data-test=\"CookiesPopup-Accept\"]\"}\n  (Session info: chrome=139.0.7258.127); For documentation on this error, please visit: https://www.selenium.dev/documentation/webdriver/troubleshooting/errors#nosuchelementexception\nStacktrace:\n#0 0x55c5e468901a <unknown>\n#1 0x55c5e4128a70 <unknown>\n#2 0x55c5e417a907 <unknown>\n#3 0x55c5e417ab01 <unknown>\n#4 0x55c5e41c8d54 <unknown>\n#5 0x55c5e41a040d <unknown>\n#6 0x55c5e41c614f <unknown>\n#7 0x55c5e41a01b3 <unknown>\n#8 0x55c5e416c59b <unknown>\n#9 0x55c5e416d971 <unknown>\n#10 0x55c5e464e1eb <unknown>\n#11 0x55c5e4651f39 <unknown>\n#12 0x55c5e46352c9 <unknown>\n#13 0x55c5e4652ae8 <unknown>\n#14 0x55c5e4619baf <unknown>\n#15 0x55c5e46760a8 <unknown>\n#16 0x55c5e4676286 <unknown>\n#17 0x55c5e4687ff6 <unknown>\n#18 0x7f092429caa4 <unknown>\n#19 0x7f0924329c3c <unknown>","time":{"start":1755764772104,"stop":1755764773118,"duration":1014}}]},"973be1434a2f3eb31e8b91f0dd6a0341":{"statistic":{"failed":0,"broken":1,"skipped":0,"passed":0,"unknown":0,"total":1},"items":[{"uid":"7abe89bf4a9fca29","reportUrl":"https://erubazo.github.io/shichor-python/9/#testresult/7abe89bf4a9fca29","status":"broken","statusDetails":"selenium.common.exceptions.NoSuchElementException: Message: no such element: Unable to locate element: {\"method\":\"css selector\",\"selector\":\"#origin\"}\n  (Session info: chrome=139.0.7258.127); For documentation on this error, please visit: https://www.selenium.dev/documentation/webdriver/troubleshooting/errors#nosuchelementexception\nStacktrace:\n#0 0x55c5e468901a <unknown>\n#1 0x55c5e4128a70 <unknown>\n#2 0x55c5e417a907 <unknown>\n#3 0x55c5e417ab01 <unknown>\n#4 0x55c5e41c8d54 <unknown>\n#5 0x55c5e41a040d <unknown>\n#6 0x55c5e41c614f <unknown>\n#7 0x55c5e41a01b3 <unknown>\n#8 0x55c5e416c59b <unknown>\n#9 0x55c5e416d971 <unknown>\n#10 0x55c5e464e1eb <unknown>\n#11 0x55c5e4651f39 <unknown>\n#12 0x55c5e46352c9 <unknown>\n#13 0x55c5e4652ae8 <unknown>\n#14 0x55c5e4619baf <unknown>\n#15 0x55c5e46760a8 <unknown>\n#16 0x55c5e4676286 <unknown>\n#17 0x55c5e4687ff6 <unknown>\n#18 0x7f092429caa4 <unknown>\n#19 0x7f0924329c3c <unknown>","time":{"start":1755764812119,"stop":1755764813144,"duration":1025}}]},"415becb7b266146eb28887bbf757f5e7":{"statistic":{"failed":0,"broken":1,"skipped":0,"passed":0,"unknown":0,"total":1},"items":[{"uid":"a2263bdb5fd2db0f","reportUrl":"https://erubazo.github.io/shichor-python/9/#testresult/a2263bdb5fd2db0f","status":"broken","statusDetails":"selenium.common.exceptions.NoSuchElementException: Message: no such element: Unable to locate element: {\"method\":\"css selector\",\"selector\":\"[data-test=\"PlacePickerInputPlace-close\"]\"}\n  (Session info: chrome=139.0.7258.127); For documentation on this error, please visit: https://www.selenium.dev/documentation/webdriver/troubleshooting/errors#nosuchelementexception\nStacktrace:\n#0 0x55c5e468901a <unknown>\n#1 0x55c5e4128a70 <unknown>\n#2 0x55c5e417a907 <unknown>\n#3 0x55c5e417ab01 <unknown>\n#4 0x55c5e41c8d54 <unknown>\n#5 0x55c5e41a040d <unknown>\n#6 0x55c5e41c614f <unknown>\n#7 0x55c5e41a01b3 <unknown>\n#8 0x55c5e416c59b <unknown>\n#9 0x55c5e416d971 <unknown>\n#10 0x55c5e464e1eb <unknown>\n#11 0x55c5e4651f39 <unknown>\n#12 0x55c5e46352c9 <unknown>\n#13 0x55c5e4652ae8 <unknown>\n#14 0x55c5e4619baf <unknown>\n#15 0x55c5e46760a8 <unknown>\n#16 0x55c5e4676286 <unknown>\n#17 0x55c5e4687ff6 <unknown>\n#18 0x7f092429caa4 <unknown>\n#19 0x7f0924329c3c <unknown>","time":{"start":1755764785636,"stop":1755764787662,"duration":2026}}]},"7c34fa7b644706ed5715bf9d024168df":{"statistic":{"failed":0,"broken":1,"skipped":0,"passed":0,"unknown":0,"total":1},"items":[{"uid":"a8d4b7cc618c7d23","reportUrl":"https://erubazo.github.io/shichor-python/9/#testresult/a8d4b7cc618c7d23","status":"broken","statusDetails":"selenium.common.exceptions.NoSuchElementException: Message: no such element: Unable to locate element: {\"method\":\"css selector\",\"selector\":\"[data-test=\"PlacePickerInputPlace-close\"]\"}\n  (Session info: chrome=139.0.7258.127); For documentation on this error, please visit: https://www.selenium.dev/documentation/webdriver/troubleshooting/errors#nosuchelementexception\nStacktrace:\n#0 0x55c5e468901a <unknown>\n#1 0x55c5e4128a70 <unknown>\n#2 0x55c5e417a907 <unknown>\n#3 0x55c5e417ab01 <unknown>\n#4 0x55c5e41c8d54 <unknown>\n#5 0x55c5e41a040d <unknown>\n#6 0x55c5e41c614f <unknown>\n#7 0x55c5e41a01b3 <unknown>\n#8 0x55c5e416c59b <unknown>\n#9 0x55c5e416d971 <unknown>\n#10 0x55c5e464e1eb <unknown>\n#11 0x55c5e4651f39 <unknown>\n#12 0x55c5e46352c9 <unknown>\n#13 0x55c5e4652ae8 <unknown>\n#14 0x55c5e4619baf <unknown>\n#15 0x55c5e46760a8 <unknown>\n#16 0x55c5e4676286 <unknown>\n#17 0x55c5e4687ff6 <unknown>\n#18 0x7f092429caa4 <unknown>\n#19 0x7f0924329c3c <unknown>","time":{"start":1755764800569,"stop":1755764805603,"duration":5034}}]},"4838f945bcaf4f707f75cf5665acf10e":{"statistic":{"failed":0,"broken":1,"skipped":0,"passed":0,"unknown":0,"total":1},"items":[{"uid":"c7876f4c97f3e9ed","reportUrl":"https://erubazo.github.io/shichor-python/9/#testresult/c7876f4c97f3e9ed","status":"broken","statusDetails":"selenium.common.exceptions.NoSuchElementException: Message: no such element: Unable to locate element: {\"method\":\"css selector\",\"selector\":\"#cookie_consent > div > div > div > section > div.orbit-stack.items-start.content-start.flex-nowrap.grow.shrink-0.justify-start.flex-row.flex.gap-400.w-full > button.space-x-200.rtl\\:space-x-reverse.h-form-box-normal.text-normal.bg-button-secondary-background.hover\\:bg-button-secondary-background-hover.active\\:bg-button-secondary-background-active.disabled\\:bg-button-secondary-background.focus\\:bg-button-secondary-background-focus.text-button-secondary-foreground.focus\\:text-button-secondary-foreground-focus.active\\:text-button-secondary-foreground-active.hover\\:text-button-secondary-foreground-hover.disabled\\:text-button-secondary-foreground.active\\:shadow-button-active-pale.px-button-padding-md.orbit-button-primitive.font-base.duration-fast.group.relative.max-w-full.select-none.items-center.justify-center.border-none.text-center.leading-none.transition-all.\\*\\:align-middle.\\[\\&_\\.orbit-loading-spinner\\]\\:stroke-current.w-full.flex-auto.rounded-150.tb\\:rounded-100.cursor-pointer.hover\\:no-underline.focus\\:no-underline.active\\:no-underline.flex.font-medium > div\"}\n  (Session info: chrome=139.0.7258.127); For documentation on this error, please visit: https://www.selenium.dev/documentation/webdriver/troubleshooting/errors#nosuchelementexception\nStacktrace:\n#0 0x55c5e468901a <unknown>\n#1 0x55c5e4128a70 <unknown>\n#2 0x55c5e417a907 <unknown>\n#3 0x55c5e417ab01 <unknown>\n#4 0x55c5e41c8d54 <unknown>\n#5 0x55c5e41a040d <unknown>\n#6 0x55c5e41c614f <unknown>\n#7 0x55c5e41a01b3 <unknown>\n#8 0x55c5e416c59b <unknown>\n#9 0x55c5e416d971 <unknown>\n#10 0x55c5e464e1eb <unknown>\n#11 0x55c5e4651f39 <unknown>\n#12 0x55c5e46352c9 <unknown>\n#13 0x55c5e4652ae8 <unknown>\n#14 0x55c5e4619baf <unknown>\n#15 0x55c5e46760a8 <unknown>\n#16 0x55c5e4676286 <unknown>\n#17 0x55c5e4687ff6 <unknown>\n#18 0x7f092429caa4 <unknown>\n#19 0x7f0924329c3c <unknown>","time":{"start":1755764767980,"stop":1755764771996,"duration":4016}}]},"2ecc6e22acc0566a6d050e8cbf68f465":{"statistic":{"failed":0,"broken":1,"skipped":0,"passed":0,"unknown":0,"total":1},"items":[{"uid":"4d5ae5426ca0a5c","reportUrl":"https://erubazo.github.io/shichor-python/9/#testresult/4d5ae5426ca0a5c","status":"broken","statusDetails":"selenium.common.exceptions.NoSuchElementException: Message: no such element: Unable to locate element: {\"method\":\"css selector\",\"selector\":\"div.lm\\:mb-100.mb-300.flex.items-center.tb\\:justify-start.justify-between > div:nth-child(2) > div:nth-child(1) > div\"}\n  (Session info: chrome=139.0.7258.127); For documentation on this error, please visit: https://www.selenium.dev/documentation/webdriver/troubleshooting/errors#nosuchelementexception\nStacktrace:\n#0 0x55c5e468901a <unknown>\n#1 0x55c5e4128a70 <unknown>\n#2 0x55c5e417a907 <unknown>\n#3 0x55c5e417ab01 <unknown>\n#4 0x55c5e41c8d54 <unknown>\n#5 0x55c5e41a040d <unknown>\n#6 0x55c5e41c614f <unknown>\n#7 0x55c5e41a01b3 <unknown>\n#8 0x55c5e416c59b <unknown>\n#9 0x55c5e416d971 <unknown>\n#10 0x55c5e464e1eb <unknown>\n#11 0x55c5e4651f39 <unknown>\n#12 0x55c5e46352c9 <unknown>\n#13 0x55c5e4652ae8 <unknown>\n#14 0x55c5e4619baf <unknown>\n#15 0x55c5e46760a8 <unknown>\n#16 0x55c5e4676286 <unknown>\n#17 0x55c5e4687ff6 <unknown>\n#18 0x7f092429caa4 <unknown>\n#19 0x7f0924329c3c <unknown>","time":{"start":1755764798436,"stop":1755764800458,"duration":2022}}]},"5aa6adc6cd4ef5819814ea721e150c2c":{"statistic":{"failed":0,"broken":1,"skipped":0,"passed":0,"unknown":0,"total":1},"items":[{"uid":"88d02532c6549705","reportUrl":"https://erubazo.github.io/shichor-python/9/#testresult/88d02532c6549705","status":"broken","statusDetails":"selenium.common.exceptions.NoSuchElementException: Message: no such element: Unable to locate element: {\"method\":\"css selector\",\"selector\":\"#inboundDate\"}\n  (Session info: chrome=139.0.7258.127); For documentation on this error, please visit: https://www.selenium.dev/documentation/webdriver/troubleshooting/errors#nosuchelementexception\nStacktrace:\n#0 0x55c5e468901a <unknown>\n#1 0x55c5e4128a70 <unknown>\n#2 0x55c5e417a907 <unknown>\n#3 0x55c5e417ab01 <unknown>\n#4 0x55c5e41c8d54 <unknown>\n#5 0x55c5e41a040d <unknown>\n#6 0x55c5e41c614f <unknown>\n#7 0x55c5e41a01b3 <unknown>\n#8 0x55c5e416c59b <unknown>\n#9 0x55c5e416d971 <unknown>\n#10 0x55c5e464e1eb <unknown>\n#11 0x55c5e4651f39 <unknown>\n#12 0x55c5e46352c9 <unknown>\n#13 0x55c5e4652ae8 <unknown>\n#14 0x55c5e4619baf <unknown>\n#15 0x55c5e46760a8 <unknown>\n#16 0x55c5e4676286 <unknown>\n#17 0x55c5e4687ff6 <unknown>\n#18 0x7f092429caa4 <unknown>\n#19 0x7f0924329c3c <unknown>","time":{"start":1755764792036,"stop":1755764794061,"duration":2025}}]}}