{"5655f94eab575e8bfa6b3699677cfa54":{"statistic":{"failed":1,"broken":0,"skipped":0,"passed":0,"unknown":0,"total":1},"items":[{"uid":"698a4aa6575e3a58","reportUrl":"https://erubazo.github.io/shichor-python/10/#testresult/698a4aa6575e3a58","status":"failed","statusDetails":"AssertionError: assert 'Error' in '3 Passengers'","time":{"start":1755766565611,"stop":1755766577889,"duration":12278}}]},"bae716c86efcbc48f6015ff0968e9fbc":{"statistic":{"failed":0,"broken":1,"skipped":0,"passed":0,"unknown":0,"total":1},"items":[{"uid":"f88e6a693671c015","reportUrl":"https://erubazo.github.io/shichor-python/10/#testresult/f88e6a693671c015","status":"broken","statusDetails":"selenium.common.exceptions.NoSuchElementException: Message: no such element: Unable to locate element: {\"method\":\"css selector\",\"selector\":\"[data-test=\"PlacePickerInputPlace-close\"]\"}\n  (Session info: chrome=139.0.7258.127); For documentation on this error, please visit: https://www.selenium.dev/documentation/webdriver/troubleshooting/errors#nosuchelementexception\nStacktrace:\n#0 0x55c10fbda01a <unknown>\n#1 0x55c10f679a70 <unknown>\n#2 0x55c10f6cb907 <unknown>\n#3 0x55c10f6cbb01 <unknown>\n#4 0x55c10f719d54 <unknown>\n#5 0x55c10f6f140d <unknown>\n#6 0x55c10f71714f <unknown>\n#7 0x55c10f6f11b3 <unknown>\n#8 0x55c10f6bd59b <unknown>\n#9 0x55c10f6be971 <unknown>\n#10 0x55c10fb9f1eb <unknown>\n#11 0x55c10fba2f39 <unknown>\n#12 0x55c10fb862c9 <unknown>\n#13 0x55c10fba3ae8 <unknown>\n#14 0x55c10fb6abaf <unknown>\n#15 0x55c10fbc70a8 <unknown>\n#16 0x55c10fbc7286 <unknown>\n#17 0x55c10fbd8ff6 <unknown>\n#18 0x7f5c9b09caa4 <unknown>\n#19 0x7f5c9b129c3c <unknown>","time":{"start":1755766694772,"stop":1755766706037,"duration":11265}}]},"4569b31842a85143286424547beab159":{"statistic":{"failed":0,"broken":1,"skipped":0,"passed":0,"unknown":0,"total":1},"items":[{"uid":"e41a8b32e94bdc79","reportUrl":"https://erubazo.github.io/shichor-python/10/#testresult/e41a8b32e94bdc79","status":"broken","statusDetails":"selenium.common.exceptions.NoSuchElementException: Message: no such element: Unable to locate element: {\"method\":\"css selector\",\"selector\":\"#outboundDate\"}\n  (Session info: chrome=139.0.7258.127); For documentation on this error, please visit: https://www.selenium.dev/documentation/webdriver/troubleshooting/errors#nosuchelementexception\nStacktrace:\n#0 0x55c10fbda01a <unknown>\n#1 0x55c10f679a70 <unknown>\n#2 0x55c10f6cb907 <unknown>\n#3 0x55c10f6cbb01 <unknown>\n#4 0x55c10f719d54 <unknown>\n#5 0x55c10f6f140d <unknown>\n#6 0x55c10f71714f <unknown>\n#7 0x55c10f6f11b3 <unknown>\n#8 0x55c10f6bd59b <unknown>\n#9 0x55c10f6be971 <unknown>\n#10 0x55c10fb9f1eb <unknown>\n#11 0x55c10fba2f39 <unknown>\n#12 0x55c10fb862c9 <unknown>\n#13 0x55c10fba3ae8 <unknown>\n#14 0x55c10fb6abaf <unknown>\n#15 0x55c10fbc70a8 <unknown>\n#16 0x55c10fbc7286 <unknown>\n#17 0x55c10fbd8ff6 <unknown>\n#18 0x7f5c9b09caa4 <unknown>\n#19 0x7f5c9b129c3c <unknown>","time":{"start":1755766600725,"stop":1755766611990,"duration":11265}}]},"8be373d5a4ac4c1c74d32cff12e3b610":{"statistic":{"failed":0,"broken":1,"skipped":0,"passed":0,"unknown":0,"total":1},"items":[{"uid":"ab1d4c2db194cc1f","reportUrl":"https://erubazo.github.io/shichor-python/10/#testresult/ab1d4c2db194cc1f","status":"broken","statusDetails":"selenium.common.exceptions.NoSuchElementException: Message: no such element: Unable to locate element: {\"method\":\"css selector\",\"selector\":\"#outboundDate\"}\n  (Session info: chrome=139.0.7258.127); For documentation on this error, please visit: https://www.selenium.dev/documentation/webdriver/troubleshooting/errors#nosuchelementexception\nStacktrace:\n#0 0x55c10fbda01a <unknown>\n#1 0x55c10f679a70 <unknown>\n#2 0x55c10f6cb907 <unknown>\n#3 0x55c10f6cbb01 <unknown>\n#4 0x55c10f719d54 <unknown>\n#5 0x55c10f6f140d <unknown>\n#6 0x55c10f71714f <unknown>\n#7 0x55c10f6f11b3 <unknown>\n#8 0x55c10f6bd59b <unknown>\n#9 0x55c10f6be971 <unknown>\n#10 0x55c10fb9f1eb <unknown>\n#11 0x55c10fba2f39 <unknown>\n#12 0x55c10fb862c9 <unknown>\n#13 0x55c10fba3ae8 <unknown>\n#14 0x55c10fb6abaf <unknown>\n#15 0x55c10fbc70a8 <unknown>\n#16 0x55c10fbc7286 <unknown>\n#17 0x55c10fbd8ff6 <unknown>\n#18 0x7f5c9b09caa4 <unknown>\n#19 0x7f5c9b129c3c <unknown>","time":{"start":1755766623491,"stop":1755766634753,"duration":11262}}]},"48e59fe38e8a2c4fcc8c282d00587fe6":{"statistic":{"failed":0,"broken":1,"skipped":0,"passed":0,"unknown":0,"total":1},"items":[{"uid":"1b13ef367f840f6c","reportUrl":"https://erubazo.github.io/shichor-python/10/#testresult/1b13ef367f840f6c","status":"broken","statusDetails":"AttributeError: 'MainPage' object has no attribute 'ACCEPT'","time":{"start":1755766717154,"stop":1755766717154,"duration":0}}]},"ee4bf144a8a3dfacd6d15767dd6eb1ca":{"statistic":{"failed":0,"broken":1,"skipped":0,"passed":0,"unknown":0,"total":1},"items":[{"uid":"e4beea161d5f6169","reportUrl":"https://erubazo.github.io/shichor-python/10/#testresult/e4beea161d5f6169","status":"broken","statusDetails":"AttributeError: 'MainPage' object has no attribute 'ACCEPT'","time":{"start":1755766717238,"stop":1755766717239,"duration":1}}]},"40da3125772fab665425c8e1a3c35e15":{"statistic":{"failed":0,"broken":1,"skipped":0,"passed":0,"unknown":0,"total":1},"items":[{"uid":"74f3429b9c76ae9","reportUrl":"https://erubazo.github.io/shichor-python/10/#testresult/74f3429b9c76ae9","status":"broken","statusDetails":"selenium.common.exceptions.NoSuchElementException: Message: no such element: Unable to locate element: {\"method\":\"css selector\",\"selector\":\"#destination\"}\n  (Session info: chrome=139.0.7258.127); For documentation on this error, please visit: https://www.selenium.dev/documentation/webdriver/troubleshooting/errors#nosuchelementexception\nStacktrace:\n#0 0x55c10fbda01a <unknown>\n#1 0x55c10f679a70 <unknown>\n#2 0x55c10f6cb907 <unknown>\n#3 0x55c10f6cbb01 <unknown>\n#4 0x55c10f719d54 <unknown>\n#5 0x55c10f6f140d <unknown>\n#6 0x55c10f71714f <unknown>\n#7 0x55c10f6f11b3 <unknown>\n#8 0x55c10f6bd59b <unknown>\n#9 0x55c10f6be971 <unknown>\n#10 0x55c10fb9f1eb <unknown>\n#11 0x55c10fba2f39 <unknown>\n#12 0x55c10fb862c9 <unknown>\n#13 0x55c10fba3ae8 <unknown>\n#14 0x55c10fb6abaf <unknown>\n#15 0x55c10fbc70a8 <unknown>\n#16 0x55c10fbc7286 <unknown>\n#17 0x55c10fbd8ff6 <unknown>\n#18 0x7f5c9b09caa4 <unknown>\n#19 0x7f5c9b129c3c <unknown>","time":{"start":1755766589343,"stop":1755766600610,"duration":11267}}]},"44027ee0c9148d3bfa2f0ec00ebcbd38":{"statistic":{"failed":0,"broken":1,"skipped":0,"passed":0,"unknown":0,"total":1},"items":[{"uid":"a5d04d7e8c62ed07","reportUrl":"https://erubazo.github.io/shichor-python/10/#testresult/a5d04d7e8c62ed07","status":"broken","statusDetails":"selenium.common.exceptions.NoSuchElementException: Message: no such element: Unable to locate element: {\"method\":\"css selector\",\"selector\":\"div.lm\\:mb-100.mb-300.flex.items-center.tb\\:justify-start.justify-between > div:nth-child(2) > div:nth-child(1) > div\"}\n  (Session info: chrome=139.0.7258.127); For documentation on this error, please visit: https://www.selenium.dev/documentation/webdriver/troubleshooting/errors#nosuchelementexception\nStacktrace:\n#0 0x55c10fbda01a <unknown>\n#1 0x55c10f679a70 <unknown>\n#2 0x55c10f6cb907 <unknown>\n#3 0x55c10f6cbb01 <unknown>\n#4 0x55c10f719d54 <unknown>\n#5 0x55c10f6f140d <unknown>\n#6 0x55c10f71714f <unknown>\n#7 0x55c10f6f11b3 <unknown>\n#8 0x55c10f6bd59b <unknown>\n#9 0x55c10f6be971 <unknown>\n#10 0x55c10fb9f1eb <unknown>\n#11 0x55c10fba2f39 <unknown>\n#12 0x55c10fb862c9 <unknown>\n#13 0x55c10fba3ae8 <unknown>\n#14 0x55c10fb6abaf <unknown>\n#15 0x55c10fbc70a8 <unknown>\n#16 0x55c10fbc7286 <unknown>\n#17 0x55c10fbd8ff6 <unknown>\n#18 0x7f5c9b09caa4 <unknown>\n#19 0x7f5c9b129c3c <unknown>","time":{"start":1755766554228,"stop":1755766565494,"duration":11266}}]},"b1556b91cae91277d2f000731ed6cf05":{"statistic":{"failed":0,"broken":1,"skipped":0,"passed":0,"unknown":0,"total":1},"items":[{"uid":"c2da75681599dafc","reportUrl":"https://erubazo.github.io/shichor-python/10/#testresult/c2da75681599dafc","status":"broken","statusDetails":"selenium.common.exceptions.NoSuchElementException: Message: no such element: Unable to locate element: {\"method\":\"css selector\",\"selector\":\"#outboundDate\"}\n  (Session info: chrome=139.0.7258.127); For documentation on this error, please visit: https://www.selenium.dev/documentation/webdriver/troubleshooting/errors#nosuchelementexception\nStacktrace:\n#0 0x55c10fbda01a <unknown>\n#1 0x55c10f679a70 <unknown>\n#2 0x55c10f6cb907 <unknown>\n#3 0x55c10f6cbb01 <unknown>\n#4 0x55c10f719d54 <unknown>\n#5 0x55c10f6f140d <unknown>\n#6 0x55c10f71714f <unknown>\n#7 0x55c10f6f11b3 <unknown>\n#8 0x55c10f6bd59b <unknown>\n#9 0x55c10f6be971 <unknown>\n#10 0x55c10fb9f1eb <unknown>\n#11 0x55c10fba2f39 <unknown>\n#12 0x55c10fb862c9 <unknown>\n#13 0x55c10fba3ae8 <unknown>\n#14 0x55c10fb6abaf <unknown>\n#15 0x55c10fbc70a8 <unknown>\n#16 0x55c10fbc7286 <unknown>\n#17 0x55c10fbd8ff6 <unknown>\n#18 0x7f5c9b09caa4 <unknown>\n#19 0x7f5c9b129c3c <unknown>","time":{"start":1755766634861,"stop":1755766646125,"duration":11264}}]},"d473bdd714f5dca4321099c6e995022c":{"statistic":{"failed":0,"broken":1,"skipped":0,"passed":0,"unknown":0,"total":1},"items":[{"uid":"96b9f5b57e0b3f33","reportUrl":"https://erubazo.github.io/shichor-python/10/#testresult/96b9f5b57e0b3f33","status":"broken","statusDetails":"AttributeError: 'MainPage' object has no attribute 'ACCEPT'","time":{"start":1755766717008,"stop":1755766717009,"duration":1}}]},"d9f17111a5011ef00f8836b0e99de21f":{"statistic":{"failed":1,"broken":0,"skipped":0,"passed":0,"unknown":0,"total":1},"items":[{"uid":"2b7763c112ada14b","reportUrl":"https://erubazo.github.io/shichor-python/10/#testresult/2b7763c112ada14b","status":"failed","statusDetails":"AssertionError: assert 'No trip selector available' == 'Return'\n  \n  - Return\n  + No trip selector available","time":{"start":1755766537845,"stop":1755766554149,"duration":16304}}]},"75bc17fa304f21c3b1a283a58d952713":{"statistic":{"failed":0,"broken":1,"skipped":0,"passed":0,"unknown":0,"total":1},"items":[{"uid":"11a29907ab9421f9","reportUrl":"https://erubazo.github.io/shichor-python/10/#testresult/11a29907ab9421f9","status":"broken","statusDetails":"AttributeError: 'MainPage' object has no attribute 'ACCEPT'","time":{"start":1755766467230,"stop":1755766467231,"duration":1}}]},"fa1e27cf77d811d24c961ca50dfb243b":{"statistic":{"failed":0,"broken":1,"skipped":0,"passed":0,"unknown":0,"total":1},"items":[{"uid":"493360f8a1078f79","reportUrl":"https://erubazo.github.io/shichor-python/10/#testresult/493360f8a1078f79","status":"broken","statusDetails":"selenium.common.exceptions.NoSuchElementException: Message: no such element: Unable to locate element: {\"method\":\"css selector\",\"selector\":\"div.lm\\:mb-100.mb-300.flex.items-center.tb\\:justify-start.justify-between > div:nth-child(2) > div:nth-child(1) > div\"}\n  (Session info: chrome=139.0.7258.127); For documentation on this error, please visit: https://www.selenium.dev/documentation/webdriver/troubleshooting/errors#nosuchelementexception\nStacktrace:\n#0 0x55c10fbda01a <unknown>\n#1 0x55c10f679a70 <unknown>\n#2 0x55c10f6cb907 <unknown>\n#3 0x55c10f6cbb01 <unknown>\n#4 0x55c10f719d54 <unknown>\n#5 0x55c10f6f140d <unknown>\n#6 0x55c10f71714f <unknown>\n#7 0x55c10f6f11b3 <unknown>\n#8 0x55c10f6bd59b <unknown>\n#9 0x55c10f6be971 <unknown>\n#10 0x55c10fb9f1eb <unknown>\n#11 0x55c10fba2f39 <unknown>\n#12 0x55c10fb862c9 <unknown>\n#13 0x55c10fba3ae8 <unknown>\n#14 0x55c10fb6abaf <unknown>\n#15 0x55c10fbc70a8 <unknown>\n#16 0x55c10fbc7286 <unknown>\n#17 0x55c10fbd8ff6 <unknown>\n#18 0x7f5c9b09caa4 <unknown>\n#19 0x7f5c9b129c3c <unknown>","time":{"start":1755766683389,"stop":1755766694654,"duration":11265}}]},"a29fb78cd39a3af9addaa2a7113ebbb5":{"statistic":{"failed":0,"broken":1,"skipped":0,"passed":0,"unknown":0,"total":1},"items":[{"uid":"cc3a940db405a62e","reportUrl":"https://erubazo.github.io/shichor-python/10/#testresult/cc3a940db405a62e","status":"broken","statusDetails":"selenium.common.exceptions.NoSuchElementException: Message: no such element: Unable to locate element: {\"method\":\"css selector\",\"selector\":\"div.lm\\:mb-100.mb-300.flex.items-center.tb\\:justify-start.justify-between > div:nth-child(2) > div:nth-child(1) > div\"}\n  (Session info: chrome=139.0.7258.127); For documentation on this error, please visit: https://www.selenium.dev/documentation/webdriver/troubleshooting/errors#nosuchelementexception\nStacktrace:\n#0 0x55c10fbda01a <unknown>\n#1 0x55c10f679a70 <unknown>\n#2 0x55c10f6cb907 <unknown>\n#3 0x55c10f6cbb01 <unknown>\n#4 0x55c10f719d54 <unknown>\n#5 0x55c10f6f140d <unknown>\n#6 0x55c10f71714f <unknown>\n#7 0x55c10f6f11b3 <unknown>\n#8 0x55c10f6bd59b <unknown>\n#9 0x55c10f6be971 <unknown>\n#10 0x55c10fb9f1eb <unknown>\n#11 0x55c10fba2f39 <unknown>\n#12 0x55c10fb862c9 <unknown>\n#13 0x55c10fba3ae8 <unknown>\n#14 0x55c10fb6abaf <unknown>\n#15 0x55c10fbc70a8 <unknown>\n#16 0x55c10fbc7286 <unknown>\n#17 0x55c10fbd8ff6 <unknown>\n#18 0x7f5c9b09caa4 <unknown>\n#19 0x7f5c9b129c3c <unknown>","time":{"start":1755766672008,"stop":1755766683271,"duration":11263}}]},"415becb7b266146eb28887bbf757f5e7":{"statistic":{"failed":0,"broken":1,"skipped":0,"passed":0,"unknown":0,"total":1},"items":[{"uid":"db15c5b11078f5d","reportUrl":"https://erubazo.github.io/shichor-python/10/#testresult/db15c5b11078f5d","status":"broken","statusDetails":"selenium.common.exceptions.NoSuchElementException: Message: no such element: Unable to locate element: {\"method\":\"css selector\",\"selector\":\"[data-test=\"PlacePickerInputPlace-close\"]\"}\n  (Session info: chrome=139.0.7258.127); For documentation on this error, please visit: https://www.selenium.dev/documentation/webdriver/troubleshooting/errors#nosuchelementexception\nStacktrace:\n#0 0x55c10fbda01a <unknown>\n#1 0x55c10f679a70 <unknown>\n#2 0x55c10f6cb907 <unknown>\n#3 0x55c10f6cbb01 <unknown>\n#4 0x55c10f719d54 <unknown>\n#5 0x55c10f6f140d <unknown>\n#6 0x55c10f71714f <unknown>\n#7 0x55c10f6f11b3 <unknown>\n#8 0x55c10f6bd59b <unknown>\n#9 0x55c10f6be971 <unknown>\n#10 0x55c10fb9f1eb <unknown>\n#11 0x55c10fba2f39 <unknown>\n#12 0x55c10fb862c9 <unknown>\n#13 0x55c10fba3ae8 <unknown>\n#14 0x55c10fb6abaf <unknown>\n#15 0x55c10fbc70a8 <unknown>\n#16 0x55c10fbc7286 <unknown>\n#17 0x55c10fbd8ff6 <unknown>\n#18 0x7f5c9b09caa4 <unknown>\n#19 0x7f5c9b129c3c <unknown>","time":{"start":1755766577962,"stop":1755766589229,"duration":11267}}]},"b97b0400e77310f81030c96b417d5c96":{"statistic":{"failed":0,"broken":1,"skipped":0,"passed":0,"unknown":0,"total":1},"items":[{"uid":"98f856e148ea2de2","reportUrl":"https://erubazo.github.io/shichor-python/10/#testresult/98f856e148ea2de2","status":"broken","statusDetails":"selenium.common.exceptions.NoSuchElementException: Message: no such element: Unable to locate element: {\"method\":\"css selector\",\"selector\":\"span:nth-child(6) > a\"}\n  (Session info: chrome=139.0.7258.127); For documentation on this error, please visit: https://www.selenium.dev/documentation/webdriver/troubleshooting/errors#nosuchelementexception\nStacktrace:\n#0 0x55c10fbda01a <unknown>\n#1 0x55c10f679a70 <unknown>\n#2 0x55c10f6cb907 <unknown>\n#3 0x55c10f6cbb01 <unknown>\n#4 0x55c10f719d54 <unknown>\n#5 0x55c10f6f140d <unknown>\n#6 0x55c10f71714f <unknown>\n#7 0x55c10f6f11b3 <unknown>\n#8 0x55c10f6bd59b <unknown>\n#9 0x55c10f6be971 <unknown>\n#10 0x55c10fb9f1eb <unknown>\n#11 0x55c10fba2f39 <unknown>\n#12 0x55c10fb862c9 <unknown>\n#13 0x55c10fba3ae8 <unknown>\n#14 0x55c10fb6abaf <unknown>\n#15 0x55c10fbc70a8 <unknown>\n#16 0x55c10fbc7286 <unknown>\n#17 0x55c10fbd8ff6 <unknown>\n#18 0x7f5c9b09caa4 <unknown>\n#19 0x7f5c9b129c3c <unknown>","time":{"start":1755766517146,"stop":1755766537731,"duration":20585}}]},"7c34fa7b644706ed5715bf9d024168df":{"statistic":{"failed":0,"broken":1,"skipped":0,"passed":0,"unknown":0,"total":1},"items":[{"uid":"21cfba352ca409a","reportUrl":"https://erubazo.github.io/shichor-python/10/#testresult/21cfba352ca409a","status":"broken","statusDetails":"selenium.common.exceptions.NoSuchElementException: Message: no such element: Unable to locate element: {\"method\":\"css selector\",\"selector\":\"[data-test=\"PlacePickerInputPlace-close\"]\"}\n  (Session info: chrome=139.0.7258.127); For documentation on this error, please visit: https://www.selenium.dev/documentation/webdriver/troubleshooting/errors#nosuchelementexception\nStacktrace:\n#0 0x55c10fbda01a <unknown>\n#1 0x55c10f679a70 <unknown>\n#2 0x55c10f6cb907 <unknown>\n#3 0x55c10f6cbb01 <unknown>\n#4 0x55c10f719d54 <unknown>\n#5 0x55c10f6f140d <unknown>\n#6 0x55c10f71714f <unknown>\n#7 0x55c10f6f11b3 <unknown>\n#8 0x55c10f6bd59b <unknown>\n#9 0x55c10f6be971 <unknown>\n#10 0x55c10fb9f1eb <unknown>\n#11 0x55c10fba2f39 <unknown>\n#12 0x55c10fb862c9 <unknown>\n#13 0x55c10fba3ae8 <unknown>\n#14 0x55c10fb6abaf <unknown>\n#15 0x55c10fbc70a8 <unknown>\n#16 0x55c10fbc7286 <unknown>\n#17 0x55c10fbd8ff6 <unknown>\n#18 0x7f5c9b09caa4 <unknown>\n#19 0x7f5c9b129c3c <unknown>","time":{"start":1755766657624,"stop":1755766671899,"duration":14275}}]},"da11a82170d1bdc46b9f8bad34ad8f0c":{"statistic":{"failed":0,"broken":1,"skipped":0,"passed":0,"unknown":0,"total":1},"items":[{"uid":"8ed8fb4f04f6669d","reportUrl":"https://erubazo.github.io/shichor-python/10/#testresult/8ed8fb4f04f6669d","status":"broken","statusDetails":"AttributeError: 'MainPage' object has no attribute 'ACCEPT'","time":{"start":1755766467084,"stop":1755766467085,"duration":1}}]},"973be1434a2f3eb31e8b91f0dd6a0341":{"statistic":{"failed":0,"broken":1,"skipped":0,"passed":0,"unknown":0,"total":1},"items":[{"uid":"1021d388d7fd9ce","reportUrl":"https://erubazo.github.io/shichor-python/10/#testresult/1021d388d7fd9ce","status":"broken","statusDetails":"selenium.common.exceptions.NoSuchElementException: Message: no such element: Unable to locate element: {\"method\":\"css selector\",\"selector\":\"#origin\"}\n  (Session info: chrome=139.0.7258.127); For documentation on this error, please visit: https://www.selenium.dev/documentation/webdriver/troubleshooting/errors#nosuchelementexception\nStacktrace:\n#0 0x55c10fbda01a <unknown>\n#1 0x55c10f679a70 <unknown>\n#2 0x55c10f6cb907 <unknown>\n#3 0x55c10f6cbb01 <unknown>\n#4 0x55c10f719d54 <unknown>\n#5 0x55c10f6f140d <unknown>\n#6 0x55c10f71714f <unknown>\n#7 0x55c10f6f11b3 <unknown>\n#8 0x55c10f6bd59b <unknown>\n#9 0x55c10f6be971 <unknown>\n#10 0x55c10fb9f1eb <unknown>\n#11 0x55c10fba2f39 <unknown>\n#12 0x55c10fb862c9 <unknown>\n#13 0x55c10fba3ae8 <unknown>\n#14 0x55c10fb6abaf <unknown>\n#15 0x55c10fbc70a8 <unknown>\n#16 0x55c10fbc7286 <unknown>\n#17 0x55c10fbd8ff6 <unknown>\n#18 0x7f5c9b09caa4 <unknown>\n#19 0x7f5c9b129c3c <unknown>","time":{"start":1755766706155,"stop":1755766716421,"duration":10266}}]},"4838f945bcaf4f707f75cf5665acf10e":{"statistic":{"failed":1,"broken":0,"skipped":0,"passed":0,"unknown":0,"total":1},"items":[{"uid":"1e03f231409ee555","reportUrl":"https://erubazo.github.io/shichor-python/10/#testresult/1e03f231409ee555","status":"failed","statusDetails":"AssertionError: assert '' == 'true'\n  \n  - true","time":{"start":1755766467760,"stop":1755766517066,"duration":49306}}]},"2ecc6e22acc0566a6d050e8cbf68f465":{"statistic":{"failed":0,"broken":1,"skipped":0,"passed":0,"unknown":0,"total":1},"items":[{"uid":"88190738548e44e9","reportUrl":"https://erubazo.github.io/shichor-python/10/#testresult/88190738548e44e9","status":"broken","statusDetails":"selenium.common.exceptions.NoSuchElementException: Message: no such element: Unable to locate element: {\"method\":\"css selector\",\"selector\":\"div.lm\\:mb-100.mb-300.flex.items-center.tb\\:justify-start.justify-between > div:nth-child(2) > div:nth-child(1) > div\"}\n  (Session info: chrome=139.0.7258.127); For documentation on this error, please visit: https://www.selenium.dev/documentation/webdriver/troubleshooting/errors#nosuchelementexception\nStacktrace:\n#0 0x55c10fbda01a <unknown>\n#1 0x55c10f679a70 <unknown>\n#2 0x55c10f6cb907 <unknown>\n#3 0x55c10f6cbb01 <unknown>\n#4 0x55c10f719d54 <unknown>\n#5 0x55c10f6f140d <unknown>\n#6 0x55c10f71714f <unknown>\n#7 0x55c10f6f11b3 <unknown>\n#8 0x55c10f6bd59b <unknown>\n#9 0x55c10f6be971 <unknown>\n#10 0x55c10fb9f1eb <unknown>\n#11 0x55c10fba2f39 <unknown>\n#12 0x55c10fb862c9 <unknown>\n#13 0x55c10fba3ae8 <unknown>\n#14 0x55c10fb6abaf <unknown>\n#15 0x55c10fbc70a8 <unknown>\n#16 0x55c10fbc7286 <unknown>\n#17 0x55c10fbd8ff6 <unknown>\n#18 0x7f5c9b09caa4 <unknown>\n#19 0x7f5c9b129c3c <unknown>","time":{"start":1755766646240,"stop":1755766657504,"duration":11264}}]},"5aa6adc6cd4ef5819814ea721e150c2c":{"statistic":{"failed":0,"broken":1,"skipped":0,"passed":0,"unknown":0,"total":1},"items":[{"uid":"d279e7cb6b909258","reportUrl":"https://erubazo.github.io/shichor-python/10/#testresult/d279e7cb6b909258","status":"broken","statusDetails":"selenium.common.exceptions.NoSuchElementException: Message: no such element: Unable to locate element: {\"method\":\"css selector\",\"selector\":\"#inboundDate\"}\n  (Session info: chrome=139.0.7258.127); For documentation on this error, please visit: https://www.selenium.dev/documentation/webdriver/troubleshooting/errors#nosuchelementexception\nStacktrace:\n#0 0x55c10fbda01a <unknown>\n#1 0x55c10f679a70 <unknown>\n#2 0x55c10f6cb907 <unknown>\n#3 0x55c10f6cbb01 <unknown>\n#4 0x55c10f719d54 <unknown>\n#5 0x55c10f6f140d <unknown>\n#6 0x55c10f71714f <unknown>\n#7 0x55c10f6f11b3 <unknown>\n#8 0x55c10f6bd59b <unknown>\n#9 0x55c10f6be971 <unknown>\n#10 0x55c10fb9f1eb <unknown>\n#11 0x55c10fba2f39 <unknown>\n#12 0x55c10fb862c9 <unknown>\n#13 0x55c10fba3ae8 <unknown>\n#14 0x55c10fb6abaf <unknown>\n#15 0x55c10fbc70a8 <unknown>\n#16 0x55c10fbc7286 <unknown>\n#17 0x55c10fbd8ff6 <unknown>\n#18 0x7f5c9b09caa4 <unknown>\n#19 0x7f5c9b129c3c <unknown>","time":{"start":1755766612109,"stop":1755766623376,"duration":11267}}]}}