{"uid":"4b4757e66a1912dae1a509f688f20b0f","children":[{"name":"Test defects","children":[{"name":"selenium.common.exceptions.NoSuchElementException: Message: no such element: Unable to locate element: {\"method\":\"css selector\",\"selector\":\"#cookies_accept > div\"}\n  (Session info: chrome=139.0.7258.127); For documentation on this error, please visit: https://www.selenium.dev/documentation/webdriver/troubleshooting/errors#nosuchelementexception\nStacktrace:\n#0 0x5576b917801a <unknown>\n#1 0x5576b8c17a70 <unknown>\n#2 0x5576b8c69907 <unknown>\n#3 0x5576b8c69b01 <unknown>\n#4 0x5576b8cb7d54 <unknown>\n#5 0x5576b8c8f40d <unknown>\n#6 0x5576b8cb514f <unknown>\n#7 0x5576b8c8f1b3 <unknown>\n#8 0x5576b8c5b59b <unknown>\n#9 0x5576b8c5c971 <unknown>\n#10 0x5576b913d1eb <unknown>\n#11 0x5576b9140f39 <unknown>\n#12 0x5576b91242c9 <unknown>\n#13 0x5576b9141ae8 <unknown>\n#14 0x5576b9108baf <unknown>\n#15 0x5576b91650a8 <unknown>\n#16 0x5576b9165286 <unknown>\n#17 0x5576b9176ff6 <unknown>\n#18 0x7ffb35e9caa4 <unknown>\n#19 0x7ffb35f29c3c <unknown>","children":[{"name":"Coin Change Test","uid":"6ac5d6a36d9c684","parentUid":"172170803dd75dab6eff1ee809149b33","status":"broken","time":{"start":1755761673583,"stop":1755761674688,"duration":1105},"flaky":false,"newFailed":false,"newPassed":false,"newBroken":false,"retriesCount":0,"retriesStatusChange":false,"parameters":[],"tags":[]},{"name":"Country Change Test","uid":"bde3b3032e094528","parentUid":"172170803dd75dab6eff1ee809149b33","status":"broken","time":{"start":1755761674876,"stop":1755761675888,"duration":1012},"flaky":false,"newFailed":false,"newPassed":false,"newBroken":false,"retriesCount":0,"retriesStatusChange":false,"parameters":[],"tags":[]}],"uid":"172170803dd75dab6eff1ee809149b33"},{"name":"selenium.common.exceptions.NoSuchElementException: Message: no such element: Unable to locate element: {\"method\":\"css selector\",\"selector\":\"#cookie_consent > div > div > div > section > div.orbit-stack.items-start.content-start.flex-nowrap.grow.shrink-0.justify-start.flex-row.flex.gap-400.w-full > button.space-x-200.rtl\\:space-x-reverse.h-form-box-normal.text-normal.bg-button-secondary-background.hover\\:bg-button-secondary-background-hover.active\\:bg-button-secondary-background-active.disabled\\:bg-button-secondary-background.focus\\:bg-button-secondary-background-focus.text-button-secondary-foreground.focus\\:text-button-secondary-foreground-focus.active\\:text-button-secondary-foreground-active.hover\\:text-button-secondary-foreground-hover.disabled\\:text-button-secondary-foreground.active\\:shadow-button-active-pale.px-button-padding-md.orbit-button-primitive.font-base.duration-fast.group.relative.max-w-full.select-none.items-center.justify-center.border-none.text-center.leading-none.transition-all.\\*\\:align-middle.\\[\\&_\\.orbit-loading-spinner\\]\\:stroke-current.w-full.flex-auto.rounded-150.tb\\:rounded-100.cursor-pointer.hover\\:no-underline.focus\\:no-underline.active\\:no-underline.flex.font-medium > div\"}\n  (Session info: chrome=139.0.7258.127); For documentation on this error, please visit: https://www.selenium.dev/documentation/webdriver/troubleshooting/errors#nosuchelementexception\nStacktrace:\n#0 0x55c2f14b501a <unknown>\n#1 0x55c2f0f54a70 <unknown>\n#2 0x55c2f0fa6907 <unknown>\n#3 0x55c2f0fa6b01 <unknown>\n#4 0x55c2f0ff4d54 <unknown>\n#5 0x55c2f0fcc40d <unknown>\n#6 0x55c2f0ff214f <unknown>\n#7 0x55c2f0fcc1b3 <unknown>\n#8 0x55c2f0f9859b <unknown>\n#9 0x55c2f0f99971 <unknown>\n#10 0x55c2f147a1eb <unknown>\n#11 0x55c2f147df39 <unknown>\n#12 0x55c2f14612c9 <unknown>\n#13 0x55c2f147eae8 <unknown>\n#14 0x55c2f1445baf <unknown>\n#15 0x55c2f14a20a8 <unknown>\n#16 0x55c2f14a2286 <unknown>\n#17 0x55c2f14b3ff6 <unknown>\n#18 0x7f2c3389caa4 <unknown>\n#19 0x7f2c33929c3c <unknown>","children":[{"name":"Cookie Customization Test","uid":"5018817b3566c380","parentUid":"f9719c7d300d1d6fb5f9d7432e16738c","status":"broken","time":{"start":1755761676450,"stop":1755761680466,"duration":4016},"flaky":false,"newFailed":false,"newPassed":false,"newBroken":false,"retriesCount":0,"retriesStatusChange":false,"parameters":[],"tags":[]}],"uid":"f9719c7d300d1d6fb5f9d7432e16738c"},{"name":"selenium.common.exceptions.NoSuchElementException: Message: no such element: Unable to locate element: {\"method\":\"css selector\",\"selector\":\"#cookies_accept > div\"}\n  (Session info: chrome=139.0.7258.127); For documentation on this error, please visit: https://www.selenium.dev/documentation/webdriver/troubleshooting/errors#nosuchelementexception\nStacktrace:\n#0 0x55c2f14b501a <unknown>\n#1 0x55c2f0f54a70 <unknown>\n#2 0x55c2f0fa6907 <unknown>\n#3 0x55c2f0fa6b01 <unknown>\n#4 0x55c2f0ff4d54 <unknown>\n#5 0x55c2f0fcc40d <unknown>\n#6 0x55c2f0ff214f <unknown>\n#7 0x55c2f0fcc1b3 <unknown>\n#8 0x55c2f0f9859b <unknown>\n#9 0x55c2f0f99971 <unknown>\n#10 0x55c2f147a1eb <unknown>\n#11 0x55c2f147df39 <unknown>\n#12 0x55c2f14612c9 <unknown>\n#13 0x55c2f147eae8 <unknown>\n#14 0x55c2f1445baf <unknown>\n#15 0x55c2f14a20a8 <unknown>\n#16 0x55c2f14a2286 <unknown>\n#17 0x55c2f14b3ff6 <unknown>\n#18 0x7f2c3389caa4 <unknown>\n#19 0x7f2c33929c3c <unknown>","children":[{"name":"Links check Test","uid":"8eb91d2f016cffc0","parentUid":"f8ac051b32e57628f2d5ba81d2cd8341","status":"broken","time":{"start":1755761680569,"stop":1755761681584,"duration":1015},"flaky":false,"newFailed":false,"newPassed":false,"newBroken":false,"retriesCount":0,"retriesStatusChange":false,"parameters":[],"tags":[]}],"uid":"f8ac051b32e57628f2d5ba81d2cd8341"},{"name":"selenium.common.exceptions.NoSuchElementException: Message: no such element: Unable to locate element: {\"method\":\"css selector\",\"selector\":\"div.lm\\:mb-100.mb-300.flex.items-center.tb\\:justify-start.justify-between > div:nth-child(2) > div:nth-child(1) > div\"}\n  (Session info: chrome=139.0.7258.127); For documentation on this error, please visit: https://www.selenium.dev/documentation/webdriver/troubleshooting/errors#nosuchelementexception\nStacktrace:\n#0 0x55c2f14b501a <unknown>\n#1 0x55c2f0f54a70 <unknown>\n#2 0x55c2f0fa6907 <unknown>\n#3 0x55c2f0fa6b01 <unknown>\n#4 0x55c2f0ff4d54 <unknown>\n#5 0x55c2f0fcc40d <unknown>\n#6 0x55c2f0ff214f <unknown>\n#7 0x55c2f0fcc1b3 <unknown>\n#8 0x55c2f0f9859b <unknown>\n#9 0x55c2f0f99971 <unknown>\n#10 0x55c2f147a1eb <unknown>\n#11 0x55c2f147df39 <unknown>\n#12 0x55c2f14612c9 <unknown>\n#13 0x55c2f147eae8 <unknown>\n#14 0x55c2f1445baf <unknown>\n#15 0x55c2f14a20a8 <unknown>\n#16 0x55c2f14a2286 <unknown>\n#17 0x55c2f14b3ff6 <unknown>\n#18 0x7f2c3389caa4 <unknown>\n#19 0x7f2c33929c3c <unknown>","children":[{"name":"class ticket selection Test","uid":"a5c2e363f5653bed","parentUid":"8a945f1970ed38fc24c306fa6386d5ed","status":"broken","time":{"start":1755761688818,"stop":1755761690863,"duration":2045},"flaky":false,"newFailed":false,"newPassed":false,"newBroken":false,"retriesCount":0,"retriesStatusChange":false,"parameters":[],"tags":[]},{"name":"Order first class ticket Test","uid":"ead2efc30f0cb862","parentUid":"8a945f1970ed38fc24c306fa6386d5ed","status":"broken","time":{"start":1755761706901,"stop":1755761708925,"duration":2024},"flaky":false,"newFailed":false,"newPassed":false,"newBroken":false,"retriesCount":0,"retriesStatusChange":false,"parameters":[],"tags":[]},{"name":"premium class ticket selection Test","uid":"ccfc11f0339c8966","parentUid":"8a945f1970ed38fc24c306fa6386d5ed","status":"broken","time":{"start":1755761714200,"stop":1755761716224,"duration":2024},"flaky":false,"newFailed":false,"newPassed":false,"newBroken":false,"retriesCount":0,"retriesStatusChange":false,"parameters":[],"tags":[]},{"name":"business class ticket selection Test","uid":"618ac91d6efc377b","parentUid":"8a945f1970ed38fc24c306fa6386d5ed","status":"broken","time":{"start":1755761716334,"stop":1755761718358,"duration":2024},"flaky":false,"newFailed":false,"newPassed":false,"newBroken":false,"retriesCount":0,"retriesStatusChange":false,"parameters":[],"tags":[]}],"uid":"8a945f1970ed38fc24c306fa6386d5ed"},{"name":"selenium.common.exceptions.NoSuchElementException: Message: no such element: Unable to locate element: {\"method\":\"css selector\",\"selector\":\"[data-test=\"PlacePickerInputPlace-close\"]\"}\n  (Session info: chrome=139.0.7258.127); For documentation on this error, please visit: https://www.selenium.dev/documentation/webdriver/troubleshooting/errors#nosuchelementexception\nStacktrace:\n#0 0x55c2f14b501a <unknown>\n#1 0x55c2f0f54a70 <unknown>\n#2 0x55c2f0fa6907 <unknown>\n#3 0x55c2f0fa6b01 <unknown>\n#4 0x55c2f0ff4d54 <unknown>\n#5 0x55c2f0fcc40d <unknown>\n#6 0x55c2f0ff214f <unknown>\n#7 0x55c2f0fcc1b3 <unknown>\n#8 0x55c2f0f9859b <unknown>\n#9 0x55c2f0f99971 <unknown>\n#10 0x55c2f147a1eb <unknown>\n#11 0x55c2f147df39 <unknown>\n#12 0x55c2f14612c9 <unknown>\n#13 0x55c2f147eae8 <unknown>\n#14 0x55c2f1445baf <unknown>\n#15 0x55c2f14a20a8 <unknown>\n#16 0x55c2f14a2286 <unknown>\n#17 0x55c2f14b3ff6 <unknown>\n#18 0x7f2c3389caa4 <unknown>\n#19 0x7f2c33929c3c <unknown>","children":[{"name":"origin selection Test","uid":"738d8cf1954e9d83","parentUid":"2dc1f635ada94045e26b50439b3f3ca8","status":"broken","time":{"start":1755761694101,"stop":1755761696129,"duration":2028},"flaky":false,"newFailed":false,"newPassed":false,"newBroken":false,"retriesCount":0,"retriesStatusChange":false,"parameters":[],"tags":[]},{"name":"economy ticket order Test","uid":"7f3380baf4586dee","parentUid":"2dc1f635ada94045e26b50439b3f3ca8","status":"broken","time":{"start":1755761709034,"stop":1755761714070,"duration":5036},"flaky":false,"newFailed":false,"newPassed":false,"newBroken":false,"retriesCount":0,"retriesStatusChange":false,"parameters":[],"tags":[]},{"name":"switching location selection Test","uid":"994ff0ac51d4dbc7","parentUid":"2dc1f635ada94045e26b50439b3f3ca8","status":"broken","time":{"start":1755761718467,"stop":1755761720491,"duration":2024},"flaky":false,"newFailed":false,"newPassed":false,"newBroken":false,"retriesCount":0,"retriesStatusChange":false,"parameters":[],"tags":[]}],"uid":"2dc1f635ada94045e26b50439b3f3ca8"},{"name":"selenium.common.exceptions.NoSuchElementException: Message: no such element: Unable to locate element: {\"method\":\"css selector\",\"selector\":\"#destination\"}\n  (Session info: chrome=139.0.7258.127); For documentation on this error, please visit: https://www.selenium.dev/documentation/webdriver/troubleshooting/errors#nosuchelementexception\nStacktrace:\n#0 0x55c2f14b501a <unknown>\n#1 0x55c2f0f54a70 <unknown>\n#2 0x55c2f0fa6907 <unknown>\n#3 0x55c2f0fa6b01 <unknown>\n#4 0x55c2f0ff4d54 <unknown>\n#5 0x55c2f0fcc40d <unknown>\n#6 0x55c2f0ff214f <unknown>\n#7 0x55c2f0fcc1b3 <unknown>\n#8 0x55c2f0f9859b <unknown>\n#9 0x55c2f0f99971 <unknown>\n#10 0x55c2f147a1eb <unknown>\n#11 0x55c2f147df39 <unknown>\n#12 0x55c2f14612c9 <unknown>\n#13 0x55c2f147eae8 <unknown>\n#14 0x55c2f1445baf <unknown>\n#15 0x55c2f14a20a8 <unknown>\n#16 0x55c2f14a2286 <unknown>\n#17 0x55c2f14b3ff6 <unknown>\n#18 0x7f2c3389caa4 <unknown>\n#19 0x7f2c33929c3c <unknown>","children":[{"name":"Destination selection Test","uid":"e3cd05abdc9d88bb","parentUid":"d6f076dae9b1386ef72dd5e421d567b6","status":"broken","time":{"start":1755761696235,"stop":1755761698262,"duration":2027},"flaky":false,"newFailed":false,"newPassed":false,"newBroken":false,"retriesCount":0,"retriesStatusChange":false,"parameters":[],"tags":[]}],"uid":"d6f076dae9b1386ef72dd5e421d567b6"},{"name":"selenium.common.exceptions.NoSuchElementException: Message: no such element: Unable to locate element: {\"method\":\"css selector\",\"selector\":\"#outboundDate\"}\n  (Session info: chrome=139.0.7258.127); For documentation on this error, please visit: https://www.selenium.dev/documentation/webdriver/troubleshooting/errors#nosuchelementexception\nStacktrace:\n#0 0x55c2f14b501a <unknown>\n#1 0x55c2f0f54a70 <unknown>\n#2 0x55c2f0fa6907 <unknown>\n#3 0x55c2f0fa6b01 <unknown>\n#4 0x55c2f0ff4d54 <unknown>\n#5 0x55c2f0fcc40d <unknown>\n#6 0x55c2f0ff214f <unknown>\n#7 0x55c2f0fcc1b3 <unknown>\n#8 0x55c2f0f9859b <unknown>\n#9 0x55c2f0f99971 <unknown>\n#10 0x55c2f147a1eb <unknown>\n#11 0x55c2f147df39 <unknown>\n#12 0x55c2f14612c9 <unknown>\n#13 0x55c2f147eae8 <unknown>\n#14 0x55c2f1445baf <unknown>\n#15 0x55c2f14a20a8 <unknown>\n#16 0x55c2f14a2286 <unknown>\n#17 0x55c2f14b3ff6 <unknown>\n#18 0x7f2c3389caa4 <unknown>\n#19 0x7f2c33929c3c <unknown>","children":[{"name":"departure date selection Test","uid":"d2216356e6b569d7","parentUid":"fb5350de3fc8b66953f516e1ea267eb1","status":"broken","time":{"start":1755761698368,"stop":1755761700396,"duration":2028},"flaky":false,"newFailed":false,"newPassed":false,"newBroken":false,"retriesCount":0,"retriesStatusChange":false,"parameters":[],"tags":[]},{"name":"departure and return dates selection Test","uid":"53fc40189e3b28be","parentUid":"fb5350de3fc8b66953f516e1ea267eb1","status":"broken","time":{"start":1755761702635,"stop":1755761704660,"duration":2025},"flaky":false,"newFailed":false,"newPassed":false,"newBroken":false,"retriesCount":0,"retriesStatusChange":false,"parameters":[],"tags":[]},{"name":"cancel departure and return dates selection Test","uid":"fb0a6144400f2709","parentUid":"fb5350de3fc8b66953f516e1ea267eb1","status":"broken","time":{"start":1755761704767,"stop":1755761706792,"duration":2025},"flaky":false,"newFailed":false,"newPassed":false,"newBroken":false,"retriesCount":0,"retriesStatusChange":false,"parameters":[],"tags":[]}],"uid":"fb5350de3fc8b66953f516e1ea267eb1"},{"name":"selenium.common.exceptions.NoSuchElementException: Message: no such element: Unable to locate element: {\"method\":\"css selector\",\"selector\":\"#inboundDate\"}\n  (Session info: chrome=139.0.7258.127); For documentation on this error, please visit: https://www.selenium.dev/documentation/webdriver/troubleshooting/errors#nosuchelementexception\nStacktrace:\n#0 0x55c2f14b501a <unknown>\n#1 0x55c2f0f54a70 <unknown>\n#2 0x55c2f0fa6907 <unknown>\n#3 0x55c2f0fa6b01 <unknown>\n#4 0x55c2f0ff4d54 <unknown>\n#5 0x55c2f0fcc40d <unknown>\n#6 0x55c2f0ff214f <unknown>\n#7 0x55c2f0fcc1b3 <unknown>\n#8 0x55c2f0f9859b <unknown>\n#9 0x55c2f0f99971 <unknown>\n#10 0x55c2f147a1eb <unknown>\n#11 0x55c2f147df39 <unknown>\n#12 0x55c2f14612c9 <unknown>\n#13 0x55c2f147eae8 <unknown>\n#14 0x55c2f1445baf <unknown>\n#15 0x55c2f14a20a8 <unknown>\n#16 0x55c2f14a2286 <unknown>\n#17 0x55c2f14b3ff6 <unknown>\n#18 0x7f2c3389caa4 <unknown>\n#19 0x7f2c33929c3c <unknown>","children":[{"name":"return date selection Test","uid":"9e6049dba67b66b8","parentUid":"627590dd0d56231cb461c8b2d32fa46e","status":"broken","time":{"start":1755761700503,"stop":1755761702530,"duration":2027},"flaky":false,"newFailed":false,"newPassed":false,"newBroken":false,"retriesCount":0,"retriesStatusChange":false,"parameters":[],"tags":[]}],"uid":"627590dd0d56231cb461c8b2d32fa46e"},{"name":"selenium.common.exceptions.NoSuchElementException: Message: no such element: Unable to locate element: {\"method\":\"css selector\",\"selector\":\"#origin\"}\n  (Session info: chrome=139.0.7258.127); For documentation on this error, please visit: https://www.selenium.dev/documentation/webdriver/troubleshooting/errors#nosuchelementexception\nStacktrace:\n#0 0x55c2f14b501a <unknown>\n#1 0x55c2f0f54a70 <unknown>\n#2 0x55c2f0fa6907 <unknown>\n#3 0x55c2f0fa6b01 <unknown>\n#4 0x55c2f0ff4d54 <unknown>\n#5 0x55c2f0fcc40d <unknown>\n#6 0x55c2f0ff214f <unknown>\n#7 0x55c2f0fcc1b3 <unknown>\n#8 0x55c2f0f9859b <unknown>\n#9 0x55c2f0f99971 <unknown>\n#10 0x55c2f147a1eb <unknown>\n#11 0x55c2f147df39 <unknown>\n#12 0x55c2f14612c9 <unknown>\n#13 0x55c2f147eae8 <unknown>\n#14 0x55c2f1445baf <unknown>\n#15 0x55c2f14a20a8 <unknown>\n#16 0x55c2f14a2286 <unknown>\n#17 0x55c2f14b3ff6 <unknown>\n#18 0x7f2c3389caa4 <unknown>\n#19 0x7f2c33929c3c <unknown>","children":[{"name":"Multiple cities selection Test","uid":"f9940b3aa95f5043","parentUid":"ba46f390c090104e51843f95a09f9549","status":"broken","time":{"start":1755761720600,"stop":1755761721626,"duration":1026},"flaky":false,"newFailed":false,"newPassed":false,"newBroken":false,"retriesCount":0,"retriesStatusChange":false,"parameters":[],"tags":[]}],"uid":"ba46f390c090104e51843f95a09f9549"},{"name":"selenium.common.exceptions.NoSuchElementException: Message: no such element: Unable to locate element: {\"method\":\"css selector\",\"selector\":\"#cookies_accept > div\"}\n  (Session info: chrome=139.0.7258.127); For documentation on this error, please visit: https://www.selenium.dev/documentation/webdriver/troubleshooting/errors#nosuchelementexception\nStacktrace:\n#0 0x5624e7c6301a <unknown>\n#1 0x5624e7702a70 <unknown>\n#2 0x5624e7754907 <unknown>\n#3 0x5624e7754b01 <unknown>\n#4 0x5624e77a2d54 <unknown>\n#5 0x5624e777a40d <unknown>\n#6 0x5624e77a014f <unknown>\n#7 0x5624e777a1b3 <unknown>\n#8 0x5624e774659b <unknown>\n#9 0x5624e7747971 <unknown>\n#10 0x5624e7c281eb <unknown>\n#11 0x5624e7c2bf39 <unknown>\n#12 0x5624e7c0f2c9 <unknown>\n#13 0x5624e7c2cae8 <unknown>\n#14 0x5624e7bf3baf <unknown>\n#15 0x5624e7c500a8 <unknown>\n#16 0x5624e7c50286 <unknown>\n#17 0x5624e7c61ff6 <unknown>\n#18 0x7f5115e9caa4 <unknown>\n#19 0x7f5115f29c3c <unknown>","children":[{"name":"failed signup Test","uid":"2803658557a6eb4f","parentUid":"96fd6bcf4f35bbd29302141e7c5ea08f","status":"broken","time":{"start":1755761722230,"stop":1755761723245,"duration":1015},"flaky":false,"newFailed":false,"newPassed":false,"newBroken":false,"retriesCount":0,"retriesStatusChange":false,"parameters":[],"tags":[]},{"name":"wrong format signup Test","uid":"44f290efb28424c2","parentUid":"96fd6bcf4f35bbd29302141e7c5ea08f","status":"broken","time":{"start":1755761723350,"stop":1755761724362,"duration":1012},"flaky":false,"newFailed":false,"newPassed":false,"newBroken":false,"retriesCount":0,"retriesStatusChange":false,"parameters":[],"tags":[]},{"name":"incorrect booking Test","uid":"2f3a44815ae25afd","parentUid":"96fd6bcf4f35bbd29302141e7c5ea08f","status":"broken","time":{"start":1755761724468,"stop":1755761725480,"duration":1012},"flaky":false,"newFailed":false,"newPassed":false,"newBroken":false,"retriesCount":0,"retriesStatusChange":false,"parameters":[],"tags":[]}],"uid":"96fd6bcf4f35bbd29302141e7c5ea08f"}],"uid":"bdbf199525818fae7a8651db9eafe741"},{"name":"Product defects","children":[{"name":"AssertionError: assert 'No trip selector available' == 'Return'\n  \n  - Return\n  + No trip selector available","children":[{"name":"trip ticket selection Test","uid":"709878404ac74215","parentUid":"6287640cd7abd672b83738f0b68948a7","status":"failed","time":{"start":1755761681685,"stop":1755761688745,"duration":7060},"flaky":false,"newFailed":false,"newPassed":false,"newBroken":false,"retriesCount":0,"retriesStatusChange":false,"parameters":[],"tags":[]}],"uid":"6287640cd7abd672b83738f0b68948a7"},{"name":"AssertionError: assert 'Error' in '3 Passengers'","children":[{"name":"passengers ticket selection Test","uid":"9b972824c688f4db","parentUid":"5272a561a62ed86b0ea01409f8840fab","status":"failed","time":{"start":1755761690985,"stop":1755761694022,"duration":3037},"flaky":false,"newFailed":false,"newPassed":false,"newBroken":false,"retriesCount":0,"retriesStatusChange":false,"parameters":[],"tags":[]}],"uid":"5272a561a62ed86b0ea01409f8840fab"}],"uid":"8fb3a91ba5aaf9de24cc8a92edc82b5d"}],"name":"categories"}