{"uid":"49b4deff25bb0ebf","name":"Coin Change Test","fullName":"tests.currency_test.TestClass#test_01_change_coin","historyId":"da11a82170d1bdc46b9f8bad34ad8f0c","time":{"start":1756199684345,"stop":1756199695675,"duration":11330},"description":"Test to check coin change","descriptionHtml":"<p>Test to check coin change</p>\n","status":"broken","statusMessage":"selenium.common.exceptions.NoSuchElementException: Message: no such element: Unable to locate element: {\"method\":\"css selector\",\"selector\":\"[data-test=\"TopNav-RegionalSettingsButton\"]\"}\n  (Session info: chrome=139.0.7258.127); For documentation on this error, please visit: https://www.selenium.dev/documentation/webdriver/troubleshooting/errors#nosuchelementexception\nStacktrace:\n#0 0x557887d2b02a <unknown>\n#1 0x5578877caa70 <unknown>\n#2 0x55788781c907 <unknown>\n#3 0x55788781cb01 <unknown>\n#4 0x55788786ad54 <unknown>\n#5 0x55788784240d <unknown>\n#6 0x55788786814f <unknown>\n#7 0x5578878421b3 <unknown>\n#8 0x55788780e59b <unknown>\n#9 0x55788780f971 <unknown>\n#10 0x557887cf01fb <unknown>\n#11 0x557887cf3f49 <unknown>\n#12 0x557887cd72d9 <unknown>\n#13 0x557887cf4af8 <unknown>\n#14 0x557887cbbbbf <unknown>\n#15 0x557887d180b8 <unknown>\n#16 0x557887d18296 <unknown>\n#17 0x557887d2a006 <unknown>\n#18 0x7f6be649caa4 <unknown>\n#19 0x7f6be6529c3c <unknown>","statusTrace":"self = <tests.currency_test.TestClass object at 0x7f7b4a25d450>\n\n    @allure.severity(Severity.NORMAL)\n    @allure.story(\"Changing Currency\")\n    @allure.description(\"Test to check coin change\")\n    @allure.title(\"Coin Change Test\")\n    def test_01_change_coin(self):\n        with allure.step(\"Accept cookies if present\"):\n            CookiePage(self.main_page.driver).accept_if_present()\n        with allure.step(\"Changing currency to Euro\"):\n>           self.currency_page.select_currency(\"Euro\")\n\ntests/currency_test.py:23: \n_ _ _ _ _ _ _ _ _ _ _ _ _ _ _ _ _ _ _ _ _ _ _ _ _ _ _ _ _ _ _ _ _ _ _ _ _ _ _ _ \npages/currency_page.py:26: in select_currency\n    self.main_page.click(self.main_page.CURRENCY)\npages/base_page.py:58: in click\n    self.highlight_element(locator, \"Yellow\")\npages/base_page.py:28: in highlight_element\n    element = self.driver.find_element(*locator_or_element)\n              ^^^^^^^^^^^^^^^^^^^^^^^^^^^^^^^^^^^^^^^^^^^^^\n.venv/lib/python3.13/site-packages/selenium/webdriver/remote/webdriver.py:926: in find_element\n    return self.execute(Command.FIND_ELEMENT, {\"using\": by, \"value\": value})[\"value\"]\n           ^^^^^^^^^^^^^^^^^^^^^^^^^^^^^^^^^^^^^^^^^^^^^^^^^^^^^^^^^^^^^^^^^\n.venv/lib/python3.13/site-packages/selenium/webdriver/remote/webdriver.py:458: in execute\n    self.error_handler.check_response(response)\n_ _ _ _ _ _ _ _ _ _ _ _ _ _ _ _ _ _ _ _ _ _ _ _ _ _ _ _ _ _ _ _ _ _ _ _ _ _ _ _ \n\nself = <selenium.webdriver.remote.errorhandler.ErrorHandler object at 0x7f7b4a29a3c0>\nresponse = {'status': 404, 'value': '{\"value\":{\"error\":\"no such element\",\"message\":\"no such element: Unable to locate element: {\\...\\\\n#17 0x557887d2a006 \\\\u003Cunknown>\\\\n#18 0x7f6be649caa4 \\\\u003Cunknown>\\\\n#19 0x7f6be6529c3c \\\\u003Cunknown>\\\\n\"}}'}\n\n    def check_response(self, response: dict[str, Any]) -> None:\n        \"\"\"Checks that a JSON response from the WebDriver does not have an\n        error.\n    \n        :Args:\n         - response - The JSON response from the WebDriver server as a dictionary\n           object.\n    \n        :Raises: If the response contains an error message.\n        \"\"\"\n        status = response.get(\"status\", None)\n        if not status or status == ErrorCode.SUCCESS:\n            return\n        value = None\n        message = response.get(\"message\", \"\")\n        screen: str = response.get(\"screen\", \"\")\n        stacktrace = None\n        if isinstance(status, int):\n            value_json = response.get(\"value\", None)\n            if value_json and isinstance(value_json, str):\n                try:\n                    value = json.loads(value_json)\n                    if isinstance(value, dict):\n                        if len(value) == 1:\n                            value = value[\"value\"]\n                        status = value.get(\"error\", None)\n                        if not status:\n                            status = value.get(\"status\", ErrorCode.UNKNOWN_ERROR)\n                            message = value.get(\"value\") or value.get(\"message\")\n                            if not isinstance(message, str):\n                                value = message\n                                message = message.get(\"message\")\n                        else:\n                            message = value.get(\"message\", None)\n                except ValueError:\n                    pass\n    \n        exception_class: type[WebDriverException]\n        e = ErrorCode()\n        error_codes = [item for item in dir(e) if not item.startswith(\"__\")]\n        for error_code in error_codes:\n            error_info = getattr(ErrorCode, error_code)\n            if isinstance(error_info, list) and status in error_info:\n                exception_class = getattr(ExceptionMapping, error_code, WebDriverException)\n                break\n        else:\n            exception_class = WebDriverException\n    \n        if not value:\n            value = response[\"value\"]\n        if isinstance(value, str):\n            raise exception_class(value)\n        if message == \"\" and \"message\" in value:\n            message = value[\"message\"]\n    \n        screen = None  # type: ignore[assignment]\n        if \"screen\" in value:\n            screen = value[\"screen\"]\n    \n        stacktrace = None\n        st_value = value.get(\"stackTrace\") or value.get(\"stacktrace\")\n        if st_value:\n            if isinstance(st_value, str):\n                stacktrace = st_value.split(\"\\n\")\n            else:\n                stacktrace = []\n                try:\n                    for frame in st_value:\n                        line = frame.get(\"lineNumber\", \"\")\n                        file = frame.get(\"fileName\", \"<anonymous>\")\n                        if line:\n                            file = f\"{file}:{line}\"\n                        meth = frame.get(\"methodName\", \"<anonymous>\")\n                        if \"className\" in frame:\n                            meth = f\"{frame['className']}.{meth}\"\n                        msg = \"    at %s (%s)\"\n                        msg = msg % (meth, file)\n                        stacktrace.append(msg)\n                except TypeError:\n                    pass\n        if exception_class == UnexpectedAlertPresentException:\n            alert_text = None\n            if \"data\" in value:\n                alert_text = value[\"data\"].get(\"text\")\n            elif \"alert\" in value:\n                alert_text = value[\"alert\"].get(\"text\")\n            raise exception_class(message, screen, stacktrace, alert_text)  # type: ignore[call-arg]  # mypy is not smart enough here\n>       raise exception_class(message, screen, stacktrace)\nE       selenium.common.exceptions.NoSuchElementException: Message: no such element: Unable to locate element: {\"method\":\"css selector\",\"selector\":\"[data-test=\"TopNav-RegionalSettingsButton\"]\"}\nE         (Session info: chrome=139.0.7258.127); For documentation on this error, please visit: https://www.selenium.dev/documentation/webdriver/troubleshooting/errors#nosuchelementexception\nE       Stacktrace:\nE       #0 0x557887d2b02a <unknown>\nE       #1 0x5578877caa70 <unknown>\nE       #2 0x55788781c907 <unknown>\nE       #3 0x55788781cb01 <unknown>\nE       #4 0x55788786ad54 <unknown>\nE       #5 0x55788784240d <unknown>\nE       #6 0x55788786814f <unknown>\nE       #7 0x5578878421b3 <unknown>\nE       #8 0x55788780e59b <unknown>\nE       #9 0x55788780f971 <unknown>\nE       #10 0x557887cf01fb <unknown>\nE       #11 0x557887cf3f49 <unknown>\nE       #12 0x557887cd72d9 <unknown>\nE       #13 0x557887cf4af8 <unknown>\nE       #14 0x557887cbbbbf <unknown>\nE       #15 0x557887d180b8 <unknown>\nE       #16 0x557887d18296 <unknown>\nE       #17 0x557887d2a006 <unknown>\nE       #18 0x7f6be649caa4 <unknown>\nE       #19 0x7f6be6529c3c <unknown>\n\n.venv/lib/python3.13/site-packages/selenium/webdriver/remote/errorhandler.py:232: NoSuchElementException","flaky":false,"newFailed":false,"newBroken":false,"newPassed":false,"retriesCount":0,"retriesStatusChange":false,"beforeStages":[{"name":"setup_driver_class","time":{"start":1756199678155,"stop":1756199684344,"duration":6189},"status":"passed","steps":[],"attachments":[],"parameters":[],"stepsCount":0,"shouldDisplayMessage":false,"attachmentsCount":0,"hasContent":false,"attachmentStep":false}],"testStage":{"description":"Test to check coin change","status":"broken","statusMessage":"selenium.common.exceptions.NoSuchElementException: Message: no such element: Unable to locate element: {\"method\":\"css selector\",\"selector\":\"[data-test=\"TopNav-RegionalSettingsButton\"]\"}\n  (Session info: chrome=139.0.7258.127); For documentation on this error, please visit: https://www.selenium.dev/documentation/webdriver/troubleshooting/errors#nosuchelementexception\nStacktrace:\n#0 0x557887d2b02a <unknown>\n#1 0x5578877caa70 <unknown>\n#2 0x55788781c907 <unknown>\n#3 0x55788781cb01 <unknown>\n#4 0x55788786ad54 <unknown>\n#5 0x55788784240d <unknown>\n#6 0x55788786814f <unknown>\n#7 0x5578878421b3 <unknown>\n#8 0x55788780e59b <unknown>\n#9 0x55788780f971 <unknown>\n#10 0x557887cf01fb <unknown>\n#11 0x557887cf3f49 <unknown>\n#12 0x557887cd72d9 <unknown>\n#13 0x557887cf4af8 <unknown>\n#14 0x557887cbbbbf <unknown>\n#15 0x557887d180b8 <unknown>\n#16 0x557887d18296 <unknown>\n#17 0x557887d2a006 <unknown>\n#18 0x7f6be649caa4 <unknown>\n#19 0x7f6be6529c3c <unknown>","statusTrace":"self = <tests.currency_test.TestClass object at 0x7f7b4a25d450>\n\n    @allure.severity(Severity.NORMAL)\n    @allure.story(\"Changing Currency\")\n    @allure.description(\"Test to check coin change\")\n    @allure.title(\"Coin Change Test\")\n    def test_01_change_coin(self):\n        with allure.step(\"Accept cookies if present\"):\n            CookiePage(self.main_page.driver).accept_if_present()\n        with allure.step(\"Changing currency to Euro\"):\n>           self.currency_page.select_currency(\"Euro\")\n\ntests/currency_test.py:23: \n_ _ _ _ _ _ _ _ _ _ _ _ _ _ _ _ _ _ _ _ _ _ _ _ _ _ _ _ _ _ _ _ _ _ _ _ _ _ _ _ \npages/currency_page.py:26: in select_currency\n    self.main_page.click(self.main_page.CURRENCY)\npages/base_page.py:58: in click\n    self.highlight_element(locator, \"Yellow\")\npages/base_page.py:28: in highlight_element\n    element = self.driver.find_element(*locator_or_element)\n              ^^^^^^^^^^^^^^^^^^^^^^^^^^^^^^^^^^^^^^^^^^^^^\n.venv/lib/python3.13/site-packages/selenium/webdriver/remote/webdriver.py:926: in find_element\n    return self.execute(Command.FIND_ELEMENT, {\"using\": by, \"value\": value})[\"value\"]\n           ^^^^^^^^^^^^^^^^^^^^^^^^^^^^^^^^^^^^^^^^^^^^^^^^^^^^^^^^^^^^^^^^^\n.venv/lib/python3.13/site-packages/selenium/webdriver/remote/webdriver.py:458: in execute\n    self.error_handler.check_response(response)\n_ _ _ _ _ _ _ _ _ _ _ _ _ _ _ _ _ _ _ _ _ _ _ _ _ _ _ _ _ _ _ _ _ _ _ _ _ _ _ _ \n\nself = <selenium.webdriver.remote.errorhandler.ErrorHandler object at 0x7f7b4a29a3c0>\nresponse = {'status': 404, 'value': '{\"value\":{\"error\":\"no such element\",\"message\":\"no such element: Unable to locate element: {\\...\\\\n#17 0x557887d2a006 \\\\u003Cunknown>\\\\n#18 0x7f6be649caa4 \\\\u003Cunknown>\\\\n#19 0x7f6be6529c3c \\\\u003Cunknown>\\\\n\"}}'}\n\n    def check_response(self, response: dict[str, Any]) -> None:\n        \"\"\"Checks that a JSON response from the WebDriver does not have an\n        error.\n    \n        :Args:\n         - response - The JSON response from the WebDriver server as a dictionary\n           object.\n    \n        :Raises: If the response contains an error message.\n        \"\"\"\n        status = response.get(\"status\", None)\n        if not status or status == ErrorCode.SUCCESS:\n            return\n        value = None\n        message = response.get(\"message\", \"\")\n        screen: str = response.get(\"screen\", \"\")\n        stacktrace = None\n        if isinstance(status, int):\n            value_json = response.get(\"value\", None)\n            if value_json and isinstance(value_json, str):\n                try:\n                    value = json.loads(value_json)\n                    if isinstance(value, dict):\n                        if len(value) == 1:\n                            value = value[\"value\"]\n                        status = value.get(\"error\", None)\n                        if not status:\n                            status = value.get(\"status\", ErrorCode.UNKNOWN_ERROR)\n                            message = value.get(\"value\") or value.get(\"message\")\n                            if not isinstance(message, str):\n                                value = message\n                                message = message.get(\"message\")\n                        else:\n                            message = value.get(\"message\", None)\n                except ValueError:\n                    pass\n    \n        exception_class: type[WebDriverException]\n        e = ErrorCode()\n        error_codes = [item for item in dir(e) if not item.startswith(\"__\")]\n        for error_code in error_codes:\n            error_info = getattr(ErrorCode, error_code)\n            if isinstance(error_info, list) and status in error_info:\n                exception_class = getattr(ExceptionMapping, error_code, WebDriverException)\n                break\n        else:\n            exception_class = WebDriverException\n    \n        if not value:\n            value = response[\"value\"]\n        if isinstance(value, str):\n            raise exception_class(value)\n        if message == \"\" and \"message\" in value:\n            message = value[\"message\"]\n    \n        screen = None  # type: ignore[assignment]\n        if \"screen\" in value:\n            screen = value[\"screen\"]\n    \n        stacktrace = None\n        st_value = value.get(\"stackTrace\") or value.get(\"stacktrace\")\n        if st_value:\n            if isinstance(st_value, str):\n                stacktrace = st_value.split(\"\\n\")\n            else:\n                stacktrace = []\n                try:\n                    for frame in st_value:\n                        line = frame.get(\"lineNumber\", \"\")\n                        file = frame.get(\"fileName\", \"<anonymous>\")\n                        if line:\n                            file = f\"{file}:{line}\"\n                        meth = frame.get(\"methodName\", \"<anonymous>\")\n                        if \"className\" in frame:\n                            meth = f\"{frame['className']}.{meth}\"\n                        msg = \"    at %s (%s)\"\n                        msg = msg % (meth, file)\n                        stacktrace.append(msg)\n                except TypeError:\n                    pass\n        if exception_class == UnexpectedAlertPresentException:\n            alert_text = None\n            if \"data\" in value:\n                alert_text = value[\"data\"].get(\"text\")\n            elif \"alert\" in value:\n                alert_text = value[\"alert\"].get(\"text\")\n            raise exception_class(message, screen, stacktrace, alert_text)  # type: ignore[call-arg]  # mypy is not smart enough here\n>       raise exception_class(message, screen, stacktrace)\nE       selenium.common.exceptions.NoSuchElementException: Message: no such element: Unable to locate element: {\"method\":\"css selector\",\"selector\":\"[data-test=\"TopNav-RegionalSettingsButton\"]\"}\nE         (Session info: chrome=139.0.7258.127); For documentation on this error, please visit: https://www.selenium.dev/documentation/webdriver/troubleshooting/errors#nosuchelementexception\nE       Stacktrace:\nE       #0 0x557887d2b02a <unknown>\nE       #1 0x5578877caa70 <unknown>\nE       #2 0x55788781c907 <unknown>\nE       #3 0x55788781cb01 <unknown>\nE       #4 0x55788786ad54 <unknown>\nE       #5 0x55788784240d <unknown>\nE       #6 0x55788786814f <unknown>\nE       #7 0x5578878421b3 <unknown>\nE       #8 0x55788780e59b <unknown>\nE       #9 0x55788780f971 <unknown>\nE       #10 0x557887cf01fb <unknown>\nE       #11 0x557887cf3f49 <unknown>\nE       #12 0x557887cd72d9 <unknown>\nE       #13 0x557887cf4af8 <unknown>\nE       #14 0x557887cbbbbf <unknown>\nE       #15 0x557887d180b8 <unknown>\nE       #16 0x557887d18296 <unknown>\nE       #17 0x557887d2a006 <unknown>\nE       #18 0x7f6be649caa4 <unknown>\nE       #19 0x7f6be6529c3c <unknown>\n\n.venv/lib/python3.13/site-packages/selenium/webdriver/remote/errorhandler.py:232: NoSuchElementException","steps":[{"name":"Accept cookies if present","time":{"start":1756199684345,"stop":1756199694658,"duration":10313},"status":"passed","steps":[{"name":"Accept cookies if banner is present","time":{"start":1756199684345,"stop":1756199694658,"duration":10313},"status":"passed","steps":[],"attachments":[],"parameters":[],"stepsCount":0,"shouldDisplayMessage":false,"attachmentsCount":0,"hasContent":false,"attachmentStep":false}],"attachments":[],"parameters":[],"stepsCount":1,"shouldDisplayMessage":false,"attachmentsCount":0,"hasContent":true,"attachmentStep":false},{"name":"Changing currency to Euro","time":{"start":1756199694659,"stop":1756199695674,"duration":1015},"status":"broken","statusMessage":"selenium.common.exceptions.NoSuchElementException: Message: no such element: Unable to locate element: {\"method\":\"css selector\",\"selector\":\"[data-test=\"TopNav-RegionalSettingsButton\"]\"}\n  (Session info: chrome=139.0.7258.127); For documentation on this error, please visit: https://www.selenium.dev/documentation/webdriver/troubleshooting/errors#nosuchelementexception\nStacktrace:\n#0 0x557887d2b02a <unknown>\n#1 0x5578877caa70 <unknown>\n#2 0x55788781c907 <unknown>\n#3 0x55788781cb01 <unknown>\n#4 0x55788786ad54 <unknown>\n#5 0x55788784240d <unknown>\n#6 0x55788786814f <unknown>\n#7 0x5578878421b3 <unknown>\n#8 0x55788780e59b <unknown>\n#9 0x55788780f971 <unknown>\n#10 0x557887cf01fb <unknown>\n#11 0x557887cf3f49 <unknown>\n#12 0x557887cd72d9 <unknown>\n#13 0x557887cf4af8 <unknown>\n#14 0x557887cbbbbf <unknown>\n#15 0x557887d180b8 <unknown>\n#16 0x557887d18296 <unknown>\n#17 0x557887d2a006 <unknown>\n#18 0x7f6be649caa4 <unknown>\n#19 0x7f6be6529c3c <unknown>\n\n","statusTrace":"  File \"/home/runner/work/shichor-python/shichor-python/tests/currency_test.py\", line 23, in test_01_change_coin\n    self.currency_page.select_currency(\"Euro\")\n    ~~~~~~~~~~~~~~~~~~~~~~~~~~~~~~~~~~^^^^^^^^\n  File \"/home/runner/work/shichor-python/shichor-python/.venv/lib/python3.13/site-packages/allure_commons/_allure.py\", line 202, in impl\n    return func(*a, **kw)\n  File \"/home/runner/work/shichor-python/shichor-python/pages/currency_page.py\", line 26, in select_currency\n    self.main_page.click(self.main_page.CURRENCY)\n    ~~~~~~~~~~~~~~~~~~~~^^^^^^^^^^^^^^^^^^^^^^^^^\n  File \"/home/runner/work/shichor-python/shichor-python/pages/base_page.py\", line 58, in click\n    self.highlight_element(locator, \"Yellow\")\n    ~~~~~~~~~~~~~~~~~~~~~~^^^^^^^^^^^^^^^^^^^\n  File \"/home/runner/work/shichor-python/shichor-python/pages/base_page.py\", line 28, in highlight_element\n    element = self.driver.find_element(*locator_or_element)\n  File \"/home/runner/work/shichor-python/shichor-python/.venv/lib/python3.13/site-packages/selenium/webdriver/remote/webdriver.py\", line 926, in find_element\n    return self.execute(Command.FIND_ELEMENT, {\"using\": by, \"value\": value})[\"value\"]\n           ~~~~~~~~~~~~^^^^^^^^^^^^^^^^^^^^^^^^^^^^^^^^^^^^^^^^^^^^^^^^^^^^^\n  File \"/home/runner/work/shichor-python/shichor-python/.venv/lib/python3.13/site-packages/selenium/webdriver/remote/webdriver.py\", line 458, in execute\n    self.error_handler.check_response(response)\n    ~~~~~~~~~~~~~~~~~~~~~~~~~~~~~~~~~^^^^^^^^^^\n  File \"/home/runner/work/shichor-python/shichor-python/.venv/lib/python3.13/site-packages/selenium/webdriver/remote/errorhandler.py\", line 232, in check_response\n    raise exception_class(message, screen, stacktrace)\n","steps":[{"name":"Select currency: 'Euro' from the dropdown","time":{"start":1756199694659,"stop":1756199695672,"duration":1013},"status":"broken","statusMessage":"selenium.common.exceptions.NoSuchElementException: Message: no such element: Unable to locate element: {\"method\":\"css selector\",\"selector\":\"[data-test=\"TopNav-RegionalSettingsButton\"]\"}\n  (Session info: chrome=139.0.7258.127); For documentation on this error, please visit: https://www.selenium.dev/documentation/webdriver/troubleshooting/errors#nosuchelementexception\nStacktrace:\n#0 0x557887d2b02a <unknown>\n#1 0x5578877caa70 <unknown>\n#2 0x55788781c907 <unknown>\n#3 0x55788781cb01 <unknown>\n#4 0x55788786ad54 <unknown>\n#5 0x55788784240d <unknown>\n#6 0x55788786814f <unknown>\n#7 0x5578878421b3 <unknown>\n#8 0x55788780e59b <unknown>\n#9 0x55788780f971 <unknown>\n#10 0x557887cf01fb <unknown>\n#11 0x557887cf3f49 <unknown>\n#12 0x557887cd72d9 <unknown>\n#13 0x557887cf4af8 <unknown>\n#14 0x557887cbbbbf <unknown>\n#15 0x557887d180b8 <unknown>\n#16 0x557887d18296 <unknown>\n#17 0x557887d2a006 <unknown>\n#18 0x7f6be649caa4 <unknown>\n#19 0x7f6be6529c3c <unknown>\n\n","statusTrace":"  File \"/home/runner/work/shichor-python/shichor-python/.venv/lib/python3.13/site-packages/allure_commons/_allure.py\", line 202, in impl\n    return func(*a, **kw)\n  File \"/home/runner/work/shichor-python/shichor-python/pages/currency_page.py\", line 26, in select_currency\n    self.main_page.click(self.main_page.CURRENCY)\n    ~~~~~~~~~~~~~~~~~~~~^^^^^^^^^^^^^^^^^^^^^^^^^\n  File \"/home/runner/work/shichor-python/shichor-python/pages/base_page.py\", line 58, in click\n    self.highlight_element(locator, \"Yellow\")\n    ~~~~~~~~~~~~~~~~~~~~~~^^^^^^^^^^^^^^^^^^^\n  File \"/home/runner/work/shichor-python/shichor-python/pages/base_page.py\", line 28, in highlight_element\n    element = self.driver.find_element(*locator_or_element)\n  File \"/home/runner/work/shichor-python/shichor-python/.venv/lib/python3.13/site-packages/selenium/webdriver/remote/webdriver.py\", line 926, in find_element\n    return self.execute(Command.FIND_ELEMENT, {\"using\": by, \"value\": value})[\"value\"]\n           ~~~~~~~~~~~~^^^^^^^^^^^^^^^^^^^^^^^^^^^^^^^^^^^^^^^^^^^^^^^^^^^^^\n  File \"/home/runner/work/shichor-python/shichor-python/.venv/lib/python3.13/site-packages/selenium/webdriver/remote/webdriver.py\", line 458, in execute\n    self.error_handler.check_response(response)\n    ~~~~~~~~~~~~~~~~~~~~~~~~~~~~~~~~~^^^^^^^^^^\n  File \"/home/runner/work/shichor-python/shichor-python/.venv/lib/python3.13/site-packages/selenium/webdriver/remote/errorhandler.py\", line 232, in check_response\n    raise exception_class(message, screen, stacktrace)\n","steps":[],"attachments":[],"parameters":[{"name":"coin","value":"'Euro'"}],"stepsCount":0,"shouldDisplayMessage":true,"attachmentsCount":0,"hasContent":true,"attachmentStep":false}],"attachments":[],"parameters":[],"stepsCount":1,"shouldDisplayMessage":false,"attachmentsCount":0,"hasContent":true,"attachmentStep":false}],"attachments":[{"uid":"7a82aaf772b0106a","name":"screenshot-call","source":"7a82aaf772b0106a.png","type":"image/png","size":75809},{"uid":"9eb0903faff6ca58","name":"page_source-call","source":"9eb0903faff6ca58.html","type":"text/html","size":4220},{"uid":"6960a9c0b424bd9d","name":"console-call","source":"6960a9c0b424bd9d.txt","type":"text/plain","size":458}],"parameters":[],"stepsCount":4,"shouldDisplayMessage":true,"attachmentsCount":3,"hasContent":true,"attachmentStep":false},"afterStages":[{"name":"setup_driver_class::0","time":{"start":1756199707158,"stop":1756199707240,"duration":82},"status":"passed","steps":[],"attachments":[],"parameters":[],"stepsCount":0,"shouldDisplayMessage":false,"attachmentsCount":0,"hasContent":false,"attachmentStep":false}],"labels":[{"name":"story","value":"Changing Currency"},{"name":"epic","value":"Currency and Region Tests"},{"name":"feature","value":"Currency and Region Change"},{"name":"severity","value":"normal"},{"name":"parentSuite","value":"tests"},{"name":"suite","value":"currency_test"},{"name":"subSuite","value":"TestClass"},{"name":"host","value":"pkrvmqc4gcfdwos"},{"name":"thread","value":"2472-MainThread"},{"name":"framework","value":"pytest"},{"name":"language","value":"cpython3"},{"name":"package","value":"tests.currency_test"},{"name":"resultFormat","value":"allure2"}],"parameters":[],"links":[],"hidden":false,"retry":false,"extra":{"severity":"normal","retries":[],"categories":[{"name":"Test defects","matchedStatuses":[],"flaky":false}],"tags":[]},"source":"49b4deff25bb0ebf.json","parameterValues":[]}