{"5655f94eab575e8bfa6b3699677cfa54":{"statistic":{"failed":1,"broken":0,"skipped":0,"passed":0,"unknown":0,"total":1},"items":[{"uid":"52e12cb9702dcc13","reportUrl":"https://erubazo.github.io/shichor-python/24/#testresult/52e12cb9702dcc13","status":"failed","statusDetails":"AssertionError: assert 'Error' in '3 Passengers'","time":{"start":1756199805155,"stop":1756199817430,"duration":12275}}]},"bae716c86efcbc48f6015ff0968e9fbc":{"statistic":{"failed":0,"broken":1,"skipped":0,"passed":0,"unknown":0,"total":1},"items":[{"uid":"4790b17dddb6de41","reportUrl":"https://erubazo.github.io/shichor-python/24/#testresult/4790b17dddb6de41","status":"broken","statusDetails":"selenium.common.exceptions.NoSuchElementException: Message: no such element: Unable to locate element: {\"method\":\"css selector\",\"selector\":\"[data-test=\"PlacePickerInputPlace-close\"]\"}\n  (Session info: chrome=139.0.7258.127); For documentation on this error, please visit: https://www.selenium.dev/documentation/webdriver/troubleshooting/errors#nosuchelementexception\nStacktrace:\n#0 0x564fa489602a <unknown>\n#1 0x564fa4335a70 <unknown>\n#2 0x564fa4387907 <unknown>\n#3 0x564fa4387b01 <unknown>\n#4 0x564fa43d5d54 <unknown>\n#5 0x564fa43ad40d <unknown>\n#6 0x564fa43d314f <unknown>\n#7 0x564fa43ad1b3 <unknown>\n#8 0x564fa437959b <unknown>\n#9 0x564fa437a971 <unknown>\n#10 0x564fa485b1fb <unknown>\n#11 0x564fa485ef49 <unknown>\n#12 0x564fa48422d9 <unknown>\n#13 0x564fa485faf8 <unknown>\n#14 0x564fa4826bbf <unknown>\n#15 0x564fa48830b8 <unknown>\n#16 0x564fa4883296 <unknown>\n#17 0x564fa4895006 <unknown>\n#18 0x7fbd0909caa4 <unknown>\n#19 0x7fbd09129c3c <unknown>","time":{"start":1756199934351,"stop":1756199945620,"duration":11269}}]},"4569b31842a85143286424547beab159":{"statistic":{"failed":0,"broken":1,"skipped":0,"passed":0,"unknown":0,"total":1},"items":[{"uid":"64c710e0cb5d54c9","reportUrl":"https://erubazo.github.io/shichor-python/24/#testresult/64c710e0cb5d54c9","status":"broken","statusDetails":"selenium.common.exceptions.NoSuchElementException: Message: no such element: Unable to locate element: {\"method\":\"css selector\",\"selector\":\"#outboundDate\"}\n  (Session info: chrome=139.0.7258.127); For documentation on this error, please visit: https://www.selenium.dev/documentation/webdriver/troubleshooting/errors#nosuchelementexception\nStacktrace:\n#0 0x564fa489602a <unknown>\n#1 0x564fa4335a70 <unknown>\n#2 0x564fa4387907 <unknown>\n#3 0x564fa4387b01 <unknown>\n#4 0x564fa43d5d54 <unknown>\n#5 0x564fa43ad40d <unknown>\n#6 0x564fa43d314f <unknown>\n#7 0x564fa43ad1b3 <unknown>\n#8 0x564fa437959b <unknown>\n#9 0x564fa437a971 <unknown>\n#10 0x564fa485b1fb <unknown>\n#11 0x564fa485ef49 <unknown>\n#12 0x564fa48422d9 <unknown>\n#13 0x564fa485faf8 <unknown>\n#14 0x564fa4826bbf <unknown>\n#15 0x564fa48830b8 <unknown>\n#16 0x564fa4883296 <unknown>\n#17 0x564fa4895006 <unknown>\n#18 0x7fbd0909caa4 <unknown>\n#19 0x7fbd09129c3c <unknown>","time":{"start":1756199840270,"stop":1756199851538,"duration":11268}}]},"8be373d5a4ac4c1c74d32cff12e3b610":{"statistic":{"failed":0,"broken":1,"skipped":0,"passed":0,"unknown":0,"total":1},"items":[{"uid":"14bb7204f1f4a51f","reportUrl":"https://erubazo.github.io/shichor-python/24/#testresult/14bb7204f1f4a51f","status":"broken","statusDetails":"selenium.common.exceptions.NoSuchElementException: Message: no such element: Unable to locate element: {\"method\":\"css selector\",\"selector\":\"#outboundDate\"}\n  (Session info: chrome=139.0.7258.127); For documentation on this error, please visit: https://www.selenium.dev/documentation/webdriver/troubleshooting/errors#nosuchelementexception\nStacktrace:\n#0 0x564fa489602a <unknown>\n#1 0x564fa4335a70 <unknown>\n#2 0x564fa4387907 <unknown>\n#3 0x564fa4387b01 <unknown>\n#4 0x564fa43d5d54 <unknown>\n#5 0x564fa43ad40d <unknown>\n#6 0x564fa43d314f <unknown>\n#7 0x564fa43ad1b3 <unknown>\n#8 0x564fa437959b <unknown>\n#9 0x564fa437a971 <unknown>\n#10 0x564fa485b1fb <unknown>\n#11 0x564fa485ef49 <unknown>\n#12 0x564fa48422d9 <unknown>\n#13 0x564fa485faf8 <unknown>\n#14 0x564fa4826bbf <unknown>\n#15 0x564fa48830b8 <unknown>\n#16 0x564fa4883296 <unknown>\n#17 0x564fa4895006 <unknown>\n#18 0x7fbd0909caa4 <unknown>\n#19 0x7fbd09129c3c <unknown>","time":{"start":1756199863038,"stop":1756199874308,"duration":11270}}]},"40da3125772fab665425c8e1a3c35e15":{"statistic":{"failed":0,"broken":1,"skipped":0,"passed":0,"unknown":0,"total":1},"items":[{"uid":"d6aa7dbf54c07b9b","reportUrl":"https://erubazo.github.io/shichor-python/24/#testresult/d6aa7dbf54c07b9b","status":"broken","statusDetails":"selenium.common.exceptions.NoSuchElementException: Message: no such element: Unable to locate element: {\"method\":\"css selector\",\"selector\":\"#destination\"}\n  (Session info: chrome=139.0.7258.127); For documentation on this error, please visit: https://www.selenium.dev/documentation/webdriver/troubleshooting/errors#nosuchelementexception\nStacktrace:\n#0 0x564fa489602a <unknown>\n#1 0x564fa4335a70 <unknown>\n#2 0x564fa4387907 <unknown>\n#3 0x564fa4387b01 <unknown>\n#4 0x564fa43d5d54 <unknown>\n#5 0x564fa43ad40d <unknown>\n#6 0x564fa43d314f <unknown>\n#7 0x564fa43ad1b3 <unknown>\n#8 0x564fa437959b <unknown>\n#9 0x564fa437a971 <unknown>\n#10 0x564fa485b1fb <unknown>\n#11 0x564fa485ef49 <unknown>\n#12 0x564fa48422d9 <unknown>\n#13 0x564fa485faf8 <unknown>\n#14 0x564fa4826bbf <unknown>\n#15 0x564fa48830b8 <unknown>\n#16 0x564fa4883296 <unknown>\n#17 0x564fa4895006 <unknown>\n#18 0x7fbd0909caa4 <unknown>\n#19 0x7fbd09129c3c <unknown>","time":{"start":1756199828889,"stop":1756199840155,"duration":11266}}]},"44027ee0c9148d3bfa2f0ec00ebcbd38":{"statistic":{"failed":0,"broken":1,"skipped":0,"passed":0,"unknown":0,"total":1},"items":[{"uid":"1e493b4b1ed2cec0","reportUrl":"https://erubazo.github.io/shichor-python/24/#testresult/1e493b4b1ed2cec0","status":"broken","statusDetails":"selenium.common.exceptions.NoSuchElementException: Message: no such element: Unable to locate element: {\"method\":\"css selector\",\"selector\":\"div.lm\\:mb-100.mb-300.flex.items-center.tb\\:justify-start.justify-between > div:nth-child(2) > div:nth-child(1) > div\"}\n  (Session info: chrome=139.0.7258.127); For documentation on this error, please visit: https://www.selenium.dev/documentation/webdriver/troubleshooting/errors#nosuchelementexception\nStacktrace:\n#0 0x564fa489602a <unknown>\n#1 0x564fa4335a70 <unknown>\n#2 0x564fa4387907 <unknown>\n#3 0x564fa4387b01 <unknown>\n#4 0x564fa43d5d54 <unknown>\n#5 0x564fa43ad40d <unknown>\n#6 0x564fa43d314f <unknown>\n#7 0x564fa43ad1b3 <unknown>\n#8 0x564fa437959b <unknown>\n#9 0x564fa437a971 <unknown>\n#10 0x564fa485b1fb <unknown>\n#11 0x564fa485ef49 <unknown>\n#12 0x564fa48422d9 <unknown>\n#13 0x564fa485faf8 <unknown>\n#14 0x564fa4826bbf <unknown>\n#15 0x564fa48830b8 <unknown>\n#16 0x564fa4883296 <unknown>\n#17 0x564fa4895006 <unknown>\n#18 0x7fbd0909caa4 <unknown>\n#19 0x7fbd09129c3c <unknown>","time":{"start":1756199793772,"stop":1756199805037,"duration":11265}}]},"b1556b91cae91277d2f000731ed6cf05":{"statistic":{"failed":0,"broken":1,"skipped":0,"passed":0,"unknown":0,"total":1},"items":[{"uid":"5055d142a5b0df90","reportUrl":"https://erubazo.github.io/shichor-python/24/#testresult/5055d142a5b0df90","status":"broken","statusDetails":"selenium.common.exceptions.NoSuchElementException: Message: no such element: Unable to locate element: {\"method\":\"css selector\",\"selector\":\"#outboundDate\"}\n  (Session info: chrome=139.0.7258.127); For documentation on this error, please visit: https://www.selenium.dev/documentation/webdriver/troubleshooting/errors#nosuchelementexception\nStacktrace:\n#0 0x564fa489602a <unknown>\n#1 0x564fa4335a70 <unknown>\n#2 0x564fa4387907 <unknown>\n#3 0x564fa4387b01 <unknown>\n#4 0x564fa43d5d54 <unknown>\n#5 0x564fa43ad40d <unknown>\n#6 0x564fa43d314f <unknown>\n#7 0x564fa43ad1b3 <unknown>\n#8 0x564fa437959b <unknown>\n#9 0x564fa437a971 <unknown>\n#10 0x564fa485b1fb <unknown>\n#11 0x564fa485ef49 <unknown>\n#12 0x564fa48422d9 <unknown>\n#13 0x564fa485faf8 <unknown>\n#14 0x564fa4826bbf <unknown>\n#15 0x564fa48830b8 <unknown>\n#16 0x564fa4883296 <unknown>\n#17 0x564fa4895006 <unknown>\n#18 0x7fbd0909caa4 <unknown>\n#19 0x7fbd09129c3c <unknown>","time":{"start":1756199874423,"stop":1756199885689,"duration":11266}}]},"d473bdd714f5dca4321099c6e995022c":{"statistic":{"failed":0,"broken":1,"skipped":0,"passed":0,"unknown":0,"total":1},"items":[{"uid":"20da2bc08fb49e9f","reportUrl":"https://erubazo.github.io/shichor-python/24/#testresult/20da2bc08fb49e9f","status":"broken","statusDetails":"selenium.common.exceptions.TimeoutException: Message: \nStacktrace:\n#0 0x558464a5202a <unknown>\n#1 0x5584644f1a70 <unknown>\n#2 0x558464543907 <unknown>\n#3 0x558464543b01 <unknown>\n#4 0x558464591d54 <unknown>\n#5 0x55846456940d <unknown>\n#6 0x55846458f14f <unknown>\n#7 0x5584645691b3 <unknown>\n#8 0x55846453559b <unknown>\n#9 0x558464536971 <unknown>\n#10 0x558464a171fb <unknown>\n#11 0x558464a1af49 <unknown>\n#12 0x5584649fe2d9 <unknown>\n#13 0x558464a1baf8 <unknown>\n#14 0x5584649e2bbf <unknown>\n#15 0x558464a3f0b8 <unknown>\n#16 0x558464a3f296 <unknown>\n#17 0x558464a51006 <unknown>\n#18 0x7f92aea9caa4 <unknown>\n#19 0x7f92aeb29c3c <unknown>","time":{"start":1756199956809,"stop":1756199977279,"duration":20470}}]},"d9f17111a5011ef00f8836b0e99de21f":{"statistic":{"failed":1,"broken":0,"skipped":0,"passed":0,"unknown":0,"total":1},"items":[{"uid":"2bf64c0a28563b9b","reportUrl":"https://erubazo.github.io/shichor-python/24/#testresult/2bf64c0a28563b9b","status":"failed","statusDetails":"AssertionError: assert 'No trip selector available' == 'Return'\n  \n  - Return\n  + No trip selector available","time":{"start":1756199777393,"stop":1756199793694,"duration":16301}}]},"75bc17fa304f21c3b1a283a58d952713":{"statistic":{"failed":0,"broken":1,"skipped":0,"passed":0,"unknown":0,"total":1},"items":[{"uid":"403d2a52fcd92e58","reportUrl":"https://erubazo.github.io/shichor-python/24/#testresult/403d2a52fcd92e58","status":"broken","statusDetails":"selenium.common.exceptions.NoSuchElementException: Message: no such element: Unable to locate element: {\"method\":\"css selector\",\"selector\":\"[data-test=\"TopNav-RegionalSettingsButton\"]\"}\n  (Session info: chrome=139.0.7258.127); For documentation on this error, please visit: https://www.selenium.dev/documentation/webdriver/troubleshooting/errors#nosuchelementexception\nStacktrace:\n#0 0x557887d2b02a <unknown>\n#1 0x5578877caa70 <unknown>\n#2 0x55788781c907 <unknown>\n#3 0x55788781cb01 <unknown>\n#4 0x55788786ad54 <unknown>\n#5 0x55788784240d <unknown>\n#6 0x55788786814f <unknown>\n#7 0x5578878421b3 <unknown>\n#8 0x55788780e59b <unknown>\n#9 0x55788780f971 <unknown>\n#10 0x557887cf01fb <unknown>\n#11 0x557887cf3f49 <unknown>\n#12 0x557887cd72d9 <unknown>\n#13 0x557887cf4af8 <unknown>\n#14 0x557887cbbbbf <unknown>\n#15 0x557887d180b8 <unknown>\n#16 0x557887d18296 <unknown>\n#17 0x557887d2a006 <unknown>\n#18 0x7f6be649caa4 <unknown>\n#19 0x7f6be6529c3c <unknown>","time":{"start":1756199695819,"stop":1756199707059,"duration":11240}}]},"fa1e27cf77d811d24c961ca50dfb243b":{"statistic":{"failed":0,"broken":1,"skipped":0,"passed":0,"unknown":0,"total":1},"items":[{"uid":"15a660de07078abc","reportUrl":"https://erubazo.github.io/shichor-python/24/#testresult/15a660de07078abc","status":"broken","statusDetails":"selenium.common.exceptions.NoSuchElementException: Message: no such element: Unable to locate element: {\"method\":\"css selector\",\"selector\":\"div.lm\\:mb-100.mb-300.flex.items-center.tb\\:justify-start.justify-between > div:nth-child(2) > div:nth-child(1) > div\"}\n  (Session info: chrome=139.0.7258.127); For documentation on this error, please visit: https://www.selenium.dev/documentation/webdriver/troubleshooting/errors#nosuchelementexception\nStacktrace:\n#0 0x564fa489602a <unknown>\n#1 0x564fa4335a70 <unknown>\n#2 0x564fa4387907 <unknown>\n#3 0x564fa4387b01 <unknown>\n#4 0x564fa43d5d54 <unknown>\n#5 0x564fa43ad40d <unknown>\n#6 0x564fa43d314f <unknown>\n#7 0x564fa43ad1b3 <unknown>\n#8 0x564fa437959b <unknown>\n#9 0x564fa437a971 <unknown>\n#10 0x564fa485b1fb <unknown>\n#11 0x564fa485ef49 <unknown>\n#12 0x564fa48422d9 <unknown>\n#13 0x564fa485faf8 <unknown>\n#14 0x564fa4826bbf <unknown>\n#15 0x564fa48830b8 <unknown>\n#16 0x564fa4883296 <unknown>\n#17 0x564fa4895006 <unknown>\n#18 0x7fbd0909caa4 <unknown>\n#19 0x7fbd09129c3c <unknown>","time":{"start":1756199922969,"stop":1756199934233,"duration":11264}}]},"a29fb78cd39a3af9addaa2a7113ebbb5":{"statistic":{"failed":0,"broken":1,"skipped":0,"passed":0,"unknown":0,"total":1},"items":[{"uid":"e583a236e0e051bb","reportUrl":"https://erubazo.github.io/shichor-python/24/#testresult/e583a236e0e051bb","status":"broken","statusDetails":"selenium.common.exceptions.NoSuchElementException: Message: no such element: Unable to locate element: {\"method\":\"css selector\",\"selector\":\"div.lm\\:mb-100.mb-300.flex.items-center.tb\\:justify-start.justify-between > div:nth-child(2) > div:nth-child(1) > div\"}\n  (Session info: chrome=139.0.7258.127); For documentation on this error, please visit: https://www.selenium.dev/documentation/webdriver/troubleshooting/errors#nosuchelementexception\nStacktrace:\n#0 0x564fa489602a <unknown>\n#1 0x564fa4335a70 <unknown>\n#2 0x564fa4387907 <unknown>\n#3 0x564fa4387b01 <unknown>\n#4 0x564fa43d5d54 <unknown>\n#5 0x564fa43ad40d <unknown>\n#6 0x564fa43d314f <unknown>\n#7 0x564fa43ad1b3 <unknown>\n#8 0x564fa437959b <unknown>\n#9 0x564fa437a971 <unknown>\n#10 0x564fa485b1fb <unknown>\n#11 0x564fa485ef49 <unknown>\n#12 0x564fa48422d9 <unknown>\n#13 0x564fa485faf8 <unknown>\n#14 0x564fa4826bbf <unknown>\n#15 0x564fa48830b8 <unknown>\n#16 0x564fa4883296 <unknown>\n#17 0x564fa4895006 <unknown>\n#18 0x7fbd0909caa4 <unknown>\n#19 0x7fbd09129c3c <unknown>","time":{"start":1756199911585,"stop":1756199922852,"duration":11267}}]},"da11a82170d1bdc46b9f8bad34ad8f0c":{"statistic":{"failed":0,"broken":1,"skipped":0,"passed":0,"unknown":0,"total":1},"items":[{"uid":"49b4deff25bb0ebf","reportUrl":"https://erubazo.github.io/shichor-python/24/#testresult/49b4deff25bb0ebf","status":"broken","statusDetails":"selenium.common.exceptions.NoSuchElementException: Message: no such element: Unable to locate element: {\"method\":\"css selector\",\"selector\":\"[data-test=\"TopNav-RegionalSettingsButton\"]\"}\n  (Session info: chrome=139.0.7258.127); For documentation on this error, please visit: https://www.selenium.dev/documentation/webdriver/troubleshooting/errors#nosuchelementexception\nStacktrace:\n#0 0x557887d2b02a <unknown>\n#1 0x5578877caa70 <unknown>\n#2 0x55788781c907 <unknown>\n#3 0x55788781cb01 <unknown>\n#4 0x55788786ad54 <unknown>\n#5 0x55788784240d <unknown>\n#6 0x55788786814f <unknown>\n#7 0x5578878421b3 <unknown>\n#8 0x55788780e59b <unknown>\n#9 0x55788780f971 <unknown>\n#10 0x557887cf01fb <unknown>\n#11 0x557887cf3f49 <unknown>\n#12 0x557887cd72d9 <unknown>\n#13 0x557887cf4af8 <unknown>\n#14 0x557887cbbbbf <unknown>\n#15 0x557887d180b8 <unknown>\n#16 0x557887d18296 <unknown>\n#17 0x557887d2a006 <unknown>\n#18 0x7f6be649caa4 <unknown>\n#19 0x7f6be6529c3c <unknown>","time":{"start":1756199684345,"stop":1756199695675,"duration":11330}}]},"973be1434a2f3eb31e8b91f0dd6a0341":{"statistic":{"failed":0,"broken":1,"skipped":0,"passed":0,"unknown":0,"total":1},"items":[{"uid":"7878d0eb845a784e","reportUrl":"https://erubazo.github.io/shichor-python/24/#testresult/7878d0eb845a784e","status":"broken","statusDetails":"selenium.common.exceptions.NoSuchElementException: Message: no such element: Unable to locate element: {\"method\":\"css selector\",\"selector\":\"#origin\"}\n  (Session info: chrome=139.0.7258.127); For documentation on this error, please visit: https://www.selenium.dev/documentation/webdriver/troubleshooting/errors#nosuchelementexception\nStacktrace:\n#0 0x564fa489602a <unknown>\n#1 0x564fa4335a70 <unknown>\n#2 0x564fa4387907 <unknown>\n#3 0x564fa4387b01 <unknown>\n#4 0x564fa43d5d54 <unknown>\n#5 0x564fa43ad40d <unknown>\n#6 0x564fa43d314f <unknown>\n#7 0x564fa43ad1b3 <unknown>\n#8 0x564fa437959b <unknown>\n#9 0x564fa437a971 <unknown>\n#10 0x564fa485b1fb <unknown>\n#11 0x564fa485ef49 <unknown>\n#12 0x564fa48422d9 <unknown>\n#13 0x564fa485faf8 <unknown>\n#14 0x564fa4826bbf <unknown>\n#15 0x564fa48830b8 <unknown>\n#16 0x564fa4883296 <unknown>\n#17 0x564fa4895006 <unknown>\n#18 0x7fbd0909caa4 <unknown>\n#19 0x7fbd09129c3c <unknown>","time":{"start":1756199945734,"stop":1756199955999,"duration":10265}}]},"7c34fa7b644706ed5715bf9d024168df":{"statistic":{"failed":0,"broken":1,"skipped":0,"passed":0,"unknown":0,"total":1},"items":[{"uid":"dc80251b19909511","reportUrl":"https://erubazo.github.io/shichor-python/24/#testresult/dc80251b19909511","status":"broken","statusDetails":"selenium.common.exceptions.NoSuchElementException: Message: no such element: Unable to locate element: {\"method\":\"css selector\",\"selector\":\"[data-test=\"PlacePickerInputPlace-close\"]\"}\n  (Session info: chrome=139.0.7258.127); For documentation on this error, please visit: https://www.selenium.dev/documentation/webdriver/troubleshooting/errors#nosuchelementexception\nStacktrace:\n#0 0x564fa489602a <unknown>\n#1 0x564fa4335a70 <unknown>\n#2 0x564fa4387907 <unknown>\n#3 0x564fa4387b01 <unknown>\n#4 0x564fa43d5d54 <unknown>\n#5 0x564fa43ad40d <unknown>\n#6 0x564fa43d314f <unknown>\n#7 0x564fa43ad1b3 <unknown>\n#8 0x564fa437959b <unknown>\n#9 0x564fa437a971 <unknown>\n#10 0x564fa485b1fb <unknown>\n#11 0x564fa485ef49 <unknown>\n#12 0x564fa48422d9 <unknown>\n#13 0x564fa485faf8 <unknown>\n#14 0x564fa4826bbf <unknown>\n#15 0x564fa48830b8 <unknown>\n#16 0x564fa4883296 <unknown>\n#17 0x564fa4895006 <unknown>\n#18 0x7fbd0909caa4 <unknown>\n#19 0x7fbd09129c3c <unknown>","time":{"start":1756199897185,"stop":1756199911465,"duration":14280}}]},"415becb7b266146eb28887bbf757f5e7":{"statistic":{"failed":0,"broken":1,"skipped":0,"passed":0,"unknown":0,"total":1},"items":[{"uid":"1c1343e42e0c4ec","reportUrl":"https://erubazo.github.io/shichor-python/24/#testresult/1c1343e42e0c4ec","status":"broken","statusDetails":"selenium.common.exceptions.NoSuchElementException: Message: no such element: Unable to locate element: {\"method\":\"css selector\",\"selector\":\"[data-test=\"PlacePickerInputPlace-close\"]\"}\n  (Session info: chrome=139.0.7258.127); For documentation on this error, please visit: https://www.selenium.dev/documentation/webdriver/troubleshooting/errors#nosuchelementexception\nStacktrace:\n#0 0x564fa489602a <unknown>\n#1 0x564fa4335a70 <unknown>\n#2 0x564fa4387907 <unknown>\n#3 0x564fa4387b01 <unknown>\n#4 0x564fa43d5d54 <unknown>\n#5 0x564fa43ad40d <unknown>\n#6 0x564fa43d314f <unknown>\n#7 0x564fa43ad1b3 <unknown>\n#8 0x564fa437959b <unknown>\n#9 0x564fa437a971 <unknown>\n#10 0x564fa485b1fb <unknown>\n#11 0x564fa485ef49 <unknown>\n#12 0x564fa48422d9 <unknown>\n#13 0x564fa485faf8 <unknown>\n#14 0x564fa4826bbf <unknown>\n#15 0x564fa48830b8 <unknown>\n#16 0x564fa4883296 <unknown>\n#17 0x564fa4895006 <unknown>\n#18 0x7fbd0909caa4 <unknown>\n#19 0x7fbd09129c3c <unknown>","time":{"start":1756199817508,"stop":1756199828775,"duration":11267}}]},"b97b0400e77310f81030c96b417d5c96":{"statistic":{"failed":0,"broken":1,"skipped":0,"passed":0,"unknown":0,"total":1},"items":[{"uid":"a1ddd478c17dae90","reportUrl":"https://erubazo.github.io/shichor-python/24/#testresult/a1ddd478c17dae90","status":"broken","statusDetails":"selenium.common.exceptions.NoSuchElementException: Message: no such element: Unable to locate element: {\"method\":\"css selector\",\"selector\":\"span:nth-child(6) > a\"}\n  (Session info: chrome=139.0.7258.127); For documentation on this error, please visit: https://www.selenium.dev/documentation/webdriver/troubleshooting/errors#nosuchelementexception\nStacktrace:\n#0 0x564fa489602a <unknown>\n#1 0x564fa4335a70 <unknown>\n#2 0x564fa4387907 <unknown>\n#3 0x564fa4387b01 <unknown>\n#4 0x564fa43d5d54 <unknown>\n#5 0x564fa43ad40d <unknown>\n#6 0x564fa43d314f <unknown>\n#7 0x564fa43ad1b3 <unknown>\n#8 0x564fa437959b <unknown>\n#9 0x564fa437a971 <unknown>\n#10 0x564fa485b1fb <unknown>\n#11 0x564fa485ef49 <unknown>\n#12 0x564fa48422d9 <unknown>\n#13 0x564fa485faf8 <unknown>\n#14 0x564fa4826bbf <unknown>\n#15 0x564fa48830b8 <unknown>\n#16 0x564fa4883296 <unknown>\n#17 0x564fa4895006 <unknown>\n#18 0x7fbd0909caa4 <unknown>\n#19 0x7fbd09129c3c <unknown>","time":{"start":1756199756791,"stop":1756199777280,"duration":20489}}]},"4838f945bcaf4f707f75cf5665acf10e":{"statistic":{"failed":1,"broken":0,"skipped":0,"passed":0,"unknown":0,"total":1},"items":[{"uid":"2aa9537a593bafea","reportUrl":"https://erubazo.github.io/shichor-python/24/#testresult/2aa9537a593bafea","status":"failed","statusDetails":"AssertionError: assert '' == 'true'\n  \n  - true","time":{"start":1756199707728,"stop":1756199756708,"duration":48980}}]},"2ecc6e22acc0566a6d050e8cbf68f465":{"statistic":{"failed":0,"broken":1,"skipped":0,"passed":0,"unknown":0,"total":1},"items":[{"uid":"77d3037a1e9dc1d3","reportUrl":"https://erubazo.github.io/shichor-python/24/#testresult/77d3037a1e9dc1d3","status":"broken","statusDetails":"selenium.common.exceptions.NoSuchElementException: Message: no such element: Unable to locate element: {\"method\":\"css selector\",\"selector\":\"div.lm\\:mb-100.mb-300.flex.items-center.tb\\:justify-start.justify-between > div:nth-child(2) > div:nth-child(1) > div\"}\n  (Session info: chrome=139.0.7258.127); For documentation on this error, please visit: https://www.selenium.dev/documentation/webdriver/troubleshooting/errors#nosuchelementexception\nStacktrace:\n#0 0x564fa489602a <unknown>\n#1 0x564fa4335a70 <unknown>\n#2 0x564fa4387907 <unknown>\n#3 0x564fa4387b01 <unknown>\n#4 0x564fa43d5d54 <unknown>\n#5 0x564fa43ad40d <unknown>\n#6 0x564fa43d314f <unknown>\n#7 0x564fa43ad1b3 <unknown>\n#8 0x564fa437959b <unknown>\n#9 0x564fa437a971 <unknown>\n#10 0x564fa485b1fb <unknown>\n#11 0x564fa485ef49 <unknown>\n#12 0x564fa48422d9 <unknown>\n#13 0x564fa485faf8 <unknown>\n#14 0x564fa4826bbf <unknown>\n#15 0x564fa48830b8 <unknown>\n#16 0x564fa4883296 <unknown>\n#17 0x564fa4895006 <unknown>\n#18 0x7fbd0909caa4 <unknown>\n#19 0x7fbd09129c3c <unknown>","time":{"start":1756199885802,"stop":1756199897066,"duration":11264}}]},"5aa6adc6cd4ef5819814ea721e150c2c":{"statistic":{"failed":0,"broken":1,"skipped":0,"passed":0,"unknown":0,"total":1},"items":[{"uid":"8aabdd1177218800","reportUrl":"https://erubazo.github.io/shichor-python/24/#testresult/8aabdd1177218800","status":"broken","statusDetails":"selenium.common.exceptions.NoSuchElementException: Message: no such element: Unable to locate element: {\"method\":\"css selector\",\"selector\":\"#inboundDate\"}\n  (Session info: chrome=139.0.7258.127); For documentation on this error, please visit: https://www.selenium.dev/documentation/webdriver/troubleshooting/errors#nosuchelementexception\nStacktrace:\n#0 0x564fa489602a <unknown>\n#1 0x564fa4335a70 <unknown>\n#2 0x564fa4387907 <unknown>\n#3 0x564fa4387b01 <unknown>\n#4 0x564fa43d5d54 <unknown>\n#5 0x564fa43ad40d <unknown>\n#6 0x564fa43d314f <unknown>\n#7 0x564fa43ad1b3 <unknown>\n#8 0x564fa437959b <unknown>\n#9 0x564fa437a971 <unknown>\n#10 0x564fa485b1fb <unknown>\n#11 0x564fa485ef49 <unknown>\n#12 0x564fa48422d9 <unknown>\n#13 0x564fa485faf8 <unknown>\n#14 0x564fa4826bbf <unknown>\n#15 0x564fa48830b8 <unknown>\n#16 0x564fa4883296 <unknown>\n#17 0x564fa4895006 <unknown>\n#18 0x7fbd0909caa4 <unknown>\n#19 0x7fbd09129c3c <unknown>","time":{"start":1756199851653,"stop":1756199862921,"duration":11268}}]}}