{"uid":"3a07fdc2f9b1938a","name":"wrong format signup Test","fullName":"tests.sign_in_test.TestClass#test_02_failed_wrong_format","historyId":"48e59fe38e8a2c4fcc8c282d00587fe6","time":{"start":1755762280434,"stop":1755762281447,"duration":1013},"description":"Test to check signup with wrong format email","descriptionHtml":"<p>Test to check signup with wrong format email</p>\n","status":"broken","statusMessage":"selenium.common.exceptions.NoSuchElementException: Message: no such element: Unable to locate element: {\"method\":\"css selector\",\"selector\":\"[data-test=\"CookiesPopup-Accept\"]\"}\n  (Session info: chrome=139.0.7258.127); For documentation on this error, please visit: https://www.selenium.dev/documentation/webdriver/troubleshooting/errors#nosuchelementexception\nStacktrace:\n#0 0x5576e9c9301a <unknown>\n#1 0x5576e9732a70 <unknown>\n#2 0x5576e9784907 <unknown>\n#3 0x5576e9784b01 <unknown>\n#4 0x5576e97d2d54 <unknown>\n#5 0x5576e97aa40d <unknown>\n#6 0x5576e97d014f <unknown>\n#7 0x5576e97aa1b3 <unknown>\n#8 0x5576e977659b <unknown>\n#9 0x5576e9777971 <unknown>\n#10 0x5576e9c581eb <unknown>\n#11 0x5576e9c5bf39 <unknown>\n#12 0x5576e9c3f2c9 <unknown>\n#13 0x5576e9c5cae8 <unknown>\n#14 0x5576e9c23baf <unknown>\n#15 0x5576e9c800a8 <unknown>\n#16 0x5576e9c80286 <unknown>\n#17 0x5576e9c91ff6 <unknown>\n#18 0x7fa104a9caa4 <unknown>\n#19 0x7fa104b29c3c <unknown>","statusTrace":"self = <tests.sign_in_test.TestClass object at 0x7f4c5b948690>\n\n    @allure.severity(Severity.NORMAL)\n    @allure.story(\"Sign Up Wrong Format\")\n    @allure.description(\"Test to check signup with wrong format email\")\n    @allure.title(\"wrong format signup Test\")\n    def test_02_failed_wrong_format(self):\n>       result = self.signin_page.wrong_format(\"11111111111\")\n                 ^^^^^^^^^^^^^^^^^^^^^^^^^^^^^^^^^^^^^^^^^^^^\n\ntests/sign_in_test.py:25: \n_ _ _ _ _ _ _ _ _ _ _ _ _ _ _ _ _ _ _ _ _ _ _ _ _ _ _ _ _ _ _ _ _ _ _ _ _ _ _ _ \npages/signin_page.py:86: in wrong_format\n    self.main_page.click(self.main_page.ACCEPT)\npages/base_page.py:58: in click\n    self.highlight_element(locator, \"Yellow\")\npages/base_page.py:28: in highlight_element\n    element = self.driver.find_element(*locator_or_element)\n              ^^^^^^^^^^^^^^^^^^^^^^^^^^^^^^^^^^^^^^^^^^^^^\n.venv/lib/python3.13/site-packages/selenium/webdriver/remote/webdriver.py:926: in find_element\n    return self.execute(Command.FIND_ELEMENT, {\"using\": by, \"value\": value})[\"value\"]\n           ^^^^^^^^^^^^^^^^^^^^^^^^^^^^^^^^^^^^^^^^^^^^^^^^^^^^^^^^^^^^^^^^^\n.venv/lib/python3.13/site-packages/selenium/webdriver/remote/webdriver.py:458: in execute\n    self.error_handler.check_response(response)\n_ _ _ _ _ _ _ _ _ _ _ _ _ _ _ _ _ _ _ _ _ _ _ _ _ _ _ _ _ _ _ _ _ _ _ _ _ _ _ _ \n\nself = <selenium.webdriver.remote.errorhandler.ErrorHandler object at 0x7f4c5b94bc50>\nresponse = {'status': 404, 'value': '{\"value\":{\"error\":\"no such element\",\"message\":\"no such element: Unable to locate element: {\\...\\\\n#17 0x5576e9c91ff6 \\\\u003Cunknown>\\\\n#18 0x7fa104a9caa4 \\\\u003Cunknown>\\\\n#19 0x7fa104b29c3c \\\\u003Cunknown>\\\\n\"}}'}\n\n    def check_response(self, response: dict[str, Any]) -> None:\n        \"\"\"Checks that a JSON response from the WebDriver does not have an\n        error.\n    \n        :Args:\n         - response - The JSON response from the WebDriver server as a dictionary\n           object.\n    \n        :Raises: If the response contains an error message.\n        \"\"\"\n        status = response.get(\"status\", None)\n        if not status or status == ErrorCode.SUCCESS:\n            return\n        value = None\n        message = response.get(\"message\", \"\")\n        screen: str = response.get(\"screen\", \"\")\n        stacktrace = None\n        if isinstance(status, int):\n            value_json = response.get(\"value\", None)\n            if value_json and isinstance(value_json, str):\n                try:\n                    value = json.loads(value_json)\n                    if isinstance(value, dict):\n                        if len(value) == 1:\n                            value = value[\"value\"]\n                        status = value.get(\"error\", None)\n                        if not status:\n                            status = value.get(\"status\", ErrorCode.UNKNOWN_ERROR)\n                            message = value.get(\"value\") or value.get(\"message\")\n                            if not isinstance(message, str):\n                                value = message\n                                message = message.get(\"message\")\n                        else:\n                            message = value.get(\"message\", None)\n                except ValueError:\n                    pass\n    \n        exception_class: type[WebDriverException]\n        e = ErrorCode()\n        error_codes = [item for item in dir(e) if not item.startswith(\"__\")]\n        for error_code in error_codes:\n            error_info = getattr(ErrorCode, error_code)\n            if isinstance(error_info, list) and status in error_info:\n                exception_class = getattr(ExceptionMapping, error_code, WebDriverException)\n                break\n        else:\n            exception_class = WebDriverException\n    \n        if not value:\n            value = response[\"value\"]\n        if isinstance(value, str):\n            raise exception_class(value)\n        if message == \"\" and \"message\" in value:\n            message = value[\"message\"]\n    \n        screen = None  # type: ignore[assignment]\n        if \"screen\" in value:\n            screen = value[\"screen\"]\n    \n        stacktrace = None\n        st_value = value.get(\"stackTrace\") or value.get(\"stacktrace\")\n        if st_value:\n            if isinstance(st_value, str):\n                stacktrace = st_value.split(\"\\n\")\n            else:\n                stacktrace = []\n                try:\n                    for frame in st_value:\n                        line = frame.get(\"lineNumber\", \"\")\n                        file = frame.get(\"fileName\", \"<anonymous>\")\n                        if line:\n                            file = f\"{file}:{line}\"\n                        meth = frame.get(\"methodName\", \"<anonymous>\")\n                        if \"className\" in frame:\n                            meth = f\"{frame['className']}.{meth}\"\n                        msg = \"    at %s (%s)\"\n                        msg = msg % (meth, file)\n                        stacktrace.append(msg)\n                except TypeError:\n                    pass\n        if exception_class == UnexpectedAlertPresentException:\n            alert_text = None\n            if \"data\" in value:\n                alert_text = value[\"data\"].get(\"text\")\n            elif \"alert\" in value:\n                alert_text = value[\"alert\"].get(\"text\")\n            raise exception_class(message, screen, stacktrace, alert_text)  # type: ignore[call-arg]  # mypy is not smart enough here\n>       raise exception_class(message, screen, stacktrace)\nE       selenium.common.exceptions.NoSuchElementException: Message: no such element: Unable to locate element: {\"method\":\"css selector\",\"selector\":\"[data-test=\"CookiesPopup-Accept\"]\"}\nE         (Session info: chrome=139.0.7258.127); For documentation on this error, please visit: https://www.selenium.dev/documentation/webdriver/troubleshooting/errors#nosuchelementexception\nE       Stacktrace:\nE       #0 0x5576e9c9301a <unknown>\nE       #1 0x5576e9732a70 <unknown>\nE       #2 0x5576e9784907 <unknown>\nE       #3 0x5576e9784b01 <unknown>\nE       #4 0x5576e97d2d54 <unknown>\nE       #5 0x5576e97aa40d <unknown>\nE       #6 0x5576e97d014f <unknown>\nE       #7 0x5576e97aa1b3 <unknown>\nE       #8 0x5576e977659b <unknown>\nE       #9 0x5576e9777971 <unknown>\nE       #10 0x5576e9c581eb <unknown>\nE       #11 0x5576e9c5bf39 <unknown>\nE       #12 0x5576e9c3f2c9 <unknown>\nE       #13 0x5576e9c5cae8 <unknown>\nE       #14 0x5576e9c23baf <unknown>\nE       #15 0x5576e9c800a8 <unknown>\nE       #16 0x5576e9c80286 <unknown>\nE       #17 0x5576e9c91ff6 <unknown>\nE       #18 0x7fa104a9caa4 <unknown>\nE       #19 0x7fa104b29c3c <unknown>\n\n.venv/lib/python3.13/site-packages/selenium/webdriver/remote/errorhandler.py:232: NoSuchElementException","flaky":false,"newFailed":false,"newBroken":false,"newPassed":false,"retriesCount":0,"retriesStatusChange":false,"beforeStages":[{"name":"_session_faker","time":{"start":1755762204649,"stop":1755762204710,"duration":61},"status":"passed","steps":[],"attachments":[],"parameters":[],"stepsCount":0,"shouldDisplayMessage":false,"attachmentsCount":0,"hasContent":false,"attachmentStep":false},{"name":"setup_driver_class","time":{"start":1755762278968,"stop":1755762279312,"duration":344},"status":"passed","steps":[],"attachments":[],"parameters":[],"stepsCount":0,"shouldDisplayMessage":false,"attachmentsCount":0,"hasContent":false,"attachmentStep":false},{"name":"attach_driver_to_node","time":{"start":1755762280434,"stop":1755762280434,"duration":0},"status":"passed","steps":[],"attachments":[],"parameters":[],"stepsCount":0,"shouldDisplayMessage":false,"attachmentsCount":0,"hasContent":false,"attachmentStep":false}],"testStage":{"description":"Test to check signup with wrong format email","status":"broken","statusMessage":"selenium.common.exceptions.NoSuchElementException: Message: no such element: Unable to locate element: {\"method\":\"css selector\",\"selector\":\"[data-test=\"CookiesPopup-Accept\"]\"}\n  (Session info: chrome=139.0.7258.127); For documentation on this error, please visit: https://www.selenium.dev/documentation/webdriver/troubleshooting/errors#nosuchelementexception\nStacktrace:\n#0 0x5576e9c9301a <unknown>\n#1 0x5576e9732a70 <unknown>\n#2 0x5576e9784907 <unknown>\n#3 0x5576e9784b01 <unknown>\n#4 0x5576e97d2d54 <unknown>\n#5 0x5576e97aa40d <unknown>\n#6 0x5576e97d014f <unknown>\n#7 0x5576e97aa1b3 <unknown>\n#8 0x5576e977659b <unknown>\n#9 0x5576e9777971 <unknown>\n#10 0x5576e9c581eb <unknown>\n#11 0x5576e9c5bf39 <unknown>\n#12 0x5576e9c3f2c9 <unknown>\n#13 0x5576e9c5cae8 <unknown>\n#14 0x5576e9c23baf <unknown>\n#15 0x5576e9c800a8 <unknown>\n#16 0x5576e9c80286 <unknown>\n#17 0x5576e9c91ff6 <unknown>\n#18 0x7fa104a9caa4 <unknown>\n#19 0x7fa104b29c3c <unknown>","statusTrace":"self = <tests.sign_in_test.TestClass object at 0x7f4c5b948690>\n\n    @allure.severity(Severity.NORMAL)\n    @allure.story(\"Sign Up Wrong Format\")\n    @allure.description(\"Test to check signup with wrong format email\")\n    @allure.title(\"wrong format signup Test\")\n    def test_02_failed_wrong_format(self):\n>       result = self.signin_page.wrong_format(\"11111111111\")\n                 ^^^^^^^^^^^^^^^^^^^^^^^^^^^^^^^^^^^^^^^^^^^^\n\ntests/sign_in_test.py:25: \n_ _ _ _ _ _ _ _ _ _ _ _ _ _ _ _ _ _ _ _ _ _ _ _ _ _ _ _ _ _ _ _ _ _ _ _ _ _ _ _ \npages/signin_page.py:86: in wrong_format\n    self.main_page.click(self.main_page.ACCEPT)\npages/base_page.py:58: in click\n    self.highlight_element(locator, \"Yellow\")\npages/base_page.py:28: in highlight_element\n    element = self.driver.find_element(*locator_or_element)\n              ^^^^^^^^^^^^^^^^^^^^^^^^^^^^^^^^^^^^^^^^^^^^^\n.venv/lib/python3.13/site-packages/selenium/webdriver/remote/webdriver.py:926: in find_element\n    return self.execute(Command.FIND_ELEMENT, {\"using\": by, \"value\": value})[\"value\"]\n           ^^^^^^^^^^^^^^^^^^^^^^^^^^^^^^^^^^^^^^^^^^^^^^^^^^^^^^^^^^^^^^^^^\n.venv/lib/python3.13/site-packages/selenium/webdriver/remote/webdriver.py:458: in execute\n    self.error_handler.check_response(response)\n_ _ _ _ _ _ _ _ _ _ _ _ _ _ _ _ _ _ _ _ _ _ _ _ _ _ _ _ _ _ _ _ _ _ _ _ _ _ _ _ \n\nself = <selenium.webdriver.remote.errorhandler.ErrorHandler object at 0x7f4c5b94bc50>\nresponse = {'status': 404, 'value': '{\"value\":{\"error\":\"no such element\",\"message\":\"no such element: Unable to locate element: {\\...\\\\n#17 0x5576e9c91ff6 \\\\u003Cunknown>\\\\n#18 0x7fa104a9caa4 \\\\u003Cunknown>\\\\n#19 0x7fa104b29c3c \\\\u003Cunknown>\\\\n\"}}'}\n\n    def check_response(self, response: dict[str, Any]) -> None:\n        \"\"\"Checks that a JSON response from the WebDriver does not have an\n        error.\n    \n        :Args:\n         - response - The JSON response from the WebDriver server as a dictionary\n           object.\n    \n        :Raises: If the response contains an error message.\n        \"\"\"\n        status = response.get(\"status\", None)\n        if not status or status == ErrorCode.SUCCESS:\n            return\n        value = None\n        message = response.get(\"message\", \"\")\n        screen: str = response.get(\"screen\", \"\")\n        stacktrace = None\n        if isinstance(status, int):\n            value_json = response.get(\"value\", None)\n            if value_json and isinstance(value_json, str):\n                try:\n                    value = json.loads(value_json)\n                    if isinstance(value, dict):\n                        if len(value) == 1:\n                            value = value[\"value\"]\n                        status = value.get(\"error\", None)\n                        if not status:\n                            status = value.get(\"status\", ErrorCode.UNKNOWN_ERROR)\n                            message = value.get(\"value\") or value.get(\"message\")\n                            if not isinstance(message, str):\n                                value = message\n                                message = message.get(\"message\")\n                        else:\n                            message = value.get(\"message\", None)\n                except ValueError:\n                    pass\n    \n        exception_class: type[WebDriverException]\n        e = ErrorCode()\n        error_codes = [item for item in dir(e) if not item.startswith(\"__\")]\n        for error_code in error_codes:\n            error_info = getattr(ErrorCode, error_code)\n            if isinstance(error_info, list) and status in error_info:\n                exception_class = getattr(ExceptionMapping, error_code, WebDriverException)\n                break\n        else:\n            exception_class = WebDriverException\n    \n        if not value:\n            value = response[\"value\"]\n        if isinstance(value, str):\n            raise exception_class(value)\n        if message == \"\" and \"message\" in value:\n            message = value[\"message\"]\n    \n        screen = None  # type: ignore[assignment]\n        if \"screen\" in value:\n            screen = value[\"screen\"]\n    \n        stacktrace = None\n        st_value = value.get(\"stackTrace\") or value.get(\"stacktrace\")\n        if st_value:\n            if isinstance(st_value, str):\n                stacktrace = st_value.split(\"\\n\")\n            else:\n                stacktrace = []\n                try:\n                    for frame in st_value:\n                        line = frame.get(\"lineNumber\", \"\")\n                        file = frame.get(\"fileName\", \"<anonymous>\")\n                        if line:\n                            file = f\"{file}:{line}\"\n                        meth = frame.get(\"methodName\", \"<anonymous>\")\n                        if \"className\" in frame:\n                            meth = f\"{frame['className']}.{meth}\"\n                        msg = \"    at %s (%s)\"\n                        msg = msg % (meth, file)\n                        stacktrace.append(msg)\n                except TypeError:\n                    pass\n        if exception_class == UnexpectedAlertPresentException:\n            alert_text = None\n            if \"data\" in value:\n                alert_text = value[\"data\"].get(\"text\")\n            elif \"alert\" in value:\n                alert_text = value[\"alert\"].get(\"text\")\n            raise exception_class(message, screen, stacktrace, alert_text)  # type: ignore[call-arg]  # mypy is not smart enough here\n>       raise exception_class(message, screen, stacktrace)\nE       selenium.common.exceptions.NoSuchElementException: Message: no such element: Unable to locate element: {\"method\":\"css selector\",\"selector\":\"[data-test=\"CookiesPopup-Accept\"]\"}\nE         (Session info: chrome=139.0.7258.127); For documentation on this error, please visit: https://www.selenium.dev/documentation/webdriver/troubleshooting/errors#nosuchelementexception\nE       Stacktrace:\nE       #0 0x5576e9c9301a <unknown>\nE       #1 0x5576e9732a70 <unknown>\nE       #2 0x5576e9784907 <unknown>\nE       #3 0x5576e9784b01 <unknown>\nE       #4 0x5576e97d2d54 <unknown>\nE       #5 0x5576e97aa40d <unknown>\nE       #6 0x5576e97d014f <unknown>\nE       #7 0x5576e97aa1b3 <unknown>\nE       #8 0x5576e977659b <unknown>\nE       #9 0x5576e9777971 <unknown>\nE       #10 0x5576e9c581eb <unknown>\nE       #11 0x5576e9c5bf39 <unknown>\nE       #12 0x5576e9c3f2c9 <unknown>\nE       #13 0x5576e9c5cae8 <unknown>\nE       #14 0x5576e9c23baf <unknown>\nE       #15 0x5576e9c800a8 <unknown>\nE       #16 0x5576e9c80286 <unknown>\nE       #17 0x5576e9c91ff6 <unknown>\nE       #18 0x7fa104a9caa4 <unknown>\nE       #19 0x7fa104b29c3c <unknown>\n\n.venv/lib/python3.13/site-packages/selenium/webdriver/remote/errorhandler.py:232: NoSuchElementException","steps":[{"name":"Sign up with wrong email format: '11111111111'","time":{"start":1755762280434,"stop":1755762281446,"duration":1012},"status":"broken","statusMessage":"selenium.common.exceptions.NoSuchElementException: Message: no such element: Unable to locate element: {\"method\":\"css selector\",\"selector\":\"[data-test=\"CookiesPopup-Accept\"]\"}\n  (Session info: chrome=139.0.7258.127); For documentation on this error, please visit: https://www.selenium.dev/documentation/webdriver/troubleshooting/errors#nosuchelementexception\nStacktrace:\n#0 0x5576e9c9301a <unknown>\n#1 0x5576e9732a70 <unknown>\n#2 0x5576e9784907 <unknown>\n#3 0x5576e9784b01 <unknown>\n#4 0x5576e97d2d54 <unknown>\n#5 0x5576e97aa40d <unknown>\n#6 0x5576e97d014f <unknown>\n#7 0x5576e97aa1b3 <unknown>\n#8 0x5576e977659b <unknown>\n#9 0x5576e9777971 <unknown>\n#10 0x5576e9c581eb <unknown>\n#11 0x5576e9c5bf39 <unknown>\n#12 0x5576e9c3f2c9 <unknown>\n#13 0x5576e9c5cae8 <unknown>\n#14 0x5576e9c23baf <unknown>\n#15 0x5576e9c800a8 <unknown>\n#16 0x5576e9c80286 <unknown>\n#17 0x5576e9c91ff6 <unknown>\n#18 0x7fa104a9caa4 <unknown>\n#19 0x7fa104b29c3c <unknown>\n\n","statusTrace":"  File \"/home/runner/work/shichor-python/shichor-python/.venv/lib/python3.13/site-packages/allure_commons/_allure.py\", line 202, in impl\n    return func(*a, **kw)\n  File \"/home/runner/work/shichor-python/shichor-python/pages/signin_page.py\", line 86, in wrong_format\n    self.main_page.click(self.main_page.ACCEPT)\n    ~~~~~~~~~~~~~~~~~~~~^^^^^^^^^^^^^^^^^^^^^^^\n  File \"/home/runner/work/shichor-python/shichor-python/pages/base_page.py\", line 58, in click\n    self.highlight_element(locator, \"Yellow\")\n    ~~~~~~~~~~~~~~~~~~~~~~^^^^^^^^^^^^^^^^^^^\n  File \"/home/runner/work/shichor-python/shichor-python/pages/base_page.py\", line 28, in highlight_element\n    element = self.driver.find_element(*locator_or_element)\n  File \"/home/runner/work/shichor-python/shichor-python/.venv/lib/python3.13/site-packages/selenium/webdriver/remote/webdriver.py\", line 926, in find_element\n    return self.execute(Command.FIND_ELEMENT, {\"using\": by, \"value\": value})[\"value\"]\n           ~~~~~~~~~~~~^^^^^^^^^^^^^^^^^^^^^^^^^^^^^^^^^^^^^^^^^^^^^^^^^^^^^\n  File \"/home/runner/work/shichor-python/shichor-python/.venv/lib/python3.13/site-packages/selenium/webdriver/remote/webdriver.py\", line 458, in execute\n    self.error_handler.check_response(response)\n    ~~~~~~~~~~~~~~~~~~~~~~~~~~~~~~~~~^^^^^^^^^^\n  File \"/home/runner/work/shichor-python/shichor-python/.venv/lib/python3.13/site-packages/selenium/webdriver/remote/errorhandler.py\", line 232, in check_response\n    raise exception_class(message, screen, stacktrace)\n","steps":[],"attachments":[],"parameters":[{"name":"email","value":"'11111111111'"}],"stepsCount":0,"shouldDisplayMessage":true,"attachmentsCount":0,"hasContent":true,"attachmentStep":false}],"attachments":[{"uid":"b6298eb3341bce9e","name":"screenshot","source":"b6298eb3341bce9e.png","type":"image/png","size":75809}],"parameters":[],"stepsCount":1,"shouldDisplayMessage":true,"attachmentsCount":1,"hasContent":true,"attachmentStep":false},"afterStages":[{"name":"setup_driver_class::0","time":{"start":1755762282666,"stop":1755762282728,"duration":62},"status":"passed","steps":[],"attachments":[],"parameters":[],"stepsCount":0,"shouldDisplayMessage":false,"attachmentsCount":0,"hasContent":false,"attachmentStep":false}],"labels":[{"name":"epic","value":"Sign In Tests"},{"name":"feature","value":"Sign In and Sign Up"},{"name":"severity","value":"normal"},{"name":"story","value":"Sign Up Wrong Format"},{"name":"parentSuite","value":"tests"},{"name":"suite","value":"sign_in_test"},{"name":"subSuite","value":"TestClass"},{"name":"host","value":"pkrvmqc4gcfdwos"},{"name":"thread","value":"2498-MainThread"},{"name":"framework","value":"pytest"},{"name":"language","value":"cpython3"},{"name":"package","value":"tests.sign_in_test"},{"name":"resultFormat","value":"allure2"}],"parameters":[],"links":[],"hidden":false,"retry":false,"extra":{"severity":"normal","retries":[],"categories":[{"name":"Test defects","matchedStatuses":[],"flaky":false}],"tags":[]},"source":"3a07fdc2f9b1938a.json","parameterValues":[]}