{"uid":"ae5a2d263237cdcd","name":"premium class ticket selection Test","fullName":"tests.mainpage_test.TestClass#test_14_order_premium","historyId":"a29fb78cd39a3af9addaa2a7113ebbb5","time":{"start":1755762271335,"stop":1755762273360,"duration":2025},"description":"test to order premium ticket","descriptionHtml":"<p>test to order premium ticket</p>\n","status":"broken","statusMessage":"selenium.common.exceptions.NoSuchElementException: Message: no such element: Unable to locate element: {\"method\":\"css selector\",\"selector\":\"div.lm\\:mb-100.mb-300.flex.items-center.tb\\:justify-start.justify-between > div:nth-child(2) > div:nth-child(1) > div\"}\n  (Session info: chrome=139.0.7258.127); For documentation on this error, please visit: https://www.selenium.dev/documentation/webdriver/troubleshooting/errors#nosuchelementexception\nStacktrace:\n#0 0x557fc102201a <unknown>\n#1 0x557fc0ac1a70 <unknown>\n#2 0x557fc0b13907 <unknown>\n#3 0x557fc0b13b01 <unknown>\n#4 0x557fc0b61d54 <unknown>\n#5 0x557fc0b3940d <unknown>\n#6 0x557fc0b5f14f <unknown>\n#7 0x557fc0b391b3 <unknown>\n#8 0x557fc0b0559b <unknown>\n#9 0x557fc0b06971 <unknown>\n#10 0x557fc0fe71eb <unknown>\n#11 0x557fc0feaf39 <unknown>\n#12 0x557fc0fce2c9 <unknown>\n#13 0x557fc0febae8 <unknown>\n#14 0x557fc0fb2baf <unknown>\n#15 0x557fc100f0a8 <unknown>\n#16 0x557fc100f286 <unknown>\n#17 0x557fc1020ff6 <unknown>\n#18 0x7f027209caa4 <unknown>\n#19 0x7f0272129c3c <unknown>","statusTrace":"self = <tests.mainpage_test.TestClass object at 0x7f4c5b8f3930>\n\n    @allure.severity(Severity.CRITICAL)\n    @allure.story(\"order premium ticket\")\n    @allure.description(\"test to order premium ticket\")\n    @allure.title(\"premium class ticket selection Test\")\n    def test_14_order_premium(self):\n        with allure.step(\"Accept cookies\"):\n            self.main_page.cookie_accept()\n        with allure.step(\"Choose premium class\"):\n>           self.main_page.choose_class(\"premium\")\n\ntests/mainpage_test.py:229: \n_ _ _ _ _ _ _ _ _ _ _ _ _ _ _ _ _ _ _ _ _ _ _ _ _ _ _ _ _ _ _ _ _ _ _ _ _ _ _ _ \npages/main_page.py:174: in choose_class\n    self.click(self.CLASS)\npages/base_page.py:58: in click\n    self.highlight_element(locator, \"Yellow\")\npages/base_page.py:28: in highlight_element\n    element = self.driver.find_element(*locator_or_element)\n              ^^^^^^^^^^^^^^^^^^^^^^^^^^^^^^^^^^^^^^^^^^^^^\n.venv/lib/python3.13/site-packages/selenium/webdriver/remote/webdriver.py:926: in find_element\n    return self.execute(Command.FIND_ELEMENT, {\"using\": by, \"value\": value})[\"value\"]\n           ^^^^^^^^^^^^^^^^^^^^^^^^^^^^^^^^^^^^^^^^^^^^^^^^^^^^^^^^^^^^^^^^^\n.venv/lib/python3.13/site-packages/selenium/webdriver/remote/webdriver.py:458: in execute\n    self.error_handler.check_response(response)\n_ _ _ _ _ _ _ _ _ _ _ _ _ _ _ _ _ _ _ _ _ _ _ _ _ _ _ _ _ _ _ _ _ _ _ _ _ _ _ _ \n\nself = <selenium.webdriver.remote.errorhandler.ErrorHandler object at 0x7f4c5b94ae90>\nresponse = {'status': 404, 'value': '{\"value\":{\"error\":\"no such element\",\"message\":\"no such element: Unable to locate element: {\\...\\\\n#17 0x557fc1020ff6 \\\\u003Cunknown>\\\\n#18 0x7f027209caa4 \\\\u003Cunknown>\\\\n#19 0x7f0272129c3c \\\\u003Cunknown>\\\\n\"}}'}\n\n    def check_response(self, response: dict[str, Any]) -> None:\n        \"\"\"Checks that a JSON response from the WebDriver does not have an\n        error.\n    \n        :Args:\n         - response - The JSON response from the WebDriver server as a dictionary\n           object.\n    \n        :Raises: If the response contains an error message.\n        \"\"\"\n        status = response.get(\"status\", None)\n        if not status or status == ErrorCode.SUCCESS:\n            return\n        value = None\n        message = response.get(\"message\", \"\")\n        screen: str = response.get(\"screen\", \"\")\n        stacktrace = None\n        if isinstance(status, int):\n            value_json = response.get(\"value\", None)\n            if value_json and isinstance(value_json, str):\n                try:\n                    value = json.loads(value_json)\n                    if isinstance(value, dict):\n                        if len(value) == 1:\n                            value = value[\"value\"]\n                        status = value.get(\"error\", None)\n                        if not status:\n                            status = value.get(\"status\", ErrorCode.UNKNOWN_ERROR)\n                            message = value.get(\"value\") or value.get(\"message\")\n                            if not isinstance(message, str):\n                                value = message\n                                message = message.get(\"message\")\n                        else:\n                            message = value.get(\"message\", None)\n                except ValueError:\n                    pass\n    \n        exception_class: type[WebDriverException]\n        e = ErrorCode()\n        error_codes = [item for item in dir(e) if not item.startswith(\"__\")]\n        for error_code in error_codes:\n            error_info = getattr(ErrorCode, error_code)\n            if isinstance(error_info, list) and status in error_info:\n                exception_class = getattr(ExceptionMapping, error_code, WebDriverException)\n                break\n        else:\n            exception_class = WebDriverException\n    \n        if not value:\n            value = response[\"value\"]\n        if isinstance(value, str):\n            raise exception_class(value)\n        if message == \"\" and \"message\" in value:\n            message = value[\"message\"]\n    \n        screen = None  # type: ignore[assignment]\n        if \"screen\" in value:\n            screen = value[\"screen\"]\n    \n        stacktrace = None\n        st_value = value.get(\"stackTrace\") or value.get(\"stacktrace\")\n        if st_value:\n            if isinstance(st_value, str):\n                stacktrace = st_value.split(\"\\n\")\n            else:\n                stacktrace = []\n                try:\n                    for frame in st_value:\n                        line = frame.get(\"lineNumber\", \"\")\n                        file = frame.get(\"fileName\", \"<anonymous>\")\n                        if line:\n                            file = f\"{file}:{line}\"\n                        meth = frame.get(\"methodName\", \"<anonymous>\")\n                        if \"className\" in frame:\n                            meth = f\"{frame['className']}.{meth}\"\n                        msg = \"    at %s (%s)\"\n                        msg = msg % (meth, file)\n                        stacktrace.append(msg)\n                except TypeError:\n                    pass\n        if exception_class == UnexpectedAlertPresentException:\n            alert_text = None\n            if \"data\" in value:\n                alert_text = value[\"data\"].get(\"text\")\n            elif \"alert\" in value:\n                alert_text = value[\"alert\"].get(\"text\")\n            raise exception_class(message, screen, stacktrace, alert_text)  # type: ignore[call-arg]  # mypy is not smart enough here\n>       raise exception_class(message, screen, stacktrace)\nE       selenium.common.exceptions.NoSuchElementException: Message: no such element: Unable to locate element: {\"method\":\"css selector\",\"selector\":\"div.lm\\:mb-100.mb-300.flex.items-center.tb\\:justify-start.justify-between > div:nth-child(2) > div:nth-child(1) > div\"}\nE         (Session info: chrome=139.0.7258.127); For documentation on this error, please visit: https://www.selenium.dev/documentation/webdriver/troubleshooting/errors#nosuchelementexception\nE       Stacktrace:\nE       #0 0x557fc102201a <unknown>\nE       #1 0x557fc0ac1a70 <unknown>\nE       #2 0x557fc0b13907 <unknown>\nE       #3 0x557fc0b13b01 <unknown>\nE       #4 0x557fc0b61d54 <unknown>\nE       #5 0x557fc0b3940d <unknown>\nE       #6 0x557fc0b5f14f <unknown>\nE       #7 0x557fc0b391b3 <unknown>\nE       #8 0x557fc0b0559b <unknown>\nE       #9 0x557fc0b06971 <unknown>\nE       #10 0x557fc0fe71eb <unknown>\nE       #11 0x557fc0feaf39 <unknown>\nE       #12 0x557fc0fce2c9 <unknown>\nE       #13 0x557fc0febae8 <unknown>\nE       #14 0x557fc0fb2baf <unknown>\nE       #15 0x557fc100f0a8 <unknown>\nE       #16 0x557fc100f286 <unknown>\nE       #17 0x557fc1020ff6 <unknown>\nE       #18 0x7f027209caa4 <unknown>\nE       #19 0x7f0272129c3c <unknown>\n\n.venv/lib/python3.13/site-packages/selenium/webdriver/remote/errorhandler.py:232: NoSuchElementException","flaky":false,"newFailed":false,"newBroken":false,"newPassed":false,"retriesCount":0,"retriesStatusChange":false,"beforeStages":[{"name":"_session_faker","time":{"start":1755762204649,"stop":1755762204710,"duration":61},"status":"passed","steps":[],"attachments":[],"parameters":[],"stepsCount":0,"shouldDisplayMessage":false,"attachmentsCount":0,"hasContent":false,"attachmentStep":false},{"name":"setup_driver_class","time":{"start":1755762233102,"stop":1755762233450,"duration":348},"status":"passed","steps":[],"attachments":[],"parameters":[],"stepsCount":0,"shouldDisplayMessage":false,"attachmentsCount":0,"hasContent":false,"attachmentStep":false},{"name":"attach_driver_to_node","time":{"start":1755762271334,"stop":1755762271334,"duration":0},"status":"passed","steps":[],"attachments":[],"parameters":[],"stepsCount":0,"shouldDisplayMessage":false,"attachmentsCount":0,"hasContent":false,"attachmentStep":false}],"testStage":{"description":"test to order premium ticket","status":"broken","statusMessage":"selenium.common.exceptions.NoSuchElementException: Message: no such element: Unable to locate element: {\"method\":\"css selector\",\"selector\":\"div.lm\\:mb-100.mb-300.flex.items-center.tb\\:justify-start.justify-between > div:nth-child(2) > div:nth-child(1) > div\"}\n  (Session info: chrome=139.0.7258.127); For documentation on this error, please visit: https://www.selenium.dev/documentation/webdriver/troubleshooting/errors#nosuchelementexception\nStacktrace:\n#0 0x557fc102201a <unknown>\n#1 0x557fc0ac1a70 <unknown>\n#2 0x557fc0b13907 <unknown>\n#3 0x557fc0b13b01 <unknown>\n#4 0x557fc0b61d54 <unknown>\n#5 0x557fc0b3940d <unknown>\n#6 0x557fc0b5f14f <unknown>\n#7 0x557fc0b391b3 <unknown>\n#8 0x557fc0b0559b <unknown>\n#9 0x557fc0b06971 <unknown>\n#10 0x557fc0fe71eb <unknown>\n#11 0x557fc0feaf39 <unknown>\n#12 0x557fc0fce2c9 <unknown>\n#13 0x557fc0febae8 <unknown>\n#14 0x557fc0fb2baf <unknown>\n#15 0x557fc100f0a8 <unknown>\n#16 0x557fc100f286 <unknown>\n#17 0x557fc1020ff6 <unknown>\n#18 0x7f027209caa4 <unknown>\n#19 0x7f0272129c3c <unknown>","statusTrace":"self = <tests.mainpage_test.TestClass object at 0x7f4c5b8f3930>\n\n    @allure.severity(Severity.CRITICAL)\n    @allure.story(\"order premium ticket\")\n    @allure.description(\"test to order premium ticket\")\n    @allure.title(\"premium class ticket selection Test\")\n    def test_14_order_premium(self):\n        with allure.step(\"Accept cookies\"):\n            self.main_page.cookie_accept()\n        with allure.step(\"Choose premium class\"):\n>           self.main_page.choose_class(\"premium\")\n\ntests/mainpage_test.py:229: \n_ _ _ _ _ _ _ _ _ _ _ _ _ _ _ _ _ _ _ _ _ _ _ _ _ _ _ _ _ _ _ _ _ _ _ _ _ _ _ _ \npages/main_page.py:174: in choose_class\n    self.click(self.CLASS)\npages/base_page.py:58: in click\n    self.highlight_element(locator, \"Yellow\")\npages/base_page.py:28: in highlight_element\n    element = self.driver.find_element(*locator_or_element)\n              ^^^^^^^^^^^^^^^^^^^^^^^^^^^^^^^^^^^^^^^^^^^^^\n.venv/lib/python3.13/site-packages/selenium/webdriver/remote/webdriver.py:926: in find_element\n    return self.execute(Command.FIND_ELEMENT, {\"using\": by, \"value\": value})[\"value\"]\n           ^^^^^^^^^^^^^^^^^^^^^^^^^^^^^^^^^^^^^^^^^^^^^^^^^^^^^^^^^^^^^^^^^\n.venv/lib/python3.13/site-packages/selenium/webdriver/remote/webdriver.py:458: in execute\n    self.error_handler.check_response(response)\n_ _ _ _ _ _ _ _ _ _ _ _ _ _ _ _ _ _ _ _ _ _ _ _ _ _ _ _ _ _ _ _ _ _ _ _ _ _ _ _ \n\nself = <selenium.webdriver.remote.errorhandler.ErrorHandler object at 0x7f4c5b94ae90>\nresponse = {'status': 404, 'value': '{\"value\":{\"error\":\"no such element\",\"message\":\"no such element: Unable to locate element: {\\...\\\\n#17 0x557fc1020ff6 \\\\u003Cunknown>\\\\n#18 0x7f027209caa4 \\\\u003Cunknown>\\\\n#19 0x7f0272129c3c \\\\u003Cunknown>\\\\n\"}}'}\n\n    def check_response(self, response: dict[str, Any]) -> None:\n        \"\"\"Checks that a JSON response from the WebDriver does not have an\n        error.\n    \n        :Args:\n         - response - The JSON response from the WebDriver server as a dictionary\n           object.\n    \n        :Raises: If the response contains an error message.\n        \"\"\"\n        status = response.get(\"status\", None)\n        if not status or status == ErrorCode.SUCCESS:\n            return\n        value = None\n        message = response.get(\"message\", \"\")\n        screen: str = response.get(\"screen\", \"\")\n        stacktrace = None\n        if isinstance(status, int):\n            value_json = response.get(\"value\", None)\n            if value_json and isinstance(value_json, str):\n                try:\n                    value = json.loads(value_json)\n                    if isinstance(value, dict):\n                        if len(value) == 1:\n                            value = value[\"value\"]\n                        status = value.get(\"error\", None)\n                        if not status:\n                            status = value.get(\"status\", ErrorCode.UNKNOWN_ERROR)\n                            message = value.get(\"value\") or value.get(\"message\")\n                            if not isinstance(message, str):\n                                value = message\n                                message = message.get(\"message\")\n                        else:\n                            message = value.get(\"message\", None)\n                except ValueError:\n                    pass\n    \n        exception_class: type[WebDriverException]\n        e = ErrorCode()\n        error_codes = [item for item in dir(e) if not item.startswith(\"__\")]\n        for error_code in error_codes:\n            error_info = getattr(ErrorCode, error_code)\n            if isinstance(error_info, list) and status in error_info:\n                exception_class = getattr(ExceptionMapping, error_code, WebDriverException)\n                break\n        else:\n            exception_class = WebDriverException\n    \n        if not value:\n            value = response[\"value\"]\n        if isinstance(value, str):\n            raise exception_class(value)\n        if message == \"\" and \"message\" in value:\n            message = value[\"message\"]\n    \n        screen = None  # type: ignore[assignment]\n        if \"screen\" in value:\n            screen = value[\"screen\"]\n    \n        stacktrace = None\n        st_value = value.get(\"stackTrace\") or value.get(\"stacktrace\")\n        if st_value:\n            if isinstance(st_value, str):\n                stacktrace = st_value.split(\"\\n\")\n            else:\n                stacktrace = []\n                try:\n                    for frame in st_value:\n                        line = frame.get(\"lineNumber\", \"\")\n                        file = frame.get(\"fileName\", \"<anonymous>\")\n                        if line:\n                            file = f\"{file}:{line}\"\n                        meth = frame.get(\"methodName\", \"<anonymous>\")\n                        if \"className\" in frame:\n                            meth = f\"{frame['className']}.{meth}\"\n                        msg = \"    at %s (%s)\"\n                        msg = msg % (meth, file)\n                        stacktrace.append(msg)\n                except TypeError:\n                    pass\n        if exception_class == UnexpectedAlertPresentException:\n            alert_text = None\n            if \"data\" in value:\n                alert_text = value[\"data\"].get(\"text\")\n            elif \"alert\" in value:\n                alert_text = value[\"alert\"].get(\"text\")\n            raise exception_class(message, screen, stacktrace, alert_text)  # type: ignore[call-arg]  # mypy is not smart enough here\n>       raise exception_class(message, screen, stacktrace)\nE       selenium.common.exceptions.NoSuchElementException: Message: no such element: Unable to locate element: {\"method\":\"css selector\",\"selector\":\"div.lm\\:mb-100.mb-300.flex.items-center.tb\\:justify-start.justify-between > div:nth-child(2) > div:nth-child(1) > div\"}\nE         (Session info: chrome=139.0.7258.127); For documentation on this error, please visit: https://www.selenium.dev/documentation/webdriver/troubleshooting/errors#nosuchelementexception\nE       Stacktrace:\nE       #0 0x557fc102201a <unknown>\nE       #1 0x557fc0ac1a70 <unknown>\nE       #2 0x557fc0b13907 <unknown>\nE       #3 0x557fc0b13b01 <unknown>\nE       #4 0x557fc0b61d54 <unknown>\nE       #5 0x557fc0b3940d <unknown>\nE       #6 0x557fc0b5f14f <unknown>\nE       #7 0x557fc0b391b3 <unknown>\nE       #8 0x557fc0b0559b <unknown>\nE       #9 0x557fc0b06971 <unknown>\nE       #10 0x557fc0fe71eb <unknown>\nE       #11 0x557fc0feaf39 <unknown>\nE       #12 0x557fc0fce2c9 <unknown>\nE       #13 0x557fc0febae8 <unknown>\nE       #14 0x557fc0fb2baf <unknown>\nE       #15 0x557fc100f0a8 <unknown>\nE       #16 0x557fc100f286 <unknown>\nE       #17 0x557fc1020ff6 <unknown>\nE       #18 0x7f027209caa4 <unknown>\nE       #19 0x7f0272129c3c <unknown>\n\n.venv/lib/python3.13/site-packages/selenium/webdriver/remote/errorhandler.py:232: NoSuchElementException","steps":[{"name":"Accept cookies","time":{"start":1755762271335,"stop":1755762272347,"duration":1012},"status":"passed","steps":[],"attachments":[],"parameters":[],"stepsCount":0,"shouldDisplayMessage":false,"attachmentsCount":0,"hasContent":false,"attachmentStep":false},{"name":"Choose premium class","time":{"start":1755762272347,"stop":1755762273359,"duration":1012},"status":"broken","statusMessage":"selenium.common.exceptions.NoSuchElementException: Message: no such element: Unable to locate element: {\"method\":\"css selector\",\"selector\":\"div.lm\\:mb-100.mb-300.flex.items-center.tb\\:justify-start.justify-between > div:nth-child(2) > div:nth-child(1) > div\"}\n  (Session info: chrome=139.0.7258.127); For documentation on this error, please visit: https://www.selenium.dev/documentation/webdriver/troubleshooting/errors#nosuchelementexception\nStacktrace:\n#0 0x557fc102201a <unknown>\n#1 0x557fc0ac1a70 <unknown>\n#2 0x557fc0b13907 <unknown>\n#3 0x557fc0b13b01 <unknown>\n#4 0x557fc0b61d54 <unknown>\n#5 0x557fc0b3940d <unknown>\n#6 0x557fc0b5f14f <unknown>\n#7 0x557fc0b391b3 <unknown>\n#8 0x557fc0b0559b <unknown>\n#9 0x557fc0b06971 <unknown>\n#10 0x557fc0fe71eb <unknown>\n#11 0x557fc0feaf39 <unknown>\n#12 0x557fc0fce2c9 <unknown>\n#13 0x557fc0febae8 <unknown>\n#14 0x557fc0fb2baf <unknown>\n#15 0x557fc100f0a8 <unknown>\n#16 0x557fc100f286 <unknown>\n#17 0x557fc1020ff6 <unknown>\n#18 0x7f027209caa4 <unknown>\n#19 0x7f0272129c3c <unknown>\n\n","statusTrace":"  File \"/home/runner/work/shichor-python/shichor-python/tests/mainpage_test.py\", line 229, in test_14_order_premium\n    self.main_page.choose_class(\"premium\")\n    ~~~~~~~~~~~~~~~~~~~~~~~~~~~^^^^^^^^^^^\n  File \"/home/runner/work/shichor-python/shichor-python/.venv/lib/python3.13/site-packages/allure_commons/_allure.py\", line 202, in impl\n    return func(*a, **kw)\n  File \"/home/runner/work/shichor-python/shichor-python/pages/main_page.py\", line 174, in choose_class\n    self.click(self.CLASS)\n    ~~~~~~~~~~^^^^^^^^^^^^\n  File \"/home/runner/work/shichor-python/shichor-python/pages/base_page.py\", line 58, in click\n    self.highlight_element(locator, \"Yellow\")\n    ~~~~~~~~~~~~~~~~~~~~~~^^^^^^^^^^^^^^^^^^^\n  File \"/home/runner/work/shichor-python/shichor-python/pages/base_page.py\", line 28, in highlight_element\n    element = self.driver.find_element(*locator_or_element)\n  File \"/home/runner/work/shichor-python/shichor-python/.venv/lib/python3.13/site-packages/selenium/webdriver/remote/webdriver.py\", line 926, in find_element\n    return self.execute(Command.FIND_ELEMENT, {\"using\": by, \"value\": value})[\"value\"]\n           ~~~~~~~~~~~~^^^^^^^^^^^^^^^^^^^^^^^^^^^^^^^^^^^^^^^^^^^^^^^^^^^^^\n  File \"/home/runner/work/shichor-python/shichor-python/.venv/lib/python3.13/site-packages/selenium/webdriver/remote/webdriver.py\", line 458, in execute\n    self.error_handler.check_response(response)\n    ~~~~~~~~~~~~~~~~~~~~~~~~~~~~~~~~~^^^^^^^^^^\n  File \"/home/runner/work/shichor-python/shichor-python/.venv/lib/python3.13/site-packages/selenium/webdriver/remote/errorhandler.py\", line 232, in check_response\n    raise exception_class(message, screen, stacktrace)\n","steps":[{"name":"Choose class type: 'premium'","time":{"start":1755762272347,"stop":1755762273358,"duration":1011},"status":"broken","statusMessage":"selenium.common.exceptions.NoSuchElementException: Message: no such element: Unable to locate element: {\"method\":\"css selector\",\"selector\":\"div.lm\\:mb-100.mb-300.flex.items-center.tb\\:justify-start.justify-between > div:nth-child(2) > div:nth-child(1) > div\"}\n  (Session info: chrome=139.0.7258.127); For documentation on this error, please visit: https://www.selenium.dev/documentation/webdriver/troubleshooting/errors#nosuchelementexception\nStacktrace:\n#0 0x557fc102201a <unknown>\n#1 0x557fc0ac1a70 <unknown>\n#2 0x557fc0b13907 <unknown>\n#3 0x557fc0b13b01 <unknown>\n#4 0x557fc0b61d54 <unknown>\n#5 0x557fc0b3940d <unknown>\n#6 0x557fc0b5f14f <unknown>\n#7 0x557fc0b391b3 <unknown>\n#8 0x557fc0b0559b <unknown>\n#9 0x557fc0b06971 <unknown>\n#10 0x557fc0fe71eb <unknown>\n#11 0x557fc0feaf39 <unknown>\n#12 0x557fc0fce2c9 <unknown>\n#13 0x557fc0febae8 <unknown>\n#14 0x557fc0fb2baf <unknown>\n#15 0x557fc100f0a8 <unknown>\n#16 0x557fc100f286 <unknown>\n#17 0x557fc1020ff6 <unknown>\n#18 0x7f027209caa4 <unknown>\n#19 0x7f0272129c3c <unknown>\n\n","statusTrace":"  File \"/home/runner/work/shichor-python/shichor-python/.venv/lib/python3.13/site-packages/allure_commons/_allure.py\", line 202, in impl\n    return func(*a, **kw)\n  File \"/home/runner/work/shichor-python/shichor-python/pages/main_page.py\", line 174, in choose_class\n    self.click(self.CLASS)\n    ~~~~~~~~~~^^^^^^^^^^^^\n  File \"/home/runner/work/shichor-python/shichor-python/pages/base_page.py\", line 58, in click\n    self.highlight_element(locator, \"Yellow\")\n    ~~~~~~~~~~~~~~~~~~~~~~^^^^^^^^^^^^^^^^^^^\n  File \"/home/runner/work/shichor-python/shichor-python/pages/base_page.py\", line 28, in highlight_element\n    element = self.driver.find_element(*locator_or_element)\n  File \"/home/runner/work/shichor-python/shichor-python/.venv/lib/python3.13/site-packages/selenium/webdriver/remote/webdriver.py\", line 926, in find_element\n    return self.execute(Command.FIND_ELEMENT, {\"using\": by, \"value\": value})[\"value\"]\n           ~~~~~~~~~~~~^^^^^^^^^^^^^^^^^^^^^^^^^^^^^^^^^^^^^^^^^^^^^^^^^^^^^\n  File \"/home/runner/work/shichor-python/shichor-python/.venv/lib/python3.13/site-packages/selenium/webdriver/remote/webdriver.py\", line 458, in execute\n    self.error_handler.check_response(response)\n    ~~~~~~~~~~~~~~~~~~~~~~~~~~~~~~~~~^^^^^^^^^^\n  File \"/home/runner/work/shichor-python/shichor-python/.venv/lib/python3.13/site-packages/selenium/webdriver/remote/errorhandler.py\", line 232, in check_response\n    raise exception_class(message, screen, stacktrace)\n","steps":[],"attachments":[],"parameters":[{"name":"class_type","value":"'premium'"},{"name":"mixed","value":"False"}],"stepsCount":0,"shouldDisplayMessage":true,"attachmentsCount":0,"hasContent":true,"attachmentStep":false}],"attachments":[],"parameters":[],"stepsCount":1,"shouldDisplayMessage":false,"attachmentsCount":0,"hasContent":true,"attachmentStep":false}],"attachments":[{"uid":"c300db2c60ecf009","name":"screenshot","source":"c300db2c60ecf009.png","type":"image/png","size":75809},{"uid":"d95922d98734df42","name":"stdout","source":"d95922d98734df42.txt","type":"text/plain","size":916}],"parameters":[],"stepsCount":3,"shouldDisplayMessage":true,"attachmentsCount":2,"hasContent":true,"attachmentStep":false},"afterStages":[{"name":"setup_driver_class::0","time":{"start":1755762278900,"stop":1755762278966,"duration":66},"status":"passed","steps":[],"attachments":[],"parameters":[],"stepsCount":0,"shouldDisplayMessage":false,"attachmentsCount":0,"hasContent":false,"attachmentStep":false}],"labels":[{"name":"feature","value":"Main Page functionality"},{"name":"epic","value":"Main Page Tests"},{"name":"severity","value":"critical"},{"name":"story","value":"order premium ticket"},{"name":"parentSuite","value":"tests"},{"name":"suite","value":"mainpage_test"},{"name":"subSuite","value":"TestClass"},{"name":"host","value":"pkrvmqc4gcfdwos"},{"name":"thread","value":"2498-MainThread"},{"name":"framework","value":"pytest"},{"name":"language","value":"cpython3"},{"name":"package","value":"tests.mainpage_test"},{"name":"resultFormat","value":"allure2"}],"parameters":[],"links":[],"hidden":false,"retry":false,"extra":{"severity":"critical","retries":[],"categories":[{"name":"Test defects","matchedStatuses":[],"flaky":false}],"tags":[]},"source":"ae5a2d263237cdcd.json","parameterValues":[]}