{"5655f94eab575e8bfa6b3699677cfa54":{"statistic":{"failed":1,"broken":0,"skipped":0,"passed":0,"unknown":0,"total":1},"items":[{"uid":"161cdb53600a2cfe","reportUrl":"https://erubazo.github.io/shichor-python/22/#testresult/161cdb53600a2cfe","status":"failed","statusDetails":"AssertionError: assert 'Error' in '3 Passengers'","time":{"start":1756199259358,"stop":1756199271635,"duration":12277}}]},"bae716c86efcbc48f6015ff0968e9fbc":{"statistic":{"failed":0,"broken":1,"skipped":0,"passed":0,"unknown":0,"total":1},"items":[{"uid":"43fbfca31d48784c","reportUrl":"https://erubazo.github.io/shichor-python/22/#testresult/43fbfca31d48784c","status":"broken","statusDetails":"selenium.common.exceptions.NoSuchElementException: Message: no such element: Unable to locate element: {\"method\":\"css selector\",\"selector\":\"[data-test=\"PlacePickerInputPlace-close\"]\"}\n  (Session info: chrome=139.0.7258.127); For documentation on this error, please visit: https://www.selenium.dev/documentation/webdriver/troubleshooting/errors#nosuchelementexception\nStacktrace:\n#0 0x55805ffc001a <unknown>\n#1 0x55805fa5fa70 <unknown>\n#2 0x55805fab1907 <unknown>\n#3 0x55805fab1b01 <unknown>\n#4 0x55805faffd54 <unknown>\n#5 0x55805fad740d <unknown>\n#6 0x55805fafd14f <unknown>\n#7 0x55805fad71b3 <unknown>\n#8 0x55805faa359b <unknown>\n#9 0x55805faa4971 <unknown>\n#10 0x55805ff851eb <unknown>\n#11 0x55805ff88f39 <unknown>\n#12 0x55805ff6c2c9 <unknown>\n#13 0x55805ff89ae8 <unknown>\n#14 0x55805ff50baf <unknown>\n#15 0x55805ffad0a8 <unknown>\n#16 0x55805ffad286 <unknown>\n#17 0x55805ffbeff6 <unknown>\n#18 0x7f0cda09caa4 <unknown>\n#19 0x7f0cda129c3c <unknown>","time":{"start":1756199388537,"stop":1756199399804,"duration":11267}}]},"4569b31842a85143286424547beab159":{"statistic":{"failed":0,"broken":1,"skipped":0,"passed":0,"unknown":0,"total":1},"items":[{"uid":"9df5ded54dc0387d","reportUrl":"https://erubazo.github.io/shichor-python/22/#testresult/9df5ded54dc0387d","status":"broken","statusDetails":"selenium.common.exceptions.NoSuchElementException: Message: no such element: Unable to locate element: {\"method\":\"css selector\",\"selector\":\"#outboundDate\"}\n  (Session info: chrome=139.0.7258.127); For documentation on this error, please visit: https://www.selenium.dev/documentation/webdriver/troubleshooting/errors#nosuchelementexception\nStacktrace:\n#0 0x55805ffc001a <unknown>\n#1 0x55805fa5fa70 <unknown>\n#2 0x55805fab1907 <unknown>\n#3 0x55805fab1b01 <unknown>\n#4 0x55805faffd54 <unknown>\n#5 0x55805fad740d <unknown>\n#6 0x55805fafd14f <unknown>\n#7 0x55805fad71b3 <unknown>\n#8 0x55805faa359b <unknown>\n#9 0x55805faa4971 <unknown>\n#10 0x55805ff851eb <unknown>\n#11 0x55805ff88f39 <unknown>\n#12 0x55805ff6c2c9 <unknown>\n#13 0x55805ff89ae8 <unknown>\n#14 0x55805ff50baf <unknown>\n#15 0x55805ffad0a8 <unknown>\n#16 0x55805ffad286 <unknown>\n#17 0x55805ffbeff6 <unknown>\n#18 0x7f0cda09caa4 <unknown>\n#19 0x7f0cda129c3c <unknown>","time":{"start":1756199294474,"stop":1756199305741,"duration":11267}}]},"8be373d5a4ac4c1c74d32cff12e3b610":{"statistic":{"failed":0,"broken":1,"skipped":0,"passed":0,"unknown":0,"total":1},"items":[{"uid":"99da1e439eaac02","reportUrl":"https://erubazo.github.io/shichor-python/22/#testresult/99da1e439eaac02","status":"broken","statusDetails":"selenium.common.exceptions.NoSuchElementException: Message: no such element: Unable to locate element: {\"method\":\"css selector\",\"selector\":\"#outboundDate\"}\n  (Session info: chrome=139.0.7258.127); For documentation on this error, please visit: https://www.selenium.dev/documentation/webdriver/troubleshooting/errors#nosuchelementexception\nStacktrace:\n#0 0x55805ffc001a <unknown>\n#1 0x55805fa5fa70 <unknown>\n#2 0x55805fab1907 <unknown>\n#3 0x55805fab1b01 <unknown>\n#4 0x55805faffd54 <unknown>\n#5 0x55805fad740d <unknown>\n#6 0x55805fafd14f <unknown>\n#7 0x55805fad71b3 <unknown>\n#8 0x55805faa359b <unknown>\n#9 0x55805faa4971 <unknown>\n#10 0x55805ff851eb <unknown>\n#11 0x55805ff88f39 <unknown>\n#12 0x55805ff6c2c9 <unknown>\n#13 0x55805ff89ae8 <unknown>\n#14 0x55805ff50baf <unknown>\n#15 0x55805ffad0a8 <unknown>\n#16 0x55805ffad286 <unknown>\n#17 0x55805ffbeff6 <unknown>\n#18 0x7f0cda09caa4 <unknown>\n#19 0x7f0cda129c3c <unknown>","time":{"start":1756199317240,"stop":1756199328503,"duration":11263}}]},"40da3125772fab665425c8e1a3c35e15":{"statistic":{"failed":0,"broken":1,"skipped":0,"passed":0,"unknown":0,"total":1},"items":[{"uid":"28f861bd6eebbd3c","reportUrl":"https://erubazo.github.io/shichor-python/22/#testresult/28f861bd6eebbd3c","status":"broken","statusDetails":"selenium.common.exceptions.NoSuchElementException: Message: no such element: Unable to locate element: {\"method\":\"css selector\",\"selector\":\"#destination\"}\n  (Session info: chrome=139.0.7258.127); For documentation on this error, please visit: https://www.selenium.dev/documentation/webdriver/troubleshooting/errors#nosuchelementexception\nStacktrace:\n#0 0x55805ffc001a <unknown>\n#1 0x55805fa5fa70 <unknown>\n#2 0x55805fab1907 <unknown>\n#3 0x55805fab1b01 <unknown>\n#4 0x55805faffd54 <unknown>\n#5 0x55805fad740d <unknown>\n#6 0x55805fafd14f <unknown>\n#7 0x55805fad71b3 <unknown>\n#8 0x55805faa359b <unknown>\n#9 0x55805faa4971 <unknown>\n#10 0x55805ff851eb <unknown>\n#11 0x55805ff88f39 <unknown>\n#12 0x55805ff6c2c9 <unknown>\n#13 0x55805ff89ae8 <unknown>\n#14 0x55805ff50baf <unknown>\n#15 0x55805ffad0a8 <unknown>\n#16 0x55805ffad286 <unknown>\n#17 0x55805ffbeff6 <unknown>\n#18 0x7f0cda09caa4 <unknown>\n#19 0x7f0cda129c3c <unknown>","time":{"start":1756199283091,"stop":1756199294354,"duration":11263}}]},"44027ee0c9148d3bfa2f0ec00ebcbd38":{"statistic":{"failed":0,"broken":1,"skipped":0,"passed":0,"unknown":0,"total":1},"items":[{"uid":"d3c7802a8ec20c8f","reportUrl":"https://erubazo.github.io/shichor-python/22/#testresult/d3c7802a8ec20c8f","status":"broken","statusDetails":"selenium.common.exceptions.NoSuchElementException: Message: no such element: Unable to locate element: {\"method\":\"css selector\",\"selector\":\"div.lm\\:mb-100.mb-300.flex.items-center.tb\\:justify-start.justify-between > div:nth-child(2) > div:nth-child(1) > div\"}\n  (Session info: chrome=139.0.7258.127); For documentation on this error, please visit: https://www.selenium.dev/documentation/webdriver/troubleshooting/errors#nosuchelementexception\nStacktrace:\n#0 0x55805ffc001a <unknown>\n#1 0x55805fa5fa70 <unknown>\n#2 0x55805fab1907 <unknown>\n#3 0x55805fab1b01 <unknown>\n#4 0x55805faffd54 <unknown>\n#5 0x55805fad740d <unknown>\n#6 0x55805fafd14f <unknown>\n#7 0x55805fad71b3 <unknown>\n#8 0x55805faa359b <unknown>\n#9 0x55805faa4971 <unknown>\n#10 0x55805ff851eb <unknown>\n#11 0x55805ff88f39 <unknown>\n#12 0x55805ff6c2c9 <unknown>\n#13 0x55805ff89ae8 <unknown>\n#14 0x55805ff50baf <unknown>\n#15 0x55805ffad0a8 <unknown>\n#16 0x55805ffad286 <unknown>\n#17 0x55805ffbeff6 <unknown>\n#18 0x7f0cda09caa4 <unknown>\n#19 0x7f0cda129c3c <unknown>","time":{"start":1756199247977,"stop":1756199259240,"duration":11263}}]},"b1556b91cae91277d2f000731ed6cf05":{"statistic":{"failed":0,"broken":1,"skipped":0,"passed":0,"unknown":0,"total":1},"items":[{"uid":"9e32768e6be80529","reportUrl":"https://erubazo.github.io/shichor-python/22/#testresult/9e32768e6be80529","status":"broken","statusDetails":"selenium.common.exceptions.NoSuchElementException: Message: no such element: Unable to locate element: {\"method\":\"css selector\",\"selector\":\"#outboundDate\"}\n  (Session info: chrome=139.0.7258.127); For documentation on this error, please visit: https://www.selenium.dev/documentation/webdriver/troubleshooting/errors#nosuchelementexception\nStacktrace:\n#0 0x55805ffc001a <unknown>\n#1 0x55805fa5fa70 <unknown>\n#2 0x55805fab1907 <unknown>\n#3 0x55805fab1b01 <unknown>\n#4 0x55805faffd54 <unknown>\n#5 0x55805fad740d <unknown>\n#6 0x55805fafd14f <unknown>\n#7 0x55805fad71b3 <unknown>\n#8 0x55805faa359b <unknown>\n#9 0x55805faa4971 <unknown>\n#10 0x55805ff851eb <unknown>\n#11 0x55805ff88f39 <unknown>\n#12 0x55805ff6c2c9 <unknown>\n#13 0x55805ff89ae8 <unknown>\n#14 0x55805ff50baf <unknown>\n#15 0x55805ffad0a8 <unknown>\n#16 0x55805ffad286 <unknown>\n#17 0x55805ffbeff6 <unknown>\n#18 0x7f0cda09caa4 <unknown>\n#19 0x7f0cda129c3c <unknown>","time":{"start":1756199328622,"stop":1756199339884,"duration":11262}}]},"d9f17111a5011ef00f8836b0e99de21f":{"statistic":{"failed":1,"broken":0,"skipped":0,"passed":0,"unknown":0,"total":1},"items":[{"uid":"fabf68ef31879bb5","reportUrl":"https://erubazo.github.io/shichor-python/22/#testresult/fabf68ef31879bb5","status":"failed","statusDetails":"AssertionError: assert 'No trip selector available' == 'Return'\n  \n  - Return\n  + No trip selector available","time":{"start":1756199231599,"stop":1756199247904,"duration":16305}}]},"75bc17fa304f21c3b1a283a58d952713":{"statistic":{"failed":0,"broken":1,"skipped":0,"passed":0,"unknown":0,"total":1},"items":[{"uid":"6df7619b73774718","reportUrl":"https://erubazo.github.io/shichor-python/22/#testresult/6df7619b73774718","status":"broken","statusDetails":"selenium.common.exceptions.NoSuchElementException: Message: no such element: Unable to locate element: {\"method\":\"css selector\",\"selector\":\"[data-test=\"TopNav-RegionalSettingsButton\"]\"}\n  (Session info: chrome=139.0.7258.127); For documentation on this error, please visit: https://www.selenium.dev/documentation/webdriver/troubleshooting/errors#nosuchelementexception\nStacktrace:\n#0 0x55c66694301a <unknown>\n#1 0x55c6663e2a70 <unknown>\n#2 0x55c666434907 <unknown>\n#3 0x55c666434b01 <unknown>\n#4 0x55c666482d54 <unknown>\n#5 0x55c66645a40d <unknown>\n#6 0x55c66648014f <unknown>\n#7 0x55c66645a1b3 <unknown>\n#8 0x55c66642659b <unknown>\n#9 0x55c666427971 <unknown>\n#10 0x55c6669081eb <unknown>\n#11 0x55c66690bf39 <unknown>\n#12 0x55c6668ef2c9 <unknown>\n#13 0x55c66690cae8 <unknown>\n#14 0x55c6668d3baf <unknown>\n#15 0x55c6669300a8 <unknown>\n#16 0x55c666930286 <unknown>\n#17 0x55c666941ff6 <unknown>\n#18 0x7f20f7a9caa4 <unknown>\n#19 0x7f20f7b29c3c <unknown>","time":{"start":1756199150251,"stop":1756199161493,"duration":11242}}]},"fa1e27cf77d811d24c961ca50dfb243b":{"statistic":{"failed":0,"broken":1,"skipped":0,"passed":0,"unknown":0,"total":1},"items":[{"uid":"dda11a70af769d46","reportUrl":"https://erubazo.github.io/shichor-python/22/#testresult/dda11a70af769d46","status":"broken","statusDetails":"selenium.common.exceptions.NoSuchElementException: Message: no such element: Unable to locate element: {\"method\":\"css selector\",\"selector\":\"div.lm\\:mb-100.mb-300.flex.items-center.tb\\:justify-start.justify-between > div:nth-child(2) > div:nth-child(1) > div\"}\n  (Session info: chrome=139.0.7258.127); For documentation on this error, please visit: https://www.selenium.dev/documentation/webdriver/troubleshooting/errors#nosuchelementexception\nStacktrace:\n#0 0x55805ffc001a <unknown>\n#1 0x55805fa5fa70 <unknown>\n#2 0x55805fab1907 <unknown>\n#3 0x55805fab1b01 <unknown>\n#4 0x55805faffd54 <unknown>\n#5 0x55805fad740d <unknown>\n#6 0x55805fafd14f <unknown>\n#7 0x55805fad71b3 <unknown>\n#8 0x55805faa359b <unknown>\n#9 0x55805faa4971 <unknown>\n#10 0x55805ff851eb <unknown>\n#11 0x55805ff88f39 <unknown>\n#12 0x55805ff6c2c9 <unknown>\n#13 0x55805ff89ae8 <unknown>\n#14 0x55805ff50baf <unknown>\n#15 0x55805ffad0a8 <unknown>\n#16 0x55805ffad286 <unknown>\n#17 0x55805ffbeff6 <unknown>\n#18 0x7f0cda09caa4 <unknown>\n#19 0x7f0cda129c3c <unknown>","time":{"start":1756199377155,"stop":1756199388419,"duration":11264}}]},"a29fb78cd39a3af9addaa2a7113ebbb5":{"statistic":{"failed":0,"broken":1,"skipped":0,"passed":0,"unknown":0,"total":1},"items":[{"uid":"bc5c15cbe307a73c","reportUrl":"https://erubazo.github.io/shichor-python/22/#testresult/bc5c15cbe307a73c","status":"broken","statusDetails":"selenium.common.exceptions.NoSuchElementException: Message: no such element: Unable to locate element: {\"method\":\"css selector\",\"selector\":\"div.lm\\:mb-100.mb-300.flex.items-center.tb\\:justify-start.justify-between > div:nth-child(2) > div:nth-child(1) > div\"}\n  (Session info: chrome=139.0.7258.127); For documentation on this error, please visit: https://www.selenium.dev/documentation/webdriver/troubleshooting/errors#nosuchelementexception\nStacktrace:\n#0 0x55805ffc001a <unknown>\n#1 0x55805fa5fa70 <unknown>\n#2 0x55805fab1907 <unknown>\n#3 0x55805fab1b01 <unknown>\n#4 0x55805faffd54 <unknown>\n#5 0x55805fad740d <unknown>\n#6 0x55805fafd14f <unknown>\n#7 0x55805fad71b3 <unknown>\n#8 0x55805faa359b <unknown>\n#9 0x55805faa4971 <unknown>\n#10 0x55805ff851eb <unknown>\n#11 0x55805ff88f39 <unknown>\n#12 0x55805ff6c2c9 <unknown>\n#13 0x55805ff89ae8 <unknown>\n#14 0x55805ff50baf <unknown>\n#15 0x55805ffad0a8 <unknown>\n#16 0x55805ffad286 <unknown>\n#17 0x55805ffbeff6 <unknown>\n#18 0x7f0cda09caa4 <unknown>\n#19 0x7f0cda129c3c <unknown>","time":{"start":1756199365775,"stop":1756199377039,"duration":11264}}]},"7c34fa7b644706ed5715bf9d024168df":{"statistic":{"failed":0,"broken":1,"skipped":0,"passed":0,"unknown":0,"total":1},"items":[{"uid":"f04b8117454bd6c1","reportUrl":"https://erubazo.github.io/shichor-python/22/#testresult/f04b8117454bd6c1","status":"broken","statusDetails":"selenium.common.exceptions.NoSuchElementException: Message: no such element: Unable to locate element: {\"method\":\"css selector\",\"selector\":\"[data-test=\"PlacePickerInputPlace-close\"]\"}\n  (Session info: chrome=139.0.7258.127); For documentation on this error, please visit: https://www.selenium.dev/documentation/webdriver/troubleshooting/errors#nosuchelementexception\nStacktrace:\n#0 0x55805ffc001a <unknown>\n#1 0x55805fa5fa70 <unknown>\n#2 0x55805fab1907 <unknown>\n#3 0x55805fab1b01 <unknown>\n#4 0x55805faffd54 <unknown>\n#5 0x55805fad740d <unknown>\n#6 0x55805fafd14f <unknown>\n#7 0x55805fad71b3 <unknown>\n#8 0x55805faa359b <unknown>\n#9 0x55805faa4971 <unknown>\n#10 0x55805ff851eb <unknown>\n#11 0x55805ff88f39 <unknown>\n#12 0x55805ff6c2c9 <unknown>\n#13 0x55805ff89ae8 <unknown>\n#14 0x55805ff50baf <unknown>\n#15 0x55805ffad0a8 <unknown>\n#16 0x55805ffad286 <unknown>\n#17 0x55805ffbeff6 <unknown>\n#18 0x7f0cda09caa4 <unknown>\n#19 0x7f0cda129c3c <unknown>","time":{"start":1756199351390,"stop":1756199365666,"duration":14276}}]},"b97b0400e77310f81030c96b417d5c96":{"statistic":{"failed":0,"broken":1,"skipped":0,"passed":0,"unknown":0,"total":1},"items":[{"uid":"cbd62b7a6f3ab281","reportUrl":"https://erubazo.github.io/shichor-python/22/#testresult/cbd62b7a6f3ab281","status":"broken","statusDetails":"selenium.common.exceptions.NoSuchElementException: Message: no such element: Unable to locate element: {\"method\":\"css selector\",\"selector\":\"span:nth-child(6) > a\"}\n  (Session info: chrome=139.0.7258.127); For documentation on this error, please visit: https://www.selenium.dev/documentation/webdriver/troubleshooting/errors#nosuchelementexception\nStacktrace:\n#0 0x55805ffc001a <unknown>\n#1 0x55805fa5fa70 <unknown>\n#2 0x55805fab1907 <unknown>\n#3 0x55805fab1b01 <unknown>\n#4 0x55805faffd54 <unknown>\n#5 0x55805fad740d <unknown>\n#6 0x55805fafd14f <unknown>\n#7 0x55805fad71b3 <unknown>\n#8 0x55805faa359b <unknown>\n#9 0x55805faa4971 <unknown>\n#10 0x55805ff851eb <unknown>\n#11 0x55805ff88f39 <unknown>\n#12 0x55805ff6c2c9 <unknown>\n#13 0x55805ff89ae8 <unknown>\n#14 0x55805ff50baf <unknown>\n#15 0x55805ffad0a8 <unknown>\n#16 0x55805ffad286 <unknown>\n#17 0x55805ffbeff6 <unknown>\n#18 0x7f0cda09caa4 <unknown>\n#19 0x7f0cda129c3c <unknown>","time":{"start":1756199211028,"stop":1756199231473,"duration":20445}}]},"415becb7b266146eb28887bbf757f5e7":{"statistic":{"failed":0,"broken":1,"skipped":0,"passed":0,"unknown":0,"total":1},"items":[{"uid":"638d1bdf1d2ba7f0","reportUrl":"https://erubazo.github.io/shichor-python/22/#testresult/638d1bdf1d2ba7f0","status":"broken","statusDetails":"selenium.common.exceptions.NoSuchElementException: Message: no such element: Unable to locate element: {\"method\":\"css selector\",\"selector\":\"[data-test=\"PlacePickerInputPlace-close\"]\"}\n  (Session info: chrome=139.0.7258.127); For documentation on this error, please visit: https://www.selenium.dev/documentation/webdriver/troubleshooting/errors#nosuchelementexception\nStacktrace:\n#0 0x55805ffc001a <unknown>\n#1 0x55805fa5fa70 <unknown>\n#2 0x55805fab1907 <unknown>\n#3 0x55805fab1b01 <unknown>\n#4 0x55805faffd54 <unknown>\n#5 0x55805fad740d <unknown>\n#6 0x55805fafd14f <unknown>\n#7 0x55805fad71b3 <unknown>\n#8 0x55805faa359b <unknown>\n#9 0x55805faa4971 <unknown>\n#10 0x55805ff851eb <unknown>\n#11 0x55805ff88f39 <unknown>\n#12 0x55805ff6c2c9 <unknown>\n#13 0x55805ff89ae8 <unknown>\n#14 0x55805ff50baf <unknown>\n#15 0x55805ffad0a8 <unknown>\n#16 0x55805ffad286 <unknown>\n#17 0x55805ffbeff6 <unknown>\n#18 0x7f0cda09caa4 <unknown>\n#19 0x7f0cda129c3c <unknown>","time":{"start":1756199271708,"stop":1756199282978,"duration":11270}}]},"da11a82170d1bdc46b9f8bad34ad8f0c":{"statistic":{"failed":0,"broken":1,"skipped":0,"passed":0,"unknown":0,"total":1},"items":[{"uid":"6aed59f346f62066","reportUrl":"https://erubazo.github.io/shichor-python/22/#testresult/6aed59f346f62066","status":"broken","statusDetails":"selenium.common.exceptions.NoSuchElementException: Message: no such element: Unable to locate element: {\"method\":\"css selector\",\"selector\":\"[data-test=\"TopNav-RegionalSettingsButton\"]\"}\n  (Session info: chrome=139.0.7258.127); For documentation on this error, please visit: https://www.selenium.dev/documentation/webdriver/troubleshooting/errors#nosuchelementexception\nStacktrace:\n#0 0x55c66694301a <unknown>\n#1 0x55c6663e2a70 <unknown>\n#2 0x55c666434907 <unknown>\n#3 0x55c666434b01 <unknown>\n#4 0x55c666482d54 <unknown>\n#5 0x55c66645a40d <unknown>\n#6 0x55c66648014f <unknown>\n#7 0x55c66645a1b3 <unknown>\n#8 0x55c66642659b <unknown>\n#9 0x55c666427971 <unknown>\n#10 0x55c6669081eb <unknown>\n#11 0x55c66690bf39 <unknown>\n#12 0x55c6668ef2c9 <unknown>\n#13 0x55c66690cae8 <unknown>\n#14 0x55c6668d3baf <unknown>\n#15 0x55c6669300a8 <unknown>\n#16 0x55c666930286 <unknown>\n#17 0x55c666941ff6 <unknown>\n#18 0x7f20f7a9caa4 <unknown>\n#19 0x7f20f7b29c3c <unknown>","time":{"start":1756199138848,"stop":1756199150126,"duration":11278}}]},"4838f945bcaf4f707f75cf5665acf10e":{"statistic":{"failed":1,"broken":0,"skipped":0,"passed":0,"unknown":0,"total":1},"items":[{"uid":"9aa185a28accac74","reportUrl":"https://erubazo.github.io/shichor-python/22/#testresult/9aa185a28accac74","status":"failed","statusDetails":"AssertionError: assert '' == 'true'\n  \n  - true","time":{"start":1756199161996,"stop":1756199210948,"duration":48952}}]},"2ecc6e22acc0566a6d050e8cbf68f465":{"statistic":{"failed":0,"broken":1,"skipped":0,"passed":0,"unknown":0,"total":1},"items":[{"uid":"822a59d83954d54e","reportUrl":"https://erubazo.github.io/shichor-python/22/#testresult/822a59d83954d54e","status":"broken","statusDetails":"selenium.common.exceptions.NoSuchElementException: Message: no such element: Unable to locate element: {\"method\":\"css selector\",\"selector\":\"div.lm\\:mb-100.mb-300.flex.items-center.tb\\:justify-start.justify-between > div:nth-child(2) > div:nth-child(1) > div\"}\n  (Session info: chrome=139.0.7258.127); For documentation on this error, please visit: https://www.selenium.dev/documentation/webdriver/troubleshooting/errors#nosuchelementexception\nStacktrace:\n#0 0x55805ffc001a <unknown>\n#1 0x55805fa5fa70 <unknown>\n#2 0x55805fab1907 <unknown>\n#3 0x55805fab1b01 <unknown>\n#4 0x55805faffd54 <unknown>\n#5 0x55805fad740d <unknown>\n#6 0x55805fafd14f <unknown>\n#7 0x55805fad71b3 <unknown>\n#8 0x55805faa359b <unknown>\n#9 0x55805faa4971 <unknown>\n#10 0x55805ff851eb <unknown>\n#11 0x55805ff88f39 <unknown>\n#12 0x55805ff6c2c9 <unknown>\n#13 0x55805ff89ae8 <unknown>\n#14 0x55805ff50baf <unknown>\n#15 0x55805ffad0a8 <unknown>\n#16 0x55805ffad286 <unknown>\n#17 0x55805ffbeff6 <unknown>\n#18 0x7f0cda09caa4 <unknown>\n#19 0x7f0cda129c3c <unknown>","time":{"start":1756199340006,"stop":1756199351268,"duration":11262}}]},"5aa6adc6cd4ef5819814ea721e150c2c":{"statistic":{"failed":0,"broken":1,"skipped":0,"passed":0,"unknown":0,"total":1},"items":[{"uid":"c72b25110826982f","reportUrl":"https://erubazo.github.io/shichor-python/22/#testresult/c72b25110826982f","status":"broken","statusDetails":"selenium.common.exceptions.NoSuchElementException: Message: no such element: Unable to locate element: {\"method\":\"css selector\",\"selector\":\"#inboundDate\"}\n  (Session info: chrome=139.0.7258.127); For documentation on this error, please visit: https://www.selenium.dev/documentation/webdriver/troubleshooting/errors#nosuchelementexception\nStacktrace:\n#0 0x55805ffc001a <unknown>\n#1 0x55805fa5fa70 <unknown>\n#2 0x55805fab1907 <unknown>\n#3 0x55805fab1b01 <unknown>\n#4 0x55805faffd54 <unknown>\n#5 0x55805fad740d <unknown>\n#6 0x55805fafd14f <unknown>\n#7 0x55805fad71b3 <unknown>\n#8 0x55805faa359b <unknown>\n#9 0x55805faa4971 <unknown>\n#10 0x55805ff851eb <unknown>\n#11 0x55805ff88f39 <unknown>\n#12 0x55805ff6c2c9 <unknown>\n#13 0x55805ff89ae8 <unknown>\n#14 0x55805ff50baf <unknown>\n#15 0x55805ffad0a8 <unknown>\n#16 0x55805ffad286 <unknown>\n#17 0x55805ffbeff6 <unknown>\n#18 0x7f0cda09caa4 <unknown>\n#19 0x7f0cda129c3c <unknown>","time":{"start":1756199305857,"stop":1756199317124,"duration":11267}}]}}