{"5655f94eab575e8bfa6b3699677cfa54":{"statistic":{"failed":1,"broken":0,"skipped":0,"passed":0,"unknown":0,"total":1},"items":[{"uid":"7d1fc5fc0a62ed55","reportUrl":"https://erubazo.github.io/shichor-python/11/#testresult/7d1fc5fc0a62ed55","status":"failed","statusDetails":"AssertionError: assert 'Error' in '3 Passengers'","time":{"start":1755767551708,"stop":1755767563980,"duration":12272}}]},"bae716c86efcbc48f6015ff0968e9fbc":{"statistic":{"failed":0,"broken":1,"skipped":0,"passed":0,"unknown":0,"total":1},"items":[{"uid":"de21a691c81e878","reportUrl":"https://erubazo.github.io/shichor-python/11/#testresult/de21a691c81e878","status":"broken","statusDetails":"selenium.common.exceptions.NoSuchElementException: Message: no such element: Unable to locate element: {\"method\":\"css selector\",\"selector\":\"[data-test=\"PlacePickerInputPlace-close\"]\"}\n  (Session info: chrome=139.0.7258.127); For documentation on this error, please visit: https://www.selenium.dev/documentation/webdriver/troubleshooting/errors#nosuchelementexception\nStacktrace:\n#0 0x555f79c0701a <unknown>\n#1 0x555f796a6a70 <unknown>\n#2 0x555f796f8907 <unknown>\n#3 0x555f796f8b01 <unknown>\n#4 0x555f79746d54 <unknown>\n#5 0x555f7971e40d <unknown>\n#6 0x555f7974414f <unknown>\n#7 0x555f7971e1b3 <unknown>\n#8 0x555f796ea59b <unknown>\n#9 0x555f796eb971 <unknown>\n#10 0x555f79bcc1eb <unknown>\n#11 0x555f79bcff39 <unknown>\n#12 0x555f79bb32c9 <unknown>\n#13 0x555f79bd0ae8 <unknown>\n#14 0x555f79b97baf <unknown>\n#15 0x555f79bf40a8 <unknown>\n#16 0x555f79bf4286 <unknown>\n#17 0x555f79c05ff6 <unknown>\n#18 0x7f616769caa4 <unknown>\n#19 0x7f6167729c3c <unknown>","time":{"start":1755767680820,"stop":1755767692081,"duration":11261}}]},"4569b31842a85143286424547beab159":{"statistic":{"failed":0,"broken":1,"skipped":0,"passed":0,"unknown":0,"total":1},"items":[{"uid":"3349ad2a2211ba84","reportUrl":"https://erubazo.github.io/shichor-python/11/#testresult/3349ad2a2211ba84","status":"broken","statusDetails":"selenium.common.exceptions.NoSuchElementException: Message: no such element: Unable to locate element: {\"method\":\"css selector\",\"selector\":\"#outboundDate\"}\n  (Session info: chrome=139.0.7258.127); For documentation on this error, please visit: https://www.selenium.dev/documentation/webdriver/troubleshooting/errors#nosuchelementexception\nStacktrace:\n#0 0x555f79c0701a <unknown>\n#1 0x555f796a6a70 <unknown>\n#2 0x555f796f8907 <unknown>\n#3 0x555f796f8b01 <unknown>\n#4 0x555f79746d54 <unknown>\n#5 0x555f7971e40d <unknown>\n#6 0x555f7974414f <unknown>\n#7 0x555f7971e1b3 <unknown>\n#8 0x555f796ea59b <unknown>\n#9 0x555f796eb971 <unknown>\n#10 0x555f79bcc1eb <unknown>\n#11 0x555f79bcff39 <unknown>\n#12 0x555f79bb32c9 <unknown>\n#13 0x555f79bd0ae8 <unknown>\n#14 0x555f79b97baf <unknown>\n#15 0x555f79bf40a8 <unknown>\n#16 0x555f79bf4286 <unknown>\n#17 0x555f79c05ff6 <unknown>\n#18 0x7f616769caa4 <unknown>\n#19 0x7f6167729c3c <unknown>","time":{"start":1755767586820,"stop":1755767598083,"duration":11263}}]},"8be373d5a4ac4c1c74d32cff12e3b610":{"statistic":{"failed":0,"broken":1,"skipped":0,"passed":0,"unknown":0,"total":1},"items":[{"uid":"77ee908d324b4162","reportUrl":"https://erubazo.github.io/shichor-python/11/#testresult/77ee908d324b4162","status":"broken","statusDetails":"selenium.common.exceptions.NoSuchElementException: Message: no such element: Unable to locate element: {\"method\":\"css selector\",\"selector\":\"#outboundDate\"}\n  (Session info: chrome=139.0.7258.127); For documentation on this error, please visit: https://www.selenium.dev/documentation/webdriver/troubleshooting/errors#nosuchelementexception\nStacktrace:\n#0 0x555f79c0701a <unknown>\n#1 0x555f796a6a70 <unknown>\n#2 0x555f796f8907 <unknown>\n#3 0x555f796f8b01 <unknown>\n#4 0x555f79746d54 <unknown>\n#5 0x555f7971e40d <unknown>\n#6 0x555f7974414f <unknown>\n#7 0x555f7971e1b3 <unknown>\n#8 0x555f796ea59b <unknown>\n#9 0x555f796eb971 <unknown>\n#10 0x555f79bcc1eb <unknown>\n#11 0x555f79bcff39 <unknown>\n#12 0x555f79bb32c9 <unknown>\n#13 0x555f79bd0ae8 <unknown>\n#14 0x555f79b97baf <unknown>\n#15 0x555f79bf40a8 <unknown>\n#16 0x555f79bf4286 <unknown>\n#17 0x555f79c05ff6 <unknown>\n#18 0x7f616769caa4 <unknown>\n#19 0x7f6167729c3c <unknown>","time":{"start":1755767609586,"stop":1755767620842,"duration":11256}}]},"48e59fe38e8a2c4fcc8c282d00587fe6":{"statistic":{"failed":0,"broken":1,"skipped":0,"passed":0,"unknown":0,"total":1},"items":[{"uid":"953bb8baf79d20bc","reportUrl":"https://erubazo.github.io/shichor-python/11/#testresult/953bb8baf79d20bc","status":"broken","statusDetails":"selenium.common.exceptions.TimeoutException: Message: \nStacktrace:\n#0 0x55fbc789a01a <unknown>\n#1 0x55fbc7339a70 <unknown>\n#2 0x55fbc738b907 <unknown>\n#3 0x55fbc738bb01 <unknown>\n#4 0x55fbc73d9d54 <unknown>\n#5 0x55fbc73b140d <unknown>\n#6 0x55fbc73d714f <unknown>\n#7 0x55fbc73b11b3 <unknown>\n#8 0x55fbc737d59b <unknown>\n#9 0x55fbc737e971 <unknown>\n#10 0x55fbc785f1eb <unknown>\n#11 0x55fbc7862f39 <unknown>\n#12 0x55fbc78462c9 <unknown>\n#13 0x55fbc7863ae8 <unknown>\n#14 0x55fbc782abaf <unknown>\n#15 0x55fbc78870a8 <unknown>\n#16 0x55fbc7887286 <unknown>\n#17 0x55fbc7898ff6 <unknown>\n#18 0x7f2d08c9caa4 <unknown>\n#19 0x7f2d08d29c3c <unknown>","time":{"start":1755767723581,"stop":1755767744030,"duration":20449}}]},"ee4bf144a8a3dfacd6d15767dd6eb1ca":{"statistic":{"failed":0,"broken":1,"skipped":0,"passed":0,"unknown":0,"total":1},"items":[{"uid":"36620af9db83ba4a","reportUrl":"https://erubazo.github.io/shichor-python/11/#testresult/36620af9db83ba4a","status":"broken","statusDetails":"selenium.common.exceptions.TimeoutException: Message: \nStacktrace:\n#0 0x55fbc789a01a <unknown>\n#1 0x55fbc7339a70 <unknown>\n#2 0x55fbc738b907 <unknown>\n#3 0x55fbc738bb01 <unknown>\n#4 0x55fbc73d9d54 <unknown>\n#5 0x55fbc73b140d <unknown>\n#6 0x55fbc73d714f <unknown>\n#7 0x55fbc73b11b3 <unknown>\n#8 0x55fbc737d59b <unknown>\n#9 0x55fbc737e971 <unknown>\n#10 0x55fbc785f1eb <unknown>\n#11 0x55fbc7862f39 <unknown>\n#12 0x55fbc78462c9 <unknown>\n#13 0x55fbc7863ae8 <unknown>\n#14 0x55fbc782abaf <unknown>\n#15 0x55fbc78870a8 <unknown>\n#16 0x55fbc7887286 <unknown>\n#17 0x55fbc7898ff6 <unknown>\n#18 0x7f2d08c9caa4 <unknown>\n#19 0x7f2d08d29c3c <unknown>","time":{"start":1755767744114,"stop":1755767764561,"duration":20447}}]},"40da3125772fab665425c8e1a3c35e15":{"statistic":{"failed":0,"broken":1,"skipped":0,"passed":0,"unknown":0,"total":1},"items":[{"uid":"f67c3fc61023586","reportUrl":"https://erubazo.github.io/shichor-python/11/#testresult/f67c3fc61023586","status":"broken","statusDetails":"selenium.common.exceptions.NoSuchElementException: Message: no such element: Unable to locate element: {\"method\":\"css selector\",\"selector\":\"#destination\"}\n  (Session info: chrome=139.0.7258.127); For documentation on this error, please visit: https://www.selenium.dev/documentation/webdriver/troubleshooting/errors#nosuchelementexception\nStacktrace:\n#0 0x555f79c0701a <unknown>\n#1 0x555f796a6a70 <unknown>\n#2 0x555f796f8907 <unknown>\n#3 0x555f796f8b01 <unknown>\n#4 0x555f79746d54 <unknown>\n#5 0x555f7971e40d <unknown>\n#6 0x555f7974414f <unknown>\n#7 0x555f7971e1b3 <unknown>\n#8 0x555f796ea59b <unknown>\n#9 0x555f796eb971 <unknown>\n#10 0x555f79bcc1eb <unknown>\n#11 0x555f79bcff39 <unknown>\n#12 0x555f79bb32c9 <unknown>\n#13 0x555f79bd0ae8 <unknown>\n#14 0x555f79b97baf <unknown>\n#15 0x555f79bf40a8 <unknown>\n#16 0x555f79bf4286 <unknown>\n#17 0x555f79c05ff6 <unknown>\n#18 0x7f616769caa4 <unknown>\n#19 0x7f6167729c3c <unknown>","time":{"start":1755767575438,"stop":1755767586702,"duration":11264}}]},"44027ee0c9148d3bfa2f0ec00ebcbd38":{"statistic":{"failed":0,"broken":1,"skipped":0,"passed":0,"unknown":0,"total":1},"items":[{"uid":"e27ed3d685bbd69e","reportUrl":"https://erubazo.github.io/shichor-python/11/#testresult/e27ed3d685bbd69e","status":"broken","statusDetails":"selenium.common.exceptions.NoSuchElementException: Message: no such element: Unable to locate element: {\"method\":\"css selector\",\"selector\":\"div.lm\\:mb-100.mb-300.flex.items-center.tb\\:justify-start.justify-between > div:nth-child(2) > div:nth-child(1) > div\"}\n  (Session info: chrome=139.0.7258.127); For documentation on this error, please visit: https://www.selenium.dev/documentation/webdriver/troubleshooting/errors#nosuchelementexception\nStacktrace:\n#0 0x555f79c0701a <unknown>\n#1 0x555f796a6a70 <unknown>\n#2 0x555f796f8907 <unknown>\n#3 0x555f796f8b01 <unknown>\n#4 0x555f79746d54 <unknown>\n#5 0x555f7971e40d <unknown>\n#6 0x555f7974414f <unknown>\n#7 0x555f7971e1b3 <unknown>\n#8 0x555f796ea59b <unknown>\n#9 0x555f796eb971 <unknown>\n#10 0x555f79bcc1eb <unknown>\n#11 0x555f79bcff39 <unknown>\n#12 0x555f79bb32c9 <unknown>\n#13 0x555f79bd0ae8 <unknown>\n#14 0x555f79b97baf <unknown>\n#15 0x555f79bf40a8 <unknown>\n#16 0x555f79bf4286 <unknown>\n#17 0x555f79c05ff6 <unknown>\n#18 0x7f616769caa4 <unknown>\n#19 0x7f6167729c3c <unknown>","time":{"start":1755767540340,"stop":1755767551600,"duration":11260}}]},"b1556b91cae91277d2f000731ed6cf05":{"statistic":{"failed":0,"broken":1,"skipped":0,"passed":0,"unknown":0,"total":1},"items":[{"uid":"74cb8bb02d18ea48","reportUrl":"https://erubazo.github.io/shichor-python/11/#testresult/74cb8bb02d18ea48","status":"broken","statusDetails":"selenium.common.exceptions.NoSuchElementException: Message: no such element: Unable to locate element: {\"method\":\"css selector\",\"selector\":\"#outboundDate\"}\n  (Session info: chrome=139.0.7258.127); For documentation on this error, please visit: https://www.selenium.dev/documentation/webdriver/troubleshooting/errors#nosuchelementexception\nStacktrace:\n#0 0x555f79c0701a <unknown>\n#1 0x555f796a6a70 <unknown>\n#2 0x555f796f8907 <unknown>\n#3 0x555f796f8b01 <unknown>\n#4 0x555f79746d54 <unknown>\n#5 0x555f7971e40d <unknown>\n#6 0x555f7974414f <unknown>\n#7 0x555f7971e1b3 <unknown>\n#8 0x555f796ea59b <unknown>\n#9 0x555f796eb971 <unknown>\n#10 0x555f79bcc1eb <unknown>\n#11 0x555f79bcff39 <unknown>\n#12 0x555f79bb32c9 <unknown>\n#13 0x555f79bd0ae8 <unknown>\n#14 0x555f79b97baf <unknown>\n#15 0x555f79bf40a8 <unknown>\n#16 0x555f79bf4286 <unknown>\n#17 0x555f79c05ff6 <unknown>\n#18 0x7f616769caa4 <unknown>\n#19 0x7f6167729c3c <unknown>","time":{"start":1755767620953,"stop":1755767632213,"duration":11260}}]},"d473bdd714f5dca4321099c6e995022c":{"statistic":{"failed":0,"broken":1,"skipped":0,"passed":0,"unknown":0,"total":1},"items":[{"uid":"1232ac5e02784a31","reportUrl":"https://erubazo.github.io/shichor-python/11/#testresult/1232ac5e02784a31","status":"broken","statusDetails":"selenium.common.exceptions.TimeoutException: Message: \nStacktrace:\n#0 0x55fbc789a01a <unknown>\n#1 0x55fbc7339a70 <unknown>\n#2 0x55fbc738b907 <unknown>\n#3 0x55fbc738bb01 <unknown>\n#4 0x55fbc73d9d54 <unknown>\n#5 0x55fbc73b140d <unknown>\n#6 0x55fbc73d714f <unknown>\n#7 0x55fbc73b11b3 <unknown>\n#8 0x55fbc737d59b <unknown>\n#9 0x55fbc737e971 <unknown>\n#10 0x55fbc785f1eb <unknown>\n#11 0x55fbc7862f39 <unknown>\n#12 0x55fbc78462c9 <unknown>\n#13 0x55fbc7863ae8 <unknown>\n#14 0x55fbc782abaf <unknown>\n#15 0x55fbc78870a8 <unknown>\n#16 0x55fbc7887286 <unknown>\n#17 0x55fbc7898ff6 <unknown>\n#18 0x7f2d08c9caa4 <unknown>\n#19 0x7f2d08d29c3c <unknown>","time":{"start":1755767703027,"stop":1755767723492,"duration":20465}}]},"d9f17111a5011ef00f8836b0e99de21f":{"statistic":{"failed":1,"broken":0,"skipped":0,"passed":0,"unknown":0,"total":1},"items":[{"uid":"c191673ae7786979","reportUrl":"https://erubazo.github.io/shichor-python/11/#testresult/c191673ae7786979","status":"failed","statusDetails":"AssertionError: assert 'No trip selector available' == 'Return'\n  \n  - Return\n  + No trip selector available","time":{"start":1755767523956,"stop":1755767540258,"duration":16302}}]},"75bc17fa304f21c3b1a283a58d952713":{"statistic":{"failed":0,"broken":1,"skipped":0,"passed":0,"unknown":0,"total":1},"items":[{"uid":"5223509e78dbee63","reportUrl":"https://erubazo.github.io/shichor-python/11/#testresult/5223509e78dbee63","status":"broken","statusDetails":"selenium.common.exceptions.NoSuchElementException: Message: no such element: Unable to locate element: {\"method\":\"css selector\",\"selector\":\"[data-test=\"TopNav-RegionalSettingsButton\"]\"}\n  (Session info: chrome=139.0.7258.127); For documentation on this error, please visit: https://www.selenium.dev/documentation/webdriver/troubleshooting/errors#nosuchelementexception\nStacktrace:\n#0 0x5619748f301a <unknown>\n#1 0x561974392a70 <unknown>\n#2 0x5619743e4907 <unknown>\n#3 0x5619743e4b01 <unknown>\n#4 0x561974432d54 <unknown>\n#5 0x56197440a40d <unknown>\n#6 0x56197443014f <unknown>\n#7 0x56197440a1b3 <unknown>\n#8 0x5619743d659b <unknown>\n#9 0x5619743d7971 <unknown>\n#10 0x5619748b81eb <unknown>\n#11 0x5619748bbf39 <unknown>\n#12 0x56197489f2c9 <unknown>\n#13 0x5619748bcae8 <unknown>\n#14 0x561974883baf <unknown>\n#15 0x5619748e00a8 <unknown>\n#16 0x5619748e0286 <unknown>\n#17 0x5619748f1ff6 <unknown>\n#18 0x7f22ccc9caa4 <unknown>\n#19 0x7f22ccd29c3c <unknown>","time":{"start":1755767441746,"stop":1755767452983,"duration":11237}}]},"fa1e27cf77d811d24c961ca50dfb243b":{"statistic":{"failed":0,"broken":1,"skipped":0,"passed":0,"unknown":0,"total":1},"items":[{"uid":"55ef1341a04ddf98","reportUrl":"https://erubazo.github.io/shichor-python/11/#testresult/55ef1341a04ddf98","status":"broken","statusDetails":"selenium.common.exceptions.NoSuchElementException: Message: no such element: Unable to locate element: {\"method\":\"css selector\",\"selector\":\"div.lm\\:mb-100.mb-300.flex.items-center.tb\\:justify-start.justify-between > div:nth-child(2) > div:nth-child(1) > div\"}\n  (Session info: chrome=139.0.7258.127); For documentation on this error, please visit: https://www.selenium.dev/documentation/webdriver/troubleshooting/errors#nosuchelementexception\nStacktrace:\n#0 0x555f79c0701a <unknown>\n#1 0x555f796a6a70 <unknown>\n#2 0x555f796f8907 <unknown>\n#3 0x555f796f8b01 <unknown>\n#4 0x555f79746d54 <unknown>\n#5 0x555f7971e40d <unknown>\n#6 0x555f7974414f <unknown>\n#7 0x555f7971e1b3 <unknown>\n#8 0x555f796ea59b <unknown>\n#9 0x555f796eb971 <unknown>\n#10 0x555f79bcc1eb <unknown>\n#11 0x555f79bcff39 <unknown>\n#12 0x555f79bb32c9 <unknown>\n#13 0x555f79bd0ae8 <unknown>\n#14 0x555f79b97baf <unknown>\n#15 0x555f79bf40a8 <unknown>\n#16 0x555f79bf4286 <unknown>\n#17 0x555f79c05ff6 <unknown>\n#18 0x7f616769caa4 <unknown>\n#19 0x7f6167729c3c <unknown>","time":{"start":1755767669454,"stop":1755767680712,"duration":11258}}]},"a29fb78cd39a3af9addaa2a7113ebbb5":{"statistic":{"failed":0,"broken":1,"skipped":0,"passed":0,"unknown":0,"total":1},"items":[{"uid":"f45de178e861ee54","reportUrl":"https://erubazo.github.io/shichor-python/11/#testresult/f45de178e861ee54","status":"broken","statusDetails":"selenium.common.exceptions.NoSuchElementException: Message: no such element: Unable to locate element: {\"method\":\"css selector\",\"selector\":\"div.lm\\:mb-100.mb-300.flex.items-center.tb\\:justify-start.justify-between > div:nth-child(2) > div:nth-child(1) > div\"}\n  (Session info: chrome=139.0.7258.127); For documentation on this error, please visit: https://www.selenium.dev/documentation/webdriver/troubleshooting/errors#nosuchelementexception\nStacktrace:\n#0 0x555f79c0701a <unknown>\n#1 0x555f796a6a70 <unknown>\n#2 0x555f796f8907 <unknown>\n#3 0x555f796f8b01 <unknown>\n#4 0x555f79746d54 <unknown>\n#5 0x555f7971e40d <unknown>\n#6 0x555f7974414f <unknown>\n#7 0x555f7971e1b3 <unknown>\n#8 0x555f796ea59b <unknown>\n#9 0x555f796eb971 <unknown>\n#10 0x555f79bcc1eb <unknown>\n#11 0x555f79bcff39 <unknown>\n#12 0x555f79bb32c9 <unknown>\n#13 0x555f79bd0ae8 <unknown>\n#14 0x555f79b97baf <unknown>\n#15 0x555f79bf40a8 <unknown>\n#16 0x555f79bf4286 <unknown>\n#17 0x555f79c05ff6 <unknown>\n#18 0x7f616769caa4 <unknown>\n#19 0x7f6167729c3c <unknown>","time":{"start":1755767658085,"stop":1755767669344,"duration":11259}}]},"415becb7b266146eb28887bbf757f5e7":{"statistic":{"failed":0,"broken":1,"skipped":0,"passed":0,"unknown":0,"total":1},"items":[{"uid":"293ffdf8632caba","reportUrl":"https://erubazo.github.io/shichor-python/11/#testresult/293ffdf8632caba","status":"broken","statusDetails":"selenium.common.exceptions.NoSuchElementException: Message: no such element: Unable to locate element: {\"method\":\"css selector\",\"selector\":\"[data-test=\"PlacePickerInputPlace-close\"]\"}\n  (Session info: chrome=139.0.7258.127); For documentation on this error, please visit: https://www.selenium.dev/documentation/webdriver/troubleshooting/errors#nosuchelementexception\nStacktrace:\n#0 0x555f79c0701a <unknown>\n#1 0x555f796a6a70 <unknown>\n#2 0x555f796f8907 <unknown>\n#3 0x555f796f8b01 <unknown>\n#4 0x555f79746d54 <unknown>\n#5 0x555f7971e40d <unknown>\n#6 0x555f7974414f <unknown>\n#7 0x555f7971e1b3 <unknown>\n#8 0x555f796ea59b <unknown>\n#9 0x555f796eb971 <unknown>\n#10 0x555f79bcc1eb <unknown>\n#11 0x555f79bcff39 <unknown>\n#12 0x555f79bb32c9 <unknown>\n#13 0x555f79bd0ae8 <unknown>\n#14 0x555f79b97baf <unknown>\n#15 0x555f79bf40a8 <unknown>\n#16 0x555f79bf4286 <unknown>\n#17 0x555f79c05ff6 <unknown>\n#18 0x7f616769caa4 <unknown>\n#19 0x7f6167729c3c <unknown>","time":{"start":1755767564055,"stop":1755767575321,"duration":11266}}]},"da11a82170d1bdc46b9f8bad34ad8f0c":{"statistic":{"failed":0,"broken":1,"skipped":0,"passed":0,"unknown":0,"total":1},"items":[{"uid":"5c9180d4d6a8259f","reportUrl":"https://erubazo.github.io/shichor-python/11/#testresult/5c9180d4d6a8259f","status":"broken","statusDetails":"selenium.common.exceptions.NoSuchElementException: Message: no such element: Unable to locate element: {\"method\":\"css selector\",\"selector\":\"[data-test=\"TopNav-RegionalSettingsButton\"]\"}\n  (Session info: chrome=139.0.7258.127); For documentation on this error, please visit: https://www.selenium.dev/documentation/webdriver/troubleshooting/errors#nosuchelementexception\nStacktrace:\n#0 0x5619748f301a <unknown>\n#1 0x561974392a70 <unknown>\n#2 0x5619743e4907 <unknown>\n#3 0x5619743e4b01 <unknown>\n#4 0x561974432d54 <unknown>\n#5 0x56197440a40d <unknown>\n#6 0x56197443014f <unknown>\n#7 0x56197440a1b3 <unknown>\n#8 0x5619743d659b <unknown>\n#9 0x5619743d7971 <unknown>\n#10 0x5619748b81eb <unknown>\n#11 0x5619748bbf39 <unknown>\n#12 0x56197489f2c9 <unknown>\n#13 0x5619748bcae8 <unknown>\n#14 0x561974883baf <unknown>\n#15 0x5619748e00a8 <unknown>\n#16 0x5619748e0286 <unknown>\n#17 0x5619748f1ff6 <unknown>\n#18 0x7f22ccc9caa4 <unknown>\n#19 0x7f22ccd29c3c <unknown>","time":{"start":1755767430466,"stop":1755767441520,"duration":11054}}]},"7c34fa7b644706ed5715bf9d024168df":{"statistic":{"failed":0,"broken":1,"skipped":0,"passed":0,"unknown":0,"total":1},"items":[{"uid":"62f1bdf681b854cf","reportUrl":"https://erubazo.github.io/shichor-python/11/#testresult/62f1bdf681b854cf","status":"broken","statusDetails":"selenium.common.exceptions.NoSuchElementException: Message: no such element: Unable to locate element: {\"method\":\"css selector\",\"selector\":\"[data-test=\"PlacePickerInputPlace-close\"]\"}\n  (Session info: chrome=139.0.7258.127); For documentation on this error, please visit: https://www.selenium.dev/documentation/webdriver/troubleshooting/errors#nosuchelementexception\nStacktrace:\n#0 0x555f79c0701a <unknown>\n#1 0x555f796a6a70 <unknown>\n#2 0x555f796f8907 <unknown>\n#3 0x555f796f8b01 <unknown>\n#4 0x555f79746d54 <unknown>\n#5 0x555f7971e40d <unknown>\n#6 0x555f7974414f <unknown>\n#7 0x555f7971e1b3 <unknown>\n#8 0x555f796ea59b <unknown>\n#9 0x555f796eb971 <unknown>\n#10 0x555f79bcc1eb <unknown>\n#11 0x555f79bcff39 <unknown>\n#12 0x555f79bb32c9 <unknown>\n#13 0x555f79bd0ae8 <unknown>\n#14 0x555f79b97baf <unknown>\n#15 0x555f79bf40a8 <unknown>\n#16 0x555f79bf4286 <unknown>\n#17 0x555f79c05ff6 <unknown>\n#18 0x7f616769caa4 <unknown>\n#19 0x7f6167729c3c <unknown>","time":{"start":1755767643702,"stop":1755767657977,"duration":14275}}]},"973be1434a2f3eb31e8b91f0dd6a0341":{"statistic":{"failed":0,"broken":1,"skipped":0,"passed":0,"unknown":0,"total":1},"items":[{"uid":"c287c60c0e5bf60c","reportUrl":"https://erubazo.github.io/shichor-python/11/#testresult/c287c60c0e5bf60c","status":"broken","statusDetails":"selenium.common.exceptions.NoSuchElementException: Message: no such element: Unable to locate element: {\"method\":\"css selector\",\"selector\":\"#origin\"}\n  (Session info: chrome=139.0.7258.127); For documentation on this error, please visit: https://www.selenium.dev/documentation/webdriver/troubleshooting/errors#nosuchelementexception\nStacktrace:\n#0 0x555f79c0701a <unknown>\n#1 0x555f796a6a70 <unknown>\n#2 0x555f796f8907 <unknown>\n#3 0x555f796f8b01 <unknown>\n#4 0x555f79746d54 <unknown>\n#5 0x555f7971e40d <unknown>\n#6 0x555f7974414f <unknown>\n#7 0x555f7971e1b3 <unknown>\n#8 0x555f796ea59b <unknown>\n#9 0x555f796eb971 <unknown>\n#10 0x555f79bcc1eb <unknown>\n#11 0x555f79bcff39 <unknown>\n#12 0x555f79bb32c9 <unknown>\n#13 0x555f79bd0ae8 <unknown>\n#14 0x555f79b97baf <unknown>\n#15 0x555f79bf40a8 <unknown>\n#16 0x555f79bf4286 <unknown>\n#17 0x555f79c05ff6 <unknown>\n#18 0x7f616769caa4 <unknown>\n#19 0x7f6167729c3c <unknown>","time":{"start":1755767692200,"stop":1755767702460,"duration":10260}}]},"b97b0400e77310f81030c96b417d5c96":{"statistic":{"failed":0,"broken":1,"skipped":0,"passed":0,"unknown":0,"total":1},"items":[{"uid":"30b7ffd498d02ee3","reportUrl":"https://erubazo.github.io/shichor-python/11/#testresult/30b7ffd498d02ee3","status":"broken","statusDetails":"selenium.common.exceptions.NoSuchElementException: Message: no such element: Unable to locate element: {\"method\":\"css selector\",\"selector\":\"span:nth-child(6) > a\"}\n  (Session info: chrome=139.0.7258.127); For documentation on this error, please visit: https://www.selenium.dev/documentation/webdriver/troubleshooting/errors#nosuchelementexception\nStacktrace:\n#0 0x555f79c0701a <unknown>\n#1 0x555f796a6a70 <unknown>\n#2 0x555f796f8907 <unknown>\n#3 0x555f796f8b01 <unknown>\n#4 0x555f79746d54 <unknown>\n#5 0x555f7971e40d <unknown>\n#6 0x555f7974414f <unknown>\n#7 0x555f7971e1b3 <unknown>\n#8 0x555f796ea59b <unknown>\n#9 0x555f796eb971 <unknown>\n#10 0x555f79bcc1eb <unknown>\n#11 0x555f79bcff39 <unknown>\n#12 0x555f79bb32c9 <unknown>\n#13 0x555f79bd0ae8 <unknown>\n#14 0x555f79b97baf <unknown>\n#15 0x555f79bf40a8 <unknown>\n#16 0x555f79bf4286 <unknown>\n#17 0x555f79c05ff6 <unknown>\n#18 0x7f616769caa4 <unknown>\n#19 0x7f6167729c3c <unknown>","time":{"start":1755767502907,"stop":1755767523843,"duration":20936}}]},"4838f945bcaf4f707f75cf5665acf10e":{"statistic":{"failed":1,"broken":0,"skipped":0,"passed":0,"unknown":0,"total":1},"items":[{"uid":"c886577bdc323887","reportUrl":"https://erubazo.github.io/shichor-python/11/#testresult/c886577bdc323887","status":"failed","statusDetails":"AssertionError: assert '' == 'true'\n  \n  - true","time":{"start":1755767453496,"stop":1755767502833,"duration":49337}}]},"2ecc6e22acc0566a6d050e8cbf68f465":{"statistic":{"failed":0,"broken":1,"skipped":0,"passed":0,"unknown":0,"total":1},"items":[{"uid":"1b2bce66dd6b5d80","reportUrl":"https://erubazo.github.io/shichor-python/11/#testresult/1b2bce66dd6b5d80","status":"broken","statusDetails":"selenium.common.exceptions.NoSuchElementException: Message: no such element: Unable to locate element: {\"method\":\"css selector\",\"selector\":\"div.lm\\:mb-100.mb-300.flex.items-center.tb\\:justify-start.justify-between > div:nth-child(2) > div:nth-child(1) > div\"}\n  (Session info: chrome=139.0.7258.127); For documentation on this error, please visit: https://www.selenium.dev/documentation/webdriver/troubleshooting/errors#nosuchelementexception\nStacktrace:\n#0 0x555f79c0701a <unknown>\n#1 0x555f796a6a70 <unknown>\n#2 0x555f796f8907 <unknown>\n#3 0x555f796f8b01 <unknown>\n#4 0x555f79746d54 <unknown>\n#5 0x555f7971e40d <unknown>\n#6 0x555f7974414f <unknown>\n#7 0x555f7971e1b3 <unknown>\n#8 0x555f796ea59b <unknown>\n#9 0x555f796eb971 <unknown>\n#10 0x555f79bcc1eb <unknown>\n#11 0x555f79bcff39 <unknown>\n#12 0x555f79bb32c9 <unknown>\n#13 0x555f79bd0ae8 <unknown>\n#14 0x555f79b97baf <unknown>\n#15 0x555f79bf40a8 <unknown>\n#16 0x555f79bf4286 <unknown>\n#17 0x555f79c05ff6 <unknown>\n#18 0x7f616769caa4 <unknown>\n#19 0x7f6167729c3c <unknown>","time":{"start":1755767632324,"stop":1755767643583,"duration":11259}}]},"5aa6adc6cd4ef5819814ea721e150c2c":{"statistic":{"failed":0,"broken":1,"skipped":0,"passed":0,"unknown":0,"total":1},"items":[{"uid":"e3762c345af8b1b4","reportUrl":"https://erubazo.github.io/shichor-python/11/#testresult/e3762c345af8b1b4","status":"broken","statusDetails":"selenium.common.exceptions.NoSuchElementException: Message: no such element: Unable to locate element: {\"method\":\"css selector\",\"selector\":\"#inboundDate\"}\n  (Session info: chrome=139.0.7258.127); For documentation on this error, please visit: https://www.selenium.dev/documentation/webdriver/troubleshooting/errors#nosuchelementexception\nStacktrace:\n#0 0x555f79c0701a <unknown>\n#1 0x555f796a6a70 <unknown>\n#2 0x555f796f8907 <unknown>\n#3 0x555f796f8b01 <unknown>\n#4 0x555f79746d54 <unknown>\n#5 0x555f7971e40d <unknown>\n#6 0x555f7974414f <unknown>\n#7 0x555f7971e1b3 <unknown>\n#8 0x555f796ea59b <unknown>\n#9 0x555f796eb971 <unknown>\n#10 0x555f79bcc1eb <unknown>\n#11 0x555f79bcff39 <unknown>\n#12 0x555f79bb32c9 <unknown>\n#13 0x555f79bd0ae8 <unknown>\n#14 0x555f79b97baf <unknown>\n#15 0x555f79bf40a8 <unknown>\n#16 0x555f79bf4286 <unknown>\n#17 0x555f79c05ff6 <unknown>\n#18 0x7f616769caa4 <unknown>\n#19 0x7f6167729c3c <unknown>","time":{"start":1755767598204,"stop":1755767609466,"duration":11262}}]}}