{"uid":"21a40614f073a4ee","name":"Links check Test","fullName":"tests.mainpage_test.TestClass#test_02_links_check","historyId":"b97b0400e77310f81030c96b417d5c96","time":{"start":1755951777637,"stop":1755951798170,"duration":20533},"description":"Test to check links on the main page","descriptionHtml":"<p>Test to check links on the main page</p>\n","status":"broken","statusMessage":"selenium.common.exceptions.NoSuchElementException: Message: no such element: Unable to locate element: {\"method\":\"css selector\",\"selector\":\"span:nth-child(6) > a\"}\n  (Session info: chrome=139.0.7258.127); For documentation on this error, please visit: https://www.selenium.dev/documentation/webdriver/troubleshooting/errors#nosuchelementexception\nStacktrace:\n#0 0x564c1af4401a <unknown>\n#1 0x564c1a9e3a70 <unknown>\n#2 0x564c1aa35907 <unknown>\n#3 0x564c1aa35b01 <unknown>\n#4 0x564c1aa83d54 <unknown>\n#5 0x564c1aa5b40d <unknown>\n#6 0x564c1aa8114f <unknown>\n#7 0x564c1aa5b1b3 <unknown>\n#8 0x564c1aa2759b <unknown>\n#9 0x564c1aa28971 <unknown>\n#10 0x564c1af091eb <unknown>\n#11 0x564c1af0cf39 <unknown>\n#12 0x564c1aef02c9 <unknown>\n#13 0x564c1af0dae8 <unknown>\n#14 0x564c1aed4baf <unknown>\n#15 0x564c1af310a8 <unknown>\n#16 0x564c1af31286 <unknown>\n#17 0x564c1af42ff6 <unknown>\n#18 0x7fe70429caa4 <unknown>\n#19 0x7fe704329c3c <unknown>","statusTrace":"self = <tests.mainpage_test.TestClass object at 0x7f63d524c050>\n\n    @allure.severity(Severity.NORMAL)\n    @allure.story(\"Links Check\")\n    @allure.description(\"Test to check links on the main page\")\n    @allure.title(\"Links check Test\")\n    def test_02_links_check(self):\n        with allure.step(\"Accept cookies if present\"):\n            CookiePage(self.main_page.driver).accept_if_present()\n        with allure.step(\"Check cars link on the main page\"):\n            cars = self.main_page.link_checker_diff(self.main_page.CARS, \"Cars\")\n            print(cars)\n        with allure.step(\"Check stay link on the main page\"):\n>           stay = self.main_page.link_checker_diff(self.main_page.STAYS, \"Stay\")\n                   ^^^^^^^^^^^^^^^^^^^^^^^^^^^^^^^^^^^^^^^^^^^^^^^^^^^^^^^^^^^^^^\n\ntests/mainpage_test.py:37: \n_ _ _ _ _ _ _ _ _ _ _ _ _ _ _ _ _ _ _ _ _ _ _ _ _ _ _ _ _ _ _ _ _ _ _ _ _ _ _ _ \npages/main_page.py:571: in link_checker_diff\n    self.click(locator)\npages/base_page.py:58: in click\n    self.highlight_element(locator, \"Yellow\")\npages/base_page.py:28: in highlight_element\n    element = self.driver.find_element(*locator_or_element)\n              ^^^^^^^^^^^^^^^^^^^^^^^^^^^^^^^^^^^^^^^^^^^^^\n.venv/lib/python3.13/site-packages/selenium/webdriver/remote/webdriver.py:926: in find_element\n    return self.execute(Command.FIND_ELEMENT, {\"using\": by, \"value\": value})[\"value\"]\n           ^^^^^^^^^^^^^^^^^^^^^^^^^^^^^^^^^^^^^^^^^^^^^^^^^^^^^^^^^^^^^^^^^\n.venv/lib/python3.13/site-packages/selenium/webdriver/remote/webdriver.py:458: in execute\n    self.error_handler.check_response(response)\n_ _ _ _ _ _ _ _ _ _ _ _ _ _ _ _ _ _ _ _ _ _ _ _ _ _ _ _ _ _ _ _ _ _ _ _ _ _ _ _ \n\nself = <selenium.webdriver.remote.errorhandler.ErrorHandler object at 0x7f63d524ec10>\nresponse = {'status': 404, 'value': '{\"value\":{\"error\":\"no such element\",\"message\":\"no such element: Unable to locate element: {\\...\\\\n#17 0x564c1af42ff6 \\\\u003Cunknown>\\\\n#18 0x7fe70429caa4 \\\\u003Cunknown>\\\\n#19 0x7fe704329c3c \\\\u003Cunknown>\\\\n\"}}'}\n\n    def check_response(self, response: dict[str, Any]) -> None:\n        \"\"\"Checks that a JSON response from the WebDriver does not have an\n        error.\n    \n        :Args:\n         - response - The JSON response from the WebDriver server as a dictionary\n           object.\n    \n        :Raises: If the response contains an error message.\n        \"\"\"\n        status = response.get(\"status\", None)\n        if not status or status == ErrorCode.SUCCESS:\n            return\n        value = None\n        message = response.get(\"message\", \"\")\n        screen: str = response.get(\"screen\", \"\")\n        stacktrace = None\n        if isinstance(status, int):\n            value_json = response.get(\"value\", None)\n            if value_json and isinstance(value_json, str):\n                try:\n                    value = json.loads(value_json)\n                    if isinstance(value, dict):\n                        if len(value) == 1:\n                            value = value[\"value\"]\n                        status = value.get(\"error\", None)\n                        if not status:\n                            status = value.get(\"status\", ErrorCode.UNKNOWN_ERROR)\n                            message = value.get(\"value\") or value.get(\"message\")\n                            if not isinstance(message, str):\n                                value = message\n                                message = message.get(\"message\")\n                        else:\n                            message = value.get(\"message\", None)\n                except ValueError:\n                    pass\n    \n        exception_class: type[WebDriverException]\n        e = ErrorCode()\n        error_codes = [item for item in dir(e) if not item.startswith(\"__\")]\n        for error_code in error_codes:\n            error_info = getattr(ErrorCode, error_code)\n            if isinstance(error_info, list) and status in error_info:\n                exception_class = getattr(ExceptionMapping, error_code, WebDriverException)\n                break\n        else:\n            exception_class = WebDriverException\n    \n        if not value:\n            value = response[\"value\"]\n        if isinstance(value, str):\n            raise exception_class(value)\n        if message == \"\" and \"message\" in value:\n            message = value[\"message\"]\n    \n        screen = None  # type: ignore[assignment]\n        if \"screen\" in value:\n            screen = value[\"screen\"]\n    \n        stacktrace = None\n        st_value = value.get(\"stackTrace\") or value.get(\"stacktrace\")\n        if st_value:\n            if isinstance(st_value, str):\n                stacktrace = st_value.split(\"\\n\")\n            else:\n                stacktrace = []\n                try:\n                    for frame in st_value:\n                        line = frame.get(\"lineNumber\", \"\")\n                        file = frame.get(\"fileName\", \"<anonymous>\")\n                        if line:\n                            file = f\"{file}:{line}\"\n                        meth = frame.get(\"methodName\", \"<anonymous>\")\n                        if \"className\" in frame:\n                            meth = f\"{frame['className']}.{meth}\"\n                        msg = \"    at %s (%s)\"\n                        msg = msg % (meth, file)\n                        stacktrace.append(msg)\n                except TypeError:\n                    pass\n        if exception_class == UnexpectedAlertPresentException:\n            alert_text = None\n            if \"data\" in value:\n                alert_text = value[\"data\"].get(\"text\")\n            elif \"alert\" in value:\n                alert_text = value[\"alert\"].get(\"text\")\n            raise exception_class(message, screen, stacktrace, alert_text)  # type: ignore[call-arg]  # mypy is not smart enough here\n>       raise exception_class(message, screen, stacktrace)\nE       selenium.common.exceptions.NoSuchElementException: Message: no such element: Unable to locate element: {\"method\":\"css selector\",\"selector\":\"span:nth-child(6) > a\"}\nE         (Session info: chrome=139.0.7258.127); For documentation on this error, please visit: https://www.selenium.dev/documentation/webdriver/troubleshooting/errors#nosuchelementexception\nE       Stacktrace:\nE       #0 0x564c1af4401a <unknown>\nE       #1 0x564c1a9e3a70 <unknown>\nE       #2 0x564c1aa35907 <unknown>\nE       #3 0x564c1aa35b01 <unknown>\nE       #4 0x564c1aa83d54 <unknown>\nE       #5 0x564c1aa5b40d <unknown>\nE       #6 0x564c1aa8114f <unknown>\nE       #7 0x564c1aa5b1b3 <unknown>\nE       #8 0x564c1aa2759b <unknown>\nE       #9 0x564c1aa28971 <unknown>\nE       #10 0x564c1af091eb <unknown>\nE       #11 0x564c1af0cf39 <unknown>\nE       #12 0x564c1aef02c9 <unknown>\nE       #13 0x564c1af0dae8 <unknown>\nE       #14 0x564c1aed4baf <unknown>\nE       #15 0x564c1af310a8 <unknown>\nE       #16 0x564c1af31286 <unknown>\nE       #17 0x564c1af42ff6 <unknown>\nE       #18 0x7fe70429caa4 <unknown>\nE       #19 0x7fe704329c3c <unknown>\n\n.venv/lib/python3.13/site-packages/selenium/webdriver/remote/errorhandler.py:232: NoSuchElementException","flaky":false,"newFailed":false,"newBroken":false,"newPassed":false,"retriesCount":0,"retriesStatusChange":false,"beforeStages":[{"name":"_session_faker","time":{"start":1755951697017,"stop":1755951697075,"duration":58},"status":"passed","steps":[],"attachments":[],"parameters":[],"stepsCount":0,"shouldDisplayMessage":false,"attachmentsCount":0,"hasContent":false,"attachmentStep":false},{"name":"setup_driver_class","time":{"start":1755951728214,"stop":1755951728556,"duration":342},"status":"passed","steps":[],"attachments":[],"parameters":[],"stepsCount":0,"shouldDisplayMessage":false,"attachmentsCount":0,"hasContent":false,"attachmentStep":false},{"name":"attach_driver_to_node","time":{"start":1755951777637,"stop":1755951777637,"duration":0},"status":"passed","steps":[],"attachments":[],"parameters":[],"stepsCount":0,"shouldDisplayMessage":false,"attachmentsCount":0,"hasContent":false,"attachmentStep":false}],"testStage":{"description":"Test to check links on the main page","status":"broken","statusMessage":"selenium.common.exceptions.NoSuchElementException: Message: no such element: Unable to locate element: {\"method\":\"css selector\",\"selector\":\"span:nth-child(6) > a\"}\n  (Session info: chrome=139.0.7258.127); For documentation on this error, please visit: https://www.selenium.dev/documentation/webdriver/troubleshooting/errors#nosuchelementexception\nStacktrace:\n#0 0x564c1af4401a <unknown>\n#1 0x564c1a9e3a70 <unknown>\n#2 0x564c1aa35907 <unknown>\n#3 0x564c1aa35b01 <unknown>\n#4 0x564c1aa83d54 <unknown>\n#5 0x564c1aa5b40d <unknown>\n#6 0x564c1aa8114f <unknown>\n#7 0x564c1aa5b1b3 <unknown>\n#8 0x564c1aa2759b <unknown>\n#9 0x564c1aa28971 <unknown>\n#10 0x564c1af091eb <unknown>\n#11 0x564c1af0cf39 <unknown>\n#12 0x564c1aef02c9 <unknown>\n#13 0x564c1af0dae8 <unknown>\n#14 0x564c1aed4baf <unknown>\n#15 0x564c1af310a8 <unknown>\n#16 0x564c1af31286 <unknown>\n#17 0x564c1af42ff6 <unknown>\n#18 0x7fe70429caa4 <unknown>\n#19 0x7fe704329c3c <unknown>","statusTrace":"self = <tests.mainpage_test.TestClass object at 0x7f63d524c050>\n\n    @allure.severity(Severity.NORMAL)\n    @allure.story(\"Links Check\")\n    @allure.description(\"Test to check links on the main page\")\n    @allure.title(\"Links check Test\")\n    def test_02_links_check(self):\n        with allure.step(\"Accept cookies if present\"):\n            CookiePage(self.main_page.driver).accept_if_present()\n        with allure.step(\"Check cars link on the main page\"):\n            cars = self.main_page.link_checker_diff(self.main_page.CARS, \"Cars\")\n            print(cars)\n        with allure.step(\"Check stay link on the main page\"):\n>           stay = self.main_page.link_checker_diff(self.main_page.STAYS, \"Stay\")\n                   ^^^^^^^^^^^^^^^^^^^^^^^^^^^^^^^^^^^^^^^^^^^^^^^^^^^^^^^^^^^^^^\n\ntests/mainpage_test.py:37: \n_ _ _ _ _ _ _ _ _ _ _ _ _ _ _ _ _ _ _ _ _ _ _ _ _ _ _ _ _ _ _ _ _ _ _ _ _ _ _ _ \npages/main_page.py:571: in link_checker_diff\n    self.click(locator)\npages/base_page.py:58: in click\n    self.highlight_element(locator, \"Yellow\")\npages/base_page.py:28: in highlight_element\n    element = self.driver.find_element(*locator_or_element)\n              ^^^^^^^^^^^^^^^^^^^^^^^^^^^^^^^^^^^^^^^^^^^^^\n.venv/lib/python3.13/site-packages/selenium/webdriver/remote/webdriver.py:926: in find_element\n    return self.execute(Command.FIND_ELEMENT, {\"using\": by, \"value\": value})[\"value\"]\n           ^^^^^^^^^^^^^^^^^^^^^^^^^^^^^^^^^^^^^^^^^^^^^^^^^^^^^^^^^^^^^^^^^\n.venv/lib/python3.13/site-packages/selenium/webdriver/remote/webdriver.py:458: in execute\n    self.error_handler.check_response(response)\n_ _ _ _ _ _ _ _ _ _ _ _ _ _ _ _ _ _ _ _ _ _ _ _ _ _ _ _ _ _ _ _ _ _ _ _ _ _ _ _ \n\nself = <selenium.webdriver.remote.errorhandler.ErrorHandler object at 0x7f63d524ec10>\nresponse = {'status': 404, 'value': '{\"value\":{\"error\":\"no such element\",\"message\":\"no such element: Unable to locate element: {\\...\\\\n#17 0x564c1af42ff6 \\\\u003Cunknown>\\\\n#18 0x7fe70429caa4 \\\\u003Cunknown>\\\\n#19 0x7fe704329c3c \\\\u003Cunknown>\\\\n\"}}'}\n\n    def check_response(self, response: dict[str, Any]) -> None:\n        \"\"\"Checks that a JSON response from the WebDriver does not have an\n        error.\n    \n        :Args:\n         - response - The JSON response from the WebDriver server as a dictionary\n           object.\n    \n        :Raises: If the response contains an error message.\n        \"\"\"\n        status = response.get(\"status\", None)\n        if not status or status == ErrorCode.SUCCESS:\n            return\n        value = None\n        message = response.get(\"message\", \"\")\n        screen: str = response.get(\"screen\", \"\")\n        stacktrace = None\n        if isinstance(status, int):\n            value_json = response.get(\"value\", None)\n            if value_json and isinstance(value_json, str):\n                try:\n                    value = json.loads(value_json)\n                    if isinstance(value, dict):\n                        if len(value) == 1:\n                            value = value[\"value\"]\n                        status = value.get(\"error\", None)\n                        if not status:\n                            status = value.get(\"status\", ErrorCode.UNKNOWN_ERROR)\n                            message = value.get(\"value\") or value.get(\"message\")\n                            if not isinstance(message, str):\n                                value = message\n                                message = message.get(\"message\")\n                        else:\n                            message = value.get(\"message\", None)\n                except ValueError:\n                    pass\n    \n        exception_class: type[WebDriverException]\n        e = ErrorCode()\n        error_codes = [item for item in dir(e) if not item.startswith(\"__\")]\n        for error_code in error_codes:\n            error_info = getattr(ErrorCode, error_code)\n            if isinstance(error_info, list) and status in error_info:\n                exception_class = getattr(ExceptionMapping, error_code, WebDriverException)\n                break\n        else:\n            exception_class = WebDriverException\n    \n        if not value:\n            value = response[\"value\"]\n        if isinstance(value, str):\n            raise exception_class(value)\n        if message == \"\" and \"message\" in value:\n            message = value[\"message\"]\n    \n        screen = None  # type: ignore[assignment]\n        if \"screen\" in value:\n            screen = value[\"screen\"]\n    \n        stacktrace = None\n        st_value = value.get(\"stackTrace\") or value.get(\"stacktrace\")\n        if st_value:\n            if isinstance(st_value, str):\n                stacktrace = st_value.split(\"\\n\")\n            else:\n                stacktrace = []\n                try:\n                    for frame in st_value:\n                        line = frame.get(\"lineNumber\", \"\")\n                        file = frame.get(\"fileName\", \"<anonymous>\")\n                        if line:\n                            file = f\"{file}:{line}\"\n                        meth = frame.get(\"methodName\", \"<anonymous>\")\n                        if \"className\" in frame:\n                            meth = f\"{frame['className']}.{meth}\"\n                        msg = \"    at %s (%s)\"\n                        msg = msg % (meth, file)\n                        stacktrace.append(msg)\n                except TypeError:\n                    pass\n        if exception_class == UnexpectedAlertPresentException:\n            alert_text = None\n            if \"data\" in value:\n                alert_text = value[\"data\"].get(\"text\")\n            elif \"alert\" in value:\n                alert_text = value[\"alert\"].get(\"text\")\n            raise exception_class(message, screen, stacktrace, alert_text)  # type: ignore[call-arg]  # mypy is not smart enough here\n>       raise exception_class(message, screen, stacktrace)\nE       selenium.common.exceptions.NoSuchElementException: Message: no such element: Unable to locate element: {\"method\":\"css selector\",\"selector\":\"span:nth-child(6) > a\"}\nE         (Session info: chrome=139.0.7258.127); For documentation on this error, please visit: https://www.selenium.dev/documentation/webdriver/troubleshooting/errors#nosuchelementexception\nE       Stacktrace:\nE       #0 0x564c1af4401a <unknown>\nE       #1 0x564c1a9e3a70 <unknown>\nE       #2 0x564c1aa35907 <unknown>\nE       #3 0x564c1aa35b01 <unknown>\nE       #4 0x564c1aa83d54 <unknown>\nE       #5 0x564c1aa5b40d <unknown>\nE       #6 0x564c1aa8114f <unknown>\nE       #7 0x564c1aa5b1b3 <unknown>\nE       #8 0x564c1aa2759b <unknown>\nE       #9 0x564c1aa28971 <unknown>\nE       #10 0x564c1af091eb <unknown>\nE       #11 0x564c1af0cf39 <unknown>\nE       #12 0x564c1aef02c9 <unknown>\nE       #13 0x564c1af0dae8 <unknown>\nE       #14 0x564c1aed4baf <unknown>\nE       #15 0x564c1af310a8 <unknown>\nE       #16 0x564c1af31286 <unknown>\nE       #17 0x564c1af42ff6 <unknown>\nE       #18 0x7fe70429caa4 <unknown>\nE       #19 0x7fe704329c3c <unknown>\n\n.venv/lib/python3.13/site-packages/selenium/webdriver/remote/errorhandler.py:232: NoSuchElementException","steps":[{"name":"Accept cookies if present","time":{"start":1755951777637,"stop":1755951787868,"duration":10231},"status":"passed","steps":[{"name":"Accept cookies if banner is present","time":{"start":1755951777638,"stop":1755951787868,"duration":10230},"status":"passed","steps":[],"attachments":[],"parameters":[],"stepsCount":0,"shouldDisplayMessage":false,"attachmentsCount":0,"hasContent":false,"attachmentStep":false}],"attachments":[],"parameters":[],"stepsCount":1,"shouldDisplayMessage":false,"attachmentsCount":0,"hasContent":true,"attachmentStep":false},{"name":"Check cars link on the main page","time":{"start":1755951787868,"stop":1755951797153,"duration":9285},"status":"passed","steps":[],"attachments":[],"parameters":[],"stepsCount":0,"shouldDisplayMessage":false,"attachmentsCount":0,"hasContent":false,"attachmentStep":false},{"name":"Check stay link on the main page","time":{"start":1755951797153,"stop":1755951798169,"duration":1016},"status":"broken","statusMessage":"selenium.common.exceptions.NoSuchElementException: Message: no such element: Unable to locate element: {\"method\":\"css selector\",\"selector\":\"span:nth-child(6) > a\"}\n  (Session info: chrome=139.0.7258.127); For documentation on this error, please visit: https://www.selenium.dev/documentation/webdriver/troubleshooting/errors#nosuchelementexception\nStacktrace:\n#0 0x564c1af4401a <unknown>\n#1 0x564c1a9e3a70 <unknown>\n#2 0x564c1aa35907 <unknown>\n#3 0x564c1aa35b01 <unknown>\n#4 0x564c1aa83d54 <unknown>\n#5 0x564c1aa5b40d <unknown>\n#6 0x564c1aa8114f <unknown>\n#7 0x564c1aa5b1b3 <unknown>\n#8 0x564c1aa2759b <unknown>\n#9 0x564c1aa28971 <unknown>\n#10 0x564c1af091eb <unknown>\n#11 0x564c1af0cf39 <unknown>\n#12 0x564c1aef02c9 <unknown>\n#13 0x564c1af0dae8 <unknown>\n#14 0x564c1aed4baf <unknown>\n#15 0x564c1af310a8 <unknown>\n#16 0x564c1af31286 <unknown>\n#17 0x564c1af42ff6 <unknown>\n#18 0x7fe70429caa4 <unknown>\n#19 0x7fe704329c3c <unknown>\n\n","statusTrace":"  File \"/home/runner/work/shichor-python/shichor-python/tests/mainpage_test.py\", line 37, in test_02_links_check\n    stay = self.main_page.link_checker_diff(self.main_page.STAYS, \"Stay\")\n  File \"/home/runner/work/shichor-python/shichor-python/pages/main_page.py\", line 571, in link_checker_diff\n    self.click(locator)\n    ~~~~~~~~~~^^^^^^^^^\n  File \"/home/runner/work/shichor-python/shichor-python/pages/base_page.py\", line 58, in click\n    self.highlight_element(locator, \"Yellow\")\n    ~~~~~~~~~~~~~~~~~~~~~~^^^^^^^^^^^^^^^^^^^\n  File \"/home/runner/work/shichor-python/shichor-python/pages/base_page.py\", line 28, in highlight_element\n    element = self.driver.find_element(*locator_or_element)\n  File \"/home/runner/work/shichor-python/shichor-python/.venv/lib/python3.13/site-packages/selenium/webdriver/remote/webdriver.py\", line 926, in find_element\n    return self.execute(Command.FIND_ELEMENT, {\"using\": by, \"value\": value})[\"value\"]\n           ~~~~~~~~~~~~^^^^^^^^^^^^^^^^^^^^^^^^^^^^^^^^^^^^^^^^^^^^^^^^^^^^^\n  File \"/home/runner/work/shichor-python/shichor-python/.venv/lib/python3.13/site-packages/selenium/webdriver/remote/webdriver.py\", line 458, in execute\n    self.error_handler.check_response(response)\n    ~~~~~~~~~~~~~~~~~~~~~~~~~~~~~~~~~^^^^^^^^^^\n  File \"/home/runner/work/shichor-python/shichor-python/.venv/lib/python3.13/site-packages/selenium/webdriver/remote/errorhandler.py\", line 232, in check_response\n    raise exception_class(message, screen, stacktrace)\n","steps":[],"attachments":[],"parameters":[],"stepsCount":0,"shouldDisplayMessage":true,"attachmentsCount":0,"hasContent":true,"attachmentStep":false}],"attachments":[{"uid":"9feafc7d34f68aa1","name":"screenshot","source":"9feafc7d34f68aa1.png","type":"image/png","size":75677},{"uid":"74d530d1b3e94fc7","name":"stdout","source":"74d530d1b3e94fc7.txt","type":"text/plain","size":69}],"parameters":[],"stepsCount":4,"shouldDisplayMessage":true,"attachmentsCount":2,"hasContent":true,"attachmentStep":false},"afterStages":[{"name":"setup_driver_class::0","time":{"start":1755951976977,"stop":1755951977065,"duration":88},"status":"passed","steps":[],"attachments":[],"parameters":[],"stepsCount":0,"shouldDisplayMessage":false,"attachmentsCount":0,"hasContent":false,"attachmentStep":false}],"labels":[{"name":"epic","value":"Main Page Tests"},{"name":"story","value":"Links Check"},{"name":"severity","value":"normal"},{"name":"feature","value":"Main Page functionality"},{"name":"parentSuite","value":"tests"},{"name":"suite","value":"mainpage_test"},{"name":"subSuite","value":"TestClass"},{"name":"host","value":"pkrvmqc4gcfdwos"},{"name":"thread","value":"2430-MainThread"},{"name":"framework","value":"pytest"},{"name":"language","value":"cpython3"},{"name":"package","value":"tests.mainpage_test"},{"name":"resultFormat","value":"allure2"}],"parameters":[],"links":[],"hidden":false,"retry":false,"extra":{"severity":"normal","retries":[],"categories":[{"name":"Test defects","matchedStatuses":[],"flaky":false}],"tags":[]},"source":"21a40614f073a4ee.json","parameterValues":[]}