{"uid":"e19ed48aa44c9c1a","name":"failed signup Test","fullName":"tests.sign_in_test.TestClass#test_01_failed_signup","historyId":"d473bdd714f5dca4321099c6e995022c","time":{"start":1755951977453,"stop":1755951997918,"duration":20465},"description":"Test to check failed sign up with incorrect email","descriptionHtml":"<p>Test to check failed sign up with incorrect email</p>\n","status":"broken","statusMessage":"selenium.common.exceptions.TimeoutException: Message: \nStacktrace:\n#0 0x558089b3d01a <unknown>\n#1 0x5580895dca70 <unknown>\n#2 0x55808962e907 <unknown>\n#3 0x55808962eb01 <unknown>\n#4 0x55808967cd54 <unknown>\n#5 0x55808965440d <unknown>\n#6 0x55808967a14f <unknown>\n#7 0x5580896541b3 <unknown>\n#8 0x55808962059b <unknown>\n#9 0x558089621971 <unknown>\n#10 0x558089b021eb <unknown>\n#11 0x558089b05f39 <unknown>\n#12 0x558089ae92c9 <unknown>\n#13 0x558089b06ae8 <unknown>\n#14 0x558089acdbaf <unknown>\n#15 0x558089b2a0a8 <unknown>\n#16 0x558089b2a286 <unknown>\n#17 0x558089b3bff6 <unknown>\n#18 0x7f1500a9caa4 <unknown>\n#19 0x7f1500b29c3c <unknown>","statusTrace":"self = <tests.sign_in_test.TestClass object at 0x7f63d524c410>\n\n    @allure.severity(Severity.CRITICAL)\n    @allure.story(\"Sign Up Fail\")\n    @allure.description(\"Test to check failed sign up with incorrect email\")\n    @allure.title(\"failed signup Test\")\n    def test_01_failed_signup(self):\n        with allure.step(\"Accept cookies if present\"):\n            CookiePage(self.main_page.driver).accept_if_present()\n        with allure.step(\"Attempt to sign up with incorrect email\"):\n>           result = self.signin_page.incorrect_email(\"loyekab865@jxbav.com\")\n                     ^^^^^^^^^^^^^^^^^^^^^^^^^^^^^^^^^^^^^^^^^^^^^^^^^^^^^^^^\n\ntests/sign_in_test.py:22: \n_ _ _ _ _ _ _ _ _ _ _ _ _ _ _ _ _ _ _ _ _ _ _ _ _ _ _ _ _ _ _ _ _ _ _ _ _ _ _ _ \npages/signin_page.py:64: in incorrect_email\n    self.wait_for_element(self.main_page.SIGN_IN, condition=\"clickable\")\npages/signin_page.py:51: in wait_for_element\n    return wait.until(EC.element_to_be_clickable(locator))\n           ^^^^^^^^^^^^^^^^^^^^^^^^^^^^^^^^^^^^^^^^^^^^^^^\n_ _ _ _ _ _ _ _ _ _ _ _ _ _ _ _ _ _ _ _ _ _ _ _ _ _ _ _ _ _ _ _ _ _ _ _ _ _ _ _ \n\nself = <selenium.webdriver.support.wait.WebDriverWait (session=\"f9a85a0f8188494e2b18f736de38b32b\")>\nmethod = <function element_to_be_clickable.<locals>._predicate at 0x7f63d6ec5440>\nmessage = ''\n\n    def until(self, method: Callable[[D], Union[Literal[False], T]], message: str = \"\") -> T:\n        \"\"\"Wait until the method returns a value that is not False.\n    \n        Calls the method provided with the driver as an argument until the\n        return value does not evaluate to ``False``.\n    \n        Parameters:\n        -----------\n        method: callable(WebDriver)\n            - A callable object that takes a WebDriver instance as an argument.\n    \n        message: str\n            - Optional message for :exc:`TimeoutException`\n    \n        Return:\n        -------\n        object: T\n            - The result of the last call to `method`\n    \n        Raises:\n        -------\n        TimeoutException\n            - If 'method' does not return a truthy value within the WebDriverWait\n            object's timeout\n    \n        Example:\n        --------\n        >>> from selenium.webdriver.common.by import By\n        >>> from selenium.webdriver.support.ui import WebDriverWait\n        >>> from selenium.webdriver.support import expected_conditions as EC\n    \n        # Wait until an element is visible on the page\n        >>> wait = WebDriverWait(driver, 10)\n        >>> element = wait.until(EC.visibility_of_element_located((By.ID, \"exampleId\")))\n        >>> print(element.text)\n        \"\"\"\n        screen = None\n        stacktrace = None\n    \n        end_time = time.monotonic() + self._timeout\n        while True:\n            try:\n                value = method(self._driver)\n                if value:\n                    return value\n            except self._ignored_exceptions as exc:\n                screen = getattr(exc, \"screen\", None)\n                stacktrace = getattr(exc, \"stacktrace\", None)\n            if time.monotonic() > end_time:\n                break\n            time.sleep(self._poll)\n>       raise TimeoutException(message, screen, stacktrace)\nE       selenium.common.exceptions.TimeoutException: Message: \nE       Stacktrace:\nE       #0 0x558089b3d01a <unknown>\nE       #1 0x5580895dca70 <unknown>\nE       #2 0x55808962e907 <unknown>\nE       #3 0x55808962eb01 <unknown>\nE       #4 0x55808967cd54 <unknown>\nE       #5 0x55808965440d <unknown>\nE       #6 0x55808967a14f <unknown>\nE       #7 0x5580896541b3 <unknown>\nE       #8 0x55808962059b <unknown>\nE       #9 0x558089621971 <unknown>\nE       #10 0x558089b021eb <unknown>\nE       #11 0x558089b05f39 <unknown>\nE       #12 0x558089ae92c9 <unknown>\nE       #13 0x558089b06ae8 <unknown>\nE       #14 0x558089acdbaf <unknown>\nE       #15 0x558089b2a0a8 <unknown>\nE       #16 0x558089b2a286 <unknown>\nE       #17 0x558089b3bff6 <unknown>\nE       #18 0x7f1500a9caa4 <unknown>\nE       #19 0x7f1500b29c3c <unknown>\n\n.venv/lib/python3.13/site-packages/selenium/webdriver/support/wait.py:138: TimeoutException","flaky":false,"newFailed":false,"newBroken":false,"newPassed":false,"retriesCount":0,"retriesStatusChange":false,"beforeStages":[{"name":"_session_faker","time":{"start":1755951697017,"stop":1755951697075,"duration":58},"status":"passed","steps":[],"attachments":[],"parameters":[],"stepsCount":0,"shouldDisplayMessage":false,"attachmentsCount":0,"hasContent":false,"attachmentStep":false},{"name":"setup_driver_class","time":{"start":1755951977067,"stop":1755951977452,"duration":385},"status":"passed","steps":[],"attachments":[],"parameters":[],"stepsCount":0,"shouldDisplayMessage":false,"attachmentsCount":0,"hasContent":false,"attachmentStep":false},{"name":"attach_driver_to_node","time":{"start":1755951977453,"stop":1755951977453,"duration":0},"status":"passed","steps":[],"attachments":[],"parameters":[],"stepsCount":0,"shouldDisplayMessage":false,"attachmentsCount":0,"hasContent":false,"attachmentStep":false}],"testStage":{"description":"Test to check failed sign up with incorrect email","status":"broken","statusMessage":"selenium.common.exceptions.TimeoutException: Message: \nStacktrace:\n#0 0x558089b3d01a <unknown>\n#1 0x5580895dca70 <unknown>\n#2 0x55808962e907 <unknown>\n#3 0x55808962eb01 <unknown>\n#4 0x55808967cd54 <unknown>\n#5 0x55808965440d <unknown>\n#6 0x55808967a14f <unknown>\n#7 0x5580896541b3 <unknown>\n#8 0x55808962059b <unknown>\n#9 0x558089621971 <unknown>\n#10 0x558089b021eb <unknown>\n#11 0x558089b05f39 <unknown>\n#12 0x558089ae92c9 <unknown>\n#13 0x558089b06ae8 <unknown>\n#14 0x558089acdbaf <unknown>\n#15 0x558089b2a0a8 <unknown>\n#16 0x558089b2a286 <unknown>\n#17 0x558089b3bff6 <unknown>\n#18 0x7f1500a9caa4 <unknown>\n#19 0x7f1500b29c3c <unknown>","statusTrace":"self = <tests.sign_in_test.TestClass object at 0x7f63d524c410>\n\n    @allure.severity(Severity.CRITICAL)\n    @allure.story(\"Sign Up Fail\")\n    @allure.description(\"Test to check failed sign up with incorrect email\")\n    @allure.title(\"failed signup Test\")\n    def test_01_failed_signup(self):\n        with allure.step(\"Accept cookies if present\"):\n            CookiePage(self.main_page.driver).accept_if_present()\n        with allure.step(\"Attempt to sign up with incorrect email\"):\n>           result = self.signin_page.incorrect_email(\"loyekab865@jxbav.com\")\n                     ^^^^^^^^^^^^^^^^^^^^^^^^^^^^^^^^^^^^^^^^^^^^^^^^^^^^^^^^\n\ntests/sign_in_test.py:22: \n_ _ _ _ _ _ _ _ _ _ _ _ _ _ _ _ _ _ _ _ _ _ _ _ _ _ _ _ _ _ _ _ _ _ _ _ _ _ _ _ \npages/signin_page.py:64: in incorrect_email\n    self.wait_for_element(self.main_page.SIGN_IN, condition=\"clickable\")\npages/signin_page.py:51: in wait_for_element\n    return wait.until(EC.element_to_be_clickable(locator))\n           ^^^^^^^^^^^^^^^^^^^^^^^^^^^^^^^^^^^^^^^^^^^^^^^\n_ _ _ _ _ _ _ _ _ _ _ _ _ _ _ _ _ _ _ _ _ _ _ _ _ _ _ _ _ _ _ _ _ _ _ _ _ _ _ _ \n\nself = <selenium.webdriver.support.wait.WebDriverWait (session=\"f9a85a0f8188494e2b18f736de38b32b\")>\nmethod = <function element_to_be_clickable.<locals>._predicate at 0x7f63d6ec5440>\nmessage = ''\n\n    def until(self, method: Callable[[D], Union[Literal[False], T]], message: str = \"\") -> T:\n        \"\"\"Wait until the method returns a value that is not False.\n    \n        Calls the method provided with the driver as an argument until the\n        return value does not evaluate to ``False``.\n    \n        Parameters:\n        -----------\n        method: callable(WebDriver)\n            - A callable object that takes a WebDriver instance as an argument.\n    \n        message: str\n            - Optional message for :exc:`TimeoutException`\n    \n        Return:\n        -------\n        object: T\n            - The result of the last call to `method`\n    \n        Raises:\n        -------\n        TimeoutException\n            - If 'method' does not return a truthy value within the WebDriverWait\n            object's timeout\n    \n        Example:\n        --------\n        >>> from selenium.webdriver.common.by import By\n        >>> from selenium.webdriver.support.ui import WebDriverWait\n        >>> from selenium.webdriver.support import expected_conditions as EC\n    \n        # Wait until an element is visible on the page\n        >>> wait = WebDriverWait(driver, 10)\n        >>> element = wait.until(EC.visibility_of_element_located((By.ID, \"exampleId\")))\n        >>> print(element.text)\n        \"\"\"\n        screen = None\n        stacktrace = None\n    \n        end_time = time.monotonic() + self._timeout\n        while True:\n            try:\n                value = method(self._driver)\n                if value:\n                    return value\n            except self._ignored_exceptions as exc:\n                screen = getattr(exc, \"screen\", None)\n                stacktrace = getattr(exc, \"stacktrace\", None)\n            if time.monotonic() > end_time:\n                break\n            time.sleep(self._poll)\n>       raise TimeoutException(message, screen, stacktrace)\nE       selenium.common.exceptions.TimeoutException: Message: \nE       Stacktrace:\nE       #0 0x558089b3d01a <unknown>\nE       #1 0x5580895dca70 <unknown>\nE       #2 0x55808962e907 <unknown>\nE       #3 0x55808962eb01 <unknown>\nE       #4 0x55808967cd54 <unknown>\nE       #5 0x55808965440d <unknown>\nE       #6 0x55808967a14f <unknown>\nE       #7 0x5580896541b3 <unknown>\nE       #8 0x55808962059b <unknown>\nE       #9 0x558089621971 <unknown>\nE       #10 0x558089b021eb <unknown>\nE       #11 0x558089b05f39 <unknown>\nE       #12 0x558089ae92c9 <unknown>\nE       #13 0x558089b06ae8 <unknown>\nE       #14 0x558089acdbaf <unknown>\nE       #15 0x558089b2a0a8 <unknown>\nE       #16 0x558089b2a286 <unknown>\nE       #17 0x558089b3bff6 <unknown>\nE       #18 0x7f1500a9caa4 <unknown>\nE       #19 0x7f1500b29c3c <unknown>\n\n.venv/lib/python3.13/site-packages/selenium/webdriver/support/wait.py:138: TimeoutException","steps":[{"name":"Accept cookies if present","time":{"start":1755951977453,"stop":1755951987690,"duration":10237},"status":"passed","steps":[{"name":"Accept cookies if banner is present","time":{"start":1755951977453,"stop":1755951987690,"duration":10237},"status":"passed","steps":[],"attachments":[],"parameters":[],"stepsCount":0,"shouldDisplayMessage":false,"attachmentsCount":0,"hasContent":false,"attachmentStep":false}],"attachments":[],"parameters":[],"stepsCount":1,"shouldDisplayMessage":false,"attachmentsCount":0,"hasContent":true,"attachmentStep":false},{"name":"Attempt to sign up with incorrect email","time":{"start":1755951987690,"stop":1755951997917,"duration":10227},"status":"broken","statusMessage":"selenium.common.exceptions.TimeoutException: Message: \nStacktrace:\n#0 0x558089b3d01a <unknown>\n#1 0x5580895dca70 <unknown>\n#2 0x55808962e907 <unknown>\n#3 0x55808962eb01 <unknown>\n#4 0x55808967cd54 <unknown>\n#5 0x55808965440d <unknown>\n#6 0x55808967a14f <unknown>\n#7 0x5580896541b3 <unknown>\n#8 0x55808962059b <unknown>\n#9 0x558089621971 <unknown>\n#10 0x558089b021eb <unknown>\n#11 0x558089b05f39 <unknown>\n#12 0x558089ae92c9 <unknown>\n#13 0x558089b06ae8 <unknown>\n#14 0x558089acdbaf <unknown>\n#15 0x558089b2a0a8 <unknown>\n#16 0x558089b2a286 <unknown>\n#17 0x558089b3bff6 <unknown>\n#18 0x7f1500a9caa4 <unknown>\n#19 0x7f1500b29c3c <unknown>\n\n","statusTrace":"  File \"/home/runner/work/shichor-python/shichor-python/tests/sign_in_test.py\", line 22, in test_01_failed_signup\n    result = self.signin_page.incorrect_email(\"loyekab865@jxbav.com\")\n  File \"/home/runner/work/shichor-python/shichor-python/.venv/lib/python3.13/site-packages/allure_commons/_allure.py\", line 202, in impl\n    return func(*a, **kw)\n  File \"/home/runner/work/shichor-python/shichor-python/pages/signin_page.py\", line 64, in incorrect_email\n    self.wait_for_element(self.main_page.SIGN_IN, condition=\"clickable\")\n    ~~~~~~~~~~~~~~~~~~~~~^^^^^^^^^^^^^^^^^^^^^^^^^^^^^^^^^^^^^^^^^^^^^^^\n  File \"/home/runner/work/shichor-python/shichor-python/pages/signin_page.py\", line 51, in wait_for_element\n    return wait.until(EC.element_to_be_clickable(locator))\n           ~~~~~~~~~~^^^^^^^^^^^^^^^^^^^^^^^^^^^^^^^^^^^^^\n  File \"/home/runner/work/shichor-python/shichor-python/.venv/lib/python3.13/site-packages/selenium/webdriver/support/wait.py\", line 138, in until\n    raise TimeoutException(message, screen, stacktrace)\n","steps":[{"name":"Sign up with incorrect email: 'loyekab865@jxbav.com'","time":{"start":1755951987690,"stop":1755951997917,"duration":10227},"status":"broken","statusMessage":"selenium.common.exceptions.TimeoutException: Message: \nStacktrace:\n#0 0x558089b3d01a <unknown>\n#1 0x5580895dca70 <unknown>\n#2 0x55808962e907 <unknown>\n#3 0x55808962eb01 <unknown>\n#4 0x55808967cd54 <unknown>\n#5 0x55808965440d <unknown>\n#6 0x55808967a14f <unknown>\n#7 0x5580896541b3 <unknown>\n#8 0x55808962059b <unknown>\n#9 0x558089621971 <unknown>\n#10 0x558089b021eb <unknown>\n#11 0x558089b05f39 <unknown>\n#12 0x558089ae92c9 <unknown>\n#13 0x558089b06ae8 <unknown>\n#14 0x558089acdbaf <unknown>\n#15 0x558089b2a0a8 <unknown>\n#16 0x558089b2a286 <unknown>\n#17 0x558089b3bff6 <unknown>\n#18 0x7f1500a9caa4 <unknown>\n#19 0x7f1500b29c3c <unknown>\n\n","statusTrace":"  File \"/home/runner/work/shichor-python/shichor-python/.venv/lib/python3.13/site-packages/allure_commons/_allure.py\", line 202, in impl\n    return func(*a, **kw)\n  File \"/home/runner/work/shichor-python/shichor-python/pages/signin_page.py\", line 64, in incorrect_email\n    self.wait_for_element(self.main_page.SIGN_IN, condition=\"clickable\")\n    ~~~~~~~~~~~~~~~~~~~~~^^^^^^^^^^^^^^^^^^^^^^^^^^^^^^^^^^^^^^^^^^^^^^^\n  File \"/home/runner/work/shichor-python/shichor-python/pages/signin_page.py\", line 51, in wait_for_element\n    return wait.until(EC.element_to_be_clickable(locator))\n           ~~~~~~~~~~^^^^^^^^^^^^^^^^^^^^^^^^^^^^^^^^^^^^^\n  File \"/home/runner/work/shichor-python/shichor-python/.venv/lib/python3.13/site-packages/selenium/webdriver/support/wait.py\", line 138, in until\n    raise TimeoutException(message, screen, stacktrace)\n","steps":[],"attachments":[],"parameters":[{"name":"email","value":"'loyekab865@jxbav.com'"}],"stepsCount":0,"shouldDisplayMessage":true,"attachmentsCount":0,"hasContent":true,"attachmentStep":false}],"attachments":[],"parameters":[],"stepsCount":1,"shouldDisplayMessage":false,"attachmentsCount":0,"hasContent":true,"attachmentStep":false}],"attachments":[{"uid":"4ea68bd46886a4fc","name":"screenshot","source":"4ea68bd46886a4fc.png","type":"image/png","size":75809}],"parameters":[],"stepsCount":4,"shouldDisplayMessage":true,"attachmentsCount":1,"hasContent":true,"attachmentStep":false},"afterStages":[{"name":"setup_driver_class::0","time":{"start":1755952039073,"stop":1755952039141,"duration":68},"status":"passed","steps":[],"attachments":[],"parameters":[],"stepsCount":0,"shouldDisplayMessage":false,"attachmentsCount":0,"hasContent":false,"attachmentStep":false}],"labels":[{"name":"severity","value":"critical"},{"name":"feature","value":"Sign In and Sign Up"},{"name":"epic","value":"Sign In Tests"},{"name":"story","value":"Sign Up Fail"},{"name":"parentSuite","value":"tests"},{"name":"suite","value":"sign_in_test"},{"name":"subSuite","value":"TestClass"},{"name":"host","value":"pkrvmqc4gcfdwos"},{"name":"thread","value":"2430-MainThread"},{"name":"framework","value":"pytest"},{"name":"language","value":"cpython3"},{"name":"package","value":"tests.sign_in_test"},{"name":"resultFormat","value":"allure2"}],"parameters":[],"links":[],"hidden":false,"retry":false,"extra":{"severity":"critical","retries":[],"categories":[{"name":"Test defects","matchedStatuses":[],"flaky":false}],"tags":[]},"source":"e19ed48aa44c9c1a.json","parameterValues":[]}