{"5655f94eab575e8bfa6b3699677cfa54":{"statistic":{"failed":1,"broken":0,"skipped":0,"passed":0,"unknown":0,"total":1},"items":[{"uid":"9b972824c688f4db","reportUrl":"https://erubazo.github.io/shichor-python/7/#testresult/9b972824c688f4db","status":"failed","statusDetails":"AssertionError: assert 'Error' in '3 Passengers'","time":{"start":1755761690985,"stop":1755761694022,"duration":3037}}]},"bae716c86efcbc48f6015ff0968e9fbc":{"statistic":{"failed":0,"broken":1,"skipped":0,"passed":0,"unknown":0,"total":1},"items":[{"uid":"994ff0ac51d4dbc7","reportUrl":"https://erubazo.github.io/shichor-python/7/#testresult/994ff0ac51d4dbc7","status":"broken","statusDetails":"selenium.common.exceptions.NoSuchElementException: Message: no such element: Unable to locate element: {\"method\":\"css selector\",\"selector\":\"[data-test=\"PlacePickerInputPlace-close\"]\"}\n  (Session info: chrome=139.0.7258.127); For documentation on this error, please visit: https://www.selenium.dev/documentation/webdriver/troubleshooting/errors#nosuchelementexception\nStacktrace:\n#0 0x55c2f14b501a <unknown>\n#1 0x55c2f0f54a70 <unknown>\n#2 0x55c2f0fa6907 <unknown>\n#3 0x55c2f0fa6b01 <unknown>\n#4 0x55c2f0ff4d54 <unknown>\n#5 0x55c2f0fcc40d <unknown>\n#6 0x55c2f0ff214f <unknown>\n#7 0x55c2f0fcc1b3 <unknown>\n#8 0x55c2f0f9859b <unknown>\n#9 0x55c2f0f99971 <unknown>\n#10 0x55c2f147a1eb <unknown>\n#11 0x55c2f147df39 <unknown>\n#12 0x55c2f14612c9 <unknown>\n#13 0x55c2f147eae8 <unknown>\n#14 0x55c2f1445baf <unknown>\n#15 0x55c2f14a20a8 <unknown>\n#16 0x55c2f14a2286 <unknown>\n#17 0x55c2f14b3ff6 <unknown>\n#18 0x7f2c3389caa4 <unknown>\n#19 0x7f2c33929c3c <unknown>","time":{"start":1755761718467,"stop":1755761720491,"duration":2024}}]},"4569b31842a85143286424547beab159":{"statistic":{"failed":0,"broken":1,"skipped":0,"passed":0,"unknown":0,"total":1},"items":[{"uid":"d2216356e6b569d7","reportUrl":"https://erubazo.github.io/shichor-python/7/#testresult/d2216356e6b569d7","status":"broken","statusDetails":"selenium.common.exceptions.NoSuchElementException: Message: no such element: Unable to locate element: {\"method\":\"css selector\",\"selector\":\"#outboundDate\"}\n  (Session info: chrome=139.0.7258.127); For documentation on this error, please visit: https://www.selenium.dev/documentation/webdriver/troubleshooting/errors#nosuchelementexception\nStacktrace:\n#0 0x55c2f14b501a <unknown>\n#1 0x55c2f0f54a70 <unknown>\n#2 0x55c2f0fa6907 <unknown>\n#3 0x55c2f0fa6b01 <unknown>\n#4 0x55c2f0ff4d54 <unknown>\n#5 0x55c2f0fcc40d <unknown>\n#6 0x55c2f0ff214f <unknown>\n#7 0x55c2f0fcc1b3 <unknown>\n#8 0x55c2f0f9859b <unknown>\n#9 0x55c2f0f99971 <unknown>\n#10 0x55c2f147a1eb <unknown>\n#11 0x55c2f147df39 <unknown>\n#12 0x55c2f14612c9 <unknown>\n#13 0x55c2f147eae8 <unknown>\n#14 0x55c2f1445baf <unknown>\n#15 0x55c2f14a20a8 <unknown>\n#16 0x55c2f14a2286 <unknown>\n#17 0x55c2f14b3ff6 <unknown>\n#18 0x7f2c3389caa4 <unknown>\n#19 0x7f2c33929c3c <unknown>","time":{"start":1755761698368,"stop":1755761700396,"duration":2028}}]},"8be373d5a4ac4c1c74d32cff12e3b610":{"statistic":{"failed":0,"broken":1,"skipped":0,"passed":0,"unknown":0,"total":1},"items":[{"uid":"53fc40189e3b28be","reportUrl":"https://erubazo.github.io/shichor-python/7/#testresult/53fc40189e3b28be","status":"broken","statusDetails":"selenium.common.exceptions.NoSuchElementException: Message: no such element: Unable to locate element: {\"method\":\"css selector\",\"selector\":\"#outboundDate\"}\n  (Session info: chrome=139.0.7258.127); For documentation on this error, please visit: https://www.selenium.dev/documentation/webdriver/troubleshooting/errors#nosuchelementexception\nStacktrace:\n#0 0x55c2f14b501a <unknown>\n#1 0x55c2f0f54a70 <unknown>\n#2 0x55c2f0fa6907 <unknown>\n#3 0x55c2f0fa6b01 <unknown>\n#4 0x55c2f0ff4d54 <unknown>\n#5 0x55c2f0fcc40d <unknown>\n#6 0x55c2f0ff214f <unknown>\n#7 0x55c2f0fcc1b3 <unknown>\n#8 0x55c2f0f9859b <unknown>\n#9 0x55c2f0f99971 <unknown>\n#10 0x55c2f147a1eb <unknown>\n#11 0x55c2f147df39 <unknown>\n#12 0x55c2f14612c9 <unknown>\n#13 0x55c2f147eae8 <unknown>\n#14 0x55c2f1445baf <unknown>\n#15 0x55c2f14a20a8 <unknown>\n#16 0x55c2f14a2286 <unknown>\n#17 0x55c2f14b3ff6 <unknown>\n#18 0x7f2c3389caa4 <unknown>\n#19 0x7f2c33929c3c <unknown>","time":{"start":1755761702635,"stop":1755761704660,"duration":2025}}]},"48e59fe38e8a2c4fcc8c282d00587fe6":{"statistic":{"failed":0,"broken":1,"skipped":0,"passed":0,"unknown":0,"total":1},"items":[{"uid":"44f290efb28424c2","reportUrl":"https://erubazo.github.io/shichor-python/7/#testresult/44f290efb28424c2","status":"broken","statusDetails":"selenium.common.exceptions.NoSuchElementException: Message: no such element: Unable to locate element: {\"method\":\"css selector\",\"selector\":\"#cookies_accept > div\"}\n  (Session info: chrome=139.0.7258.127); For documentation on this error, please visit: https://www.selenium.dev/documentation/webdriver/troubleshooting/errors#nosuchelementexception\nStacktrace:\n#0 0x5624e7c6301a <unknown>\n#1 0x5624e7702a70 <unknown>\n#2 0x5624e7754907 <unknown>\n#3 0x5624e7754b01 <unknown>\n#4 0x5624e77a2d54 <unknown>\n#5 0x5624e777a40d <unknown>\n#6 0x5624e77a014f <unknown>\n#7 0x5624e777a1b3 <unknown>\n#8 0x5624e774659b <unknown>\n#9 0x5624e7747971 <unknown>\n#10 0x5624e7c281eb <unknown>\n#11 0x5624e7c2bf39 <unknown>\n#12 0x5624e7c0f2c9 <unknown>\n#13 0x5624e7c2cae8 <unknown>\n#14 0x5624e7bf3baf <unknown>\n#15 0x5624e7c500a8 <unknown>\n#16 0x5624e7c50286 <unknown>\n#17 0x5624e7c61ff6 <unknown>\n#18 0x7f5115e9caa4 <unknown>\n#19 0x7f5115f29c3c <unknown>","time":{"start":1755761723350,"stop":1755761724362,"duration":1012}}]},"ee4bf144a8a3dfacd6d15767dd6eb1ca":{"statistic":{"failed":0,"broken":1,"skipped":0,"passed":0,"unknown":0,"total":1},"items":[{"uid":"2f3a44815ae25afd","reportUrl":"https://erubazo.github.io/shichor-python/7/#testresult/2f3a44815ae25afd","status":"broken","statusDetails":"selenium.common.exceptions.NoSuchElementException: Message: no such element: Unable to locate element: {\"method\":\"css selector\",\"selector\":\"#cookies_accept > div\"}\n  (Session info: chrome=139.0.7258.127); For documentation on this error, please visit: https://www.selenium.dev/documentation/webdriver/troubleshooting/errors#nosuchelementexception\nStacktrace:\n#0 0x5624e7c6301a <unknown>\n#1 0x5624e7702a70 <unknown>\n#2 0x5624e7754907 <unknown>\n#3 0x5624e7754b01 <unknown>\n#4 0x5624e77a2d54 <unknown>\n#5 0x5624e777a40d <unknown>\n#6 0x5624e77a014f <unknown>\n#7 0x5624e777a1b3 <unknown>\n#8 0x5624e774659b <unknown>\n#9 0x5624e7747971 <unknown>\n#10 0x5624e7c281eb <unknown>\n#11 0x5624e7c2bf39 <unknown>\n#12 0x5624e7c0f2c9 <unknown>\n#13 0x5624e7c2cae8 <unknown>\n#14 0x5624e7bf3baf <unknown>\n#15 0x5624e7c500a8 <unknown>\n#16 0x5624e7c50286 <unknown>\n#17 0x5624e7c61ff6 <unknown>\n#18 0x7f5115e9caa4 <unknown>\n#19 0x7f5115f29c3c <unknown>","time":{"start":1755761724468,"stop":1755761725480,"duration":1012}}]},"40da3125772fab665425c8e1a3c35e15":{"statistic":{"failed":0,"broken":1,"skipped":0,"passed":0,"unknown":0,"total":1},"items":[{"uid":"e3cd05abdc9d88bb","reportUrl":"https://erubazo.github.io/shichor-python/7/#testresult/e3cd05abdc9d88bb","status":"broken","statusDetails":"selenium.common.exceptions.NoSuchElementException: Message: no such element: Unable to locate element: {\"method\":\"css selector\",\"selector\":\"#destination\"}\n  (Session info: chrome=139.0.7258.127); For documentation on this error, please visit: https://www.selenium.dev/documentation/webdriver/troubleshooting/errors#nosuchelementexception\nStacktrace:\n#0 0x55c2f14b501a <unknown>\n#1 0x55c2f0f54a70 <unknown>\n#2 0x55c2f0fa6907 <unknown>\n#3 0x55c2f0fa6b01 <unknown>\n#4 0x55c2f0ff4d54 <unknown>\n#5 0x55c2f0fcc40d <unknown>\n#6 0x55c2f0ff214f <unknown>\n#7 0x55c2f0fcc1b3 <unknown>\n#8 0x55c2f0f9859b <unknown>\n#9 0x55c2f0f99971 <unknown>\n#10 0x55c2f147a1eb <unknown>\n#11 0x55c2f147df39 <unknown>\n#12 0x55c2f14612c9 <unknown>\n#13 0x55c2f147eae8 <unknown>\n#14 0x55c2f1445baf <unknown>\n#15 0x55c2f14a20a8 <unknown>\n#16 0x55c2f14a2286 <unknown>\n#17 0x55c2f14b3ff6 <unknown>\n#18 0x7f2c3389caa4 <unknown>\n#19 0x7f2c33929c3c <unknown>","time":{"start":1755761696235,"stop":1755761698262,"duration":2027}}]},"44027ee0c9148d3bfa2f0ec00ebcbd38":{"statistic":{"failed":0,"broken":1,"skipped":0,"passed":0,"unknown":0,"total":1},"items":[{"uid":"a5c2e363f5653bed","reportUrl":"https://erubazo.github.io/shichor-python/7/#testresult/a5c2e363f5653bed","status":"broken","statusDetails":"selenium.common.exceptions.NoSuchElementException: Message: no such element: Unable to locate element: {\"method\":\"css selector\",\"selector\":\"div.lm\\:mb-100.mb-300.flex.items-center.tb\\:justify-start.justify-between > div:nth-child(2) > div:nth-child(1) > div\"}\n  (Session info: chrome=139.0.7258.127); For documentation on this error, please visit: https://www.selenium.dev/documentation/webdriver/troubleshooting/errors#nosuchelementexception\nStacktrace:\n#0 0x55c2f14b501a <unknown>\n#1 0x55c2f0f54a70 <unknown>\n#2 0x55c2f0fa6907 <unknown>\n#3 0x55c2f0fa6b01 <unknown>\n#4 0x55c2f0ff4d54 <unknown>\n#5 0x55c2f0fcc40d <unknown>\n#6 0x55c2f0ff214f <unknown>\n#7 0x55c2f0fcc1b3 <unknown>\n#8 0x55c2f0f9859b <unknown>\n#9 0x55c2f0f99971 <unknown>\n#10 0x55c2f147a1eb <unknown>\n#11 0x55c2f147df39 <unknown>\n#12 0x55c2f14612c9 <unknown>\n#13 0x55c2f147eae8 <unknown>\n#14 0x55c2f1445baf <unknown>\n#15 0x55c2f14a20a8 <unknown>\n#16 0x55c2f14a2286 <unknown>\n#17 0x55c2f14b3ff6 <unknown>\n#18 0x7f2c3389caa4 <unknown>\n#19 0x7f2c33929c3c <unknown>","time":{"start":1755761688818,"stop":1755761690863,"duration":2045}}]},"b1556b91cae91277d2f000731ed6cf05":{"statistic":{"failed":0,"broken":1,"skipped":0,"passed":0,"unknown":0,"total":1},"items":[{"uid":"fb0a6144400f2709","reportUrl":"https://erubazo.github.io/shichor-python/7/#testresult/fb0a6144400f2709","status":"broken","statusDetails":"selenium.common.exceptions.NoSuchElementException: Message: no such element: Unable to locate element: {\"method\":\"css selector\",\"selector\":\"#outboundDate\"}\n  (Session info: chrome=139.0.7258.127); For documentation on this error, please visit: https://www.selenium.dev/documentation/webdriver/troubleshooting/errors#nosuchelementexception\nStacktrace:\n#0 0x55c2f14b501a <unknown>\n#1 0x55c2f0f54a70 <unknown>\n#2 0x55c2f0fa6907 <unknown>\n#3 0x55c2f0fa6b01 <unknown>\n#4 0x55c2f0ff4d54 <unknown>\n#5 0x55c2f0fcc40d <unknown>\n#6 0x55c2f0ff214f <unknown>\n#7 0x55c2f0fcc1b3 <unknown>\n#8 0x55c2f0f9859b <unknown>\n#9 0x55c2f0f99971 <unknown>\n#10 0x55c2f147a1eb <unknown>\n#11 0x55c2f147df39 <unknown>\n#12 0x55c2f14612c9 <unknown>\n#13 0x55c2f147eae8 <unknown>\n#14 0x55c2f1445baf <unknown>\n#15 0x55c2f14a20a8 <unknown>\n#16 0x55c2f14a2286 <unknown>\n#17 0x55c2f14b3ff6 <unknown>\n#18 0x7f2c3389caa4 <unknown>\n#19 0x7f2c33929c3c <unknown>","time":{"start":1755761704767,"stop":1755761706792,"duration":2025}}]},"d473bdd714f5dca4321099c6e995022c":{"statistic":{"failed":0,"broken":1,"skipped":0,"passed":0,"unknown":0,"total":1},"items":[{"uid":"2803658557a6eb4f","reportUrl":"https://erubazo.github.io/shichor-python/7/#testresult/2803658557a6eb4f","status":"broken","statusDetails":"selenium.common.exceptions.NoSuchElementException: Message: no such element: Unable to locate element: {\"method\":\"css selector\",\"selector\":\"#cookies_accept > div\"}\n  (Session info: chrome=139.0.7258.127); For documentation on this error, please visit: https://www.selenium.dev/documentation/webdriver/troubleshooting/errors#nosuchelementexception\nStacktrace:\n#0 0x5624e7c6301a <unknown>\n#1 0x5624e7702a70 <unknown>\n#2 0x5624e7754907 <unknown>\n#3 0x5624e7754b01 <unknown>\n#4 0x5624e77a2d54 <unknown>\n#5 0x5624e777a40d <unknown>\n#6 0x5624e77a014f <unknown>\n#7 0x5624e777a1b3 <unknown>\n#8 0x5624e774659b <unknown>\n#9 0x5624e7747971 <unknown>\n#10 0x5624e7c281eb <unknown>\n#11 0x5624e7c2bf39 <unknown>\n#12 0x5624e7c0f2c9 <unknown>\n#13 0x5624e7c2cae8 <unknown>\n#14 0x5624e7bf3baf <unknown>\n#15 0x5624e7c500a8 <unknown>\n#16 0x5624e7c50286 <unknown>\n#17 0x5624e7c61ff6 <unknown>\n#18 0x7f5115e9caa4 <unknown>\n#19 0x7f5115f29c3c <unknown>","time":{"start":1755761722230,"stop":1755761723245,"duration":1015}}]},"d9f17111a5011ef00f8836b0e99de21f":{"statistic":{"failed":1,"broken":0,"skipped":0,"passed":0,"unknown":0,"total":1},"items":[{"uid":"709878404ac74215","reportUrl":"https://erubazo.github.io/shichor-python/7/#testresult/709878404ac74215","status":"failed","statusDetails":"AssertionError: assert 'No trip selector available' == 'Return'\n  \n  - Return\n  + No trip selector available","time":{"start":1755761681685,"stop":1755761688745,"duration":7060}}]},"75bc17fa304f21c3b1a283a58d952713":{"statistic":{"failed":0,"broken":1,"skipped":0,"passed":0,"unknown":0,"total":1},"items":[{"uid":"bde3b3032e094528","reportUrl":"https://erubazo.github.io/shichor-python/7/#testresult/bde3b3032e094528","status":"broken","statusDetails":"selenium.common.exceptions.NoSuchElementException: Message: no such element: Unable to locate element: {\"method\":\"css selector\",\"selector\":\"#cookies_accept > div\"}\n  (Session info: chrome=139.0.7258.127); For documentation on this error, please visit: https://www.selenium.dev/documentation/webdriver/troubleshooting/errors#nosuchelementexception\nStacktrace:\n#0 0x5576b917801a <unknown>\n#1 0x5576b8c17a70 <unknown>\n#2 0x5576b8c69907 <unknown>\n#3 0x5576b8c69b01 <unknown>\n#4 0x5576b8cb7d54 <unknown>\n#5 0x5576b8c8f40d <unknown>\n#6 0x5576b8cb514f <unknown>\n#7 0x5576b8c8f1b3 <unknown>\n#8 0x5576b8c5b59b <unknown>\n#9 0x5576b8c5c971 <unknown>\n#10 0x5576b913d1eb <unknown>\n#11 0x5576b9140f39 <unknown>\n#12 0x5576b91242c9 <unknown>\n#13 0x5576b9141ae8 <unknown>\n#14 0x5576b9108baf <unknown>\n#15 0x5576b91650a8 <unknown>\n#16 0x5576b9165286 <unknown>\n#17 0x5576b9176ff6 <unknown>\n#18 0x7ffb35e9caa4 <unknown>\n#19 0x7ffb35f29c3c <unknown>","time":{"start":1755761674876,"stop":1755761675888,"duration":1012}}]},"fa1e27cf77d811d24c961ca50dfb243b":{"statistic":{"failed":0,"broken":1,"skipped":0,"passed":0,"unknown":0,"total":1},"items":[{"uid":"618ac91d6efc377b","reportUrl":"https://erubazo.github.io/shichor-python/7/#testresult/618ac91d6efc377b","status":"broken","statusDetails":"selenium.common.exceptions.NoSuchElementException: Message: no such element: Unable to locate element: {\"method\":\"css selector\",\"selector\":\"div.lm\\:mb-100.mb-300.flex.items-center.tb\\:justify-start.justify-between > div:nth-child(2) > div:nth-child(1) > div\"}\n  (Session info: chrome=139.0.7258.127); For documentation on this error, please visit: https://www.selenium.dev/documentation/webdriver/troubleshooting/errors#nosuchelementexception\nStacktrace:\n#0 0x55c2f14b501a <unknown>\n#1 0x55c2f0f54a70 <unknown>\n#2 0x55c2f0fa6907 <unknown>\n#3 0x55c2f0fa6b01 <unknown>\n#4 0x55c2f0ff4d54 <unknown>\n#5 0x55c2f0fcc40d <unknown>\n#6 0x55c2f0ff214f <unknown>\n#7 0x55c2f0fcc1b3 <unknown>\n#8 0x55c2f0f9859b <unknown>\n#9 0x55c2f0f99971 <unknown>\n#10 0x55c2f147a1eb <unknown>\n#11 0x55c2f147df39 <unknown>\n#12 0x55c2f14612c9 <unknown>\n#13 0x55c2f147eae8 <unknown>\n#14 0x55c2f1445baf <unknown>\n#15 0x55c2f14a20a8 <unknown>\n#16 0x55c2f14a2286 <unknown>\n#17 0x55c2f14b3ff6 <unknown>\n#18 0x7f2c3389caa4 <unknown>\n#19 0x7f2c33929c3c <unknown>","time":{"start":1755761716334,"stop":1755761718358,"duration":2024}}]},"a29fb78cd39a3af9addaa2a7113ebbb5":{"statistic":{"failed":0,"broken":1,"skipped":0,"passed":0,"unknown":0,"total":1},"items":[{"uid":"ccfc11f0339c8966","reportUrl":"https://erubazo.github.io/shichor-python/7/#testresult/ccfc11f0339c8966","status":"broken","statusDetails":"selenium.common.exceptions.NoSuchElementException: Message: no such element: Unable to locate element: {\"method\":\"css selector\",\"selector\":\"div.lm\\:mb-100.mb-300.flex.items-center.tb\\:justify-start.justify-between > div:nth-child(2) > div:nth-child(1) > div\"}\n  (Session info: chrome=139.0.7258.127); For documentation on this error, please visit: https://www.selenium.dev/documentation/webdriver/troubleshooting/errors#nosuchelementexception\nStacktrace:\n#0 0x55c2f14b501a <unknown>\n#1 0x55c2f0f54a70 <unknown>\n#2 0x55c2f0fa6907 <unknown>\n#3 0x55c2f0fa6b01 <unknown>\n#4 0x55c2f0ff4d54 <unknown>\n#5 0x55c2f0fcc40d <unknown>\n#6 0x55c2f0ff214f <unknown>\n#7 0x55c2f0fcc1b3 <unknown>\n#8 0x55c2f0f9859b <unknown>\n#9 0x55c2f0f99971 <unknown>\n#10 0x55c2f147a1eb <unknown>\n#11 0x55c2f147df39 <unknown>\n#12 0x55c2f14612c9 <unknown>\n#13 0x55c2f147eae8 <unknown>\n#14 0x55c2f1445baf <unknown>\n#15 0x55c2f14a20a8 <unknown>\n#16 0x55c2f14a2286 <unknown>\n#17 0x55c2f14b3ff6 <unknown>\n#18 0x7f2c3389caa4 <unknown>\n#19 0x7f2c33929c3c <unknown>","time":{"start":1755761714200,"stop":1755761716224,"duration":2024}}]},"973be1434a2f3eb31e8b91f0dd6a0341":{"statistic":{"failed":0,"broken":1,"skipped":0,"passed":0,"unknown":0,"total":1},"items":[{"uid":"f9940b3aa95f5043","reportUrl":"https://erubazo.github.io/shichor-python/7/#testresult/f9940b3aa95f5043","status":"broken","statusDetails":"selenium.common.exceptions.NoSuchElementException: Message: no such element: Unable to locate element: {\"method\":\"css selector\",\"selector\":\"#origin\"}\n  (Session info: chrome=139.0.7258.127); For documentation on this error, please visit: https://www.selenium.dev/documentation/webdriver/troubleshooting/errors#nosuchelementexception\nStacktrace:\n#0 0x55c2f14b501a <unknown>\n#1 0x55c2f0f54a70 <unknown>\n#2 0x55c2f0fa6907 <unknown>\n#3 0x55c2f0fa6b01 <unknown>\n#4 0x55c2f0ff4d54 <unknown>\n#5 0x55c2f0fcc40d <unknown>\n#6 0x55c2f0ff214f <unknown>\n#7 0x55c2f0fcc1b3 <unknown>\n#8 0x55c2f0f9859b <unknown>\n#9 0x55c2f0f99971 <unknown>\n#10 0x55c2f147a1eb <unknown>\n#11 0x55c2f147df39 <unknown>\n#12 0x55c2f14612c9 <unknown>\n#13 0x55c2f147eae8 <unknown>\n#14 0x55c2f1445baf <unknown>\n#15 0x55c2f14a20a8 <unknown>\n#16 0x55c2f14a2286 <unknown>\n#17 0x55c2f14b3ff6 <unknown>\n#18 0x7f2c3389caa4 <unknown>\n#19 0x7f2c33929c3c <unknown>","time":{"start":1755761720600,"stop":1755761721626,"duration":1026}}]},"415becb7b266146eb28887bbf757f5e7":{"statistic":{"failed":0,"broken":1,"skipped":0,"passed":0,"unknown":0,"total":1},"items":[{"uid":"738d8cf1954e9d83","reportUrl":"https://erubazo.github.io/shichor-python/7/#testresult/738d8cf1954e9d83","status":"broken","statusDetails":"selenium.common.exceptions.NoSuchElementException: Message: no such element: Unable to locate element: {\"method\":\"css selector\",\"selector\":\"[data-test=\"PlacePickerInputPlace-close\"]\"}\n  (Session info: chrome=139.0.7258.127); For documentation on this error, please visit: https://www.selenium.dev/documentation/webdriver/troubleshooting/errors#nosuchelementexception\nStacktrace:\n#0 0x55c2f14b501a <unknown>\n#1 0x55c2f0f54a70 <unknown>\n#2 0x55c2f0fa6907 <unknown>\n#3 0x55c2f0fa6b01 <unknown>\n#4 0x55c2f0ff4d54 <unknown>\n#5 0x55c2f0fcc40d <unknown>\n#6 0x55c2f0ff214f <unknown>\n#7 0x55c2f0fcc1b3 <unknown>\n#8 0x55c2f0f9859b <unknown>\n#9 0x55c2f0f99971 <unknown>\n#10 0x55c2f147a1eb <unknown>\n#11 0x55c2f147df39 <unknown>\n#12 0x55c2f14612c9 <unknown>\n#13 0x55c2f147eae8 <unknown>\n#14 0x55c2f1445baf <unknown>\n#15 0x55c2f14a20a8 <unknown>\n#16 0x55c2f14a2286 <unknown>\n#17 0x55c2f14b3ff6 <unknown>\n#18 0x7f2c3389caa4 <unknown>\n#19 0x7f2c33929c3c <unknown>","time":{"start":1755761694101,"stop":1755761696129,"duration":2028}}]},"7c34fa7b644706ed5715bf9d024168df":{"statistic":{"failed":0,"broken":1,"skipped":0,"passed":0,"unknown":0,"total":1},"items":[{"uid":"7f3380baf4586dee","reportUrl":"https://erubazo.github.io/shichor-python/7/#testresult/7f3380baf4586dee","status":"broken","statusDetails":"selenium.common.exceptions.NoSuchElementException: Message: no such element: Unable to locate element: {\"method\":\"css selector\",\"selector\":\"[data-test=\"PlacePickerInputPlace-close\"]\"}\n  (Session info: chrome=139.0.7258.127); For documentation on this error, please visit: https://www.selenium.dev/documentation/webdriver/troubleshooting/errors#nosuchelementexception\nStacktrace:\n#0 0x55c2f14b501a <unknown>\n#1 0x55c2f0f54a70 <unknown>\n#2 0x55c2f0fa6907 <unknown>\n#3 0x55c2f0fa6b01 <unknown>\n#4 0x55c2f0ff4d54 <unknown>\n#5 0x55c2f0fcc40d <unknown>\n#6 0x55c2f0ff214f <unknown>\n#7 0x55c2f0fcc1b3 <unknown>\n#8 0x55c2f0f9859b <unknown>\n#9 0x55c2f0f99971 <unknown>\n#10 0x55c2f147a1eb <unknown>\n#11 0x55c2f147df39 <unknown>\n#12 0x55c2f14612c9 <unknown>\n#13 0x55c2f147eae8 <unknown>\n#14 0x55c2f1445baf <unknown>\n#15 0x55c2f14a20a8 <unknown>\n#16 0x55c2f14a2286 <unknown>\n#17 0x55c2f14b3ff6 <unknown>\n#18 0x7f2c3389caa4 <unknown>\n#19 0x7f2c33929c3c <unknown>","time":{"start":1755761709034,"stop":1755761714070,"duration":5036}}]},"da11a82170d1bdc46b9f8bad34ad8f0c":{"statistic":{"failed":0,"broken":1,"skipped":0,"passed":0,"unknown":0,"total":1},"items":[{"uid":"6ac5d6a36d9c684","reportUrl":"https://erubazo.github.io/shichor-python/7/#testresult/6ac5d6a36d9c684","status":"broken","statusDetails":"selenium.common.exceptions.NoSuchElementException: Message: no such element: Unable to locate element: {\"method\":\"css selector\",\"selector\":\"#cookies_accept > div\"}\n  (Session info: chrome=139.0.7258.127); For documentation on this error, please visit: https://www.selenium.dev/documentation/webdriver/troubleshooting/errors#nosuchelementexception\nStacktrace:\n#0 0x5576b917801a <unknown>\n#1 0x5576b8c17a70 <unknown>\n#2 0x5576b8c69907 <unknown>\n#3 0x5576b8c69b01 <unknown>\n#4 0x5576b8cb7d54 <unknown>\n#5 0x5576b8c8f40d <unknown>\n#6 0x5576b8cb514f <unknown>\n#7 0x5576b8c8f1b3 <unknown>\n#8 0x5576b8c5b59b <unknown>\n#9 0x5576b8c5c971 <unknown>\n#10 0x5576b913d1eb <unknown>\n#11 0x5576b9140f39 <unknown>\n#12 0x5576b91242c9 <unknown>\n#13 0x5576b9141ae8 <unknown>\n#14 0x5576b9108baf <unknown>\n#15 0x5576b91650a8 <unknown>\n#16 0x5576b9165286 <unknown>\n#17 0x5576b9176ff6 <unknown>\n#18 0x7ffb35e9caa4 <unknown>\n#19 0x7ffb35f29c3c <unknown>","time":{"start":1755761673583,"stop":1755761674688,"duration":1105}}]},"b97b0400e77310f81030c96b417d5c96":{"statistic":{"failed":0,"broken":1,"skipped":0,"passed":0,"unknown":0,"total":1},"items":[{"uid":"8eb91d2f016cffc0","reportUrl":"https://erubazo.github.io/shichor-python/7/#testresult/8eb91d2f016cffc0","status":"broken","statusDetails":"selenium.common.exceptions.NoSuchElementException: Message: no such element: Unable to locate element: {\"method\":\"css selector\",\"selector\":\"#cookies_accept > div\"}\n  (Session info: chrome=139.0.7258.127); For documentation on this error, please visit: https://www.selenium.dev/documentation/webdriver/troubleshooting/errors#nosuchelementexception\nStacktrace:\n#0 0x55c2f14b501a <unknown>\n#1 0x55c2f0f54a70 <unknown>\n#2 0x55c2f0fa6907 <unknown>\n#3 0x55c2f0fa6b01 <unknown>\n#4 0x55c2f0ff4d54 <unknown>\n#5 0x55c2f0fcc40d <unknown>\n#6 0x55c2f0ff214f <unknown>\n#7 0x55c2f0fcc1b3 <unknown>\n#8 0x55c2f0f9859b <unknown>\n#9 0x55c2f0f99971 <unknown>\n#10 0x55c2f147a1eb <unknown>\n#11 0x55c2f147df39 <unknown>\n#12 0x55c2f14612c9 <unknown>\n#13 0x55c2f147eae8 <unknown>\n#14 0x55c2f1445baf <unknown>\n#15 0x55c2f14a20a8 <unknown>\n#16 0x55c2f14a2286 <unknown>\n#17 0x55c2f14b3ff6 <unknown>\n#18 0x7f2c3389caa4 <unknown>\n#19 0x7f2c33929c3c <unknown>","time":{"start":1755761680569,"stop":1755761681584,"duration":1015}}]},"4838f945bcaf4f707f75cf5665acf10e":{"statistic":{"failed":0,"broken":1,"skipped":0,"passed":0,"unknown":0,"total":1},"items":[{"uid":"5018817b3566c380","reportUrl":"https://erubazo.github.io/shichor-python/7/#testresult/5018817b3566c380","status":"broken","statusDetails":"selenium.common.exceptions.NoSuchElementException: Message: no such element: Unable to locate element: {\"method\":\"css selector\",\"selector\":\"#cookie_consent > div > div > div > section > div.orbit-stack.items-start.content-start.flex-nowrap.grow.shrink-0.justify-start.flex-row.flex.gap-400.w-full > button.space-x-200.rtl\\:space-x-reverse.h-form-box-normal.text-normal.bg-button-secondary-background.hover\\:bg-button-secondary-background-hover.active\\:bg-button-secondary-background-active.disabled\\:bg-button-secondary-background.focus\\:bg-button-secondary-background-focus.text-button-secondary-foreground.focus\\:text-button-secondary-foreground-focus.active\\:text-button-secondary-foreground-active.hover\\:text-button-secondary-foreground-hover.disabled\\:text-button-secondary-foreground.active\\:shadow-button-active-pale.px-button-padding-md.orbit-button-primitive.font-base.duration-fast.group.relative.max-w-full.select-none.items-center.justify-center.border-none.text-center.leading-none.transition-all.\\*\\:align-middle.\\[\\&_\\.orbit-loading-spinner\\]\\:stroke-current.w-full.flex-auto.rounded-150.tb\\:rounded-100.cursor-pointer.hover\\:no-underline.focus\\:no-underline.active\\:no-underline.flex.font-medium > div\"}\n  (Session info: chrome=139.0.7258.127); For documentation on this error, please visit: https://www.selenium.dev/documentation/webdriver/troubleshooting/errors#nosuchelementexception\nStacktrace:\n#0 0x55c2f14b501a <unknown>\n#1 0x55c2f0f54a70 <unknown>\n#2 0x55c2f0fa6907 <unknown>\n#3 0x55c2f0fa6b01 <unknown>\n#4 0x55c2f0ff4d54 <unknown>\n#5 0x55c2f0fcc40d <unknown>\n#6 0x55c2f0ff214f <unknown>\n#7 0x55c2f0fcc1b3 <unknown>\n#8 0x55c2f0f9859b <unknown>\n#9 0x55c2f0f99971 <unknown>\n#10 0x55c2f147a1eb <unknown>\n#11 0x55c2f147df39 <unknown>\n#12 0x55c2f14612c9 <unknown>\n#13 0x55c2f147eae8 <unknown>\n#14 0x55c2f1445baf <unknown>\n#15 0x55c2f14a20a8 <unknown>\n#16 0x55c2f14a2286 <unknown>\n#17 0x55c2f14b3ff6 <unknown>\n#18 0x7f2c3389caa4 <unknown>\n#19 0x7f2c33929c3c <unknown>","time":{"start":1755761676450,"stop":1755761680466,"duration":4016}}]},"2ecc6e22acc0566a6d050e8cbf68f465":{"statistic":{"failed":0,"broken":1,"skipped":0,"passed":0,"unknown":0,"total":1},"items":[{"uid":"ead2efc30f0cb862","reportUrl":"https://erubazo.github.io/shichor-python/7/#testresult/ead2efc30f0cb862","status":"broken","statusDetails":"selenium.common.exceptions.NoSuchElementException: Message: no such element: Unable to locate element: {\"method\":\"css selector\",\"selector\":\"div.lm\\:mb-100.mb-300.flex.items-center.tb\\:justify-start.justify-between > div:nth-child(2) > div:nth-child(1) > div\"}\n  (Session info: chrome=139.0.7258.127); For documentation on this error, please visit: https://www.selenium.dev/documentation/webdriver/troubleshooting/errors#nosuchelementexception\nStacktrace:\n#0 0x55c2f14b501a <unknown>\n#1 0x55c2f0f54a70 <unknown>\n#2 0x55c2f0fa6907 <unknown>\n#3 0x55c2f0fa6b01 <unknown>\n#4 0x55c2f0ff4d54 <unknown>\n#5 0x55c2f0fcc40d <unknown>\n#6 0x55c2f0ff214f <unknown>\n#7 0x55c2f0fcc1b3 <unknown>\n#8 0x55c2f0f9859b <unknown>\n#9 0x55c2f0f99971 <unknown>\n#10 0x55c2f147a1eb <unknown>\n#11 0x55c2f147df39 <unknown>\n#12 0x55c2f14612c9 <unknown>\n#13 0x55c2f147eae8 <unknown>\n#14 0x55c2f1445baf <unknown>\n#15 0x55c2f14a20a8 <unknown>\n#16 0x55c2f14a2286 <unknown>\n#17 0x55c2f14b3ff6 <unknown>\n#18 0x7f2c3389caa4 <unknown>\n#19 0x7f2c33929c3c <unknown>","time":{"start":1755761706901,"stop":1755761708925,"duration":2024}}]},"5aa6adc6cd4ef5819814ea721e150c2c":{"statistic":{"failed":0,"broken":1,"skipped":0,"passed":0,"unknown":0,"total":1},"items":[{"uid":"9e6049dba67b66b8","reportUrl":"https://erubazo.github.io/shichor-python/7/#testresult/9e6049dba67b66b8","status":"broken","statusDetails":"selenium.common.exceptions.NoSuchElementException: Message: no such element: Unable to locate element: {\"method\":\"css selector\",\"selector\":\"#inboundDate\"}\n  (Session info: chrome=139.0.7258.127); For documentation on this error, please visit: https://www.selenium.dev/documentation/webdriver/troubleshooting/errors#nosuchelementexception\nStacktrace:\n#0 0x55c2f14b501a <unknown>\n#1 0x55c2f0f54a70 <unknown>\n#2 0x55c2f0fa6907 <unknown>\n#3 0x55c2f0fa6b01 <unknown>\n#4 0x55c2f0ff4d54 <unknown>\n#5 0x55c2f0fcc40d <unknown>\n#6 0x55c2f0ff214f <unknown>\n#7 0x55c2f0fcc1b3 <unknown>\n#8 0x55c2f0f9859b <unknown>\n#9 0x55c2f0f99971 <unknown>\n#10 0x55c2f147a1eb <unknown>\n#11 0x55c2f147df39 <unknown>\n#12 0x55c2f14612c9 <unknown>\n#13 0x55c2f147eae8 <unknown>\n#14 0x55c2f1445baf <unknown>\n#15 0x55c2f14a20a8 <unknown>\n#16 0x55c2f14a2286 <unknown>\n#17 0x55c2f14b3ff6 <unknown>\n#18 0x7f2c3389caa4 <unknown>\n#19 0x7f2c33929c3c <unknown>","time":{"start":1755761700503,"stop":1755761702530,"duration":2027}}]}}