{"uid":"4b4757e66a1912dae1a509f688f20b0f","children":[{"name":"Test defects","children":[{"name":"selenium.common.exceptions.NoSuchElementException: Message: no such element: Unable to locate element: {\"method\":\"css selector\",\"selector\":\"[data-test=\"CookiesPopup-Accept\"]\"}\n  (Session info: chrome=139.0.7258.127); For documentation on this error, please visit: https://www.selenium.dev/documentation/webdriver/troubleshooting/errors#nosuchelementexception\nStacktrace:\n#0 0x5591c3cc901a <unknown>\n#1 0x5591c3768a70 <unknown>\n#2 0x5591c37ba907 <unknown>\n#3 0x5591c37bab01 <unknown>\n#4 0x5591c3808d54 <unknown>\n#5 0x5591c37e040d <unknown>\n#6 0x5591c380614f <unknown>\n#7 0x5591c37e01b3 <unknown>\n#8 0x5591c37ac59b <unknown>\n#9 0x5591c37ad971 <unknown>\n#10 0x5591c3c8e1eb <unknown>\n#11 0x5591c3c91f39 <unknown>\n#12 0x5591c3c752c9 <unknown>\n#13 0x5591c3c92ae8 <unknown>\n#14 0x5591c3c59baf <unknown>\n#15 0x5591c3cb60a8 <unknown>\n#16 0x5591c3cb6286 <unknown>\n#17 0x5591c3cc7ff6 <unknown>\n#18 0x7f46e1e9caa4 <unknown>\n#19 0x7f46e1f29c3c <unknown>","children":[{"name":"Coin Change Test","uid":"bd9293d5ec275c2d","parentUid":"1375f13070e052ab5ce401258ae7cfd2","status":"broken","time":{"start":1755764764616,"stop":1755764766305,"duration":1689},"flaky":false,"newFailed":false,"newPassed":false,"newBroken":false,"retriesCount":0,"retriesStatusChange":false,"parameters":[],"tags":[]},{"name":"Country Change Test","uid":"5a25613638765d5f","parentUid":"1375f13070e052ab5ce401258ae7cfd2","status":"broken","time":{"start":1755764766468,"stop":1755764767480,"duration":1012},"flaky":false,"newFailed":false,"newPassed":false,"newBroken":false,"retriesCount":0,"retriesStatusChange":false,"parameters":[],"tags":[]}],"uid":"1375f13070e052ab5ce401258ae7cfd2"},{"name":"selenium.common.exceptions.NoSuchElementException: Message: no such element: Unable to locate element: {\"method\":\"css selector\",\"selector\":\"#cookie_consent > div > div > div > section > div.orbit-stack.items-start.content-start.flex-nowrap.grow.shrink-0.justify-start.flex-row.flex.gap-400.w-full > button.space-x-200.rtl\\:space-x-reverse.h-form-box-normal.text-normal.bg-button-secondary-background.hover\\:bg-button-secondary-background-hover.active\\:bg-button-secondary-background-active.disabled\\:bg-button-secondary-background.focus\\:bg-button-secondary-background-focus.text-button-secondary-foreground.focus\\:text-button-secondary-foreground-focus.active\\:text-button-secondary-foreground-active.hover\\:text-button-secondary-foreground-hover.disabled\\:text-button-secondary-foreground.active\\:shadow-button-active-pale.px-button-padding-md.orbit-button-primitive.font-base.duration-fast.group.relative.max-w-full.select-none.items-center.justify-center.border-none.text-center.leading-none.transition-all.\\*\\:align-middle.\\[\\&_\\.orbit-loading-spinner\\]\\:stroke-current.w-full.flex-auto.rounded-150.tb\\:rounded-100.cursor-pointer.hover\\:no-underline.focus\\:no-underline.active\\:no-underline.flex.font-medium > div\"}\n  (Session info: chrome=139.0.7258.127); For documentation on this error, please visit: https://www.selenium.dev/documentation/webdriver/troubleshooting/errors#nosuchelementexception\nStacktrace:\n#0 0x55c5e468901a <unknown>\n#1 0x55c5e4128a70 <unknown>\n#2 0x55c5e417a907 <unknown>\n#3 0x55c5e417ab01 <unknown>\n#4 0x55c5e41c8d54 <unknown>\n#5 0x55c5e41a040d <unknown>\n#6 0x55c5e41c614f <unknown>\n#7 0x55c5e41a01b3 <unknown>\n#8 0x55c5e416c59b <unknown>\n#9 0x55c5e416d971 <unknown>\n#10 0x55c5e464e1eb <unknown>\n#11 0x55c5e4651f39 <unknown>\n#12 0x55c5e46352c9 <unknown>\n#13 0x55c5e4652ae8 <unknown>\n#14 0x55c5e4619baf <unknown>\n#15 0x55c5e46760a8 <unknown>\n#16 0x55c5e4676286 <unknown>\n#17 0x55c5e4687ff6 <unknown>\n#18 0x7f092429caa4 <unknown>\n#19 0x7f0924329c3c <unknown>","children":[{"name":"Cookie Customization Test","uid":"c7876f4c97f3e9ed","parentUid":"7bf28c203d40dd06f67b943527445967","status":"broken","time":{"start":1755764767980,"stop":1755764771996,"duration":4016},"flaky":false,"newFailed":false,"newPassed":false,"newBroken":false,"retriesCount":0,"retriesStatusChange":false,"parameters":[],"tags":[]}],"uid":"7bf28c203d40dd06f67b943527445967"},{"name":"selenium.common.exceptions.NoSuchElementException: Message: no such element: Unable to locate element: {\"method\":\"css selector\",\"selector\":\"[data-test=\"CookiesPopup-Accept\"]\"}\n  (Session info: chrome=139.0.7258.127); For documentation on this error, please visit: https://www.selenium.dev/documentation/webdriver/troubleshooting/errors#nosuchelementexception\nStacktrace:\n#0 0x55c5e468901a <unknown>\n#1 0x55c5e4128a70 <unknown>\n#2 0x55c5e417a907 <unknown>\n#3 0x55c5e417ab01 <unknown>\n#4 0x55c5e41c8d54 <unknown>\n#5 0x55c5e41a040d <unknown>\n#6 0x55c5e41c614f <unknown>\n#7 0x55c5e41a01b3 <unknown>\n#8 0x55c5e416c59b <unknown>\n#9 0x55c5e416d971 <unknown>\n#10 0x55c5e464e1eb <unknown>\n#11 0x55c5e4651f39 <unknown>\n#12 0x55c5e46352c9 <unknown>\n#13 0x55c5e4652ae8 <unknown>\n#14 0x55c5e4619baf <unknown>\n#15 0x55c5e46760a8 <unknown>\n#16 0x55c5e4676286 <unknown>\n#17 0x55c5e4687ff6 <unknown>\n#18 0x7f092429caa4 <unknown>\n#19 0x7f0924329c3c <unknown>","children":[{"name":"Links check Test","uid":"5c67cb15750387ad","parentUid":"66090968ad6b123091fbdbee6639beec","status":"broken","time":{"start":1755764772104,"stop":1755764773118,"duration":1014},"flaky":false,"newFailed":false,"newPassed":false,"newBroken":false,"retriesCount":0,"retriesStatusChange":false,"parameters":[],"tags":[]}],"uid":"66090968ad6b123091fbdbee6639beec"},{"name":"selenium.common.exceptions.NoSuchElementException: Message: no such element: Unable to locate element: {\"method\":\"css selector\",\"selector\":\"div.lm\\:mb-100.mb-300.flex.items-center.tb\\:justify-start.justify-between > div:nth-child(2) > div:nth-child(1) > div\"}\n  (Session info: chrome=139.0.7258.127); For documentation on this error, please visit: https://www.selenium.dev/documentation/webdriver/troubleshooting/errors#nosuchelementexception\nStacktrace:\n#0 0x55c5e468901a <unknown>\n#1 0x55c5e4128a70 <unknown>\n#2 0x55c5e417a907 <unknown>\n#3 0x55c5e417ab01 <unknown>\n#4 0x55c5e41c8d54 <unknown>\n#5 0x55c5e41a040d <unknown>\n#6 0x55c5e41c614f <unknown>\n#7 0x55c5e41a01b3 <unknown>\n#8 0x55c5e416c59b <unknown>\n#9 0x55c5e416d971 <unknown>\n#10 0x55c5e464e1eb <unknown>\n#11 0x55c5e4651f39 <unknown>\n#12 0x55c5e46352c9 <unknown>\n#13 0x55c5e4652ae8 <unknown>\n#14 0x55c5e4619baf <unknown>\n#15 0x55c5e46760a8 <unknown>\n#16 0x55c5e4676286 <unknown>\n#17 0x55c5e4687ff6 <unknown>\n#18 0x7f092429caa4 <unknown>\n#19 0x7f0924329c3c <unknown>","children":[{"name":"class ticket selection Test","uid":"fa65fa116d1cb3bd","parentUid":"beaa9c8d4f8e9107ed172d76332d224e","status":"broken","time":{"start":1755764780353,"stop":1755764782409,"duration":2056},"flaky":false,"newFailed":false,"newPassed":false,"newBroken":false,"retriesCount":0,"retriesStatusChange":false,"parameters":[],"tags":[]},{"name":"Order first class ticket Test","uid":"4d5ae5426ca0a5c","parentUid":"beaa9c8d4f8e9107ed172d76332d224e","status":"broken","time":{"start":1755764798436,"stop":1755764800458,"duration":2022},"flaky":false,"newFailed":false,"newPassed":false,"newBroken":false,"retriesCount":0,"retriesStatusChange":false,"parameters":[],"tags":[]},{"name":"premium class ticket selection Test","uid":"4373011480bd4b8a","parentUid":"beaa9c8d4f8e9107ed172d76332d224e","status":"broken","time":{"start":1755764805719,"stop":1755764807742,"duration":2023},"flaky":false,"newFailed":false,"newPassed":false,"newBroken":false,"retriesCount":0,"retriesStatusChange":false,"parameters":[],"tags":[]},{"name":"business class ticket selection Test","uid":"236646155d588790","parentUid":"beaa9c8d4f8e9107ed172d76332d224e","status":"broken","time":{"start":1755764807852,"stop":1755764809875,"duration":2023},"flaky":false,"newFailed":false,"newPassed":false,"newBroken":false,"retriesCount":0,"retriesStatusChange":false,"parameters":[],"tags":[]}],"uid":"beaa9c8d4f8e9107ed172d76332d224e"},{"name":"selenium.common.exceptions.NoSuchElementException: Message: no such element: Unable to locate element: {\"method\":\"css selector\",\"selector\":\"[data-test=\"PlacePickerInputPlace-close\"]\"}\n  (Session info: chrome=139.0.7258.127); For documentation on this error, please visit: https://www.selenium.dev/documentation/webdriver/troubleshooting/errors#nosuchelementexception\nStacktrace:\n#0 0x55c5e468901a <unknown>\n#1 0x55c5e4128a70 <unknown>\n#2 0x55c5e417a907 <unknown>\n#3 0x55c5e417ab01 <unknown>\n#4 0x55c5e41c8d54 <unknown>\n#5 0x55c5e41a040d <unknown>\n#6 0x55c5e41c614f <unknown>\n#7 0x55c5e41a01b3 <unknown>\n#8 0x55c5e416c59b <unknown>\n#9 0x55c5e416d971 <unknown>\n#10 0x55c5e464e1eb <unknown>\n#11 0x55c5e4651f39 <unknown>\n#12 0x55c5e46352c9 <unknown>\n#13 0x55c5e4652ae8 <unknown>\n#14 0x55c5e4619baf <unknown>\n#15 0x55c5e46760a8 <unknown>\n#16 0x55c5e4676286 <unknown>\n#17 0x55c5e4687ff6 <unknown>\n#18 0x7f092429caa4 <unknown>\n#19 0x7f0924329c3c <unknown>","children":[{"name":"origin selection Test","uid":"a2263bdb5fd2db0f","parentUid":"2fee8dae8e59d62a931f4b6449e960e3","status":"broken","time":{"start":1755764785636,"stop":1755764787662,"duration":2026},"flaky":false,"newFailed":false,"newPassed":false,"newBroken":false,"retriesCount":0,"retriesStatusChange":false,"parameters":[],"tags":[]},{"name":"economy ticket order Test","uid":"a8d4b7cc618c7d23","parentUid":"2fee8dae8e59d62a931f4b6449e960e3","status":"broken","time":{"start":1755764800569,"stop":1755764805603,"duration":5034},"flaky":false,"newFailed":false,"newPassed":false,"newBroken":false,"retriesCount":0,"retriesStatusChange":false,"parameters":[],"tags":[]},{"name":"switching location selection Test","uid":"b8c01eb7e84cce13","parentUid":"2fee8dae8e59d62a931f4b6449e960e3","status":"broken","time":{"start":1755764809986,"stop":1755764812010,"duration":2024},"flaky":false,"newFailed":false,"newPassed":false,"newBroken":false,"retriesCount":0,"retriesStatusChange":false,"parameters":[],"tags":[]}],"uid":"2fee8dae8e59d62a931f4b6449e960e3"},{"name":"selenium.common.exceptions.NoSuchElementException: Message: no such element: Unable to locate element: {\"method\":\"css selector\",\"selector\":\"#destination\"}\n  (Session info: chrome=139.0.7258.127); For documentation on this error, please visit: https://www.selenium.dev/documentation/webdriver/troubleshooting/errors#nosuchelementexception\nStacktrace:\n#0 0x55c5e468901a <unknown>\n#1 0x55c5e4128a70 <unknown>\n#2 0x55c5e417a907 <unknown>\n#3 0x55c5e417ab01 <unknown>\n#4 0x55c5e41c8d54 <unknown>\n#5 0x55c5e41a040d <unknown>\n#6 0x55c5e41c614f <unknown>\n#7 0x55c5e41a01b3 <unknown>\n#8 0x55c5e416c59b <unknown>\n#9 0x55c5e416d971 <unknown>\n#10 0x55c5e464e1eb <unknown>\n#11 0x55c5e4651f39 <unknown>\n#12 0x55c5e46352c9 <unknown>\n#13 0x55c5e4652ae8 <unknown>\n#14 0x55c5e4619baf <unknown>\n#15 0x55c5e46760a8 <unknown>\n#16 0x55c5e4676286 <unknown>\n#17 0x55c5e4687ff6 <unknown>\n#18 0x7f092429caa4 <unknown>\n#19 0x7f0924329c3c <unknown>","children":[{"name":"Destination selection Test","uid":"13da1918f5ba6f62","parentUid":"2312ef9dcd10b4b8dabf425862046659","status":"broken","time":{"start":1755764787770,"stop":1755764789795,"duration":2025},"flaky":false,"newFailed":false,"newPassed":false,"newBroken":false,"retriesCount":0,"retriesStatusChange":false,"parameters":[],"tags":[]}],"uid":"2312ef9dcd10b4b8dabf425862046659"},{"name":"selenium.common.exceptions.NoSuchElementException: Message: no such element: Unable to locate element: {\"method\":\"css selector\",\"selector\":\"#outboundDate\"}\n  (Session info: chrome=139.0.7258.127); For documentation on this error, please visit: https://www.selenium.dev/documentation/webdriver/troubleshooting/errors#nosuchelementexception\nStacktrace:\n#0 0x55c5e468901a <unknown>\n#1 0x55c5e4128a70 <unknown>\n#2 0x55c5e417a907 <unknown>\n#3 0x55c5e417ab01 <unknown>\n#4 0x55c5e41c8d54 <unknown>\n#5 0x55c5e41a040d <unknown>\n#6 0x55c5e41c614f <unknown>\n#7 0x55c5e41a01b3 <unknown>\n#8 0x55c5e416c59b <unknown>\n#9 0x55c5e416d971 <unknown>\n#10 0x55c5e464e1eb <unknown>\n#11 0x55c5e4651f39 <unknown>\n#12 0x55c5e46352c9 <unknown>\n#13 0x55c5e4652ae8 <unknown>\n#14 0x55c5e4619baf <unknown>\n#15 0x55c5e46760a8 <unknown>\n#16 0x55c5e4676286 <unknown>\n#17 0x55c5e4687ff6 <unknown>\n#18 0x7f092429caa4 <unknown>\n#19 0x7f0924329c3c <unknown>","children":[{"name":"departure date selection Test","uid":"16a321b948c8ba38","parentUid":"3093cdf3b36c69fcac97d7d3d4e0250c","status":"broken","time":{"start":1755764789903,"stop":1755764791928,"duration":2025},"flaky":false,"newFailed":false,"newPassed":false,"newBroken":false,"retriesCount":0,"retriesStatusChange":false,"parameters":[],"tags":[]},{"name":"departure and return dates selection Test","uid":"3bfe271587e610e9","parentUid":"3093cdf3b36c69fcac97d7d3d4e0250c","status":"broken","time":{"start":1755764794169,"stop":1755764796192,"duration":2023},"flaky":false,"newFailed":false,"newPassed":false,"newBroken":false,"retriesCount":0,"retriesStatusChange":false,"parameters":[],"tags":[]},{"name":"cancel departure and return dates selection Test","uid":"366113aef7e03f29","parentUid":"3093cdf3b36c69fcac97d7d3d4e0250c","status":"broken","time":{"start":1755764796303,"stop":1755764798326,"duration":2023},"flaky":false,"newFailed":false,"newPassed":false,"newBroken":false,"retriesCount":0,"retriesStatusChange":false,"parameters":[],"tags":[]}],"uid":"3093cdf3b36c69fcac97d7d3d4e0250c"},{"name":"selenium.common.exceptions.NoSuchElementException: Message: no such element: Unable to locate element: {\"method\":\"css selector\",\"selector\":\"#inboundDate\"}\n  (Session info: chrome=139.0.7258.127); For documentation on this error, please visit: https://www.selenium.dev/documentation/webdriver/troubleshooting/errors#nosuchelementexception\nStacktrace:\n#0 0x55c5e468901a <unknown>\n#1 0x55c5e4128a70 <unknown>\n#2 0x55c5e417a907 <unknown>\n#3 0x55c5e417ab01 <unknown>\n#4 0x55c5e41c8d54 <unknown>\n#5 0x55c5e41a040d <unknown>\n#6 0x55c5e41c614f <unknown>\n#7 0x55c5e41a01b3 <unknown>\n#8 0x55c5e416c59b <unknown>\n#9 0x55c5e416d971 <unknown>\n#10 0x55c5e464e1eb <unknown>\n#11 0x55c5e4651f39 <unknown>\n#12 0x55c5e46352c9 <unknown>\n#13 0x55c5e4652ae8 <unknown>\n#14 0x55c5e4619baf <unknown>\n#15 0x55c5e46760a8 <unknown>\n#16 0x55c5e4676286 <unknown>\n#17 0x55c5e4687ff6 <unknown>\n#18 0x7f092429caa4 <unknown>\n#19 0x7f0924329c3c <unknown>","children":[{"name":"return date selection Test","uid":"88d02532c6549705","parentUid":"4d8c29831d467d86812b74e07fcc8f54","status":"broken","time":{"start":1755764792036,"stop":1755764794061,"duration":2025},"flaky":false,"newFailed":false,"newPassed":false,"newBroken":false,"retriesCount":0,"retriesStatusChange":false,"parameters":[],"tags":[]}],"uid":"4d8c29831d467d86812b74e07fcc8f54"},{"name":"selenium.common.exceptions.NoSuchElementException: Message: no such element: Unable to locate element: {\"method\":\"css selector\",\"selector\":\"#origin\"}\n  (Session info: chrome=139.0.7258.127); For documentation on this error, please visit: https://www.selenium.dev/documentation/webdriver/troubleshooting/errors#nosuchelementexception\nStacktrace:\n#0 0x55c5e468901a <unknown>\n#1 0x55c5e4128a70 <unknown>\n#2 0x55c5e417a907 <unknown>\n#3 0x55c5e417ab01 <unknown>\n#4 0x55c5e41c8d54 <unknown>\n#5 0x55c5e41a040d <unknown>\n#6 0x55c5e41c614f <unknown>\n#7 0x55c5e41a01b3 <unknown>\n#8 0x55c5e416c59b <unknown>\n#9 0x55c5e416d971 <unknown>\n#10 0x55c5e464e1eb <unknown>\n#11 0x55c5e4651f39 <unknown>\n#12 0x55c5e46352c9 <unknown>\n#13 0x55c5e4652ae8 <unknown>\n#14 0x55c5e4619baf <unknown>\n#15 0x55c5e46760a8 <unknown>\n#16 0x55c5e4676286 <unknown>\n#17 0x55c5e4687ff6 <unknown>\n#18 0x7f092429caa4 <unknown>\n#19 0x7f0924329c3c <unknown>","children":[{"name":"Multiple cities selection Test","uid":"7abe89bf4a9fca29","parentUid":"979c8516b4888d173696d71e6a21dfb8","status":"broken","time":{"start":1755764812119,"stop":1755764813144,"duration":1025},"flaky":false,"newFailed":false,"newPassed":false,"newBroken":false,"retriesCount":0,"retriesStatusChange":false,"parameters":[],"tags":[]}],"uid":"979c8516b4888d173696d71e6a21dfb8"},{"name":"selenium.common.exceptions.NoSuchElementException: Message: no such element: Unable to locate element: {\"method\":\"css selector\",\"selector\":\"[data-test=\"CookiesPopup-Accept\"]\"}\n  (Session info: chrome=139.0.7258.127); For documentation on this error, please visit: https://www.selenium.dev/documentation/webdriver/troubleshooting/errors#nosuchelementexception\nStacktrace:\n#0 0x55a601b1601a <unknown>\n#1 0x55a6015b5a70 <unknown>\n#2 0x55a601607907 <unknown>\n#3 0x55a601607b01 <unknown>\n#4 0x55a601655d54 <unknown>\n#5 0x55a60162d40d <unknown>\n#6 0x55a60165314f <unknown>\n#7 0x55a60162d1b3 <unknown>\n#8 0x55a6015f959b <unknown>\n#9 0x55a6015fa971 <unknown>\n#10 0x55a601adb1eb <unknown>\n#11 0x55a601adef39 <unknown>\n#12 0x55a601ac22c9 <unknown>\n#13 0x55a601adfae8 <unknown>\n#14 0x55a601aa6baf <unknown>\n#15 0x55a601b030a8 <unknown>\n#16 0x55a601b03286 <unknown>\n#17 0x55a601b14ff6 <unknown>\n#18 0x7f76d669caa4 <unknown>\n#19 0x7f76d6729c3c <unknown>","children":[{"name":"failed signup Test","uid":"bd7086d2a705bc09","parentUid":"4ca175ddef60d27ab32136fc212a7c0e","status":"broken","time":{"start":1755764813667,"stop":1755764814682,"duration":1015},"flaky":false,"newFailed":false,"newPassed":false,"newBroken":false,"retriesCount":0,"retriesStatusChange":false,"parameters":[],"tags":[]},{"name":"wrong format signup Test","uid":"eadbc70e3f60eea8","parentUid":"4ca175ddef60d27ab32136fc212a7c0e","status":"broken","time":{"start":1755764814785,"stop":1755764815798,"duration":1013},"flaky":false,"newFailed":false,"newPassed":false,"newBroken":false,"retriesCount":0,"retriesStatusChange":false,"parameters":[],"tags":[]},{"name":"incorrect booking Test","uid":"f4e8a4cb0f2b9672","parentUid":"4ca175ddef60d27ab32136fc212a7c0e","status":"broken","time":{"start":1755764815902,"stop":1755764816914,"duration":1012},"flaky":false,"newFailed":false,"newPassed":false,"newBroken":false,"retriesCount":0,"retriesStatusChange":false,"parameters":[],"tags":[]}],"uid":"4ca175ddef60d27ab32136fc212a7c0e"}],"uid":"bdbf199525818fae7a8651db9eafe741"},{"name":"Product defects","children":[{"name":"AssertionError: assert 'No trip selector available' == 'Return'\n  \n  - Return\n  + No trip selector available","children":[{"name":"trip ticket selection Test","uid":"5c4a9a42aa96421d","parentUid":"6287640cd7abd672b83738f0b68948a7","status":"failed","time":{"start":1755764773220,"stop":1755764780278,"duration":7058},"flaky":false,"newFailed":false,"newPassed":false,"newBroken":false,"retriesCount":0,"retriesStatusChange":false,"parameters":[],"tags":[]}],"uid":"6287640cd7abd672b83738f0b68948a7"},{"name":"AssertionError: assert 'Error' in '3 Passengers'","children":[{"name":"passengers ticket selection Test","uid":"51164662141027dd","parentUid":"5272a561a62ed86b0ea01409f8840fab","status":"failed","time":{"start":1755764782520,"stop":1755764785555,"duration":3035},"flaky":false,"newFailed":false,"newPassed":false,"newBroken":false,"retriesCount":0,"retriesStatusChange":false,"parameters":[],"tags":[]}],"uid":"5272a561a62ed86b0ea01409f8840fab"}],"uid":"8fb3a91ba5aaf9de24cc8a92edc82b5d"}],"name":"categories"}