{"uid":"4b4757e66a1912dae1a509f688f20b0f","children":[{"name":"Test defects","children":[{"name":"selenium.common.exceptions.NoSuchElementException: Message: no such element: Unable to locate element: {\"method\":\"css selector\",\"selector\":\"[data-test=\"CookiesPopup-Accept\"]\"}\n  (Session info: chrome=139.0.7258.127); For documentation on this error, please visit: https://www.selenium.dev/documentation/webdriver/troubleshooting/errors#nosuchelementexception\nStacktrace:\n#0 0x55a654a6501a <unknown>\n#1 0x55a654504a70 <unknown>\n#2 0x55a654556907 <unknown>\n#3 0x55a654556b01 <unknown>\n#4 0x55a6545a4d54 <unknown>\n#5 0x55a65457c40d <unknown>\n#6 0x55a6545a214f <unknown>\n#7 0x55a65457c1b3 <unknown>\n#8 0x55a65454859b <unknown>\n#9 0x55a654549971 <unknown>\n#10 0x55a654a2a1eb <unknown>\n#11 0x55a654a2df39 <unknown>\n#12 0x55a654a112c9 <unknown>\n#13 0x55a654a2eae8 <unknown>\n#14 0x55a6549f5baf <unknown>\n#15 0x55a654a520a8 <unknown>\n#16 0x55a654a52286 <unknown>\n#17 0x55a654a63ff6 <unknown>\n#18 0x7f1a7cc9caa4 <unknown>\n#19 0x7f1a7cd29c3c <unknown>","children":[{"name":"Coin Change Test","uid":"3fb7ae8380bfc1f4","parentUid":"ed9a9437f056e0c0a93528005bb33d5a","status":"broken","time":{"start":1755762230213,"stop":1755762231620,"duration":1407},"flaky":false,"newFailed":false,"newPassed":false,"newBroken":false,"retriesCount":0,"retriesStatusChange":false,"parameters":[],"tags":[]},{"name":"Country Change Test","uid":"c35048a82f582e7e","parentUid":"ed9a9437f056e0c0a93528005bb33d5a","status":"broken","time":{"start":1755762231902,"stop":1755762232915,"duration":1013},"flaky":false,"newFailed":false,"newPassed":false,"newBroken":false,"retriesCount":0,"retriesStatusChange":false,"parameters":[],"tags":[]}],"uid":"ed9a9437f056e0c0a93528005bb33d5a"},{"name":"selenium.common.exceptions.NoSuchElementException: Message: no such element: Unable to locate element: {\"method\":\"css selector\",\"selector\":\"#cookie_consent > div > div > div > section > div.orbit-stack.items-start.content-start.flex-nowrap.grow.shrink-0.justify-start.flex-row.flex.gap-400.w-full > button.space-x-200.rtl\\:space-x-reverse.h-form-box-normal.text-normal.bg-button-secondary-background.hover\\:bg-button-secondary-background-hover.active\\:bg-button-secondary-background-active.disabled\\:bg-button-secondary-background.focus\\:bg-button-secondary-background-focus.text-button-secondary-foreground.focus\\:text-button-secondary-foreground-focus.active\\:text-button-secondary-foreground-active.hover\\:text-button-secondary-foreground-hover.disabled\\:text-button-secondary-foreground.active\\:shadow-button-active-pale.px-button-padding-md.orbit-button-primitive.font-base.duration-fast.group.relative.max-w-full.select-none.items-center.justify-center.border-none.text-center.leading-none.transition-all.\\*\\:align-middle.\\[\\&_\\.orbit-loading-spinner\\]\\:stroke-current.w-full.flex-auto.rounded-150.tb\\:rounded-100.cursor-pointer.hover\\:no-underline.focus\\:no-underline.active\\:no-underline.flex.font-medium > div\"}\n  (Session info: chrome=139.0.7258.127); For documentation on this error, please visit: https://www.selenium.dev/documentation/webdriver/troubleshooting/errors#nosuchelementexception\nStacktrace:\n#0 0x557fc102201a <unknown>\n#1 0x557fc0ac1a70 <unknown>\n#2 0x557fc0b13907 <unknown>\n#3 0x557fc0b13b01 <unknown>\n#4 0x557fc0b61d54 <unknown>\n#5 0x557fc0b3940d <unknown>\n#6 0x557fc0b5f14f <unknown>\n#7 0x557fc0b391b3 <unknown>\n#8 0x557fc0b0559b <unknown>\n#9 0x557fc0b06971 <unknown>\n#10 0x557fc0fe71eb <unknown>\n#11 0x557fc0feaf39 <unknown>\n#12 0x557fc0fce2c9 <unknown>\n#13 0x557fc0febae8 <unknown>\n#14 0x557fc0fb2baf <unknown>\n#15 0x557fc100f0a8 <unknown>\n#16 0x557fc100f286 <unknown>\n#17 0x557fc1020ff6 <unknown>\n#18 0x7f027209caa4 <unknown>\n#19 0x7f0272129c3c <unknown>","children":[{"name":"Cookie Customization Test","uid":"95a694b7cbbe696b","parentUid":"8ac29759d12e0895bac8fd4692763df4","status":"broken","time":{"start":1755762233450,"stop":1755762237467,"duration":4017},"flaky":false,"newFailed":false,"newPassed":false,"newBroken":false,"retriesCount":0,"retriesStatusChange":false,"parameters":[],"tags":[]}],"uid":"8ac29759d12e0895bac8fd4692763df4"},{"name":"selenium.common.exceptions.NoSuchElementException: Message: no such element: Unable to locate element: {\"method\":\"css selector\",\"selector\":\"[data-test=\"CookiesPopup-Accept\"]\"}\n  (Session info: chrome=139.0.7258.127); For documentation on this error, please visit: https://www.selenium.dev/documentation/webdriver/troubleshooting/errors#nosuchelementexception\nStacktrace:\n#0 0x557fc102201a <unknown>\n#1 0x557fc0ac1a70 <unknown>\n#2 0x557fc0b13907 <unknown>\n#3 0x557fc0b13b01 <unknown>\n#4 0x557fc0b61d54 <unknown>\n#5 0x557fc0b3940d <unknown>\n#6 0x557fc0b5f14f <unknown>\n#7 0x557fc0b391b3 <unknown>\n#8 0x557fc0b0559b <unknown>\n#9 0x557fc0b06971 <unknown>\n#10 0x557fc0fe71eb <unknown>\n#11 0x557fc0feaf39 <unknown>\n#12 0x557fc0fce2c9 <unknown>\n#13 0x557fc0febae8 <unknown>\n#14 0x557fc0fb2baf <unknown>\n#15 0x557fc100f0a8 <unknown>\n#16 0x557fc100f286 <unknown>\n#17 0x557fc1020ff6 <unknown>\n#18 0x7f027209caa4 <unknown>\n#19 0x7f0272129c3c <unknown>","children":[{"name":"Links check Test","uid":"d11af58693c86d82","parentUid":"e127958930adb4bd743dd9ce178dee70","status":"broken","time":{"start":1755762237570,"stop":1755762238585,"duration":1015},"flaky":false,"newFailed":false,"newPassed":false,"newBroken":false,"retriesCount":0,"retriesStatusChange":false,"parameters":[],"tags":[]}],"uid":"e127958930adb4bd743dd9ce178dee70"},{"name":"selenium.common.exceptions.NoSuchElementException: Message: no such element: Unable to locate element: {\"method\":\"css selector\",\"selector\":\"div.lm\\:mb-100.mb-300.flex.items-center.tb\\:justify-start.justify-between > div:nth-child(2) > div:nth-child(1) > div\"}\n  (Session info: chrome=139.0.7258.127); For documentation on this error, please visit: https://www.selenium.dev/documentation/webdriver/troubleshooting/errors#nosuchelementexception\nStacktrace:\n#0 0x557fc102201a <unknown>\n#1 0x557fc0ac1a70 <unknown>\n#2 0x557fc0b13907 <unknown>\n#3 0x557fc0b13b01 <unknown>\n#4 0x557fc0b61d54 <unknown>\n#5 0x557fc0b3940d <unknown>\n#6 0x557fc0b5f14f <unknown>\n#7 0x557fc0b391b3 <unknown>\n#8 0x557fc0b0559b <unknown>\n#9 0x557fc0b06971 <unknown>\n#10 0x557fc0fe71eb <unknown>\n#11 0x557fc0feaf39 <unknown>\n#12 0x557fc0fce2c9 <unknown>\n#13 0x557fc0febae8 <unknown>\n#14 0x557fc0fb2baf <unknown>\n#15 0x557fc100f0a8 <unknown>\n#16 0x557fc100f286 <unknown>\n#17 0x557fc1020ff6 <unknown>\n#18 0x7f027209caa4 <unknown>\n#19 0x7f0272129c3c <unknown>","children":[{"name":"class ticket selection Test","uid":"92bf3c02c712782e","parentUid":"c7028f4c76b6a47112d4783d608a3705","status":"broken","time":{"start":1755762245836,"stop":1755762247955,"duration":2119},"flaky":false,"newFailed":false,"newPassed":false,"newBroken":false,"retriesCount":0,"retriesStatusChange":false,"parameters":[],"tags":[]},{"name":"Order first class ticket Test","uid":"8f15137202939167","parentUid":"c7028f4c76b6a47112d4783d608a3705","status":"broken","time":{"start":1755762264039,"stop":1755762266064,"duration":2025},"flaky":false,"newFailed":false,"newPassed":false,"newBroken":false,"retriesCount":0,"retriesStatusChange":false,"parameters":[],"tags":[]},{"name":"premium class ticket selection Test","uid":"ae5a2d263237cdcd","parentUid":"c7028f4c76b6a47112d4783d608a3705","status":"broken","time":{"start":1755762271335,"stop":1755762273360,"duration":2025},"flaky":false,"newFailed":false,"newPassed":false,"newBroken":false,"retriesCount":0,"retriesStatusChange":false,"parameters":[],"tags":[]},{"name":"business class ticket selection Test","uid":"562912e87d2ed073","parentUid":"c7028f4c76b6a47112d4783d608a3705","status":"broken","time":{"start":1755762273470,"stop":1755762275495,"duration":2025},"flaky":false,"newFailed":false,"newPassed":false,"newBroken":false,"retriesCount":0,"retriesStatusChange":false,"parameters":[],"tags":[]}],"uid":"c7028f4c76b6a47112d4783d608a3705"},{"name":"selenium.common.exceptions.NoSuchElementException: Message: no such element: Unable to locate element: {\"method\":\"css selector\",\"selector\":\"[data-test=\"PlacePickerInputPlace-close\"]\"}\n  (Session info: chrome=139.0.7258.127); For documentation on this error, please visit: https://www.selenium.dev/documentation/webdriver/troubleshooting/errors#nosuchelementexception\nStacktrace:\n#0 0x557fc102201a <unknown>\n#1 0x557fc0ac1a70 <unknown>\n#2 0x557fc0b13907 <unknown>\n#3 0x557fc0b13b01 <unknown>\n#4 0x557fc0b61d54 <unknown>\n#5 0x557fc0b3940d <unknown>\n#6 0x557fc0b5f14f <unknown>\n#7 0x557fc0b391b3 <unknown>\n#8 0x557fc0b0559b <unknown>\n#9 0x557fc0b06971 <unknown>\n#10 0x557fc0fe71eb <unknown>\n#11 0x557fc0feaf39 <unknown>\n#12 0x557fc0fce2c9 <unknown>\n#13 0x557fc0febae8 <unknown>\n#14 0x557fc0fb2baf <unknown>\n#15 0x557fc100f0a8 <unknown>\n#16 0x557fc100f286 <unknown>\n#17 0x557fc1020ff6 <unknown>\n#18 0x7f027209caa4 <unknown>\n#19 0x7f0272129c3c <unknown>","children":[{"name":"origin selection Test","uid":"86f46118755bb775","parentUid":"9381cdc075a125dd34b2aa4e7dd38e00","status":"broken","time":{"start":1755762251185,"stop":1755762253213,"duration":2028},"flaky":false,"newFailed":false,"newPassed":false,"newBroken":false,"retriesCount":0,"retriesStatusChange":false,"parameters":[],"tags":[]},{"name":"economy ticket order Test","uid":"470155d5b6b77c53","parentUid":"9381cdc075a125dd34b2aa4e7dd38e00","status":"broken","time":{"start":1755762266185,"stop":1755762271222,"duration":5037},"flaky":false,"newFailed":false,"newPassed":false,"newBroken":false,"retriesCount":0,"retriesStatusChange":false,"parameters":[],"tags":[]},{"name":"switching location selection Test","uid":"86d9b757a5f2356","parentUid":"9381cdc075a125dd34b2aa4e7dd38e00","status":"broken","time":{"start":1755762275603,"stop":1755762277628,"duration":2025},"flaky":false,"newFailed":false,"newPassed":false,"newBroken":false,"retriesCount":0,"retriesStatusChange":false,"parameters":[],"tags":[]}],"uid":"9381cdc075a125dd34b2aa4e7dd38e00"},{"name":"selenium.common.exceptions.NoSuchElementException: Message: no such element: Unable to locate element: {\"method\":\"css selector\",\"selector\":\"#destination\"}\n  (Session info: chrome=139.0.7258.127); For documentation on this error, please visit: https://www.selenium.dev/documentation/webdriver/troubleshooting/errors#nosuchelementexception\nStacktrace:\n#0 0x557fc102201a <unknown>\n#1 0x557fc0ac1a70 <unknown>\n#2 0x557fc0b13907 <unknown>\n#3 0x557fc0b13b01 <unknown>\n#4 0x557fc0b61d54 <unknown>\n#5 0x557fc0b3940d <unknown>\n#6 0x557fc0b5f14f <unknown>\n#7 0x557fc0b391b3 <unknown>\n#8 0x557fc0b0559b <unknown>\n#9 0x557fc0b06971 <unknown>\n#10 0x557fc0fe71eb <unknown>\n#11 0x557fc0feaf39 <unknown>\n#12 0x557fc0fce2c9 <unknown>\n#13 0x557fc0febae8 <unknown>\n#14 0x557fc0fb2baf <unknown>\n#15 0x557fc100f0a8 <unknown>\n#16 0x557fc100f286 <unknown>\n#17 0x557fc1020ff6 <unknown>\n#18 0x7f027209caa4 <unknown>\n#19 0x7f0272129c3c <unknown>","children":[{"name":"Destination selection Test","uid":"204eeeee91df1aa1","parentUid":"a6ad5b81440fc098a1083c6abacd42ea","status":"broken","time":{"start":1755762253322,"stop":1755762255350,"duration":2028},"flaky":false,"newFailed":false,"newPassed":false,"newBroken":false,"retriesCount":0,"retriesStatusChange":false,"parameters":[],"tags":[]}],"uid":"a6ad5b81440fc098a1083c6abacd42ea"},{"name":"selenium.common.exceptions.NoSuchElementException: Message: no such element: Unable to locate element: {\"method\":\"css selector\",\"selector\":\"#outboundDate\"}\n  (Session info: chrome=139.0.7258.127); For documentation on this error, please visit: https://www.selenium.dev/documentation/webdriver/troubleshooting/errors#nosuchelementexception\nStacktrace:\n#0 0x557fc102201a <unknown>\n#1 0x557fc0ac1a70 <unknown>\n#2 0x557fc0b13907 <unknown>\n#3 0x557fc0b13b01 <unknown>\n#4 0x557fc0b61d54 <unknown>\n#5 0x557fc0b3940d <unknown>\n#6 0x557fc0b5f14f <unknown>\n#7 0x557fc0b391b3 <unknown>\n#8 0x557fc0b0559b <unknown>\n#9 0x557fc0b06971 <unknown>\n#10 0x557fc0fe71eb <unknown>\n#11 0x557fc0feaf39 <unknown>\n#12 0x557fc0fce2c9 <unknown>\n#13 0x557fc0febae8 <unknown>\n#14 0x557fc0fb2baf <unknown>\n#15 0x557fc100f0a8 <unknown>\n#16 0x557fc100f286 <unknown>\n#17 0x557fc1020ff6 <unknown>\n#18 0x7f027209caa4 <unknown>\n#19 0x7f0272129c3c <unknown>","children":[{"name":"departure date selection Test","uid":"50d074af23cd5fbf","parentUid":"9afcb1fe1c1066b0fe032f8c0d2aac5d","status":"broken","time":{"start":1755762255469,"stop":1755762257497,"duration":2028},"flaky":false,"newFailed":false,"newPassed":false,"newBroken":false,"retriesCount":0,"retriesStatusChange":false,"parameters":[],"tags":[]},{"name":"departure and return dates selection Test","uid":"8007f6a8d1cef7ef","parentUid":"9afcb1fe1c1066b0fe032f8c0d2aac5d","status":"broken","time":{"start":1755762259769,"stop":1755762261794,"duration":2025},"flaky":false,"newFailed":false,"newPassed":false,"newBroken":false,"retriesCount":0,"retriesStatusChange":false,"parameters":[],"tags":[]},{"name":"cancel departure and return dates selection Test","uid":"d836cc2725b9dea7","parentUid":"9afcb1fe1c1066b0fe032f8c0d2aac5d","status":"broken","time":{"start":1755762261903,"stop":1755762263928,"duration":2025},"flaky":false,"newFailed":false,"newPassed":false,"newBroken":false,"retriesCount":0,"retriesStatusChange":false,"parameters":[],"tags":[]}],"uid":"9afcb1fe1c1066b0fe032f8c0d2aac5d"},{"name":"selenium.common.exceptions.NoSuchElementException: Message: no such element: Unable to locate element: {\"method\":\"css selector\",\"selector\":\"#inboundDate\"}\n  (Session info: chrome=139.0.7258.127); For documentation on this error, please visit: https://www.selenium.dev/documentation/webdriver/troubleshooting/errors#nosuchelementexception\nStacktrace:\n#0 0x557fc102201a <unknown>\n#1 0x557fc0ac1a70 <unknown>\n#2 0x557fc0b13907 <unknown>\n#3 0x557fc0b13b01 <unknown>\n#4 0x557fc0b61d54 <unknown>\n#5 0x557fc0b3940d <unknown>\n#6 0x557fc0b5f14f <unknown>\n#7 0x557fc0b391b3 <unknown>\n#8 0x557fc0b0559b <unknown>\n#9 0x557fc0b06971 <unknown>\n#10 0x557fc0fe71eb <unknown>\n#11 0x557fc0feaf39 <unknown>\n#12 0x557fc0fce2c9 <unknown>\n#13 0x557fc0febae8 <unknown>\n#14 0x557fc0fb2baf <unknown>\n#15 0x557fc100f0a8 <unknown>\n#16 0x557fc100f286 <unknown>\n#17 0x557fc1020ff6 <unknown>\n#18 0x7f027209caa4 <unknown>\n#19 0x7f0272129c3c <unknown>","children":[{"name":"return date selection Test","uid":"ce82b943a6213311","parentUid":"08054b9fb39d8bbe5ac1c4534766093f","status":"broken","time":{"start":1755762257619,"stop":1755762259647,"duration":2028},"flaky":false,"newFailed":false,"newPassed":false,"newBroken":false,"retriesCount":0,"retriesStatusChange":false,"parameters":[],"tags":[]}],"uid":"08054b9fb39d8bbe5ac1c4534766093f"},{"name":"selenium.common.exceptions.NoSuchElementException: Message: no such element: Unable to locate element: {\"method\":\"css selector\",\"selector\":\"#origin\"}\n  (Session info: chrome=139.0.7258.127); For documentation on this error, please visit: https://www.selenium.dev/documentation/webdriver/troubleshooting/errors#nosuchelementexception\nStacktrace:\n#0 0x557fc102201a <unknown>\n#1 0x557fc0ac1a70 <unknown>\n#2 0x557fc0b13907 <unknown>\n#3 0x557fc0b13b01 <unknown>\n#4 0x557fc0b61d54 <unknown>\n#5 0x557fc0b3940d <unknown>\n#6 0x557fc0b5f14f <unknown>\n#7 0x557fc0b391b3 <unknown>\n#8 0x557fc0b0559b <unknown>\n#9 0x557fc0b06971 <unknown>\n#10 0x557fc0fe71eb <unknown>\n#11 0x557fc0feaf39 <unknown>\n#12 0x557fc0fce2c9 <unknown>\n#13 0x557fc0febae8 <unknown>\n#14 0x557fc0fb2baf <unknown>\n#15 0x557fc100f0a8 <unknown>\n#16 0x557fc100f286 <unknown>\n#17 0x557fc1020ff6 <unknown>\n#18 0x7f027209caa4 <unknown>\n#19 0x7f0272129c3c <unknown>","children":[{"name":"Multiple cities selection Test","uid":"7a88e5a5ac67495f","parentUid":"45bf45e125eca9fcf927813d82d25f95","status":"broken","time":{"start":1755762277736,"stop":1755762278764,"duration":1028},"flaky":false,"newFailed":false,"newPassed":false,"newBroken":false,"retriesCount":0,"retriesStatusChange":false,"parameters":[],"tags":[]}],"uid":"45bf45e125eca9fcf927813d82d25f95"},{"name":"selenium.common.exceptions.NoSuchElementException: Message: no such element: Unable to locate element: {\"method\":\"css selector\",\"selector\":\"[data-test=\"CookiesPopup-Accept\"]\"}\n  (Session info: chrome=139.0.7258.127); For documentation on this error, please visit: https://www.selenium.dev/documentation/webdriver/troubleshooting/errors#nosuchelementexception\nStacktrace:\n#0 0x5576e9c9301a <unknown>\n#1 0x5576e9732a70 <unknown>\n#2 0x5576e9784907 <unknown>\n#3 0x5576e9784b01 <unknown>\n#4 0x5576e97d2d54 <unknown>\n#5 0x5576e97aa40d <unknown>\n#6 0x5576e97d014f <unknown>\n#7 0x5576e97aa1b3 <unknown>\n#8 0x5576e977659b <unknown>\n#9 0x5576e9777971 <unknown>\n#10 0x5576e9c581eb <unknown>\n#11 0x5576e9c5bf39 <unknown>\n#12 0x5576e9c3f2c9 <unknown>\n#13 0x5576e9c5cae8 <unknown>\n#14 0x5576e9c23baf <unknown>\n#15 0x5576e9c800a8 <unknown>\n#16 0x5576e9c80286 <unknown>\n#17 0x5576e9c91ff6 <unknown>\n#18 0x7fa104a9caa4 <unknown>\n#19 0x7fa104b29c3c <unknown>","children":[{"name":"failed signup Test","uid":"f4c5191e8e712d31","parentUid":"9f8da05f2fe1793324134d3b1a1e550d","status":"broken","time":{"start":1755762279313,"stop":1755762280329,"duration":1016},"flaky":false,"newFailed":false,"newPassed":false,"newBroken":false,"retriesCount":0,"retriesStatusChange":false,"parameters":[],"tags":[]},{"name":"wrong format signup Test","uid":"3a07fdc2f9b1938a","parentUid":"9f8da05f2fe1793324134d3b1a1e550d","status":"broken","time":{"start":1755762280434,"stop":1755762281447,"duration":1013},"flaky":false,"newFailed":false,"newPassed":false,"newBroken":false,"retriesCount":0,"retriesStatusChange":false,"parameters":[],"tags":[]},{"name":"incorrect booking Test","uid":"aa6ef958bad030d6","parentUid":"9f8da05f2fe1793324134d3b1a1e550d","status":"broken","time":{"start":1755762281550,"stop":1755762282563,"duration":1013},"flaky":false,"newFailed":false,"newPassed":false,"newBroken":false,"retriesCount":0,"retriesStatusChange":false,"parameters":[],"tags":[]}],"uid":"9f8da05f2fe1793324134d3b1a1e550d"}],"uid":"bdbf199525818fae7a8651db9eafe741"},{"name":"Product defects","children":[{"name":"AssertionError: assert 'No trip selector available' == 'Return'\n  \n  - Return\n  + No trip selector available","children":[{"name":"trip ticket selection Test","uid":"8ae107bbf6dde045","parentUid":"6287640cd7abd672b83738f0b68948a7","status":"failed","time":{"start":1755762238702,"stop":1755762245764,"duration":7062},"flaky":false,"newFailed":false,"newPassed":false,"newBroken":false,"retriesCount":0,"retriesStatusChange":false,"parameters":[],"tags":[]}],"uid":"6287640cd7abd672b83738f0b68948a7"},{"name":"AssertionError: assert 'Error' in '3 Passengers'","children":[{"name":"passengers ticket selection Test","uid":"502744b7734535e0","parentUid":"5272a561a62ed86b0ea01409f8840fab","status":"failed","time":{"start":1755762248068,"stop":1755762251108,"duration":3040},"flaky":false,"newFailed":false,"newPassed":false,"newBroken":false,"retriesCount":0,"retriesStatusChange":false,"parameters":[],"tags":[]}],"uid":"5272a561a62ed86b0ea01409f8840fab"}],"uid":"8fb3a91ba5aaf9de24cc8a92edc82b5d"}],"name":"categories"}