{"5655f94eab575e8bfa6b3699677cfa54":{"statistic":{"failed":1,"broken":0,"skipped":0,"passed":0,"unknown":0,"total":1},"items":[{"uid":"f86302bd0819c01e","reportUrl":"https://erubazo.github.io/shichor-python/17/#testresult/f86302bd0819c01e","status":"failed","statusDetails":"AssertionError: assert 'Error' in '3 Passengers'","time":{"start":1755951826050,"stop":1755951838327,"duration":12277}}]},"bae716c86efcbc48f6015ff0968e9fbc":{"statistic":{"failed":0,"broken":1,"skipped":0,"passed":0,"unknown":0,"total":1},"items":[{"uid":"1bce5849ff60b2a8","reportUrl":"https://erubazo.github.io/shichor-python/17/#testresult/1bce5849ff60b2a8","status":"broken","statusDetails":"selenium.common.exceptions.NoSuchElementException: Message: no such element: Unable to locate element: {\"method\":\"css selector\",\"selector\":\"[data-test=\"PlacePickerInputPlace-close\"]\"}\n  (Session info: chrome=139.0.7258.127); For documentation on this error, please visit: https://www.selenium.dev/documentation/webdriver/troubleshooting/errors#nosuchelementexception\nStacktrace:\n#0 0x564c1af4401a <unknown>\n#1 0x564c1a9e3a70 <unknown>\n#2 0x564c1aa35907 <unknown>\n#3 0x564c1aa35b01 <unknown>\n#4 0x564c1aa83d54 <unknown>\n#5 0x564c1aa5b40d <unknown>\n#6 0x564c1aa8114f <unknown>\n#7 0x564c1aa5b1b3 <unknown>\n#8 0x564c1aa2759b <unknown>\n#9 0x564c1aa28971 <unknown>\n#10 0x564c1af091eb <unknown>\n#11 0x564c1af0cf39 <unknown>\n#12 0x564c1aef02c9 <unknown>\n#13 0x564c1af0dae8 <unknown>\n#14 0x564c1aed4baf <unknown>\n#15 0x564c1af310a8 <unknown>\n#16 0x564c1af31286 <unknown>\n#17 0x564c1af42ff6 <unknown>\n#18 0x7fe70429caa4 <unknown>\n#19 0x7fe704329c3c <unknown>","time":{"start":1755951955212,"stop":1755951966478,"duration":11266}}]},"4569b31842a85143286424547beab159":{"statistic":{"failed":0,"broken":1,"skipped":0,"passed":0,"unknown":0,"total":1},"items":[{"uid":"8dcfd11ac78b9813","reportUrl":"https://erubazo.github.io/shichor-python/17/#testresult/8dcfd11ac78b9813","status":"broken","statusDetails":"selenium.common.exceptions.NoSuchElementException: Message: no such element: Unable to locate element: {\"method\":\"css selector\",\"selector\":\"#outboundDate\"}\n  (Session info: chrome=139.0.7258.127); For documentation on this error, please visit: https://www.selenium.dev/documentation/webdriver/troubleshooting/errors#nosuchelementexception\nStacktrace:\n#0 0x564c1af4401a <unknown>\n#1 0x564c1a9e3a70 <unknown>\n#2 0x564c1aa35907 <unknown>\n#3 0x564c1aa35b01 <unknown>\n#4 0x564c1aa83d54 <unknown>\n#5 0x564c1aa5b40d <unknown>\n#6 0x564c1aa8114f <unknown>\n#7 0x564c1aa5b1b3 <unknown>\n#8 0x564c1aa2759b <unknown>\n#9 0x564c1aa28971 <unknown>\n#10 0x564c1af091eb <unknown>\n#11 0x564c1af0cf39 <unknown>\n#12 0x564c1aef02c9 <unknown>\n#13 0x564c1af0dae8 <unknown>\n#14 0x564c1aed4baf <unknown>\n#15 0x564c1af310a8 <unknown>\n#16 0x564c1af31286 <unknown>\n#17 0x564c1af42ff6 <unknown>\n#18 0x7fe70429caa4 <unknown>\n#19 0x7fe704329c3c <unknown>","time":{"start":1755951861165,"stop":1755951872430,"duration":11265}}]},"8be373d5a4ac4c1c74d32cff12e3b610":{"statistic":{"failed":0,"broken":1,"skipped":0,"passed":0,"unknown":0,"total":1},"items":[{"uid":"2a4597ba2d5c5950","reportUrl":"https://erubazo.github.io/shichor-python/17/#testresult/2a4597ba2d5c5950","status":"broken","statusDetails":"selenium.common.exceptions.NoSuchElementException: Message: no such element: Unable to locate element: {\"method\":\"css selector\",\"selector\":\"#outboundDate\"}\n  (Session info: chrome=139.0.7258.127); For documentation on this error, please visit: https://www.selenium.dev/documentation/webdriver/troubleshooting/errors#nosuchelementexception\nStacktrace:\n#0 0x564c1af4401a <unknown>\n#1 0x564c1a9e3a70 <unknown>\n#2 0x564c1aa35907 <unknown>\n#3 0x564c1aa35b01 <unknown>\n#4 0x564c1aa83d54 <unknown>\n#5 0x564c1aa5b40d <unknown>\n#6 0x564c1aa8114f <unknown>\n#7 0x564c1aa5b1b3 <unknown>\n#8 0x564c1aa2759b <unknown>\n#9 0x564c1aa28971 <unknown>\n#10 0x564c1af091eb <unknown>\n#11 0x564c1af0cf39 <unknown>\n#12 0x564c1aef02c9 <unknown>\n#13 0x564c1af0dae8 <unknown>\n#14 0x564c1aed4baf <unknown>\n#15 0x564c1af310a8 <unknown>\n#16 0x564c1af31286 <unknown>\n#17 0x564c1af42ff6 <unknown>\n#18 0x7fe70429caa4 <unknown>\n#19 0x7fe704329c3c <unknown>","time":{"start":1755951883931,"stop":1755951895194,"duration":11263}}]},"48e59fe38e8a2c4fcc8c282d00587fe6":{"statistic":{"failed":0,"broken":1,"skipped":0,"passed":0,"unknown":0,"total":1},"items":[{"uid":"c8dddb4fd11f29","reportUrl":"https://erubazo.github.io/shichor-python/17/#testresult/c8dddb4fd11f29","status":"broken","statusDetails":"selenium.common.exceptions.TimeoutException: Message: \nStacktrace:\n#0 0x558089b3d01a <unknown>\n#1 0x5580895dca70 <unknown>\n#2 0x55808962e907 <unknown>\n#3 0x55808962eb01 <unknown>\n#4 0x55808967cd54 <unknown>\n#5 0x55808965440d <unknown>\n#6 0x55808967a14f <unknown>\n#7 0x5580896541b3 <unknown>\n#8 0x55808962059b <unknown>\n#9 0x558089621971 <unknown>\n#10 0x558089b021eb <unknown>\n#11 0x558089b05f39 <unknown>\n#12 0x558089ae92c9 <unknown>\n#13 0x558089b06ae8 <unknown>\n#14 0x558089acdbaf <unknown>\n#15 0x558089b2a0a8 <unknown>\n#16 0x558089b2a286 <unknown>\n#17 0x558089b3bff6 <unknown>\n#18 0x7f1500a9caa4 <unknown>\n#19 0x7f1500b29c3c <unknown>","time":{"start":1755951998009,"stop":1755952018464,"duration":20455}}]},"ee4bf144a8a3dfacd6d15767dd6eb1ca":{"statistic":{"failed":0,"broken":1,"skipped":0,"passed":0,"unknown":0,"total":1},"items":[{"uid":"324d8fc6e9d68f1e","reportUrl":"https://erubazo.github.io/shichor-python/17/#testresult/324d8fc6e9d68f1e","status":"broken","statusDetails":"selenium.common.exceptions.TimeoutException: Message: \nStacktrace:\n#0 0x558089b3d01a <unknown>\n#1 0x5580895dca70 <unknown>\n#2 0x55808962e907 <unknown>\n#3 0x55808962eb01 <unknown>\n#4 0x55808967cd54 <unknown>\n#5 0x55808965440d <unknown>\n#6 0x55808967a14f <unknown>\n#7 0x5580896541b3 <unknown>\n#8 0x55808962059b <unknown>\n#9 0x558089621971 <unknown>\n#10 0x558089b021eb <unknown>\n#11 0x558089b05f39 <unknown>\n#12 0x558089ae92c9 <unknown>\n#13 0x558089b06ae8 <unknown>\n#14 0x558089acdbaf <unknown>\n#15 0x558089b2a0a8 <unknown>\n#16 0x558089b2a286 <unknown>\n#17 0x558089b3bff6 <unknown>\n#18 0x7f1500a9caa4 <unknown>\n#19 0x7f1500b29c3c <unknown>","time":{"start":1755952018542,"stop":1755952038995,"duration":20453}}]},"40da3125772fab665425c8e1a3c35e15":{"statistic":{"failed":0,"broken":1,"skipped":0,"passed":0,"unknown":0,"total":1},"items":[{"uid":"1a1630d694bcb53f","reportUrl":"https://erubazo.github.io/shichor-python/17/#testresult/1a1630d694bcb53f","status":"broken","statusDetails":"selenium.common.exceptions.NoSuchElementException: Message: no such element: Unable to locate element: {\"method\":\"css selector\",\"selector\":\"#destination\"}\n  (Session info: chrome=139.0.7258.127); For documentation on this error, please visit: https://www.selenium.dev/documentation/webdriver/troubleshooting/errors#nosuchelementexception\nStacktrace:\n#0 0x564c1af4401a <unknown>\n#1 0x564c1a9e3a70 <unknown>\n#2 0x564c1aa35907 <unknown>\n#3 0x564c1aa35b01 <unknown>\n#4 0x564c1aa83d54 <unknown>\n#5 0x564c1aa5b40d <unknown>\n#6 0x564c1aa8114f <unknown>\n#7 0x564c1aa5b1b3 <unknown>\n#8 0x564c1aa2759b <unknown>\n#9 0x564c1aa28971 <unknown>\n#10 0x564c1af091eb <unknown>\n#11 0x564c1af0cf39 <unknown>\n#12 0x564c1aef02c9 <unknown>\n#13 0x564c1af0dae8 <unknown>\n#14 0x564c1aed4baf <unknown>\n#15 0x564c1af310a8 <unknown>\n#16 0x564c1af31286 <unknown>\n#17 0x564c1af42ff6 <unknown>\n#18 0x7fe70429caa4 <unknown>\n#19 0x7fe704329c3c <unknown>","time":{"start":1755951849782,"stop":1755951861050,"duration":11268}}]},"44027ee0c9148d3bfa2f0ec00ebcbd38":{"statistic":{"failed":0,"broken":1,"skipped":0,"passed":0,"unknown":0,"total":1},"items":[{"uid":"87dbbfb1c0bb455c","reportUrl":"https://erubazo.github.io/shichor-python/17/#testresult/87dbbfb1c0bb455c","status":"broken","statusDetails":"selenium.common.exceptions.NoSuchElementException: Message: no such element: Unable to locate element: {\"method\":\"css selector\",\"selector\":\"div.lm\\:mb-100.mb-300.flex.items-center.tb\\:justify-start.justify-between > div:nth-child(2) > div:nth-child(1) > div\"}\n  (Session info: chrome=139.0.7258.127); For documentation on this error, please visit: https://www.selenium.dev/documentation/webdriver/troubleshooting/errors#nosuchelementexception\nStacktrace:\n#0 0x564c1af4401a <unknown>\n#1 0x564c1a9e3a70 <unknown>\n#2 0x564c1aa35907 <unknown>\n#3 0x564c1aa35b01 <unknown>\n#4 0x564c1aa83d54 <unknown>\n#5 0x564c1aa5b40d <unknown>\n#6 0x564c1aa8114f <unknown>\n#7 0x564c1aa5b1b3 <unknown>\n#8 0x564c1aa2759b <unknown>\n#9 0x564c1aa28971 <unknown>\n#10 0x564c1af091eb <unknown>\n#11 0x564c1af0cf39 <unknown>\n#12 0x564c1aef02c9 <unknown>\n#13 0x564c1af0dae8 <unknown>\n#14 0x564c1aed4baf <unknown>\n#15 0x564c1af310a8 <unknown>\n#16 0x564c1af31286 <unknown>\n#17 0x564c1af42ff6 <unknown>\n#18 0x7fe70429caa4 <unknown>\n#19 0x7fe704329c3c <unknown>","time":{"start":1755951814667,"stop":1755951825935,"duration":11268}}]},"b1556b91cae91277d2f000731ed6cf05":{"statistic":{"failed":0,"broken":1,"skipped":0,"passed":0,"unknown":0,"total":1},"items":[{"uid":"26fc4513a5ae1e48","reportUrl":"https://erubazo.github.io/shichor-python/17/#testresult/26fc4513a5ae1e48","status":"broken","statusDetails":"selenium.common.exceptions.NoSuchElementException: Message: no such element: Unable to locate element: {\"method\":\"css selector\",\"selector\":\"#outboundDate\"}\n  (Session info: chrome=139.0.7258.127); For documentation on this error, please visit: https://www.selenium.dev/documentation/webdriver/troubleshooting/errors#nosuchelementexception\nStacktrace:\n#0 0x564c1af4401a <unknown>\n#1 0x564c1a9e3a70 <unknown>\n#2 0x564c1aa35907 <unknown>\n#3 0x564c1aa35b01 <unknown>\n#4 0x564c1aa83d54 <unknown>\n#5 0x564c1aa5b40d <unknown>\n#6 0x564c1aa8114f <unknown>\n#7 0x564c1aa5b1b3 <unknown>\n#8 0x564c1aa2759b <unknown>\n#9 0x564c1aa28971 <unknown>\n#10 0x564c1af091eb <unknown>\n#11 0x564c1af0cf39 <unknown>\n#12 0x564c1aef02c9 <unknown>\n#13 0x564c1af0dae8 <unknown>\n#14 0x564c1aed4baf <unknown>\n#15 0x564c1af310a8 <unknown>\n#16 0x564c1af31286 <unknown>\n#17 0x564c1af42ff6 <unknown>\n#18 0x7fe70429caa4 <unknown>\n#19 0x7fe704329c3c <unknown>","time":{"start":1755951895313,"stop":1755951906576,"duration":11263}}]},"d473bdd714f5dca4321099c6e995022c":{"statistic":{"failed":0,"broken":1,"skipped":0,"passed":0,"unknown":0,"total":1},"items":[{"uid":"e19ed48aa44c9c1a","reportUrl":"https://erubazo.github.io/shichor-python/17/#testresult/e19ed48aa44c9c1a","status":"broken","statusDetails":"selenium.common.exceptions.TimeoutException: Message: \nStacktrace:\n#0 0x558089b3d01a <unknown>\n#1 0x5580895dca70 <unknown>\n#2 0x55808962e907 <unknown>\n#3 0x55808962eb01 <unknown>\n#4 0x55808967cd54 <unknown>\n#5 0x55808965440d <unknown>\n#6 0x55808967a14f <unknown>\n#7 0x5580896541b3 <unknown>\n#8 0x55808962059b <unknown>\n#9 0x558089621971 <unknown>\n#10 0x558089b021eb <unknown>\n#11 0x558089b05f39 <unknown>\n#12 0x558089ae92c9 <unknown>\n#13 0x558089b06ae8 <unknown>\n#14 0x558089acdbaf <unknown>\n#15 0x558089b2a0a8 <unknown>\n#16 0x558089b2a286 <unknown>\n#17 0x558089b3bff6 <unknown>\n#18 0x7f1500a9caa4 <unknown>\n#19 0x7f1500b29c3c <unknown>","time":{"start":1755951977453,"stop":1755951997918,"duration":20465}}]},"d9f17111a5011ef00f8836b0e99de21f":{"statistic":{"failed":1,"broken":0,"skipped":0,"passed":0,"unknown":0,"total":1},"items":[{"uid":"6072aa60ac6bd978","reportUrl":"https://erubazo.github.io/shichor-python/17/#testresult/6072aa60ac6bd978","status":"failed","statusDetails":"AssertionError: assert 'No trip selector available' == 'Return'\n  \n  - Return\n  + No trip selector available","time":{"start":1755951798284,"stop":1755951814587,"duration":16303}}]},"75bc17fa304f21c3b1a283a58d952713":{"statistic":{"failed":0,"broken":1,"skipped":0,"passed":0,"unknown":0,"total":1},"items":[{"uid":"bfd81f536b1fec0f","reportUrl":"https://erubazo.github.io/shichor-python/17/#testresult/bfd81f536b1fec0f","status":"broken","statusDetails":"selenium.common.exceptions.NoSuchElementException: Message: no such element: Unable to locate element: {\"method\":\"css selector\",\"selector\":\"[data-test=\"TopNav-RegionalSettingsButton\"]\"}\n  (Session info: chrome=139.0.7258.127); For documentation on this error, please visit: https://www.selenium.dev/documentation/webdriver/troubleshooting/errors#nosuchelementexception\nStacktrace:\n#0 0x55615194301a <unknown>\n#1 0x5561513e2a70 <unknown>\n#2 0x556151434907 <unknown>\n#3 0x556151434b01 <unknown>\n#4 0x556151482d54 <unknown>\n#5 0x55615145a40d <unknown>\n#6 0x55615148014f <unknown>\n#7 0x55615145a1b3 <unknown>\n#8 0x55615142659b <unknown>\n#9 0x556151427971 <unknown>\n#10 0x5561519081eb <unknown>\n#11 0x55615190bf39 <unknown>\n#12 0x5561518ef2c9 <unknown>\n#13 0x55615190cae8 <unknown>\n#14 0x5561518d3baf <unknown>\n#15 0x5561519300a8 <unknown>\n#16 0x556151930286 <unknown>\n#17 0x556151941ff6 <unknown>\n#18 0x7ff832a9caa4 <unknown>\n#19 0x7ff832b29c3c <unknown>","time":{"start":1755951716804,"stop":1755951728041,"duration":11237}}]},"fa1e27cf77d811d24c961ca50dfb243b":{"statistic":{"failed":0,"broken":1,"skipped":0,"passed":0,"unknown":0,"total":1},"items":[{"uid":"19f6f999acc99f29","reportUrl":"https://erubazo.github.io/shichor-python/17/#testresult/19f6f999acc99f29","status":"broken","statusDetails":"selenium.common.exceptions.NoSuchElementException: Message: no such element: Unable to locate element: {\"method\":\"css selector\",\"selector\":\"div.lm\\:mb-100.mb-300.flex.items-center.tb\\:justify-start.justify-between > div:nth-child(2) > div:nth-child(1) > div\"}\n  (Session info: chrome=139.0.7258.127); For documentation on this error, please visit: https://www.selenium.dev/documentation/webdriver/troubleshooting/errors#nosuchelementexception\nStacktrace:\n#0 0x564c1af4401a <unknown>\n#1 0x564c1a9e3a70 <unknown>\n#2 0x564c1aa35907 <unknown>\n#3 0x564c1aa35b01 <unknown>\n#4 0x564c1aa83d54 <unknown>\n#5 0x564c1aa5b40d <unknown>\n#6 0x564c1aa8114f <unknown>\n#7 0x564c1aa5b1b3 <unknown>\n#8 0x564c1aa2759b <unknown>\n#9 0x564c1aa28971 <unknown>\n#10 0x564c1af091eb <unknown>\n#11 0x564c1af0cf39 <unknown>\n#12 0x564c1aef02c9 <unknown>\n#13 0x564c1af0dae8 <unknown>\n#14 0x564c1aed4baf <unknown>\n#15 0x564c1af310a8 <unknown>\n#16 0x564c1af31286 <unknown>\n#17 0x564c1af42ff6 <unknown>\n#18 0x7fe70429caa4 <unknown>\n#19 0x7fe704329c3c <unknown>","time":{"start":1755951943831,"stop":1755951955095,"duration":11264}}]},"a29fb78cd39a3af9addaa2a7113ebbb5":{"statistic":{"failed":0,"broken":1,"skipped":0,"passed":0,"unknown":0,"total":1},"items":[{"uid":"45af3218292a911d","reportUrl":"https://erubazo.github.io/shichor-python/17/#testresult/45af3218292a911d","status":"broken","statusDetails":"selenium.common.exceptions.NoSuchElementException: Message: no such element: Unable to locate element: {\"method\":\"css selector\",\"selector\":\"div.lm\\:mb-100.mb-300.flex.items-center.tb\\:justify-start.justify-between > div:nth-child(2) > div:nth-child(1) > div\"}\n  (Session info: chrome=139.0.7258.127); For documentation on this error, please visit: https://www.selenium.dev/documentation/webdriver/troubleshooting/errors#nosuchelementexception\nStacktrace:\n#0 0x564c1af4401a <unknown>\n#1 0x564c1a9e3a70 <unknown>\n#2 0x564c1aa35907 <unknown>\n#3 0x564c1aa35b01 <unknown>\n#4 0x564c1aa83d54 <unknown>\n#5 0x564c1aa5b40d <unknown>\n#6 0x564c1aa8114f <unknown>\n#7 0x564c1aa5b1b3 <unknown>\n#8 0x564c1aa2759b <unknown>\n#9 0x564c1aa28971 <unknown>\n#10 0x564c1af091eb <unknown>\n#11 0x564c1af0cf39 <unknown>\n#12 0x564c1aef02c9 <unknown>\n#13 0x564c1af0dae8 <unknown>\n#14 0x564c1aed4baf <unknown>\n#15 0x564c1af310a8 <unknown>\n#16 0x564c1af31286 <unknown>\n#17 0x564c1af42ff6 <unknown>\n#18 0x7fe70429caa4 <unknown>\n#19 0x7fe704329c3c <unknown>","time":{"start":1755951932448,"stop":1755951943722,"duration":11274}}]},"7c34fa7b644706ed5715bf9d024168df":{"statistic":{"failed":0,"broken":1,"skipped":0,"passed":0,"unknown":0,"total":1},"items":[{"uid":"1654da359c51f7e8","reportUrl":"https://erubazo.github.io/shichor-python/17/#testresult/1654da359c51f7e8","status":"broken","statusDetails":"selenium.common.exceptions.NoSuchElementException: Message: no such element: Unable to locate element: {\"method\":\"css selector\",\"selector\":\"[data-test=\"PlacePickerInputPlace-close\"]\"}\n  (Session info: chrome=139.0.7258.127); For documentation on this error, please visit: https://www.selenium.dev/documentation/webdriver/troubleshooting/errors#nosuchelementexception\nStacktrace:\n#0 0x564c1af4401a <unknown>\n#1 0x564c1a9e3a70 <unknown>\n#2 0x564c1aa35907 <unknown>\n#3 0x564c1aa35b01 <unknown>\n#4 0x564c1aa83d54 <unknown>\n#5 0x564c1aa5b40d <unknown>\n#6 0x564c1aa8114f <unknown>\n#7 0x564c1aa5b1b3 <unknown>\n#8 0x564c1aa2759b <unknown>\n#9 0x564c1aa28971 <unknown>\n#10 0x564c1af091eb <unknown>\n#11 0x564c1af0cf39 <unknown>\n#12 0x564c1aef02c9 <unknown>\n#13 0x564c1af0dae8 <unknown>\n#14 0x564c1aed4baf <unknown>\n#15 0x564c1af310a8 <unknown>\n#16 0x564c1af31286 <unknown>\n#17 0x564c1af42ff6 <unknown>\n#18 0x7fe70429caa4 <unknown>\n#19 0x7fe704329c3c <unknown>","time":{"start":1755951918065,"stop":1755951932340,"duration":14275}}]},"415becb7b266146eb28887bbf757f5e7":{"statistic":{"failed":0,"broken":1,"skipped":0,"passed":0,"unknown":0,"total":1},"items":[{"uid":"2cdefbcea9cd0f83","reportUrl":"https://erubazo.github.io/shichor-python/17/#testresult/2cdefbcea9cd0f83","status":"broken","statusDetails":"selenium.common.exceptions.NoSuchElementException: Message: no such element: Unable to locate element: {\"method\":\"css selector\",\"selector\":\"[data-test=\"PlacePickerInputPlace-close\"]\"}\n  (Session info: chrome=139.0.7258.127); For documentation on this error, please visit: https://www.selenium.dev/documentation/webdriver/troubleshooting/errors#nosuchelementexception\nStacktrace:\n#0 0x564c1af4401a <unknown>\n#1 0x564c1a9e3a70 <unknown>\n#2 0x564c1aa35907 <unknown>\n#3 0x564c1aa35b01 <unknown>\n#4 0x564c1aa83d54 <unknown>\n#5 0x564c1aa5b40d <unknown>\n#6 0x564c1aa8114f <unknown>\n#7 0x564c1aa5b1b3 <unknown>\n#8 0x564c1aa2759b <unknown>\n#9 0x564c1aa28971 <unknown>\n#10 0x564c1af091eb <unknown>\n#11 0x564c1af0cf39 <unknown>\n#12 0x564c1aef02c9 <unknown>\n#13 0x564c1af0dae8 <unknown>\n#14 0x564c1aed4baf <unknown>\n#15 0x564c1af310a8 <unknown>\n#16 0x564c1af31286 <unknown>\n#17 0x564c1af42ff6 <unknown>\n#18 0x7fe70429caa4 <unknown>\n#19 0x7fe704329c3c <unknown>","time":{"start":1755951838400,"stop":1755951849667,"duration":11267}}]},"b97b0400e77310f81030c96b417d5c96":{"statistic":{"failed":0,"broken":1,"skipped":0,"passed":0,"unknown":0,"total":1},"items":[{"uid":"21a40614f073a4ee","reportUrl":"https://erubazo.github.io/shichor-python/17/#testresult/21a40614f073a4ee","status":"broken","statusDetails":"selenium.common.exceptions.NoSuchElementException: Message: no such element: Unable to locate element: {\"method\":\"css selector\",\"selector\":\"span:nth-child(6) > a\"}\n  (Session info: chrome=139.0.7258.127); For documentation on this error, please visit: https://www.selenium.dev/documentation/webdriver/troubleshooting/errors#nosuchelementexception\nStacktrace:\n#0 0x564c1af4401a <unknown>\n#1 0x564c1a9e3a70 <unknown>\n#2 0x564c1aa35907 <unknown>\n#3 0x564c1aa35b01 <unknown>\n#4 0x564c1aa83d54 <unknown>\n#5 0x564c1aa5b40d <unknown>\n#6 0x564c1aa8114f <unknown>\n#7 0x564c1aa5b1b3 <unknown>\n#8 0x564c1aa2759b <unknown>\n#9 0x564c1aa28971 <unknown>\n#10 0x564c1af091eb <unknown>\n#11 0x564c1af0cf39 <unknown>\n#12 0x564c1aef02c9 <unknown>\n#13 0x564c1af0dae8 <unknown>\n#14 0x564c1aed4baf <unknown>\n#15 0x564c1af310a8 <unknown>\n#16 0x564c1af31286 <unknown>\n#17 0x564c1af42ff6 <unknown>\n#18 0x7fe70429caa4 <unknown>\n#19 0x7fe704329c3c <unknown>","time":{"start":1755951777637,"stop":1755951798170,"duration":20533}}]},"973be1434a2f3eb31e8b91f0dd6a0341":{"statistic":{"failed":0,"broken":1,"skipped":0,"passed":0,"unknown":0,"total":1},"items":[{"uid":"76ce4f366f31898f","reportUrl":"https://erubazo.github.io/shichor-python/17/#testresult/76ce4f366f31898f","status":"broken","statusDetails":"selenium.common.exceptions.NoSuchElementException: Message: no such element: Unable to locate element: {\"method\":\"css selector\",\"selector\":\"#origin\"}\n  (Session info: chrome=139.0.7258.127); For documentation on this error, please visit: https://www.selenium.dev/documentation/webdriver/troubleshooting/errors#nosuchelementexception\nStacktrace:\n#0 0x564c1af4401a <unknown>\n#1 0x564c1a9e3a70 <unknown>\n#2 0x564c1aa35907 <unknown>\n#3 0x564c1aa35b01 <unknown>\n#4 0x564c1aa83d54 <unknown>\n#5 0x564c1aa5b40d <unknown>\n#6 0x564c1aa8114f <unknown>\n#7 0x564c1aa5b1b3 <unknown>\n#8 0x564c1aa2759b <unknown>\n#9 0x564c1aa28971 <unknown>\n#10 0x564c1af091eb <unknown>\n#11 0x564c1af0cf39 <unknown>\n#12 0x564c1aef02c9 <unknown>\n#13 0x564c1af0dae8 <unknown>\n#14 0x564c1aed4baf <unknown>\n#15 0x564c1af310a8 <unknown>\n#16 0x564c1af31286 <unknown>\n#17 0x564c1af42ff6 <unknown>\n#18 0x7fe70429caa4 <unknown>\n#19 0x7fe704329c3c <unknown>","time":{"start":1755951966594,"stop":1755951976861,"duration":10267}}]},"da11a82170d1bdc46b9f8bad34ad8f0c":{"statistic":{"failed":0,"broken":1,"skipped":0,"passed":0,"unknown":0,"total":1},"items":[{"uid":"5178a2e62059106e","reportUrl":"https://erubazo.github.io/shichor-python/17/#testresult/5178a2e62059106e","status":"broken","statusDetails":"selenium.common.exceptions.NoSuchElementException: Message: no such element: Unable to locate element: {\"method\":\"css selector\",\"selector\":\"[data-test=\"TopNav-RegionalSettingsButton\"]\"}\n  (Session info: chrome=139.0.7258.127); For documentation on this error, please visit: https://www.selenium.dev/documentation/webdriver/troubleshooting/errors#nosuchelementexception\nStacktrace:\n#0 0x55615194301a <unknown>\n#1 0x5561513e2a70 <unknown>\n#2 0x556151434907 <unknown>\n#3 0x556151434b01 <unknown>\n#4 0x556151482d54 <unknown>\n#5 0x55615145a40d <unknown>\n#6 0x55615148014f <unknown>\n#7 0x55615145a1b3 <unknown>\n#8 0x55615142659b <unknown>\n#9 0x556151427971 <unknown>\n#10 0x5561519081eb <unknown>\n#11 0x55615190bf39 <unknown>\n#12 0x5561518ef2c9 <unknown>\n#13 0x55615190cae8 <unknown>\n#14 0x5561518d3baf <unknown>\n#15 0x5561519300a8 <unknown>\n#16 0x556151930286 <unknown>\n#17 0x556151941ff6 <unknown>\n#18 0x7ff832a9caa4 <unknown>\n#19 0x7ff832b29c3c <unknown>","time":{"start":1755951705247,"stop":1755951716647,"duration":11400}}]},"4838f945bcaf4f707f75cf5665acf10e":{"statistic":{"failed":1,"broken":0,"skipped":0,"passed":0,"unknown":0,"total":1},"items":[{"uid":"d836e3f287f4b88","reportUrl":"https://erubazo.github.io/shichor-python/17/#testresult/d836e3f287f4b88","status":"failed","statusDetails":"AssertionError: assert '' == 'true'\n  \n  - true","time":{"start":1755951728557,"stop":1755951777565,"duration":49008}}]},"2ecc6e22acc0566a6d050e8cbf68f465":{"statistic":{"failed":0,"broken":1,"skipped":0,"passed":0,"unknown":0,"total":1},"items":[{"uid":"56db6f96dbbba4fc","reportUrl":"https://erubazo.github.io/shichor-python/17/#testresult/56db6f96dbbba4fc","status":"broken","statusDetails":"selenium.common.exceptions.NoSuchElementException: Message: no such element: Unable to locate element: {\"method\":\"css selector\",\"selector\":\"div.lm\\:mb-100.mb-300.flex.items-center.tb\\:justify-start.justify-between > div:nth-child(2) > div:nth-child(1) > div\"}\n  (Session info: chrome=139.0.7258.127); For documentation on this error, please visit: https://www.selenium.dev/documentation/webdriver/troubleshooting/errors#nosuchelementexception\nStacktrace:\n#0 0x564c1af4401a <unknown>\n#1 0x564c1a9e3a70 <unknown>\n#2 0x564c1aa35907 <unknown>\n#3 0x564c1aa35b01 <unknown>\n#4 0x564c1aa83d54 <unknown>\n#5 0x564c1aa5b40d <unknown>\n#6 0x564c1aa8114f <unknown>\n#7 0x564c1aa5b1b3 <unknown>\n#8 0x564c1aa2759b <unknown>\n#9 0x564c1aa28971 <unknown>\n#10 0x564c1af091eb <unknown>\n#11 0x564c1af0cf39 <unknown>\n#12 0x564c1aef02c9 <unknown>\n#13 0x564c1af0dae8 <unknown>\n#14 0x564c1aed4baf <unknown>\n#15 0x564c1af310a8 <unknown>\n#16 0x564c1af31286 <unknown>\n#17 0x564c1af42ff6 <unknown>\n#18 0x7fe70429caa4 <unknown>\n#19 0x7fe704329c3c <unknown>","time":{"start":1755951906696,"stop":1755951917958,"duration":11262}}]},"5aa6adc6cd4ef5819814ea721e150c2c":{"statistic":{"failed":0,"broken":1,"skipped":0,"passed":0,"unknown":0,"total":1},"items":[{"uid":"b13da86a7c81ed23","reportUrl":"https://erubazo.github.io/shichor-python/17/#testresult/b13da86a7c81ed23","status":"broken","statusDetails":"selenium.common.exceptions.NoSuchElementException: Message: no such element: Unable to locate element: {\"method\":\"css selector\",\"selector\":\"#inboundDate\"}\n  (Session info: chrome=139.0.7258.127); For documentation on this error, please visit: https://www.selenium.dev/documentation/webdriver/troubleshooting/errors#nosuchelementexception\nStacktrace:\n#0 0x564c1af4401a <unknown>\n#1 0x564c1a9e3a70 <unknown>\n#2 0x564c1aa35907 <unknown>\n#3 0x564c1aa35b01 <unknown>\n#4 0x564c1aa83d54 <unknown>\n#5 0x564c1aa5b40d <unknown>\n#6 0x564c1aa8114f <unknown>\n#7 0x564c1aa5b1b3 <unknown>\n#8 0x564c1aa2759b <unknown>\n#9 0x564c1aa28971 <unknown>\n#10 0x564c1af091eb <unknown>\n#11 0x564c1af0cf39 <unknown>\n#12 0x564c1aef02c9 <unknown>\n#13 0x564c1af0dae8 <unknown>\n#14 0x564c1aed4baf <unknown>\n#15 0x564c1af310a8 <unknown>\n#16 0x564c1af31286 <unknown>\n#17 0x564c1af42ff6 <unknown>\n#18 0x7fe70429caa4 <unknown>\n#19 0x7fe704329c3c <unknown>","time":{"start":1755951872547,"stop":1755951883814,"duration":11267}}]}}